[  2%] Built target dynorb_interface__cpp
[ 12%] Built target dynorb_interface__rosidl_generator_c
[ 23%] Built target dynorb_interface__rosidl_typesupport_cpp
[ 23%] Built target ament_cmake_python_copy_dynorb_interface
[ 33%] Built target dynorb_interface__rosidl_typesupport_fastrtps_c
[ 43%] Built target dynorb_interface__rosidl_typesupport_fastrtps_cpp
[ 53%] Built target dynorb_interface__rosidl_typesupport_introspection_c
[ 64%] Built target dynorb_interface__rosidl_typesupport_c
[ 74%] Built target dynorb_interface__rosidl_typesupport_introspection_cpp
[ 74%] Built target dynorb_interface
[ 76%] Built target dynorb_interface__py
[ 84%] Built target dynorb_interface__rosidl_generator_py
[ 89%] Built target dynorb_interface__rosidl_typesupport_fastrtps_c__pyext
[ 94%] Built target dynorb_interface__rosidl_typesupport_introspection_c__pyext
[100%] Built target dynorb_interface__rosidl_typesupport_c__pyext
running egg_info
writing dynorb_interface.egg-info/PKG-INFO
writing dependency_links to dynorb_interface.egg-info/dependency_links.txt
writing top-level names to dynorb_interface.egg-info/top_level.txt
reading manifest file 'dynorb_interface.egg-info/SOURCES.txt'
writing manifest file 'dynorb_interface.egg-info/SOURCES.txt'
[100%] Built target ament_cmake_python_build_dynorb_interface_egg
