[0.090s] DEBUG:colcon:Command line arguments: ['/usr/bin/colcon', 'build', '--paths', '.']
[0.091s] DEBUG:colcon:Parsed command line arguments: Namespace(log_base=None, log_level=None, verb_name='build', build_base='build', install_base='install', merge_install=False, symlink_install=False, test_result_base=None, continue_on_error=False, executor='parallel', parallel_workers=2, event_handlers=None, ignore_user_meta=False, metas=['./colcon.meta'], base_paths=['.'], packages_ignore=None, packages_ignore_regex=None, paths=['/home/parallels/DynORBBase/src/sam_tracking'], packages_up_to=None, packages_up_to_regex=None, packages_above=None, packages_above_and_dependencies=None, packages_above_depth=None, packages_select_by_dep=None, packages_skip_by_dep=None, packages_skip_up_to=None, packages_select_build_failed=False, packages_skip_build_finished=False, packages_select_test_failures=False, packages_skip_test_passed=False, packages_select=None, packages_skip=None, packages_select_regex=None, packages_skip_regex=None, packages_start=None, packages_end=None, allow_overriding=[], cmake_args=None, cmake_target=None, cmake_target_skip_unavailable=False, cmake_clean_cache=False, cmake_clean_first=False, cmake_force_configure=False, ament_cmake_args=None, catkin_cmake_args=None, catkin_skip_building_tests=False, mixin_files=None, mixin=None, verb_parser=<colcon_mixin.mixin.mixin_argument.MixinArgumentDecorator object at 0xffff8118aa40>, verb_extension=<colcon_core.verb.build.BuildVerb object at 0xffff8118a470>, main=<bound method BuildVerb.main of <colcon_core.verb.build.BuildVerb object at 0xffff8118a470>>, mixin_verb=('build',))
[0.311s] Level 1:colcon.colcon_core.package_discovery:discover_packages(colcon_meta) check parameters
[0.311s] Level 1:colcon.colcon_core.package_discovery:discover_packages(recursive) check parameters
[0.311s] Level 1:colcon.colcon_core.package_discovery:discover_packages(ignore) check parameters
[0.311s] Level 1:colcon.colcon_core.package_discovery:discover_packages(path) check parameters
[0.311s] Level 1:colcon.colcon_core.package_discovery:discover_packages(path) discover
[0.311s] Level 1:colcon.colcon_core.package_discovery:PathPackageDiscovery.discover(['/home/parallels/DynORBBase/src/sam_tracking'])
[0.311s] Level 1:colcon.colcon_core.package_identification:_identify(/home/parallels/DynORBBase/src/sam_tracking) by extensions ['ignore', 'ignore_ament_install']
[0.311s] Level 1:colcon.colcon_core.package_identification:_identify(/home/parallels/DynORBBase/src/sam_tracking) by extension 'ignore'
[0.311s] Level 1:colcon.colcon_core.package_identification:_identify(/home/parallels/DynORBBase/src/sam_tracking) by extension 'ignore_ament_install'
[0.311s] Level 1:colcon.colcon_core.package_identification:_identify(/home/parallels/DynORBBase/src/sam_tracking) by extensions ['colcon_pkg']
[0.311s] Level 1:colcon.colcon_core.package_identification:_identify(/home/parallels/DynORBBase/src/sam_tracking) by extension 'colcon_pkg'
[0.311s] Level 1:colcon.colcon_core.package_identification:_identify(/home/parallels/DynORBBase/src/sam_tracking) by extensions ['colcon_meta']
[0.311s] Level 1:colcon.colcon_core.package_identification:_identify(/home/parallels/DynORBBase/src/sam_tracking) by extension 'colcon_meta'
[0.311s] Level 1:colcon.colcon_core.package_identification:_identify(/home/parallels/DynORBBase/src/sam_tracking) by extensions ['ros']
[0.311s] Level 1:colcon.colcon_core.package_identification:_identify(/home/parallels/DynORBBase/src/sam_tracking) by extension 'ros'
[0.321s] DEBUG:colcon.colcon_core.package_identification:Package '/home/parallels/DynORBBase/src/sam_tracking' with type 'ros.ament_python' and name 'sam_tracking'
[0.321s] Level 1:colcon.colcon_core.package_discovery:discover_packages(path) using defaults
[0.344s] Level 1:colcon.colcon_core.package_discovery:discover_packages(prefix_path) check parameters
[0.344s] Level 1:colcon.colcon_core.package_discovery:discover_packages(prefix_path) discover
[0.347s] DEBUG:colcon.colcon_installed_package_information.package_discovery:Found 4 installed packages in /home/parallels/DynORBBase/src/install
[0.349s] DEBUG:colcon.colcon_installed_package_information.package_discovery:Found 270 installed packages in /opt/ros/humble
[0.350s] Level 1:colcon.colcon_core.package_discovery:discover_packages(prefix_path) using defaults
[0.410s] Level 5:colcon.colcon_core.verb:set package 'sam_tracking' build argument 'cmake_args' from command line to 'None'
[0.411s] Level 5:colcon.colcon_core.verb:set package 'sam_tracking' build argument 'cmake_target' from command line to 'None'
[0.411s] Level 5:colcon.colcon_core.verb:set package 'sam_tracking' build argument 'cmake_target_skip_unavailable' from command line to 'False'
[0.411s] Level 5:colcon.colcon_core.verb:set package 'sam_tracking' build argument 'cmake_clean_cache' from command line to 'False'
[0.411s] Level 5:colcon.colcon_core.verb:set package 'sam_tracking' build argument 'cmake_clean_first' from command line to 'False'
[0.411s] Level 5:colcon.colcon_core.verb:set package 'sam_tracking' build argument 'cmake_force_configure' from command line to 'False'
[0.411s] Level 5:colcon.colcon_core.verb:set package 'sam_tracking' build argument 'ament_cmake_args' from command line to 'None'
[0.411s] Level 5:colcon.colcon_core.verb:set package 'sam_tracking' build argument 'catkin_cmake_args' from command line to 'None'
[0.411s] Level 5:colcon.colcon_core.verb:set package 'sam_tracking' build argument 'catkin_skip_building_tests' from command line to 'False'
[0.411s] DEBUG:colcon.colcon_core.verb:Building package 'sam_tracking' with the following arguments: {'ament_cmake_args': None, 'build_base': '/home/parallels/DynORBBase/src/sam_tracking/build/sam_tracking', 'catkin_cmake_args': None, 'catkin_skip_building_tests': False, 'cmake_args': None, 'cmake_clean_cache': False, 'cmake_clean_first': False, 'cmake_force_configure': False, 'cmake_target': None, 'cmake_target_skip_unavailable': False, 'install_base': '/home/parallels/DynORBBase/src/sam_tracking/install/sam_tracking', 'merge_install': False, 'path': '/home/parallels/DynORBBase/src/sam_tracking', 'symlink_install': False, 'test_result_base': None}
[0.411s] INFO:colcon.colcon_core.executor:Executing jobs using 'parallel' executor
[0.412s] DEBUG:colcon.colcon_parallel_executor.executor.parallel:run_until_complete
[0.412s] INFO:colcon.colcon_ros.task.ament_python.build:Building ROS package in '/home/parallels/DynORBBase/src/sam_tracking' with build type 'ament_python'
[0.412s] Level 1:colcon.colcon_core.shell:create_environment_hook('sam_tracking', 'ament_prefix_path')
[0.415s] INFO:colcon.colcon_core.plugin_system:Skipping extension 'colcon_core.shell.bat': Not used on non-Windows systems
[0.416s] INFO:colcon.colcon_core.shell:Creating environment hook '/home/parallels/DynORBBase/src/sam_tracking/install/sam_tracking/share/sam_tracking/hook/ament_prefix_path.ps1'
[0.416s] INFO:colcon.colcon_core.shell:Creating environment descriptor '/home/parallels/DynORBBase/src/sam_tracking/install/sam_tracking/share/sam_tracking/hook/ament_prefix_path.dsv'
[0.417s] INFO:colcon.colcon_core.shell:Creating environment hook '/home/parallels/DynORBBase/src/sam_tracking/install/sam_tracking/share/sam_tracking/hook/ament_prefix_path.sh'
[0.417s] INFO:colcon.colcon_core.shell:Skip shell extension 'powershell' for command environment: Not usable outside of PowerShell
[0.417s] DEBUG:colcon.colcon_core.shell:Skip shell extension 'dsv' for command environment
[0.570s] INFO:colcon.colcon_core.task.python.build:Building Python package in '/home/parallels/DynORBBase/src/sam_tracking'
[0.571s] INFO:colcon.colcon_core.shell:Skip shell extension 'powershell' for command environment: Not usable outside of PowerShell
[0.571s] DEBUG:colcon.colcon_core.shell:Skip shell extension 'dsv' for command environment
[0.822s] DEBUG:colcon.colcon_core.event_handler.log_command:Invoking command in '/home/parallels/DynORBBase/src/sam_tracking': PYTHONPATH=/home/parallels/DynORBBase/src/sam_tracking/build/sam_tracking/prefix_override:/usr/lib/python3/dist-packages/colcon_core/task/python/colcon_distutils_commands:/home/parallels/DynORBBase/src/sam_tracking/install/sam_tracking/lib/python3.10/site-packages:${PYTHONPATH} /usr/bin/python3 -W ignore:setup.py install is deprecated setup.py egg_info --egg-base build/sam_tracking build --build-base /home/parallels/DynORBBase/src/sam_tracking/build/sam_tracking/build install --record /home/parallels/DynORBBase/src/sam_tracking/build/sam_tracking/install.log --single-version-externally-managed install_data
[0.991s] DEBUG:colcon.colcon_core.event_handler.log_command:Invoked command in '/home/parallels/DynORBBase/src/sam_tracking' returned '0': PYTHONPATH=/home/parallels/DynORBBase/src/sam_tracking/build/sam_tracking/prefix_override:/usr/lib/python3/dist-packages/colcon_core/task/python/colcon_distutils_commands:/home/parallels/DynORBBase/src/sam_tracking/install/sam_tracking/lib/python3.10/site-packages:${PYTHONPATH} /usr/bin/python3 -W ignore:setup.py install is deprecated setup.py egg_info --egg-base build/sam_tracking build --build-base /home/parallels/DynORBBase/src/sam_tracking/build/sam_tracking/build install --record /home/parallels/DynORBBase/src/sam_tracking/build/sam_tracking/install.log --single-version-externally-managed install_data
[0.995s] Level 1:colcon.colcon_core.environment:checking '/home/parallels/DynORBBase/src/sam_tracking/install/sam_tracking' for CMake module files
[0.996s] Level 1:colcon.colcon_core.environment:checking '/home/parallels/DynORBBase/src/sam_tracking/install/sam_tracking' for CMake config files
[0.996s] Level 1:colcon.colcon_core.environment:checking '/home/parallels/DynORBBase/src/sam_tracking/install/sam_tracking/lib'
[0.996s] Level 1:colcon.colcon_core.environment:checking '/home/parallels/DynORBBase/src/sam_tracking/install/sam_tracking/bin'
[0.996s] Level 1:colcon.colcon_core.environment:checking '/home/parallels/DynORBBase/src/sam_tracking/install/sam_tracking/lib/pkgconfig/sam_tracking.pc'
[0.996s] Level 1:colcon.colcon_core.environment:checking '/home/parallels/DynORBBase/src/sam_tracking/install/sam_tracking/lib/python3.10/site-packages'
[0.996s] Level 1:colcon.colcon_core.shell:create_environment_hook('sam_tracking', 'pythonpath')
[0.996s] INFO:colcon.colcon_core.shell:Creating environment hook '/home/parallels/DynORBBase/src/sam_tracking/install/sam_tracking/share/sam_tracking/hook/pythonpath.ps1'
[0.997s] INFO:colcon.colcon_core.shell:Creating environment descriptor '/home/parallels/DynORBBase/src/sam_tracking/install/sam_tracking/share/sam_tracking/hook/pythonpath.dsv'
[0.997s] INFO:colcon.colcon_core.shell:Creating environment hook '/home/parallels/DynORBBase/src/sam_tracking/install/sam_tracking/share/sam_tracking/hook/pythonpath.sh'
[0.997s] Level 1:colcon.colcon_core.environment:checking '/home/parallels/DynORBBase/src/sam_tracking/install/sam_tracking/bin'
[0.997s] Level 1:colcon.colcon_core.environment:create_environment_scripts_only(sam_tracking)
[0.997s] INFO:colcon.colcon_core.shell:Creating package script '/home/parallels/DynORBBase/src/sam_tracking/install/sam_tracking/share/sam_tracking/package.ps1'
[0.998s] INFO:colcon.colcon_core.shell:Creating package descriptor '/home/parallels/DynORBBase/src/sam_tracking/install/sam_tracking/share/sam_tracking/package.dsv'
[0.998s] INFO:colcon.colcon_core.shell:Creating package script '/home/parallels/DynORBBase/src/sam_tracking/install/sam_tracking/share/sam_tracking/package.sh'
[0.999s] INFO:colcon.colcon_core.shell:Creating package script '/home/parallels/DynORBBase/src/sam_tracking/install/sam_tracking/share/sam_tracking/package.bash'
[1.000s] INFO:colcon.colcon_core.shell:Creating package script '/home/parallels/DynORBBase/src/sam_tracking/install/sam_tracking/share/sam_tracking/package.zsh'
[1.001s] Level 1:colcon.colcon_core.environment:create_file_with_runtime_dependencies(/home/parallels/DynORBBase/src/sam_tracking/install/sam_tracking/share/colcon-core/packages/sam_tracking)
[1.001s] DEBUG:colcon.colcon_parallel_executor.executor.parallel:closing loop
[1.001s] DEBUG:colcon.colcon_parallel_executor.executor.parallel:loop closed
[1.002s] DEBUG:colcon.colcon_parallel_executor.executor.parallel:run_until_complete finished with '0'
[1.002s] DEBUG:colcon.colcon_core.event_reactor:joining thread
[1.007s] INFO:colcon.colcon_core.plugin_system:Skipping extension 'colcon_notification.desktop_notification.terminal_notifier': Not used on non-Darwin systems
[1.007s] INFO:colcon.colcon_core.plugin_system:Skipping extension 'colcon_notification.desktop_notification.win32': Not used on non-Windows systems
[1.007s] INFO:colcon.colcon_notification.desktop_notification:Sending desktop notification using 'notify2'
[1.049s] DEBUG:colcon.colcon_core.event_reactor:joined thread
[1.049s] INFO:colcon.colcon_core.shell:Creating prefix script '/home/parallels/DynORBBase/src/sam_tracking/install/local_setup.ps1'
[1.050s] INFO:colcon.colcon_core.shell:Creating prefix util module '/home/parallels/DynORBBase/src/sam_tracking/install/_local_setup_util_ps1.py'
[1.051s] INFO:colcon.colcon_core.shell:Creating prefix chain script '/home/parallels/DynORBBase/src/sam_tracking/install/setup.ps1'
[1.051s] INFO:colcon.colcon_core.shell:Creating prefix script '/home/parallels/DynORBBase/src/sam_tracking/install/local_setup.sh'
[1.052s] INFO:colcon.colcon_core.shell:Creating prefix util module '/home/parallels/DynORBBase/src/sam_tracking/install/_local_setup_util_sh.py'
[1.052s] INFO:colcon.colcon_core.shell:Creating prefix chain script '/home/parallels/DynORBBase/src/sam_tracking/install/setup.sh'
[1.053s] INFO:colcon.colcon_core.shell:Creating prefix script '/home/parallels/DynORBBase/src/sam_tracking/install/local_setup.bash'
[1.054s] INFO:colcon.colcon_core.shell:Creating prefix chain script '/home/parallels/DynORBBase/src/sam_tracking/install/setup.bash'
[1.054s] INFO:colcon.colcon_core.shell:Creating prefix script '/home/parallels/DynORBBase/src/sam_tracking/install/local_setup.zsh'
[1.055s] INFO:colcon.colcon_core.shell:Creating prefix chain script '/home/parallels/DynORBBase/src/sam_tracking/install/setup.zsh'
