[0.109s] DEBUG:colcon:Command line arguments: ['/usr/bin/colcon', 'build']
[0.109s] DEBUG:colcon:Parsed command line arguments: Namespace(log_base=None, log_level=None, verb_name='build', build_base='build', install_base='install', merge_install=False, symlink_install=False, test_result_base=None, continue_on_error=False, executor='parallel', parallel_workers=2, event_handlers=None, ignore_user_meta=False, metas=['./colcon.meta'], base_paths=['.'], packages_ignore=None, packages_ignore_regex=None, paths=None, packages_up_to=None, packages_up_to_regex=None, packages_above=None, packages_above_and_dependencies=None, packages_above_depth=None, packages_select_by_dep=None, packages_skip_by_dep=None, packages_skip_up_to=None, packages_select_build_failed=False, packages_skip_build_finished=False, packages_select_test_failures=False, packages_skip_test_passed=False, packages_select=None, packages_skip=None, packages_select_regex=None, packages_skip_regex=None, packages_start=None, packages_end=None, allow_overriding=[], cmake_args=None, cmake_target=None, cmake_target_skip_unavailable=False, cmake_clean_cache=False, cmake_clean_first=False, cmake_force_configure=False, ament_cmake_args=None, catkin_cmake_args=None, catkin_skip_building_tests=False, mixin_files=None, mixin=None, verb_parser=<colcon_mixin.mixin.mixin_argument.MixinArgumentDecorator object at 0xffff82032ec0>, verb_extension=<colcon_core.verb.build.BuildVerb object at 0xffff820328f0>, main=<bound method BuildVerb.main of <colcon_core.verb.build.BuildVerb object at 0xffff820328f0>>, mixin_verb=('build',))
[0.252s] Level 1:colcon.colcon_core.package_discovery:discover_packages(colcon_meta) check parameters
[0.252s] Level 1:colcon.colcon_core.package_discovery:discover_packages(recursive) check parameters
[0.253s] Level 1:colcon.colcon_core.package_discovery:discover_packages(ignore) check parameters
[0.253s] Level 1:colcon.colcon_core.package_discovery:discover_packages(path) check parameters
[0.253s] Level 1:colcon.colcon_core.package_discovery:discover_packages(colcon_meta) discover
[0.253s] Level 1:colcon.colcon_core.package_discovery:discover_packages(recursive) discover
[0.253s] INFO:colcon.colcon_core.package_discovery:Crawling recursively for packages in '/home/parallels/DynORBBase/src'
[0.253s] Level 1:colcon.colcon_core.package_identification:_identify(.) by extensions ['ignore', 'ignore_ament_install']
[0.253s] Level 1:colcon.colcon_core.package_identification:_identify(.) by extension 'ignore'
[0.253s] Level 1:colcon.colcon_core.package_identification:_identify(.) by extension 'ignore_ament_install'
[0.253s] Level 1:colcon.colcon_core.package_identification:_identify(.) by extensions ['colcon_pkg']
[0.253s] Level 1:colcon.colcon_core.package_identification:_identify(.) by extension 'colcon_pkg'
[0.253s] Level 1:colcon.colcon_core.package_identification:_identify(.) by extensions ['colcon_meta']
[0.253s] Level 1:colcon.colcon_core.package_identification:_identify(.) by extension 'colcon_meta'
[0.253s] Level 1:colcon.colcon_core.package_identification:_identify(.) by extensions ['ros']
[0.253s] Level 1:colcon.colcon_core.package_identification:_identify(.) by extension 'ros'
[0.269s] Level 1:colcon.colcon_core.package_identification:_identify(.) by extensions ['cmake', 'python']
[0.269s] Level 1:colcon.colcon_core.package_identification:_identify(.) by extension 'cmake'
[0.269s] Level 1:colcon.colcon_core.package_identification:_identify(.) by extension 'python'
[0.269s] Level 1:colcon.colcon_core.package_identification:_identify(.) by extensions ['python_setup_py']
[0.269s] Level 1:colcon.colcon_core.package_identification:_identify(.) by extension 'python_setup_py'
[0.270s] Level 1:colcon.colcon_core.package_identification:_identify(build) by extensions ['ignore', 'ignore_ament_install']
[0.270s] Level 1:colcon.colcon_core.package_identification:_identify(build) by extension 'ignore'
[0.270s] Level 1:colcon.colcon_core.package_identification:_identify(build) ignored
[0.270s] Level 1:colcon.colcon_core.package_identification:_identify(dynorb) by extensions ['ignore', 'ignore_ament_install']
[0.270s] Level 1:colcon.colcon_core.package_identification:_identify(dynorb) by extension 'ignore'
[0.270s] Level 1:colcon.colcon_core.package_identification:_identify(dynorb) by extension 'ignore_ament_install'
[0.270s] Level 1:colcon.colcon_core.package_identification:_identify(dynorb) by extensions ['colcon_pkg']
[0.270s] Level 1:colcon.colcon_core.package_identification:_identify(dynorb) by extension 'colcon_pkg'
[0.270s] Level 1:colcon.colcon_core.package_identification:_identify(dynorb) by extensions ['colcon_meta']
[0.270s] Level 1:colcon.colcon_core.package_identification:_identify(dynorb) by extension 'colcon_meta'
[0.270s] Level 1:colcon.colcon_core.package_identification:_identify(dynorb) by extensions ['ros']
[0.270s] Level 1:colcon.colcon_core.package_identification:_identify(dynorb) by extension 'ros'
[0.274s] DEBUG:colcon.colcon_core.package_identification:Package 'dynorb' with type 'ros.ament_cmake' and name 'dynorb'
[0.274s] Level 1:colcon.colcon_core.package_identification:_identify(dynorb_interface) by extensions ['ignore', 'ignore_ament_install']
[0.274s] Level 1:colcon.colcon_core.package_identification:_identify(dynorb_interface) by extension 'ignore'
[0.275s] Level 1:colcon.colcon_core.package_identification:_identify(dynorb_interface) by extension 'ignore_ament_install'
[0.275s] Level 1:colcon.colcon_core.package_identification:_identify(dynorb_interface) by extensions ['colcon_pkg']
[0.275s] Level 1:colcon.colcon_core.package_identification:_identify(dynorb_interface) by extension 'colcon_pkg'
[0.275s] Level 1:colcon.colcon_core.package_identification:_identify(dynorb_interface) by extensions ['colcon_meta']
[0.275s] Level 1:colcon.colcon_core.package_identification:_identify(dynorb_interface) by extension 'colcon_meta'
[0.275s] Level 1:colcon.colcon_core.package_identification:_identify(dynorb_interface) by extensions ['ros']
[0.275s] Level 1:colcon.colcon_core.package_identification:_identify(dynorb_interface) by extension 'ros'
[0.276s] DEBUG:colcon.colcon_core.package_identification:Package 'dynorb_interface' with type 'ros.ament_cmake' and name 'dynorb_interface'
[0.276s] Level 1:colcon.colcon_core.package_identification:_identify(install) by extensions ['ignore', 'ignore_ament_install']
[0.276s] Level 1:colcon.colcon_core.package_identification:_identify(install) by extension 'ignore'
[0.276s] Level 1:colcon.colcon_core.package_identification:_identify(install) ignored
[0.276s] Level 1:colcon.colcon_core.package_identification:_identify(log) by extensions ['ignore', 'ignore_ament_install']
[0.276s] Level 1:colcon.colcon_core.package_identification:_identify(log) by extension 'ignore'
[0.276s] Level 1:colcon.colcon_core.package_identification:_identify(log) ignored
[0.277s] Level 1:colcon.colcon_core.package_identification:_identify(sam-coco-integration) by extensions ['ignore', 'ignore_ament_install']
[0.277s] Level 1:colcon.colcon_core.package_identification:_identify(sam-coco-integration) by extension 'ignore'
[0.277s] Level 1:colcon.colcon_core.package_identification:_identify(sam-coco-integration) by extension 'ignore_ament_install'
[0.277s] Level 1:colcon.colcon_core.package_identification:_identify(sam-coco-integration) by extensions ['colcon_pkg']
[0.277s] Level 1:colcon.colcon_core.package_identification:_identify(sam-coco-integration) by extension 'colcon_pkg'
[0.277s] Level 1:colcon.colcon_core.package_identification:_identify(sam-coco-integration) by extensions ['colcon_meta']
[0.277s] Level 1:colcon.colcon_core.package_identification:_identify(sam-coco-integration) by extension 'colcon_meta'
[0.277s] Level 1:colcon.colcon_core.package_identification:_identify(sam-coco-integration) by extensions ['ros']
[0.277s] Level 1:colcon.colcon_core.package_identification:_identify(sam-coco-integration) by extension 'ros'
[0.277s] Level 1:colcon.colcon_core.package_identification:_identify(sam-coco-integration) by extensions ['cmake', 'python']
[0.277s] Level 1:colcon.colcon_core.package_identification:_identify(sam-coco-integration) by extension 'cmake'
[0.277s] Level 1:colcon.colcon_core.package_identification:_identify(sam-coco-integration) by extension 'python'
[0.277s] Level 1:colcon.colcon_core.package_identification:_identify(sam-coco-integration) by extensions ['python_setup_py']
[0.277s] Level 1:colcon.colcon_core.package_identification:_identify(sam-coco-integration) by extension 'python_setup_py'
[0.277s] Level 1:colcon.colcon_core.package_identification:_identify(sam_tracking) by extensions ['ignore', 'ignore_ament_install']
[0.278s] Level 1:colcon.colcon_core.package_identification:_identify(sam_tracking) by extension 'ignore'
[0.278s] Level 1:colcon.colcon_core.package_identification:_identify(sam_tracking) by extension 'ignore_ament_install'
[0.278s] Level 1:colcon.colcon_core.package_identification:_identify(sam_tracking) by extensions ['colcon_pkg']
[0.278s] Level 1:colcon.colcon_core.package_identification:_identify(sam_tracking) by extension 'colcon_pkg'
[0.278s] Level 1:colcon.colcon_core.package_identification:_identify(sam_tracking) by extensions ['colcon_meta']
[0.278s] Level 1:colcon.colcon_core.package_identification:_identify(sam_tracking) by extension 'colcon_meta'
[0.278s] Level 1:colcon.colcon_core.package_identification:_identify(sam_tracking) by extensions ['ros']
[0.278s] Level 1:colcon.colcon_core.package_identification:_identify(sam_tracking) by extension 'ros'
[0.278s] DEBUG:colcon.colcon_core.package_identification:Package 'sam_tracking' with type 'ros.ament_python' and name 'sam_tracking'
[0.278s] Level 1:colcon.colcon_core.package_discovery:discover_packages(recursive) using defaults
[0.278s] Level 1:colcon.colcon_core.package_discovery:discover_packages(ignore) discover
[0.278s] Level 1:colcon.colcon_core.package_discovery:discover_packages(ignore) using defaults
[0.278s] Level 1:colcon.colcon_core.package_discovery:discover_packages(path) discover
[0.278s] Level 1:colcon.colcon_core.package_discovery:discover_packages(path) using defaults
[0.302s] Level 1:colcon.colcon_core.package_discovery:discover_packages(prefix_path) check parameters
[0.302s] Level 1:colcon.colcon_core.package_discovery:discover_packages(prefix_path) discover
[0.303s] DEBUG:colcon.colcon_installed_package_information.package_discovery:Found 4 installed packages in /home/parallels/DynORBBase/src/install
[0.304s] DEBUG:colcon.colcon_installed_package_information.package_discovery:Found 270 installed packages in /opt/ros/humble
[0.305s] Level 1:colcon.colcon_core.package_discovery:discover_packages(prefix_path) using defaults
[0.336s] Level 5:colcon.colcon_core.verb:set package 'dynorb' build argument 'cmake_args' from command line to 'None'
[0.336s] Level 5:colcon.colcon_core.verb:set package 'dynorb' build argument 'cmake_target' from command line to 'None'
[0.336s] Level 5:colcon.colcon_core.verb:set package 'dynorb' build argument 'cmake_target_skip_unavailable' from command line to 'False'
[0.336s] Level 5:colcon.colcon_core.verb:set package 'dynorb' build argument 'cmake_clean_cache' from command line to 'False'
[0.336s] Level 5:colcon.colcon_core.verb:set package 'dynorb' build argument 'cmake_clean_first' from command line to 'False'
[0.336s] Level 5:colcon.colcon_core.verb:set package 'dynorb' build argument 'cmake_force_configure' from command line to 'False'
[0.336s] Level 5:colcon.colcon_core.verb:set package 'dynorb' build argument 'ament_cmake_args' from command line to 'None'
[0.336s] Level 5:colcon.colcon_core.verb:set package 'dynorb' build argument 'catkin_cmake_args' from command line to 'None'
[0.336s] Level 5:colcon.colcon_core.verb:set package 'dynorb' build argument 'catkin_skip_building_tests' from command line to 'False'
[0.336s] DEBUG:colcon.colcon_core.verb:Building package 'dynorb' with the following arguments: {'ament_cmake_args': None, 'build_base': '/home/parallels/DynORBBase/src/build/dynorb', 'catkin_cmake_args': None, 'catkin_skip_building_tests': False, 'cmake_args': None, 'cmake_clean_cache': False, 'cmake_clean_first': False, 'cmake_force_configure': False, 'cmake_target': None, 'cmake_target_skip_unavailable': False, 'install_base': '/home/parallels/DynORBBase/src/install/dynorb', 'merge_install': False, 'path': '/home/parallels/DynORBBase/src/dynorb', 'symlink_install': False, 'test_result_base': None}
[0.336s] Level 5:colcon.colcon_core.verb:set package 'dynorb_interface' build argument 'cmake_args' from command line to 'None'
[0.336s] Level 5:colcon.colcon_core.verb:set package 'dynorb_interface' build argument 'cmake_target' from command line to 'None'
[0.336s] Level 5:colcon.colcon_core.verb:set package 'dynorb_interface' build argument 'cmake_target_skip_unavailable' from command line to 'False'
[0.336s] Level 5:colcon.colcon_core.verb:set package 'dynorb_interface' build argument 'cmake_clean_cache' from command line to 'False'
[0.336s] Level 5:colcon.colcon_core.verb:set package 'dynorb_interface' build argument 'cmake_clean_first' from command line to 'False'
[0.336s] Level 5:colcon.colcon_core.verb:set package 'dynorb_interface' build argument 'cmake_force_configure' from command line to 'False'
[0.336s] Level 5:colcon.colcon_core.verb:set package 'dynorb_interface' build argument 'ament_cmake_args' from command line to 'None'
[0.336s] Level 5:colcon.colcon_core.verb:set package 'dynorb_interface' build argument 'catkin_cmake_args' from command line to 'None'
[0.336s] Level 5:colcon.colcon_core.verb:set package 'dynorb_interface' build argument 'catkin_skip_building_tests' from command line to 'False'
[0.336s] DEBUG:colcon.colcon_core.verb:Building package 'dynorb_interface' with the following arguments: {'ament_cmake_args': None, 'build_base': '/home/parallels/DynORBBase/src/build/dynorb_interface', 'catkin_cmake_args': None, 'catkin_skip_building_tests': False, 'cmake_args': None, 'cmake_clean_cache': False, 'cmake_clean_first': False, 'cmake_force_configure': False, 'cmake_target': None, 'cmake_target_skip_unavailable': False, 'install_base': '/home/parallels/DynORBBase/src/install/dynorb_interface', 'merge_install': False, 'path': '/home/parallels/DynORBBase/src/dynorb_interface', 'symlink_install': False, 'test_result_base': None}
[0.337s] Level 5:colcon.colcon_core.verb:set package 'sam_tracking' build argument 'cmake_args' from command line to 'None'
[0.337s] Level 5:colcon.colcon_core.verb:set package 'sam_tracking' build argument 'cmake_target' from command line to 'None'
[0.337s] Level 5:colcon.colcon_core.verb:set package 'sam_tracking' build argument 'cmake_target_skip_unavailable' from command line to 'False'
[0.337s] Level 5:colcon.colcon_core.verb:set package 'sam_tracking' build argument 'cmake_clean_cache' from command line to 'False'
[0.337s] Level 5:colcon.colcon_core.verb:set package 'sam_tracking' build argument 'cmake_clean_first' from command line to 'False'
[0.337s] Level 5:colcon.colcon_core.verb:set package 'sam_tracking' build argument 'cmake_force_configure' from command line to 'False'
[0.337s] Level 5:colcon.colcon_core.verb:set package 'sam_tracking' build argument 'ament_cmake_args' from command line to 'None'
[0.337s] Level 5:colcon.colcon_core.verb:set package 'sam_tracking' build argument 'catkin_cmake_args' from command line to 'None'
[0.337s] Level 5:colcon.colcon_core.verb:set package 'sam_tracking' build argument 'catkin_skip_building_tests' from command line to 'False'
[0.337s] DEBUG:colcon.colcon_core.verb:Building package 'sam_tracking' with the following arguments: {'ament_cmake_args': None, 'build_base': '/home/parallels/DynORBBase/src/build/sam_tracking', 'catkin_cmake_args': None, 'catkin_skip_building_tests': False, 'cmake_args': None, 'cmake_clean_cache': False, 'cmake_clean_first': False, 'cmake_force_configure': False, 'cmake_target': None, 'cmake_target_skip_unavailable': False, 'install_base': '/home/parallels/DynORBBase/src/install/sam_tracking', 'merge_install': False, 'path': '/home/parallels/DynORBBase/src/sam_tracking', 'symlink_install': False, 'test_result_base': None}
[0.337s] INFO:colcon.colcon_core.executor:Executing jobs using 'parallel' executor
[0.338s] DEBUG:colcon.colcon_parallel_executor.executor.parallel:run_until_complete
[0.338s] INFO:colcon.colcon_ros.task.ament_cmake.build:Building ROS package in '/home/parallels/DynORBBase/src/dynorb' with build type 'ament_cmake'
[0.339s] INFO:colcon.colcon_cmake.task.cmake.build:Building CMake package in '/home/parallels/DynORBBase/src/dynorb'
[0.340s] INFO:colcon.colcon_core.plugin_system:Skipping extension 'colcon_core.shell.bat': Not used on non-Windows systems
[0.340s] INFO:colcon.colcon_core.shell:Skip shell extension 'powershell' for command environment: Not usable outside of PowerShell
[0.340s] DEBUG:colcon.colcon_core.shell:Skip shell extension 'dsv' for command environment
[0.343s] INFO:colcon.colcon_ros.task.ament_cmake.build:Building ROS package in '/home/parallels/DynORBBase/src/dynorb_interface' with build type 'ament_cmake'
[0.343s] INFO:colcon.colcon_cmake.task.cmake.build:Building CMake package in '/home/parallels/DynORBBase/src/dynorb_interface'
[0.344s] INFO:colcon.colcon_core.shell:Skip shell extension 'powershell' for command environment: Not usable outside of PowerShell
[0.344s] DEBUG:colcon.colcon_core.shell:Skip shell extension 'dsv' for command environment
[0.354s] DEBUG:colcon.colcon_core.event_handler.log_command:Invoking command in '/home/parallels/DynORBBase/src/build/dynorb': CMAKE_PREFIX_PATH=${CMAKE_PREFIX_PATH}:/home/parallels/DynORBBase/src/install/sam_tracking:/opt/ros/humble /usr/bin/cmake --build /home/parallels/DynORBBase/src/build/dynorb -- -j2 -l2
[0.370s] DEBUG:colcon.colcon_core.event_handler.log_command:Invoking command in '/home/parallels/DynORBBase/src/build/dynorb_interface': CMAKE_PREFIX_PATH=${CMAKE_PREFIX_PATH}:/home/parallels/DynORBBase/src/install/sam_tracking:/opt/ros/humble /usr/bin/cmake --build /home/parallels/DynORBBase/src/build/dynorb_interface -- -j2 -l2
[0.882s] DEBUG:colcon.colcon_core.event_handler.log_command:Invoked command in '/home/parallels/DynORBBase/src/build/dynorb_interface' returned '0': CMAKE_PREFIX_PATH=${CMAKE_PREFIX_PATH}:/home/parallels/DynORBBase/src/install/sam_tracking:/opt/ros/humble /usr/bin/cmake --build /home/parallels/DynORBBase/src/build/dynorb_interface -- -j2 -l2
[0.931s] DEBUG:colcon.colcon_core.event_handler.log_command:Invoking command in '/home/parallels/DynORBBase/src/build/dynorb_interface': CMAKE_PREFIX_PATH=${CMAKE_PREFIX_PATH}:/home/parallels/DynORBBase/src/install/sam_tracking:/opt/ros/humble /usr/bin/cmake --install /home/parallels/DynORBBase/src/build/dynorb_interface
[1.040s] Level 1:colcon.colcon_core.environment:create_environment_scripts_only(dynorb_interface)
[1.041s] Level 1:colcon.colcon_core.environment:checking '/home/parallels/DynORBBase/src/install/dynorb_interface' for CMake module files
[1.042s] Level 1:colcon.colcon_core.environment:checking '/home/parallels/DynORBBase/src/install/dynorb_interface' for CMake config files
[1.042s] Level 1:colcon.colcon_core.shell:create_environment_hook('dynorb_interface', 'cmake_prefix_path')
[1.042s] INFO:colcon.colcon_core.shell:Creating environment hook '/home/parallels/DynORBBase/src/install/dynorb_interface/share/dynorb_interface/hook/cmake_prefix_path.ps1'
[1.043s] INFO:colcon.colcon_core.shell:Creating environment descriptor '/home/parallels/DynORBBase/src/install/dynorb_interface/share/dynorb_interface/hook/cmake_prefix_path.dsv'
[1.043s] INFO:colcon.colcon_core.shell:Creating environment hook '/home/parallels/DynORBBase/src/install/dynorb_interface/share/dynorb_interface/hook/cmake_prefix_path.sh'
[1.044s] Level 1:colcon.colcon_core.environment:checking '/home/parallels/DynORBBase/src/install/dynorb_interface/lib'
[1.046s] Level 1:colcon.colcon_core.shell:create_environment_hook('dynorb_interface', 'ld_library_path_lib')
[1.047s] INFO:colcon.colcon_core.shell:Creating environment hook '/home/parallels/DynORBBase/src/install/dynorb_interface/share/dynorb_interface/hook/ld_library_path_lib.ps1'
[1.046s] DEBUG:colcon.colcon_core.event_handler.log_command:Invoked command in '/home/parallels/DynORBBase/src/build/dynorb_interface' returned '0': CMAKE_PREFIX_PATH=${CMAKE_PREFIX_PATH}:/home/parallels/DynORBBase/src/install/sam_tracking:/opt/ros/humble /usr/bin/cmake --install /home/parallels/DynORBBase/src/build/dynorb_interface
[1.047s] INFO:colcon.colcon_core.shell:Creating environment descriptor '/home/parallels/DynORBBase/src/install/dynorb_interface/share/dynorb_interface/hook/ld_library_path_lib.dsv'
[1.047s] INFO:colcon.colcon_core.shell:Creating environment hook '/home/parallels/DynORBBase/src/install/dynorb_interface/share/dynorb_interface/hook/ld_library_path_lib.sh'
[1.048s] Level 1:colcon.colcon_core.environment:checking '/home/parallels/DynORBBase/src/install/dynorb_interface/bin'
[1.048s] Level 1:colcon.colcon_core.environment:checking '/home/parallels/DynORBBase/src/install/dynorb_interface/lib/pkgconfig/dynorb_interface.pc'
[1.048s] Level 1:colcon.colcon_core.environment:checking '/home/parallels/DynORBBase/src/install/dynorb_interface/lib/python3.10/site-packages'
[1.049s] Level 1:colcon.colcon_core.environment:checking '/home/parallels/DynORBBase/src/install/dynorb_interface/bin'
[1.049s] INFO:colcon.colcon_core.shell:Creating package script '/home/parallels/DynORBBase/src/install/dynorb_interface/share/dynorb_interface/package.ps1'
[1.050s] INFO:colcon.colcon_core.shell:Creating package descriptor '/home/parallels/DynORBBase/src/install/dynorb_interface/share/dynorb_interface/package.dsv'
[1.050s] INFO:colcon.colcon_core.shell:Creating package script '/home/parallels/DynORBBase/src/install/dynorb_interface/share/dynorb_interface/package.sh'
[1.051s] INFO:colcon.colcon_core.shell:Creating package script '/home/parallels/DynORBBase/src/install/dynorb_interface/share/dynorb_interface/package.bash'
[1.052s] INFO:colcon.colcon_core.shell:Creating package script '/home/parallels/DynORBBase/src/install/dynorb_interface/share/dynorb_interface/package.zsh'
[1.052s] Level 1:colcon.colcon_core.environment:create_file_with_runtime_dependencies(/home/parallels/DynORBBase/src/install/dynorb_interface/share/colcon-core/packages/dynorb_interface)
[1.108s] Level 1:colcon.colcon_core.environment:create_environment_scripts_only(dynorb_interface)
[1.108s] Level 1:colcon.colcon_core.environment:checking '/home/parallels/DynORBBase/src/install/dynorb_interface' for CMake module files
[1.109s] Level 1:colcon.colcon_core.environment:checking '/home/parallels/DynORBBase/src/install/dynorb_interface' for CMake config files
[1.109s] Level 1:colcon.colcon_core.shell:create_environment_hook('dynorb_interface', 'cmake_prefix_path')
[1.109s] INFO:colcon.colcon_core.shell:Creating environment hook '/home/parallels/DynORBBase/src/install/dynorb_interface/share/dynorb_interface/hook/cmake_prefix_path.ps1'
[1.111s] INFO:colcon.colcon_core.shell:Creating environment descriptor '/home/parallels/DynORBBase/src/install/dynorb_interface/share/dynorb_interface/hook/cmake_prefix_path.dsv'
[1.111s] INFO:colcon.colcon_core.shell:Creating environment hook '/home/parallels/DynORBBase/src/install/dynorb_interface/share/dynorb_interface/hook/cmake_prefix_path.sh'
[1.111s] Level 1:colcon.colcon_core.environment:checking '/home/parallels/DynORBBase/src/install/dynorb_interface/lib'
[1.111s] Level 1:colcon.colcon_core.shell:create_environment_hook('dynorb_interface', 'ld_library_path_lib')
[1.111s] INFO:colcon.colcon_core.shell:Creating environment hook '/home/parallels/DynORBBase/src/install/dynorb_interface/share/dynorb_interface/hook/ld_library_path_lib.ps1'
[1.112s] INFO:colcon.colcon_core.shell:Creating environment descriptor '/home/parallels/DynORBBase/src/install/dynorb_interface/share/dynorb_interface/hook/ld_library_path_lib.dsv'
[1.112s] INFO:colcon.colcon_core.shell:Creating environment hook '/home/parallels/DynORBBase/src/install/dynorb_interface/share/dynorb_interface/hook/ld_library_path_lib.sh'
[1.112s] Level 1:colcon.colcon_core.environment:checking '/home/parallels/DynORBBase/src/install/dynorb_interface/bin'
[1.112s] Level 1:colcon.colcon_core.environment:checking '/home/parallels/DynORBBase/src/install/dynorb_interface/lib/pkgconfig/dynorb_interface.pc'
[1.112s] Level 1:colcon.colcon_core.environment:checking '/home/parallels/DynORBBase/src/install/dynorb_interface/lib/python3.10/site-packages'
[1.112s] Level 1:colcon.colcon_core.environment:checking '/home/parallels/DynORBBase/src/install/dynorb_interface/bin'
[1.113s] INFO:colcon.colcon_core.shell:Creating package script '/home/parallels/DynORBBase/src/install/dynorb_interface/share/dynorb_interface/package.ps1'
[1.113s] INFO:colcon.colcon_core.shell:Creating package descriptor '/home/parallels/DynORBBase/src/install/dynorb_interface/share/dynorb_interface/package.dsv'
[1.113s] INFO:colcon.colcon_core.shell:Creating package script '/home/parallels/DynORBBase/src/install/dynorb_interface/share/dynorb_interface/package.sh'
[1.113s] INFO:colcon.colcon_core.shell:Creating package script '/home/parallels/DynORBBase/src/install/dynorb_interface/share/dynorb_interface/package.bash'
[1.114s] INFO:colcon.colcon_core.shell:Creating package script '/home/parallels/DynORBBase/src/install/dynorb_interface/share/dynorb_interface/package.zsh'
[1.114s] Level 1:colcon.colcon_core.environment:create_file_with_runtime_dependencies(/home/parallels/DynORBBase/src/install/dynorb_interface/share/colcon-core/packages/dynorb_interface)
[1.114s] INFO:colcon.colcon_ros.task.ament_python.build:Building ROS package in '/home/parallels/DynORBBase/src/sam_tracking' with build type 'ament_python'
[1.114s] Level 1:colcon.colcon_core.shell:create_environment_hook('sam_tracking', 'ament_prefix_path')
[1.114s] INFO:colcon.colcon_core.shell:Creating environment hook '/home/parallels/DynORBBase/src/install/sam_tracking/share/sam_tracking/hook/ament_prefix_path.ps1'
[1.114s] INFO:colcon.colcon_core.shell:Creating environment descriptor '/home/parallels/DynORBBase/src/install/sam_tracking/share/sam_tracking/hook/ament_prefix_path.dsv'
[1.115s] INFO:colcon.colcon_core.shell:Creating environment hook '/home/parallels/DynORBBase/src/install/sam_tracking/share/sam_tracking/hook/ament_prefix_path.sh'
[1.115s] INFO:colcon.colcon_core.shell:Skip shell extension 'powershell' for command environment: Not usable outside of PowerShell
[1.115s] DEBUG:colcon.colcon_core.shell:Skip shell extension 'dsv' for command environment
[1.327s] INFO:colcon.colcon_core.task.python.build:Building Python package in '/home/parallels/DynORBBase/src/sam_tracking'
[1.327s] INFO:colcon.colcon_core.shell:Skip shell extension 'powershell' for command environment: Not usable outside of PowerShell
[1.327s] DEBUG:colcon.colcon_core.shell:Skip shell extension 'dsv' for command environment
[1.700s] DEBUG:colcon.colcon_core.event_handler.log_command:Invoking command in '/home/parallels/DynORBBase/src/sam_tracking': PYTHONPATH=/home/parallels/DynORBBase/src/build/sam_tracking/prefix_override:/usr/lib/python3/dist-packages/colcon_core/task/python/colcon_distutils_commands:/home/parallels/DynORBBase/src/install/sam_tracking/lib/python3.10/site-packages:${PYTHONPATH} /usr/bin/python3 -W ignore:setup.py install is deprecated setup.py egg_info --egg-base ../build/sam_tracking build --build-base /home/parallels/DynORBBase/src/build/sam_tracking/build install --record /home/parallels/DynORBBase/src/build/sam_tracking/install.log --single-version-externally-managed install_data
[2.129s] Level 1:colcon.colcon_core.environment:checking '/home/parallels/DynORBBase/src/install/sam_tracking' for CMake module files
[2.131s] Level 1:colcon.colcon_core.environment:checking '/home/parallels/DynORBBase/src/install/sam_tracking' for CMake config files
[2.131s] Level 1:colcon.colcon_core.environment:checking '/home/parallels/DynORBBase/src/install/sam_tracking/lib'
[2.131s] Level 1:colcon.colcon_core.environment:checking '/home/parallels/DynORBBase/src/install/sam_tracking/bin'
[2.132s] Level 1:colcon.colcon_core.environment:checking '/home/parallels/DynORBBase/src/install/sam_tracking/lib/pkgconfig/sam_tracking.pc'
[2.132s] Level 1:colcon.colcon_core.environment:checking '/home/parallels/DynORBBase/src/install/sam_tracking/lib/python3.10/site-packages'
[2.132s] Level 1:colcon.colcon_core.shell:create_environment_hook('sam_tracking', 'pythonpath')
[2.132s] INFO:colcon.colcon_core.shell:Creating environment hook '/home/parallels/DynORBBase/src/install/sam_tracking/share/sam_tracking/hook/pythonpath.ps1'
[2.130s] DEBUG:colcon.colcon_core.event_handler.log_command:Invoked command in '/home/parallels/DynORBBase/src/sam_tracking' returned '0': PYTHONPATH=/home/parallels/DynORBBase/src/build/sam_tracking/prefix_override:/usr/lib/python3/dist-packages/colcon_core/task/python/colcon_distutils_commands:/home/parallels/DynORBBase/src/install/sam_tracking/lib/python3.10/site-packages:${PYTHONPATH} /usr/bin/python3 -W ignore:setup.py install is deprecated setup.py egg_info --egg-base ../build/sam_tracking build --build-base /home/parallels/DynORBBase/src/build/sam_tracking/build install --record /home/parallels/DynORBBase/src/build/sam_tracking/install.log --single-version-externally-managed install_data
[2.133s] INFO:colcon.colcon_core.shell:Creating environment descriptor '/home/parallels/DynORBBase/src/install/sam_tracking/share/sam_tracking/hook/pythonpath.dsv'
[2.134s] INFO:colcon.colcon_core.shell:Creating environment hook '/home/parallels/DynORBBase/src/install/sam_tracking/share/sam_tracking/hook/pythonpath.sh'
[2.134s] Level 1:colcon.colcon_core.environment:checking '/home/parallels/DynORBBase/src/install/sam_tracking/bin'
[2.134s] Level 1:colcon.colcon_core.environment:create_environment_scripts_only(sam_tracking)
[2.135s] INFO:colcon.colcon_core.shell:Creating package script '/home/parallels/DynORBBase/src/install/sam_tracking/share/sam_tracking/package.ps1'
[2.135s] INFO:colcon.colcon_core.shell:Creating package descriptor '/home/parallels/DynORBBase/src/install/sam_tracking/share/sam_tracking/package.dsv'
[2.136s] INFO:colcon.colcon_core.shell:Creating package script '/home/parallels/DynORBBase/src/install/sam_tracking/share/sam_tracking/package.sh'
[2.137s] INFO:colcon.colcon_core.shell:Creating package script '/home/parallels/DynORBBase/src/install/sam_tracking/share/sam_tracking/package.bash'
[2.137s] INFO:colcon.colcon_core.shell:Creating package script '/home/parallels/DynORBBase/src/install/sam_tracking/share/sam_tracking/package.zsh'
[2.138s] Level 1:colcon.colcon_core.environment:create_file_with_runtime_dependencies(/home/parallels/DynORBBase/src/install/sam_tracking/share/colcon-core/packages/sam_tracking)
[2.240s] DEBUG:colcon.colcon_core.event_handler.log_command:Invoked command in '/home/parallels/DynORBBase/src/build/dynorb' returned '2': CMAKE_PREFIX_PATH=${CMAKE_PREFIX_PATH}:/home/parallels/DynORBBase/src/install/sam_tracking:/opt/ros/humble /usr/bin/cmake --build /home/parallels/DynORBBase/src/build/dynorb -- -j2 -l2
[2.294s] Level 1:colcon.colcon_core.environment:create_environment_scripts_only(dynorb)
[2.294s] Level 1:colcon.colcon_core.environment:checking '/home/parallels/DynORBBase/src/install/dynorb' for CMake module files
[2.294s] Level 1:colcon.colcon_core.environment:checking '/home/parallels/DynORBBase/src/install/dynorb' for CMake config files
[2.295s] Level 1:colcon.colcon_core.shell:create_environment_hook('dynorb', 'cmake_prefix_path')
[2.295s] INFO:colcon.colcon_core.shell:Creating environment hook '/home/parallels/DynORBBase/src/install/dynorb/share/dynorb/hook/cmake_prefix_path.ps1'
[2.295s] INFO:colcon.colcon_core.shell:Creating environment descriptor '/home/parallels/DynORBBase/src/install/dynorb/share/dynorb/hook/cmake_prefix_path.dsv'
[2.296s] INFO:colcon.colcon_core.shell:Creating environment hook '/home/parallels/DynORBBase/src/install/dynorb/share/dynorb/hook/cmake_prefix_path.sh'
[2.296s] Level 1:colcon.colcon_core.environment:checking '/home/parallels/DynORBBase/src/install/dynorb/bin'
[2.296s] Level 1:colcon.colcon_core.environment:checking '/home/parallels/DynORBBase/src/install/dynorb/lib/pkgconfig/dynorb.pc'
[2.296s] Level 1:colcon.colcon_core.environment:checking '/home/parallels/DynORBBase/src/install/dynorb/lib/python3.10/site-packages'
[2.296s] Level 1:colcon.colcon_core.environment:checking '/home/parallels/DynORBBase/src/install/dynorb/bin'
[2.297s] INFO:colcon.colcon_core.shell:Creating package script '/home/parallels/DynORBBase/src/install/dynorb/share/dynorb/package.ps1'
[2.297s] INFO:colcon.colcon_core.shell:Creating package descriptor '/home/parallels/DynORBBase/src/install/dynorb/share/dynorb/package.dsv'
[2.297s] INFO:colcon.colcon_core.shell:Creating package script '/home/parallels/DynORBBase/src/install/dynorb/share/dynorb/package.sh'
[2.298s] INFO:colcon.colcon_core.shell:Creating package script '/home/parallels/DynORBBase/src/install/dynorb/share/dynorb/package.bash'
[2.298s] INFO:colcon.colcon_core.shell:Creating package script '/home/parallels/DynORBBase/src/install/dynorb/share/dynorb/package.zsh'
[2.298s] Level 1:colcon.colcon_core.environment:create_file_with_runtime_dependencies(/home/parallels/DynORBBase/src/install/dynorb/share/colcon-core/packages/dynorb)
[2.309s] DEBUG:colcon.colcon_parallel_executor.executor.parallel:closing loop
[2.310s] DEBUG:colcon.colcon_parallel_executor.executor.parallel:loop closed
[2.310s] DEBUG:colcon.colcon_parallel_executor.executor.parallel:run_until_complete finished with '2'
[2.310s] DEBUG:colcon.colcon_core.event_reactor:joining thread
[2.314s] INFO:colcon.colcon_core.plugin_system:Skipping extension 'colcon_notification.desktop_notification.terminal_notifier': Not used on non-Darwin systems
[2.314s] INFO:colcon.colcon_core.plugin_system:Skipping extension 'colcon_notification.desktop_notification.win32': Not used on non-Windows systems
[2.314s] INFO:colcon.colcon_notification.desktop_notification:Sending desktop notification using 'notify2'
[2.330s] DEBUG:colcon.colcon_core.event_reactor:joined thread
[2.330s] INFO:colcon.colcon_core.shell:Creating prefix script '/home/parallels/DynORBBase/src/install/local_setup.ps1'
[2.331s] INFO:colcon.colcon_core.shell:Creating prefix util module '/home/parallels/DynORBBase/src/install/_local_setup_util_ps1.py'
[2.332s] INFO:colcon.colcon_core.shell:Creating prefix chain script '/home/parallels/DynORBBase/src/install/setup.ps1'
[2.333s] INFO:colcon.colcon_core.shell:Creating prefix script '/home/parallels/DynORBBase/src/install/local_setup.sh'
[2.333s] INFO:colcon.colcon_core.shell:Creating prefix util module '/home/parallels/DynORBBase/src/install/_local_setup_util_sh.py'
[2.333s] INFO:colcon.colcon_core.shell:Creating prefix chain script '/home/parallels/DynORBBase/src/install/setup.sh'
[2.334s] INFO:colcon.colcon_core.shell:Creating prefix script '/home/parallels/DynORBBase/src/install/local_setup.bash'
[2.335s] INFO:colcon.colcon_core.shell:Creating prefix chain script '/home/parallels/DynORBBase/src/install/setup.bash'
[2.335s] INFO:colcon.colcon_core.shell:Creating prefix script '/home/parallels/DynORBBase/src/install/local_setup.zsh'
[2.336s] INFO:colcon.colcon_core.shell:Creating prefix chain script '/home/parallels/DynORBBase/src/install/setup.zsh'
