[0.013s] Invoking command in '/home/parallels/DynORBBase/src/build/dynorb': CMAKE_PREFIX_PATH=${CMAKE_PREFIX_PATH}:/home/parallels/DynORBBase/src/install/sam_tracking:/opt/ros/humble /usr/bin/cmake --build /home/parallels/DynORBBase/src/build/dynorb -- -j2 -l2
[0.037s] -- Found ament_cmake: 1.3.10 (/opt/ros/humble/share/ament_cmake/cmake)
[0.150s] -- Found rclcpp: 16.0.10 (/opt/ros/humble/share/rclcpp/cmake)
[0.177s] -- Found rosidl_generator_c: 3.1.5 (/opt/ros/humble/share/rosidl_generator_c/cmake)
[0.179s] -- Found rosidl_adapter: 3.1.5 (/opt/ros/humble/share/rosidl_adapter/cmake)
[0.184s] -- Found rosidl_generator_cpp: 3.1.5 (/opt/ros/humble/share/rosidl_generator_cpp/cmake)
[0.192s] -- Using all available rosidl_typesupport_c: rosidl_typesupport_fastrtps_c;rosidl_typesupport_introspection_c
[0.203s] -- Using all available rosidl_typesupport_cpp: rosidl_typesupport_fastrtps_cpp;rosidl_typesupport_introspection_cpp
[0.231s] -- Found rmw_implementation_cmake: 6.1.2 (/opt/ros/humble/share/rmw_implementation_cmake/cmake)
[0.232s] -- Found rmw_fastrtps_cpp: 6.2.7 (/opt/ros/humble/share/rmw_fastrtps_cpp/cmake)
[0.322s] -- Using RMW implementation 'rmw_fastrtps_cpp' as default
[0.366s] -- Found sensor_msgs: 4.2.4 (/opt/ros/humble/share/sensor_msgs/cmake)
[0.393s] -- Found rosidl_default_generators: 1.2.0 (/opt/ros/humble/share/rosidl_default_generators/cmake)
[0.398s] -- Found dynorb_interface: 0.0.0 (/home/parallels/DynORBBase/src/install/dynorb_interface/share/dynorb_interface/cmake)
[0.410s] [0mBuild type: Release[0m
[0.411s] -- Using flag -std=c++11.
[0.415s] [31mCMake Error at CMakeLists.txt:88 (target_link_libraries):
[0.415s]   Cannot specify link libraries for target "dynorb" which is not built by
[0.415s]   this project.
[0.415s] 
[0.415s] [0m
[0.415s] -- Configuring incomplete, errors occurred!
[0.415s] See also "/home/parallels/DynORBBase/src/build/dynorb/CMakeFiles/CMakeOutput.log".
[0.420s] gmake: *** [Makefile:999: cmake_check_build_system] Error 1
[0.421s] Invoked command in '/home/parallels/DynORBBase/src/build/dynorb' returned '2': CMAKE_PREFIX_PATH=${CMAKE_PREFIX_PATH}:/home/parallels/DynORBBase/src/install/sam_tracking:/opt/ros/humble /usr/bin/cmake --build /home/parallels/DynORBBase/src/build/dynorb -- -j2 -l2
