[0.006s] Invoking command in '/home/parallels/DynORBBase/src/build/dynorb_interface': CMAKE_PREFIX_PATH=/opt/ros/humble /usr/bin/cmake /home/parallels/DynORBBase/src/dynorb_interface -DCMAKE_INSTALL_PREFIX=/home/parallels/DynORBBase/src/install/dynorb_interface
[0.017s] -- Found ament_cmake: 1.3.10 (/opt/ros/humble/share/ament_cmake/cmake)
[0.106s] -- Found sensor_msgs: 4.2.4 (/opt/ros/humble/share/sensor_msgs/cmake)
[0.128s] -- Found rosidl_generator_c: 3.1.5 (/opt/ros/humble/share/rosidl_generator_c/cmake)
[0.130s] -- Found rosidl_adapter: 3.1.5 (/opt/ros/humble/share/rosidl_adapter/cmake)
[0.135s] -- Found rosidl_generator_cpp: 3.1.5 (/opt/ros/humble/share/rosidl_generator_cpp/cmake)
[0.146s] -- Using all available rosidl_typesupport_c: rosidl_typesupport_fastrtps_c;rosidl_typesupport_introspection_c
[0.156s] -- Using all available rosidl_typesupport_cpp: rosidl_typesupport_fastrtps_cpp;rosidl_typesupport_introspection_cpp
[0.204s] -- Found rosidl_default_generators: 1.2.0 (/opt/ros/humble/share/rosidl_default_generators/cmake)
[0.445s] -- Found ament_cmake_ros: 0.10.0 (/opt/ros/humble/share/ament_cmake_ros/cmake)
[0.821s] -- Using all available rosidl_typesupport_c: rosidl_typesupport_fastrtps_c;rosidl_typesupport_introspection_c
[0.971s] -- Using all available rosidl_typesupport_cpp: rosidl_typesupport_fastrtps_cpp;rosidl_typesupport_introspection_cpp
[0.987s] -- Found PythonInterp: /usr/bin/python3 (found suitable version "3.10.12", minimum required is "3.6") 
[0.990s] -- Found python_cmake_module: 0.10.0 (/opt/ros/humble/share/python_cmake_module/cmake)
[1.012s] -- Found PythonLibs: /usr/lib/aarch64-linux-gnu/libpython3.10.so (found suitable version "3.10.12", minimum required is "3.5") 
[1.012s] -- Using PYTHON_EXECUTABLE: /usr/bin/python3
[1.012s] -- Using PYTHON_INCLUDE_DIRS: /usr/include/python3.10
[1.012s] -- Using PYTHON_LIBRARIES: /usr/lib/aarch64-linux-gnu/libpython3.10.so
[1.026s] -- Found PythonExtra: .so  
[1.086s] -- Found ament_lint_auto: 0.12.11 (/opt/ros/humble/share/ament_lint_auto/cmake)
[1.107s] -- Added test 'lint_cmake' to check CMake code style
[1.108s] -- Added test 'xmllint' to check XML markup files
[1.111s] -- Configuring done
[1.143s] -- Generating done
[1.145s] -- Build files have been written to: /home/parallels/DynORBBase/src/build/dynorb_interface
[1.150s] Invoked command in '/home/parallels/DynORBBase/src/build/dynorb_interface' returned '0': CMAKE_PREFIX_PATH=/opt/ros/humble /usr/bin/cmake /home/parallels/DynORBBase/src/dynorb_interface -DCMAKE_INSTALL_PREFIX=/home/parallels/DynORBBase/src/install/dynorb_interface
[1.151s] Invoking command in '/home/parallels/DynORBBase/src/build/dynorb_interface': CMAKE_PREFIX_PATH=/opt/ros/humble /usr/bin/cmake --build /home/parallels/DynORBBase/src/build/dynorb_interface -- -j2 -l2
[1.176s] [  2%] [34m[1mGenerating C code for ROS interfaces[0m
[1.185s] [  5%] [34m[1mGenerating C++ code for ROS interfaces[0m
[1.460s] [  7%] [32mBuilding C object CMakeFiles/dynorb_interface__rosidl_generator_c.dir/rosidl_generator_c/dynorb_interface/srv/detail/dyn_class__functions.c.o[0m
[1.507s] [  7%] Built target dynorb_interface__cpp
[1.517s] [ 10%] [32mBuilding C object CMakeFiles/dynorb_interface__rosidl_generator_c.dir/rosidl_generator_c/dynorb_interface/srv/detail/feed_frame__functions.c.o[0m
[1.523s] [ 10%] Built target ament_cmake_python_copy_dynorb_interface
[1.529s] [ 12%] [34m[1mGenerating C++ type support dispatch for ROS interfaces[0m
[1.567s] [ 15%] [32m[1mLinking C shared library libdynorb_interface__rosidl_generator_c.so[0m
[1.613s] [ 15%] Built target dynorb_interface__rosidl_generator_c
[1.629s] [ 17%] [34m[1mGenerating C++ type support for eProsima Fast-RTPS[0m
[1.723s] [ 20%] [32mBuilding CXX object CMakeFiles/dynorb_interface__rosidl_typesupport_cpp.dir/rosidl_typesupport_cpp/dynorb_interface/srv/dyn_class__type_support.cpp.o[0m
[1.872s] [ 23%] [32mBuilding CXX object CMakeFiles/dynorb_interface__rosidl_typesupport_fastrtps_cpp.dir/rosidl_typesupport_fastrtps_cpp/dynorb_interface/srv/detail/dds_fastrtps/dyn_class__type_support.cpp.o[0m
[1.899s] In file included from [01m[K/home/parallels/DynORBBase/src/build/dynorb_interface/rosidl_typesupport_cpp/dynorb_interface/srv/dyn_class__type_support.cpp:7[m[K:
[1.899s] [01m[K/home/parallels/DynORBBase/src/build/dynorb_interface/rosidl_generator_cpp/dynorb_interface/srv/detail/dyn_class__struct.hpp:186:20:[m[K [01;31m[Kerror: [m[Kexpected identifier before ‘[01m[K;[m[K’ token
[1.900s]   186 |   _class_type class[01;31m[K;[m[K
[1.900s]       |                    [01;31m[K^[m[K
[1.901s] [01m[K/home/parallels/DynORBBase/src/build/dynorb_interface/rosidl_generator_cpp/dynorb_interface/srv/detail/dyn_class__struct.hpp:186:3:[m[K [01;31m[Kerror: [m[Kmultiple types in one declaration
[1.901s]   186 |   [01;31m[K_class_type[m[K class;
[1.901s]       |   [01;31m[K^~~~~~~~~~~[m[K
[1.902s] [01m[K/home/parallels/DynORBBase/src/build/dynorb_interface/rosidl_generator_cpp/dynorb_interface/srv/detail/dyn_class__struct.hpp:186:20:[m[K [01;31m[Kerror: [m[Kdeclaration does not declare anything [[01;31m[K]8;;https://gcc.gnu.org/onlinedocs/gcc/Warning-Options.html#index-fpermissive-fpermissive]8;;[m[K]
[1.902s]   186 |   _class_type class[01;31m[K;[m[K
[1.902s]       |                    [01;31m[K^[m[K
[1.903s] [01m[K/home/parallels/DynORBBase/src/build/dynorb_interface/rosidl_generator_cpp/dynorb_interface/srv/detail/dyn_class__struct.hpp:[m[K In constructor ‘[01m[Kdynorb_interface::srv::DynClass_Response_<ContainerAllocator>::DynClass_Response_(rosidl_runtime_cpp::MessageInitialization)[m[K’:
[1.903s] [01m[K/home/parallels/DynORBBase/src/build/dynorb_interface/rosidl_generator_cpp/dynorb_interface/srv/detail/dyn_class__struct.hpp:169:13:[m[K [01;31m[Kerror: [m[Kexpected unqualified-id before ‘[01m[Kclass[m[K’
[1.904s]   169 |       this->[01;31m[Kclass[m[K = 0ll;
[1.904s]       |             [01;31m[K^~~~~[m[K
[1.904s] [01m[K/home/parallels/DynORBBase/src/build/dynorb_interface/rosidl_generator_cpp/dynorb_interface/srv/detail/dyn_class__struct.hpp:[m[K In constructor ‘[01m[Kdynorb_interface::srv::DynClass_Response_<ContainerAllocator>::DynClass_Response_(const ContainerAllocator&, rosidl_runtime_cpp::MessageInitialization)[m[K’:
[1.905s] [01m[K/home/parallels/DynORBBase/src/build/dynorb_interface/rosidl_generator_cpp/dynorb_interface/srv/detail/dyn_class__struct.hpp:179:13:[m[K [01;31m[Kerror: [m[Kexpected unqualified-id before ‘[01m[Kclass[m[K’
[1.905s]   179 |       this->[01;31m[Kclass[m[K = 0ll;
[1.905s]       |             [01;31m[K^~~~~[m[K
[1.906s] [01m[K/home/parallels/DynORBBase/src/build/dynorb_interface/rosidl_generator_cpp/dynorb_interface/srv/detail/dyn_class__struct.hpp:[m[K In member function ‘[01m[Kdynorb_interface::srv::DynClass_Response_<ContainerAllocator>::Type& dynorb_interface::srv::DynClass_Response_<ContainerAllocator>::set__class(const int64_t&)[m[K’:
[1.906s] [01m[K/home/parallels/DynORBBase/src/build/dynorb_interface/rosidl_generator_cpp/dynorb_interface/srv/detail/dyn_class__struct.hpp:192:11:[m[K [01;31m[Kerror: [m[Kexpected unqualified-id before ‘[01m[Kclass[m[K’
[1.906s]   192 |     this->[01;31m[Kclass[m[K = _arg;
[1.906s]       |           [01;31m[K^~~~~[m[K
[1.906s] [01m[K/home/parallels/DynORBBase/src/build/dynorb_interface/rosidl_generator_cpp/dynorb_interface/srv/detail/dyn_class__struct.hpp:[m[K In member function ‘[01m[Kbool dynorb_interface::srv::DynClass_Response_<ContainerAllocator>::operator==(const dynorb_interface::srv::DynClass_Response_<ContainerAllocator>&) const[m[K’:
[1.906s] [01m[K/home/parallels/DynORBBase/src/build/dynorb_interface/rosidl_generator_cpp/dynorb_interface/srv/detail/dyn_class__struct.hpp:238:15:[m[K [01;31m[Kerror: [m[Kexpected unqualified-id before ‘[01m[Kclass[m[K’
[1.906s]   238 |     if (this->[01;31m[Kclass[m[K != other.class) {
[1.906s]       |               [01;31m[K^~~~~[m[K
[1.906s] [01m[K/home/parallels/DynORBBase/src/build/dynorb_interface/rosidl_generator_cpp/dynorb_interface/srv/detail/dyn_class__struct.hpp:238:15:[m[K [01;31m[Kerror: [m[Kexpected ‘[01m[K)[m[K’ before ‘[01m[Kclass[m[K’
[1.906s] [01m[K/home/parallels/DynORBBase/src/build/dynorb_interface/rosidl_generator_cpp/dynorb_interface/srv/detail/dyn_class__struct.hpp:238:8:[m[K [01;36m[Knote: [m[Kto match this ‘[01m[K([m[K’
[1.906s]   238 |     if [01;36m[K([m[Kthis->class != other.class) {
[1.906s]       |        [01;36m[K^[m[K
[1.921s] gmake[2]: *** [CMakeFiles/dynorb_interface__rosidl_typesupport_cpp.dir/build.make:180: CMakeFiles/dynorb_interface__rosidl_typesupport_cpp.dir/rosidl_typesupport_cpp/dynorb_interface/srv/dyn_class__type_support.cpp.o] Error 1
[1.921s] gmake[1]: *** [CMakeFiles/Makefile2:395: CMakeFiles/dynorb_interface__rosidl_typesupport_cpp.dir/all] Error 2
[1.921s] gmake[1]: *** Waiting for unfinished jobs....
[1.926s] [ 25%] [32mBuilding CXX object CMakeFiles/dynorb_interface__rosidl_typesupport_fastrtps_cpp.dir/rosidl_typesupport_fastrtps_cpp/dynorb_interface/srv/detail/dds_fastrtps/feed_frame__type_support.cpp.o[0m
[2.059s] In file included from [01m[K/home/parallels/DynORBBase/src/build/dynorb_interface/rosidl_typesupport_fastrtps_cpp/dynorb_interface/srv/detail/dyn_class__rosidl_typesupport_fastrtps_cpp.hpp:11[m[K,
[2.059s]                  from [01m[K/home/parallels/DynORBBase/src/build/dynorb_interface/rosidl_typesupport_fastrtps_cpp/dynorb_interface/srv/detail/dds_fastrtps/dyn_class__type_support.cpp:4[m[K:
[2.059s] [01m[K/home/parallels/DynORBBase/src/build/dynorb_interface/rosidl_generator_cpp/dynorb_interface/srv/detail/dyn_class__struct.hpp:186:20:[m[K [01;31m[Kerror: [m[Kexpected identifier before ‘[01m[K;[m[K’ token
[2.059s]   186 |   _class_type class[01;31m[K;[m[K
[2.059s]       |                    [01;31m[K^[m[K
[2.059s] [01m[K/home/parallels/DynORBBase/src/build/dynorb_interface/rosidl_generator_cpp/dynorb_interface/srv/detail/dyn_class__struct.hpp:186:3:[m[K [01;31m[Kerror: [m[Kmultiple types in one declaration
[2.059s]   186 |   [01;31m[K_class_type[m[K class;
[2.059s]       |   [01;31m[K^~~~~~~~~~~[m[K
[2.059s] [01m[K/home/parallels/DynORBBase/src/build/dynorb_interface/rosidl_generator_cpp/dynorb_interface/srv/detail/dyn_class__struct.hpp:186:20:[m[K [01;31m[Kerror: [m[Kdeclaration does not declare anything [[01;31m[K]8;;https://gcc.gnu.org/onlinedocs/gcc/Warning-Options.html#index-fpermissive-fpermissive]8;;[m[K]
[2.059s]   186 |   _class_type class[01;31m[K;[m[K
[2.059s]       |                    [01;31m[K^[m[K
[2.062s] [01m[K/home/parallels/DynORBBase/src/build/dynorb_interface/rosidl_generator_cpp/dynorb_interface/srv/detail/dyn_class__struct.hpp:[m[K In constructor ‘[01m[Kdynorb_interface::srv::DynClass_Response_<ContainerAllocator>::DynClass_Response_(rosidl_runtime_cpp::MessageInitialization)[m[K’:
[2.062s] [01m[K/home/parallels/DynORBBase/src/build/dynorb_interface/rosidl_generator_cpp/dynorb_interface/srv/detail/dyn_class__struct.hpp:169:13:[m[K [01;31m[Kerror: [m[Kexpected unqualified-id before ‘[01m[Kclass[m[K’
[2.062s]   169 |       this->[01;31m[Kclass[m[K = 0ll;
[2.062s]       |             [01;31m[K^~~~~[m[K
[2.063s] [01m[K/home/parallels/DynORBBase/src/build/dynorb_interface/rosidl_generator_cpp/dynorb_interface/srv/detail/dyn_class__struct.hpp:[m[K In constructor ‘[01m[Kdynorb_interface::srv::DynClass_Response_<ContainerAllocator>::DynClass_Response_(const ContainerAllocator&, rosidl_runtime_cpp::MessageInitialization)[m[K’:
[2.063s] [01m[K/home/parallels/DynORBBase/src/build/dynorb_interface/rosidl_generator_cpp/dynorb_interface/srv/detail/dyn_class__struct.hpp:179:13:[m[K [01;31m[Kerror: [m[Kexpected unqualified-id before ‘[01m[Kclass[m[K’
[2.063s]   179 |       this->[01;31m[Kclass[m[K = 0ll;
[2.063s]       |             [01;31m[K^~~~~[m[K
[2.064s] [01m[K/home/parallels/DynORBBase/src/build/dynorb_interface/rosidl_generator_cpp/dynorb_interface/srv/detail/dyn_class__struct.hpp:[m[K In member function ‘[01m[Kdynorb_interface::srv::DynClass_Response_<ContainerAllocator>::Type& dynorb_interface::srv::DynClass_Response_<ContainerAllocator>::set__class(const int64_t&)[m[K’:
[2.064s] [01m[K/home/parallels/DynORBBase/src/build/dynorb_interface/rosidl_generator_cpp/dynorb_interface/srv/detail/dyn_class__struct.hpp:192:11:[m[K [01;31m[Kerror: [m[Kexpected unqualified-id before ‘[01m[Kclass[m[K’
[2.064s]   192 |     this->[01;31m[Kclass[m[K = _arg;
[2.064s]       |           [01;31m[K^~~~~[m[K
[2.065s] [01m[K/home/parallels/DynORBBase/src/build/dynorb_interface/rosidl_generator_cpp/dynorb_interface/srv/detail/dyn_class__struct.hpp:[m[K In member function ‘[01m[Kbool dynorb_interface::srv::DynClass_Response_<ContainerAllocator>::operator==(const dynorb_interface::srv::DynClass_Response_<ContainerAllocator>&) const[m[K’:
[2.066s] [01m[K/home/parallels/DynORBBase/src/build/dynorb_interface/rosidl_generator_cpp/dynorb_interface/srv/detail/dyn_class__struct.hpp:238:15:[m[K [01;31m[Kerror: [m[Kexpected unqualified-id before ‘[01m[Kclass[m[K’
[2.066s]   238 |     if (this->[01;31m[Kclass[m[K != other.class) {
[2.066s]       |               [01;31m[K^~~~~[m[K
[2.066s] [01m[K/home/parallels/DynORBBase/src/build/dynorb_interface/rosidl_generator_cpp/dynorb_interface/srv/detail/dyn_class__struct.hpp:238:15:[m[K [01;31m[Kerror: [m[Kexpected ‘[01m[K)[m[K’ before ‘[01m[Kclass[m[K’
[2.066s] [01m[K/home/parallels/DynORBBase/src/build/dynorb_interface/rosidl_generator_cpp/dynorb_interface/srv/detail/dyn_class__struct.hpp:238:8:[m[K [01;36m[Knote: [m[Kto match this ‘[01m[K([m[K’
[2.066s]   238 |     if [01;36m[K([m[Kthis->class != other.class) {
[2.066s]       |        [01;36m[K^[m[K
[2.164s] [01m[K/home/parallels/DynORBBase/src/build/dynorb_interface/rosidl_typesupport_fastrtps_cpp/dynorb_interface/srv/detail/dds_fastrtps/dyn_class__type_support.cpp:[m[K In function ‘[01m[Kbool dynorb_interface::srv::typesupport_fastrtps_cpp::cdr_serialize(const DynClass_Response&, eprosima::fastcdr::Cdr&)[m[K’:
[2.164s] [01m[K/home/parallels/DynORBBase/src/build/dynorb_interface/rosidl_typesupport_fastrtps_cpp/dynorb_interface/srv/detail/dds_fastrtps/dyn_class__type_support.cpp:269:22:[m[K [01;31m[Kerror: [m[Kexpected unqualified-id before ‘[01m[Kclass[m[K’
[2.164s]   269 |   cdr << ros_message.[01;31m[Kclass[m[K;
[2.164s]       |                      [01;31m[K^~~~~[m[K
[2.164s] [01m[K/home/parallels/DynORBBase/src/build/dynorb_interface/rosidl_typesupport_fastrtps_cpp/dynorb_interface/srv/detail/dds_fastrtps/dyn_class__type_support.cpp:[m[K In function ‘[01m[Kbool dynorb_interface::srv::typesupport_fastrtps_cpp::cdr_deserialize(eprosima::fastcdr::Cdr&, dynorb_interface::srv::DynClass_Response&)[m[K’:
[2.164s] [01m[K/home/parallels/DynORBBase/src/build/dynorb_interface/rosidl_typesupport_fastrtps_cpp/dynorb_interface/srv/detail/dds_fastrtps/dyn_class__type_support.cpp:280:22:[m[K [01;31m[Kerror: [m[Kexpected unqualified-id before ‘[01m[Kclass[m[K’
[2.164s]   280 |   cdr >> ros_message.[01;31m[Kclass[m[K;
[2.164s]       |                      [01;31m[K^~~~~[m[K
[2.166s] [01m[K/home/parallels/DynORBBase/src/build/dynorb_interface/rosidl_typesupport_fastrtps_cpp/dynorb_interface/srv/detail/dds_fastrtps/dyn_class__type_support.cpp:[m[K In function ‘[01m[Ksize_t dynorb_interface::srv::typesupport_fastrtps_cpp::get_serialized_size(const DynClass_Response&, size_t)[m[K’:
[2.166s] [01m[K/home/parallels/DynORBBase/src/build/dynorb_interface/rosidl_typesupport_fastrtps_cpp/dynorb_interface/srv/detail/dds_fastrtps/dyn_class__type_support.cpp:300:43:[m[K [01;31m[Kerror: [m[Kexpected unqualified-id before ‘[01m[Kclass[m[K’
[2.166s]   300 |     size_t item_size = sizeof(ros_message.[01;31m[Kclass[m[K);
[2.166s]       |                                           [01;31m[K^~~~~[m[K
[2.168s] [01m[K/home/parallels/DynORBBase/src/build/dynorb_interface/rosidl_typesupport_fastrtps_cpp/dynorb_interface/srv/detail/dds_fastrtps/dyn_class__type_support.cpp:300:43:[m[K [01;31m[Kerror: [m[Kexpected ‘[01m[K)[m[K’ before ‘[01m[Kclass[m[K’
[2.168s]   300 |     size_t item_size = sizeof[34m[K([m[Kros_message.[01;31m[Kc[m[K[32m[Klass[m[K);
[2.168s]       |                              [34m[K~[m[K            [01;31m[K^[m[K[32m[K~~~~[m[K
[2.168s]       |                                           [32m[K)[m[K
[2.169s] In file included from [01m[K/usr/include/strings.h:23[m[K,
[2.169s]                  from [01m[K/usr/include/string.h:462[m[K,
[2.169s]                  from [01m[K/opt/ros/humble/include/fastcdr/fastcdr/FastBuffer.h:21[m[K,
[2.169s]                  from [01m[K/opt/ros/humble/include/fastcdr/fastcdr/Cdr.h:19[m[K,
[2.169s]                  from [01m[K/home/parallels/DynORBBase/src/build/dynorb_interface/rosidl_typesupport_fastrtps_cpp/dynorb_interface/srv/detail/dyn_class__rosidl_typesupport_fastrtps_cpp.hpp:25[m[K,
[2.174s]                  from [01m[K/home/parallels/DynORBBase/src/build/dynorb_interface/rosidl_typesupport_fastrtps_cpp/dynorb_interface/srv/detail/dds_fastrtps/dyn_class__type_support.cpp:4[m[K:
[2.174s] [01m[K/home/parallels/DynORBBase/src/build/dynorb_interface/rosidl_typesupport_fastrtps_cpp/dynorb_interface/srv/detail/dds_fastrtps/dyn_class__type_support.cpp:[m[K In function ‘[01m[Ksize_t dynorb_interface::srv::typesupport_fastrtps_cpp::max_serialized_size_DynClass_Response(bool&, bool&, size_t)[m[K’:
[2.174s] [01m[K/home/parallels/DynORBBase/src/build/dynorb_interface/rosidl_typesupport_fastrtps_cpp/dynorb_interface/srv/detail/dds_fastrtps/dyn_class__type_support.cpp:345:26:[m[K [01;31m[Kerror: [m[Kexpected unqualified-id before ‘[01m[Kclass[m[K’
[2.174s]   345 |       offsetof(DataType, [01;31m[Kclass[m[K) +
[2.174s]       |                          [01;31m[K^~~~~[m[K
[2.174s] [01m[K/home/parallels/DynORBBase/src/build/dynorb_interface/rosidl_typesupport_fastrtps_cpp/dynorb_interface/srv/detail/dds_fastrtps/dyn_class__type_support.cpp:345:26:[m[K [01;31m[Kerror: [m[Kexpected ‘[01m[K)[m[K’ before ‘[01m[Kclass[m[K’
[2.174s] [01m[K/home/parallels/DynORBBase/src/build/dynorb_interface/rosidl_typesupport_fastrtps_cpp/dynorb_interface/srv/detail/dds_fastrtps/dyn_class__type_support.cpp:345:7:[m[K [01;36m[Knote: [m[Kto match this ‘[01m[K([m[K’
[2.174s]   345 |       [01;36m[Koffsetof[m[K(DataType, class) +
[2.174s]       |       [01;36m[K^~~~~~~~[m[K
[2.212s] gmake[2]: *** [CMakeFiles/dynorb_interface__rosidl_typesupport_fastrtps_cpp.dir/build.make:188: CMakeFiles/dynorb_interface__rosidl_typesupport_fastrtps_cpp.dir/rosidl_typesupport_fastrtps_cpp/dynorb_interface/srv/detail/dds_fastrtps/dyn_class__type_support.cpp.o] Error 1
[2.212s] gmake[2]: *** Waiting for unfinished jobs....
[2.288s] gmake[1]: *** [CMakeFiles/Makefile2:291: CMakeFiles/dynorb_interface__rosidl_typesupport_fastrtps_cpp.dir/all] Error 2
[2.289s] gmake: *** [Makefile:146: all] Error 2
[2.291s] Invoked command in '/home/parallels/DynORBBase/src/build/dynorb_interface' returned '2': CMAKE_PREFIX_PATH=/opt/ros/humble /usr/bin/cmake --build /home/parallels/DynORBBase/src/build/dynorb_interface -- -j2 -l2
