[0.016s] Invoking command in '/home/parallels/DynORBBase/src/build/dynorb_interface': CMAKE_PREFIX_PATH=${CMAKE_PREFIX_PATH}:/home/parallels/DynORBBase/src/install/sam_tracking:/opt/ros/humble /usr/bin/cmake --build /home/parallels/DynORBBase/src/build/dynorb_interface -- -j2 -l2
[0.062s] [  2%] Built target dynorb_interface__cpp
[0.081s] [ 12%] Built target dynorb_interface__rosidl_generator_c
[0.092s] [ 12%] Built target ament_cmake_python_copy_dynorb_interface
[0.110s] [ 23%] Built target dynorb_interface__rosidl_typesupport_fastrtps_c
[0.133s] [ 33%] Built target dynorb_interface__rosidl_typesupport_cpp
[0.142s] [ 43%] Built target dynorb_interface__rosidl_typesupport_fastrtps_cpp
[0.163s] [ 53%] Built target dynorb_interface__rosidl_typesupport_c
[0.179s] [ 64%] Built target dynorb_interface__rosidl_typesupport_introspection_cpp
[0.187s] [ 74%] Built target dynorb_interface__rosidl_typesupport_introspection_c
[0.200s] [ 74%] Built target dynorb_interface
[0.258s] [ 76%] Built target dynorb_interface__py
[0.318s] [ 84%] Built target dynorb_interface__rosidl_generator_py
[0.371s] [ 89%] Built target dynorb_interface__rosidl_typesupport_fastrtps_c__pyext
[0.398s] running egg_info
[0.398s] writing dynorb_interface.egg-info/PKG-INFO
[0.399s] writing dependency_links to dynorb_interface.egg-info/dependency_links.txt
[0.399s] writing top-level names to dynorb_interface.egg-info/top_level.txt
[0.406s] reading manifest file 'dynorb_interface.egg-info/SOURCES.txt'
[0.407s] writing manifest file 'dynorb_interface.egg-info/SOURCES.txt'
[0.462s] [ 94%] Built target dynorb_interface__rosidl_typesupport_introspection_c__pyext
[0.463s] [ 94%] Built target ament_cmake_python_build_dynorb_interface_egg
[0.489s] [100%] Built target dynorb_interface__rosidl_typesupport_c__pyext
[0.503s] Invoked command in '/home/parallels/DynORBBase/src/build/dynorb_interface' returned '0': CMAKE_PREFIX_PATH=${CMAKE_PREFIX_PATH}:/home/parallels/DynORBBase/src/install/sam_tracking:/opt/ros/humble /usr/bin/cmake --build /home/parallels/DynORBBase/src/build/dynorb_interface -- -j2 -l2
[0.563s] Invoking command in '/home/parallels/DynORBBase/src/build/dynorb_interface': CMAKE_PREFIX_PATH=${CMAKE_PREFIX_PATH}:/home/parallels/DynORBBase/src/install/sam_tracking:/opt/ros/humble /usr/bin/cmake --install /home/parallels/DynORBBase/src/build/dynorb_interface
[0.570s] -- Install configuration: ""
[0.571s] -- Up-to-date: /home/parallels/DynORBBase/src/install/dynorb_interface/share/ament_index/resource_index/rosidl_interfaces/dynorb_interface
[0.571s] -- Up-to-date: /home/parallels/DynORBBase/src/install/dynorb_interface/include/dynorb_interface/dynorb_interface
[0.571s] -- Up-to-date: /home/parallels/DynORBBase/src/install/dynorb_interface/include/dynorb_interface/dynorb_interface/msg
[0.573s] -- Up-to-date: /home/parallels/DynORBBase/src/install/dynorb_interface/include/dynorb_interface/dynorb_interface/msg/rosidl_generator_c__visibility_control.h
[0.574s] -- Up-to-date: /home/parallels/DynORBBase/src/install/dynorb_interface/include/dynorb_interface/dynorb_interface/srv
[0.574s] -- Up-to-date: /home/parallels/DynORBBase/src/install/dynorb_interface/include/dynorb_interface/dynorb_interface/srv/detail
[0.575s] -- Up-to-date: /home/parallels/DynORBBase/src/install/dynorb_interface/include/dynorb_interface/dynorb_interface/srv/detail/feed_frame__functions.c
[0.575s] -- Up-to-date: /home/parallels/DynORBBase/src/install/dynorb_interface/include/dynorb_interface/dynorb_interface/srv/detail/dyn_class__type_support.h
[0.576s] -- Up-to-date: /home/parallels/DynORBBase/src/install/dynorb_interface/include/dynorb_interface/dynorb_interface/srv/detail/feed_frame__functions.h
[0.576s] -- Up-to-date: /home/parallels/DynORBBase/src/install/dynorb_interface/include/dynorb_interface/dynorb_interface/srv/detail/dyn_class__functions.h
[0.576s] -- Up-to-date: /home/parallels/DynORBBase/src/install/dynorb_interface/include/dynorb_interface/dynorb_interface/srv/detail/feed_frame__struct.h
[0.577s] -- Up-to-date: /home/parallels/DynORBBase/src/install/dynorb_interface/include/dynorb_interface/dynorb_interface/srv/detail/feed_frame__type_support.h
[0.578s] -- Up-to-date: /home/parallels/DynORBBase/src/install/dynorb_interface/include/dynorb_interface/dynorb_interface/srv/detail/dyn_class__struct.h
[0.578s] -- Up-to-date: /home/parallels/DynORBBase/src/install/dynorb_interface/include/dynorb_interface/dynorb_interface/srv/detail/dyn_class__functions.c
[0.578s] -- Up-to-date: /home/parallels/DynORBBase/src/install/dynorb_interface/include/dynorb_interface/dynorb_interface/srv/dyn_class.h
[0.579s] -- Up-to-date: /home/parallels/DynORBBase/src/install/dynorb_interface/include/dynorb_interface/dynorb_interface/srv/feed_frame.h
[0.579s] -- Up-to-date: /home/parallels/DynORBBase/src/install/dynorb_interface/share/dynorb_interface/environment/library_path.sh
[0.579s] -- Up-to-date: /home/parallels/DynORBBase/src/install/dynorb_interface/share/dynorb_interface/environment/library_path.dsv
[0.580s] -- Up-to-date: /home/parallels/DynORBBase/src/install/dynorb_interface/lib/libdynorb_interface__rosidl_generator_c.so
[0.580s] -- Up-to-date: /home/parallels/DynORBBase/src/install/dynorb_interface/include/dynorb_interface/dynorb_interface
[0.580s] -- Up-to-date: /home/parallels/DynORBBase/src/install/dynorb_interface/include/dynorb_interface/dynorb_interface/msg
[0.581s] -- Up-to-date: /home/parallels/DynORBBase/src/install/dynorb_interface/include/dynorb_interface/dynorb_interface/msg/rosidl_typesupport_fastrtps_c__visibility_control.h
[0.581s] -- Up-to-date: /home/parallels/DynORBBase/src/install/dynorb_interface/include/dynorb_interface/dynorb_interface/srv
[0.581s] -- Up-to-date: /home/parallels/DynORBBase/src/install/dynorb_interface/include/dynorb_interface/dynorb_interface/srv/detail
[0.582s] -- Up-to-date: /home/parallels/DynORBBase/src/install/dynorb_interface/include/dynorb_interface/dynorb_interface/srv/detail/feed_frame__rosidl_typesupport_fastrtps_c.h
[0.582s] -- Up-to-date: /home/parallels/DynORBBase/src/install/dynorb_interface/include/dynorb_interface/dynorb_interface/srv/detail/dyn_class__rosidl_typesupport_fastrtps_c.h
[0.583s] -- Up-to-date: /home/parallels/DynORBBase/src/install/dynorb_interface/lib/libdynorb_interface__rosidl_typesupport_fastrtps_c.so
[0.584s] -- Up-to-date: /home/parallels/DynORBBase/src/install/dynorb_interface/include/dynorb_interface/dynorb_interface
[0.584s] -- Up-to-date: /home/parallels/DynORBBase/src/install/dynorb_interface/include/dynorb_interface/dynorb_interface/srv
[0.584s] -- Up-to-date: /home/parallels/DynORBBase/src/install/dynorb_interface/include/dynorb_interface/dynorb_interface/srv/detail
[0.585s] -- Up-to-date: /home/parallels/DynORBBase/src/install/dynorb_interface/include/dynorb_interface/dynorb_interface/srv/detail/feed_frame__traits.hpp
[0.585s] -- Up-to-date: /home/parallels/DynORBBase/src/install/dynorb_interface/include/dynorb_interface/dynorb_interface/srv/detail/dyn_class__struct.hpp
[0.585s] -- Up-to-date: /home/parallels/DynORBBase/src/install/dynorb_interface/include/dynorb_interface/dynorb_interface/srv/detail/dyn_class__traits.hpp
[0.586s] -- Up-to-date: /home/parallels/DynORBBase/src/install/dynorb_interface/include/dynorb_interface/dynorb_interface/srv/detail/dyn_class__builder.hpp
[0.586s] -- Up-to-date: /home/parallels/DynORBBase/src/install/dynorb_interface/include/dynorb_interface/dynorb_interface/srv/detail/feed_frame__builder.hpp
[0.586s] -- Up-to-date: /home/parallels/DynORBBase/src/install/dynorb_interface/include/dynorb_interface/dynorb_interface/srv/detail/feed_frame__struct.hpp
[0.586s] -- Up-to-date: /home/parallels/DynORBBase/src/install/dynorb_interface/include/dynorb_interface/dynorb_interface/srv/dyn_class.hpp
[0.587s] -- Up-to-date: /home/parallels/DynORBBase/src/install/dynorb_interface/include/dynorb_interface/dynorb_interface/srv/feed_frame.hpp
[0.587s] -- Up-to-date: /home/parallels/DynORBBase/src/install/dynorb_interface/include/dynorb_interface/dynorb_interface
[0.588s] -- Up-to-date: /home/parallels/DynORBBase/src/install/dynorb_interface/include/dynorb_interface/dynorb_interface/msg
[0.588s] -- Up-to-date: /home/parallels/DynORBBase/src/install/dynorb_interface/include/dynorb_interface/dynorb_interface/msg/rosidl_typesupport_fastrtps_cpp__visibility_control.h
[0.589s] -- Up-to-date: /home/parallels/DynORBBase/src/install/dynorb_interface/include/dynorb_interface/dynorb_interface/srv
[0.589s] -- Up-to-date: /home/parallels/DynORBBase/src/install/dynorb_interface/include/dynorb_interface/dynorb_interface/srv/detail
[0.590s] -- Up-to-date: /home/parallels/DynORBBase/src/install/dynorb_interface/include/dynorb_interface/dynorb_interface/srv/detail/dds_fastrtps
[0.590s] -- Up-to-date: /home/parallels/DynORBBase/src/install/dynorb_interface/include/dynorb_interface/dynorb_interface/srv/detail/feed_frame__rosidl_typesupport_fastrtps_cpp.hpp
[0.590s] -- Up-to-date: /home/parallels/DynORBBase/src/install/dynorb_interface/include/dynorb_interface/dynorb_interface/srv/detail/dyn_class__rosidl_typesupport_fastrtps_cpp.hpp
[0.590s] -- Up-to-date: /home/parallels/DynORBBase/src/install/dynorb_interface/lib/libdynorb_interface__rosidl_typesupport_fastrtps_cpp.so
[0.592s] -- Up-to-date: /home/parallels/DynORBBase/src/install/dynorb_interface/include/dynorb_interface/dynorb_interface
[0.592s] -- Up-to-date: /home/parallels/DynORBBase/src/install/dynorb_interface/include/dynorb_interface/dynorb_interface/msg
[0.592s] -- Up-to-date: /home/parallels/DynORBBase/src/install/dynorb_interface/include/dynorb_interface/dynorb_interface/msg/rosidl_typesupport_introspection_c__visibility_control.h
[0.592s] -- Up-to-date: /home/parallels/DynORBBase/src/install/dynorb_interface/include/dynorb_interface/dynorb_interface/srv
[0.592s] -- Up-to-date: /home/parallels/DynORBBase/src/install/dynorb_interface/include/dynorb_interface/dynorb_interface/srv/detail
[0.593s] -- Up-to-date: /home/parallels/DynORBBase/src/install/dynorb_interface/include/dynorb_interface/dynorb_interface/srv/detail/dyn_class__rosidl_typesupport_introspection_c.h
[0.594s] -- Up-to-date: /home/parallels/DynORBBase/src/install/dynorb_interface/include/dynorb_interface/dynorb_interface/srv/detail/feed_frame__rosidl_typesupport_introspection_c.h
[0.594s] -- Up-to-date: /home/parallels/DynORBBase/src/install/dynorb_interface/include/dynorb_interface/dynorb_interface/srv/detail/dyn_class__type_support.c
[0.594s] -- Up-to-date: /home/parallels/DynORBBase/src/install/dynorb_interface/include/dynorb_interface/dynorb_interface/srv/detail/feed_frame__type_support.c
[0.594s] -- Up-to-date: /home/parallels/DynORBBase/src/install/dynorb_interface/lib/libdynorb_interface__rosidl_typesupport_introspection_c.so
[0.596s] -- Up-to-date: /home/parallels/DynORBBase/src/install/dynorb_interface/lib/libdynorb_interface__rosidl_typesupport_c.so
[0.596s] -- Up-to-date: /home/parallels/DynORBBase/src/install/dynorb_interface/include/dynorb_interface/dynorb_interface
[0.596s] -- Up-to-date: /home/parallels/DynORBBase/src/install/dynorb_interface/include/dynorb_interface/dynorb_interface/srv
[0.596s] -- Up-to-date: /home/parallels/DynORBBase/src/install/dynorb_interface/include/dynorb_interface/dynorb_interface/srv/detail
[0.596s] -- Up-to-date: /home/parallels/DynORBBase/src/install/dynorb_interface/include/dynorb_interface/dynorb_interface/srv/detail/dyn_class__type_support.cpp
[0.598s] -- Up-to-date: /home/parallels/DynORBBase/src/install/dynorb_interface/include/dynorb_interface/dynorb_interface/srv/detail/feed_frame__rosidl_typesupport_introspection_cpp.hpp
[0.598s] -- Up-to-date: /home/parallels/DynORBBase/src/install/dynorb_interface/include/dynorb_interface/dynorb_interface/srv/detail/feed_frame__type_support.cpp
[0.598s] -- Up-to-date: /home/parallels/DynORBBase/src/install/dynorb_interface/include/dynorb_interface/dynorb_interface/srv/detail/dyn_class__rosidl_typesupport_introspection_cpp.hpp
[0.598s] -- Up-to-date: /home/parallels/DynORBBase/src/install/dynorb_interface/lib/libdynorb_interface__rosidl_typesupport_introspection_cpp.so
[0.598s] -- Up-to-date: /home/parallels/DynORBBase/src/install/dynorb_interface/lib/libdynorb_interface__rosidl_typesupport_cpp.so
[0.600s] -- Up-to-date: /home/parallels/DynORBBase/src/install/dynorb_interface/share/dynorb_interface/environment/pythonpath.sh
[0.600s] -- Up-to-date: /home/parallels/DynORBBase/src/install/dynorb_interface/share/dynorb_interface/environment/pythonpath.dsv
[0.600s] -- Up-to-date: /home/parallels/DynORBBase/src/install/dynorb_interface/local/lib/python3.10/dist-packages/dynorb_interface-0.0.0-py3.10.egg-info
[0.600s] -- Installing: /home/parallels/DynORBBase/src/install/dynorb_interface/local/lib/python3.10/dist-packages/dynorb_interface-0.0.0-py3.10.egg-info/dependency_links.txt
[0.601s] -- Installing: /home/parallels/DynORBBase/src/install/dynorb_interface/local/lib/python3.10/dist-packages/dynorb_interface-0.0.0-py3.10.egg-info/top_level.txt
[0.601s] -- Installing: /home/parallels/DynORBBase/src/install/dynorb_interface/local/lib/python3.10/dist-packages/dynorb_interface-0.0.0-py3.10.egg-info/PKG-INFO
[0.602s] -- Installing: /home/parallels/DynORBBase/src/install/dynorb_interface/local/lib/python3.10/dist-packages/dynorb_interface-0.0.0-py3.10.egg-info/SOURCES.txt
[0.603s] -- Up-to-date: /home/parallels/DynORBBase/src/install/dynorb_interface/local/lib/python3.10/dist-packages/dynorb_interface
[0.603s] -- Up-to-date: /home/parallels/DynORBBase/src/install/dynorb_interface/local/lib/python3.10/dist-packages/dynorb_interface/dynorb_interface_s__rosidl_typesupport_fastrtps_c.cpython-310-aarch64-linux-gnu.so
[0.603s] -- Up-to-date: /home/parallels/DynORBBase/src/install/dynorb_interface/local/lib/python3.10/dist-packages/dynorb_interface/dynorb_interface_s__rosidl_typesupport_introspection_c.cpython-310-aarch64-linux-gnu.so
[0.603s] -- Up-to-date: /home/parallels/DynORBBase/src/install/dynorb_interface/local/lib/python3.10/dist-packages/dynorb_interface/dynorb_interface_s__rosidl_typesupport_c.cpython-310-aarch64-linux-gnu.so
[0.603s] -- Up-to-date: /home/parallels/DynORBBase/src/install/dynorb_interface/local/lib/python3.10/dist-packages/dynorb_interface/_dynorb_interface_s.ep.rosidl_typesupport_fastrtps_c.c
[0.605s] -- Up-to-date: /home/parallels/DynORBBase/src/install/dynorb_interface/local/lib/python3.10/dist-packages/dynorb_interface/_dynorb_interface_s.ep.rosidl_typesupport_introspection_c.c
[0.605s] -- Up-to-date: /home/parallels/DynORBBase/src/install/dynorb_interface/local/lib/python3.10/dist-packages/dynorb_interface/__init__.py
[0.605s] -- Up-to-date: /home/parallels/DynORBBase/src/install/dynorb_interface/local/lib/python3.10/dist-packages/dynorb_interface/libdynorb_interface__rosidl_generator_py.so
[0.605s] -- Up-to-date: /home/parallels/DynORBBase/src/install/dynorb_interface/local/lib/python3.10/dist-packages/dynorb_interface/srv
[0.605s] -- Up-to-date: /home/parallels/DynORBBase/src/install/dynorb_interface/local/lib/python3.10/dist-packages/dynorb_interface/srv/_feed_frame.py
[0.606s] -- Up-to-date: /home/parallels/DynORBBase/src/install/dynorb_interface/local/lib/python3.10/dist-packages/dynorb_interface/srv/_dyn_class_s.c
[0.606s] -- Up-to-date: /home/parallels/DynORBBase/src/install/dynorb_interface/local/lib/python3.10/dist-packages/dynorb_interface/srv/_feed_frame_s.c
[0.606s] -- Up-to-date: /home/parallels/DynORBBase/src/install/dynorb_interface/local/lib/python3.10/dist-packages/dynorb_interface/srv/__init__.py
[0.606s] -- Up-to-date: /home/parallels/DynORBBase/src/install/dynorb_interface/local/lib/python3.10/dist-packages/dynorb_interface/srv/_dyn_class.py
[0.606s] -- Up-to-date: /home/parallels/DynORBBase/src/install/dynorb_interface/local/lib/python3.10/dist-packages/dynorb_interface/_dynorb_interface_s.ep.rosidl_typesupport_c.c
[0.633s] Listing '/home/parallels/DynORBBase/src/install/dynorb_interface/local/lib/python3.10/dist-packages/dynorb_interface'...
[0.634s] Listing '/home/parallels/DynORBBase/src/install/dynorb_interface/local/lib/python3.10/dist-packages/dynorb_interface/srv'...
[0.639s] -- Up-to-date: /home/parallels/DynORBBase/src/install/dynorb_interface/local/lib/python3.10/dist-packages/dynorb_interface/dynorb_interface_s__rosidl_typesupport_fastrtps_c.cpython-310-aarch64-linux-gnu.so
[0.639s] -- Up-to-date: /home/parallels/DynORBBase/src/install/dynorb_interface/local/lib/python3.10/dist-packages/dynorb_interface/dynorb_interface_s__rosidl_typesupport_introspection_c.cpython-310-aarch64-linux-gnu.so
[0.640s] -- Up-to-date: /home/parallels/DynORBBase/src/install/dynorb_interface/local/lib/python3.10/dist-packages/dynorb_interface/dynorb_interface_s__rosidl_typesupport_c.cpython-310-aarch64-linux-gnu.so
[0.640s] -- Up-to-date: /home/parallels/DynORBBase/src/install/dynorb_interface/lib/libdynorb_interface__rosidl_generator_py.so
[0.641s] -- Up-to-date: /home/parallels/DynORBBase/src/install/dynorb_interface/share/dynorb_interface/srv/DynClass.idl
[0.641s] -- Up-to-date: /home/parallels/DynORBBase/src/install/dynorb_interface/share/dynorb_interface/srv/FeedFrame.idl
[0.641s] -- Up-to-date: /home/parallels/DynORBBase/src/install/dynorb_interface/share/dynorb_interface/srv/DynClass.srv
[0.642s] -- Up-to-date: /home/parallels/DynORBBase/src/install/dynorb_interface/share/dynorb_interface/srv/DynClass_Request.msg
[0.642s] -- Up-to-date: /home/parallels/DynORBBase/src/install/dynorb_interface/share/dynorb_interface/srv/DynClass_Response.msg
[0.642s] -- Up-to-date: /home/parallels/DynORBBase/src/install/dynorb_interface/share/dynorb_interface/srv/FeedFrame.srv
[0.643s] -- Up-to-date: /home/parallels/DynORBBase/src/install/dynorb_interface/share/dynorb_interface/srv/FeedFrame_Request.msg
[0.646s] -- Up-to-date: /home/parallels/DynORBBase/src/install/dynorb_interface/share/dynorb_interface/srv/FeedFrame_Response.msg
[0.647s] -- Up-to-date: /home/parallels/DynORBBase/src/install/dynorb_interface/share/ament_index/resource_index/package_run_dependencies/dynorb_interface
[0.647s] -- Up-to-date: /home/parallels/DynORBBase/src/install/dynorb_interface/share/ament_index/resource_index/parent_prefix_path/dynorb_interface
[0.647s] -- Up-to-date: /home/parallels/DynORBBase/src/install/dynorb_interface/share/dynorb_interface/environment/ament_prefix_path.sh
[0.648s] -- Up-to-date: /home/parallels/DynORBBase/src/install/dynorb_interface/share/dynorb_interface/environment/ament_prefix_path.dsv
[0.648s] -- Up-to-date: /home/parallels/DynORBBase/src/install/dynorb_interface/share/dynorb_interface/environment/path.sh
[0.648s] -- Up-to-date: /home/parallels/DynORBBase/src/install/dynorb_interface/share/dynorb_interface/environment/path.dsv
[0.648s] -- Up-to-date: /home/parallels/DynORBBase/src/install/dynorb_interface/share/dynorb_interface/local_setup.bash
[0.649s] -- Up-to-date: /home/parallels/DynORBBase/src/install/dynorb_interface/share/dynorb_interface/local_setup.sh
[0.649s] -- Up-to-date: /home/parallels/DynORBBase/src/install/dynorb_interface/share/dynorb_interface/local_setup.zsh
[0.649s] -- Up-to-date: /home/parallels/DynORBBase/src/install/dynorb_interface/share/dynorb_interface/local_setup.dsv
[0.650s] -- Installing: /home/parallels/DynORBBase/src/install/dynorb_interface/share/dynorb_interface/package.dsv
[0.650s] -- Up-to-date: /home/parallels/DynORBBase/src/install/dynorb_interface/share/ament_index/resource_index/packages/dynorb_interface
[0.650s] -- Up-to-date: /home/parallels/DynORBBase/src/install/dynorb_interface/share/dynorb_interface/cmake/export_dynorb_interface__rosidl_generator_cExport.cmake
[0.650s] -- Up-to-date: /home/parallels/DynORBBase/src/install/dynorb_interface/share/dynorb_interface/cmake/export_dynorb_interface__rosidl_generator_cExport-noconfig.cmake
[0.650s] -- Up-to-date: /home/parallels/DynORBBase/src/install/dynorb_interface/share/dynorb_interface/cmake/export_dynorb_interface__rosidl_typesupport_fastrtps_cExport.cmake
[0.650s] -- Up-to-date: /home/parallels/DynORBBase/src/install/dynorb_interface/share/dynorb_interface/cmake/export_dynorb_interface__rosidl_typesupport_fastrtps_cExport-noconfig.cmake
[0.650s] -- Up-to-date: /home/parallels/DynORBBase/src/install/dynorb_interface/share/dynorb_interface/cmake/export_dynorb_interface__rosidl_generator_cppExport.cmake
[0.650s] -- Up-to-date: /home/parallels/DynORBBase/src/install/dynorb_interface/share/dynorb_interface/cmake/export_dynorb_interface__rosidl_typesupport_fastrtps_cppExport.cmake
[0.650s] -- Up-to-date: /home/parallels/DynORBBase/src/install/dynorb_interface/share/dynorb_interface/cmake/export_dynorb_interface__rosidl_typesupport_fastrtps_cppExport-noconfig.cmake
[0.650s] -- Up-to-date: /home/parallels/DynORBBase/src/install/dynorb_interface/share/dynorb_interface/cmake/dynorb_interface__rosidl_typesupport_introspection_cExport.cmake
[0.651s] -- Up-to-date: /home/parallels/DynORBBase/src/install/dynorb_interface/share/dynorb_interface/cmake/dynorb_interface__rosidl_typesupport_introspection_cExport-noconfig.cmake
[0.651s] -- Up-to-date: /home/parallels/DynORBBase/src/install/dynorb_interface/share/dynorb_interface/cmake/dynorb_interface__rosidl_typesupport_cExport.cmake
[0.651s] -- Up-to-date: /home/parallels/DynORBBase/src/install/dynorb_interface/share/dynorb_interface/cmake/dynorb_interface__rosidl_typesupport_cExport-noconfig.cmake
[0.651s] -- Up-to-date: /home/parallels/DynORBBase/src/install/dynorb_interface/share/dynorb_interface/cmake/dynorb_interface__rosidl_typesupport_introspection_cppExport.cmake
[0.651s] -- Up-to-date: /home/parallels/DynORBBase/src/install/dynorb_interface/share/dynorb_interface/cmake/dynorb_interface__rosidl_typesupport_introspection_cppExport-noconfig.cmake
[0.651s] -- Up-to-date: /home/parallels/DynORBBase/src/install/dynorb_interface/share/dynorb_interface/cmake/dynorb_interface__rosidl_typesupport_cppExport.cmake
[0.651s] -- Up-to-date: /home/parallels/DynORBBase/src/install/dynorb_interface/share/dynorb_interface/cmake/dynorb_interface__rosidl_typesupport_cppExport-noconfig.cmake
[0.651s] -- Up-to-date: /home/parallels/DynORBBase/src/install/dynorb_interface/share/dynorb_interface/cmake/export_dynorb_interface__rosidl_generator_pyExport.cmake
[0.651s] -- Up-to-date: /home/parallels/DynORBBase/src/install/dynorb_interface/share/dynorb_interface/cmake/export_dynorb_interface__rosidl_generator_pyExport-noconfig.cmake
[0.651s] -- Up-to-date: /home/parallels/DynORBBase/src/install/dynorb_interface/share/dynorb_interface/cmake/rosidl_cmake-extras.cmake
[0.651s] -- Up-to-date: /home/parallels/DynORBBase/src/install/dynorb_interface/share/dynorb_interface/cmake/ament_cmake_export_dependencies-extras.cmake
[0.651s] -- Up-to-date: /home/parallels/DynORBBase/src/install/dynorb_interface/share/dynorb_interface/cmake/ament_cmake_export_include_directories-extras.cmake
[0.651s] -- Up-to-date: /home/parallels/DynORBBase/src/install/dynorb_interface/share/dynorb_interface/cmake/ament_cmake_export_libraries-extras.cmake
[0.651s] -- Up-to-date: /home/parallels/DynORBBase/src/install/dynorb_interface/share/dynorb_interface/cmake/ament_cmake_export_targets-extras.cmake
[0.651s] -- Up-to-date: /home/parallels/DynORBBase/src/install/dynorb_interface/share/dynorb_interface/cmake/rosidl_cmake_export_typesupport_targets-extras.cmake
[0.651s] -- Up-to-date: /home/parallels/DynORBBase/src/install/dynorb_interface/share/dynorb_interface/cmake/rosidl_cmake_export_typesupport_libraries-extras.cmake
[0.651s] -- Up-to-date: /home/parallels/DynORBBase/src/install/dynorb_interface/share/dynorb_interface/cmake/dynorb_interfaceConfig.cmake
[0.651s] -- Up-to-date: /home/parallels/DynORBBase/src/install/dynorb_interface/share/dynorb_interface/cmake/dynorb_interfaceConfig-version.cmake
[0.651s] -- Up-to-date: /home/parallels/DynORBBase/src/install/dynorb_interface/share/dynorb_interface/package.xml
[0.663s] Invoked command in '/home/parallels/DynORBBase/src/build/dynorb_interface' returned '0': CMAKE_PREFIX_PATH=${CMAKE_PREFIX_PATH}:/home/parallels/DynORBBase/src/install/sam_tracking:/opt/ros/humble /usr/bin/cmake --install /home/parallels/DynORBBase/src/build/dynorb_interface
