[0.021s] Invoking command in '/home/parallels/DynORBBase/src/build/dynorb_interface': CMAKE_PREFIX_PATH=${CMAKE_PREFIX_PATH}:/home/parallels/DynORBBase/src/install/sam_tracking:/opt/ros/humble /usr/bin/cmake /home/parallels/DynORBBase/src/dynorb_interface -DCMAKE_INSTALL_PREFIX=/home/parallels/DynORBBase/src/install/dynorb_interface
[0.065s] -- Found ament_cmake: 1.3.10 (/opt/ros/humble/share/ament_cmake/cmake)
[0.150s] -- Override CMake install command with custom implementation using symlinks instead of copying resources
[0.165s] -- Found sensor_msgs: 4.2.4 (/opt/ros/humble/share/sensor_msgs/cmake)
[0.195s] -- Found rosidl_generator_c: 3.1.5 (/opt/ros/humble/share/rosidl_generator_c/cmake)
[0.198s] -- Found rosidl_adapter: 3.1.5 (/opt/ros/humble/share/rosidl_adapter/cmake)
[0.204s] -- Found rosidl_generator_cpp: 3.1.5 (/opt/ros/humble/share/rosidl_generator_cpp/cmake)
[0.214s] -- Using all available rosidl_typesupport_c: rosidl_typesupport_fastrtps_c;rosidl_typesupport_introspection_c
[0.228s] -- Using all available rosidl_typesupport_cpp: rosidl_typesupport_fastrtps_cpp;rosidl_typesupport_introspection_cpp
[0.279s] -- Found rosidl_default_generators: 1.2.0 (/opt/ros/humble/share/rosidl_default_generators/cmake)
[0.489s] -- Found ament_cmake_ros: 0.10.0 (/opt/ros/humble/share/ament_cmake_ros/cmake)
[0.851s] -- Using all available rosidl_typesupport_c: rosidl_typesupport_fastrtps_c;rosidl_typesupport_introspection_c
[0.981s] -- Using all available rosidl_typesupport_cpp: rosidl_typesupport_fastrtps_cpp;rosidl_typesupport_introspection_cpp
[0.996s] -- Found python_cmake_module: 0.10.0 (/opt/ros/humble/share/python_cmake_module/cmake)
[1.013s] -- Using PYTHON_EXECUTABLE: /usr/bin/python3
[1.013s] -- Using PYTHON_INCLUDE_DIRS: /usr/include/python3.10
[1.013s] -- Using PYTHON_LIBRARIES: /usr/lib/aarch64-linux-gnu/libpython3.10.so
[1.053s] -- Found ament_lint_auto: 0.12.11 (/opt/ros/humble/share/ament_lint_auto/cmake)
[1.069s] -- Added test 'lint_cmake' to check CMake code style
[1.070s] -- Added test 'xmllint' to check XML markup files
[1.073s] -- Configuring done
[1.106s] -- Generating done
[1.108s] -- Build files have been written to: /home/parallels/DynORBBase/src/build/dynorb_interface
[1.114s] Invoked command in '/home/parallels/DynORBBase/src/build/dynorb_interface' returned '0': CMAKE_PREFIX_PATH=${CMAKE_PREFIX_PATH}:/home/parallels/DynORBBase/src/install/sam_tracking:/opt/ros/humble /usr/bin/cmake /home/parallels/DynORBBase/src/dynorb_interface -DCMAKE_INSTALL_PREFIX=/home/parallels/DynORBBase/src/install/dynorb_interface
[1.114s] Invoking command in '/home/parallels/DynORBBase/src/build/dynorb_interface': CMAKE_PREFIX_PATH=${CMAKE_PREFIX_PATH}:/home/parallels/DynORBBase/src/install/sam_tracking:/opt/ros/humble /usr/bin/cmake --build /home/parallels/DynORBBase/src/build/dynorb_interface -- -j2 -l2
[1.141s] [35m[1mConsolidate compiler generated dependencies of target dynorb_interface__rosidl_generator_c[0m
[1.146s] [  2%] Built target dynorb_interface__cpp
[1.154s] [ 12%] Built target dynorb_interface__rosidl_generator_c
[1.158s] failed to create symbolic link '/home/parallels/DynORBBase/src/build/dynorb_interface/ament_cmake_python/dynorb_interface/dynorb_interface' because existing path cannot be removed: Is a directory
[1.159s] gmake[2]: *** [CMakeFiles/ament_cmake_python_symlink_dynorb_interface.dir/build.make:70: CMakeFiles/ament_cmake_python_symlink_dynorb_interface] Error 1
[1.159s] gmake[1]: *** [CMakeFiles/Makefile2:421: CMakeFiles/ament_cmake_python_symlink_dynorb_interface.dir/all] Error 2
[1.160s] gmake[1]: *** Waiting for unfinished jobs....
[1.162s] [35m[1mConsolidate compiler generated dependencies of target dynorb_interface__rosidl_typesupport_cpp[0m
[1.172s] [ 23%] Built target dynorb_interface__rosidl_typesupport_cpp
[1.173s] gmake: *** [Makefile:146: all] Error 2
[1.174s] Invoked command in '/home/parallels/DynORBBase/src/build/dynorb_interface' returned '2': CMAKE_PREFIX_PATH=${CMAKE_PREFIX_PATH}:/home/parallels/DynORBBase/src/install/sam_tracking:/opt/ros/humble /usr/bin/cmake --build /home/parallels/DynORBBase/src/build/dynorb_interface -- -j2 -l2
