-- Found ament_cmake: 1.3.10 (/opt/ros/humble/share/ament_cmake/cmake)
-- Found sensor_msgs: 4.2.4 (/opt/ros/humble/share/sensor_msgs/cmake)
-- Found rosidl_generator_c: 3.1.5 (/opt/ros/humble/share/rosidl_generator_c/cmake)
-- Found rosidl_adapter: 3.1.5 (/opt/ros/humble/share/rosidl_adapter/cmake)
-- Found rosidl_generator_cpp: 3.1.5 (/opt/ros/humble/share/rosidl_generator_cpp/cmake)
-- Using all available rosidl_typesupport_c: rosidl_typesupport_fastrtps_c;rosidl_typesupport_introspection_c
-- Using all available rosidl_typesupport_cpp: rosidl_typesupport_fastrtps_cpp;rosidl_typesupport_introspection_cpp
-- Found rosidl_default_generators: 1.2.0 (/opt/ros/humble/share/rosidl_default_generators/cmake)
-- Found ament_cmake_ros: 0.10.0 (/opt/ros/humble/share/ament_cmake_ros/cmake)
-- Using all available rosidl_typesupport_c: rosidl_typesupport_fastrtps_c;rosidl_typesupport_introspection_c
-- Using all available rosidl_typesupport_cpp: rosidl_typesupport_fastrtps_cpp;rosidl_typesupport_introspection_cpp
-- Found python_cmake_module: 0.10.0 (/opt/ros/humble/share/python_cmake_module/cmake)
-- Using PYTHON_EXECUTABLE: /usr/bin/python3
-- Using PYTHON_INCLUDE_DIRS: /usr/include/python3.10
-- Using PYTHON_LIBRARIES: /usr/lib/aarch64-linux-gnu/libpython3.10.so
-- Found ament_lint_auto: 0.12.11 (/opt/ros/humble/share/ament_lint_auto/cmake)
-- Added test 'lint_cmake' to check CMake code style
-- Added test 'xmllint' to check XML markup files
-- Configuring done
-- Generating done
-- Build files have been written to: /home/parallels/DynORBBase/src/build/dynorb_interface
[  2%] [34m[1mGenerating C code for ROS interfaces[0m
[  5%] [34m[1mGenerating C++ code for ROS interfaces[0m
[  5%] Built target dynorb_interface__cpp
[  5%] Built target ament_cmake_python_copy_dynorb_interface
[35m[1mConsolidate compiler generated dependencies of target dynorb_interface__rosidl_generator_c[0m
[  7%] [34m[1mGenerating C++ type support dispatch for ROS interfaces[0m
[ 10%] [32mBuilding C object CMakeFiles/dynorb_interface__rosidl_generator_c.dir/rosidl_generator_c/dynorb_interface/srv/detail/dyn_class__functions.c.o[0m
[ 12%] [32mBuilding C object CMakeFiles/dynorb_interface__rosidl_generator_c.dir/rosidl_generator_c/dynorb_interface/srv/detail/feed_frame__functions.c.o[0m
[ 15%] [32m[1mLinking C shared library libdynorb_interface__rosidl_generator_c.so[0m
[ 15%] Built target dynorb_interface__rosidl_generator_c
[ 17%] [34m[1mGenerating C++ type support for eProsima Fast-RTPS[0m
[35m[1mConsolidate compiler generated dependencies of target dynorb_interface__rosidl_typesupport_cpp[0m
[ 20%] [32mBuilding CXX object CMakeFiles/dynorb_interface__rosidl_typesupport_cpp.dir/rosidl_typesupport_cpp/dynorb_interface/srv/dyn_class__type_support.cpp.o[0m
[35m[1mConsolidate compiler generated dependencies of target dynorb_interface__rosidl_typesupport_fastrtps_cpp[0m
[ 23%] [32mBuilding CXX object CMakeFiles/dynorb_interface__rosidl_typesupport_cpp.dir/rosidl_typesupport_cpp/dynorb_interface/srv/feed_frame__type_support.cpp.o[0m
[ 25%] [32mBuilding CXX object CMakeFiles/dynorb_interface__rosidl_typesupport_fastrtps_cpp.dir/rosidl_typesupport_fastrtps_cpp/dynorb_interface/srv/detail/dds_fastrtps/dyn_class__type_support.cpp.o[0m
[ 28%] [32m[1mLinking CXX shared library libdynorb_interface__rosidl_typesupport_cpp.so[0m
[ 28%] Built target dynorb_interface__rosidl_typesupport_cpp
[ 30%] [34m[1mGenerating C introspection for ROS interfaces[0m
[35m[1mConsolidate compiler generated dependencies of target dynorb_interface__rosidl_typesupport_introspection_c[0m
[ 33%] [32mBuilding C object CMakeFiles/dynorb_interface__rosidl_typesupport_introspection_c.dir/rosidl_typesupport_introspection_c/dynorb_interface/srv/detail/dyn_class__type_support.c.o[0m
[ 35%] [32mBuilding C object CMakeFiles/dynorb_interface__rosidl_typesupport_introspection_c.dir/rosidl_typesupport_introspection_c/dynorb_interface/srv/detail/feed_frame__type_support.c.o[0m
[ 38%] [32m[1mLinking C shared library libdynorb_interface__rosidl_typesupport_introspection_c.so[0m
[ 38%] Built target dynorb_interface__rosidl_typesupport_introspection_c
[ 41%] [34m[1mGenerating C type support dispatch for ROS interfaces[0m
[ 43%] [32mBuilding CXX object CMakeFiles/dynorb_interface__rosidl_typesupport_fastrtps_cpp.dir/rosidl_typesupport_fastrtps_cpp/dynorb_interface/srv/detail/dds_fastrtps/feed_frame__type_support.cpp.o[0m
[35m[1mConsolidate compiler generated dependencies of target dynorb_interface__rosidl_typesupport_c[0m
[ 46%] [32mBuilding CXX object CMakeFiles/dynorb_interface__rosidl_typesupport_c.dir/rosidl_typesupport_c/dynorb_interface/srv/dyn_class__type_support.cpp.o[0m
[ 48%] [32mBuilding CXX object CMakeFiles/dynorb_interface__rosidl_typesupport_c.dir/rosidl_typesupport_c/dynorb_interface/srv/feed_frame__type_support.cpp.o[0m
[ 51%] [32m[1mLinking CXX shared library libdynorb_interface__rosidl_typesupport_c.so[0m
[ 51%] Built target dynorb_interface__rosidl_typesupport_c
[ 53%] [34m[1mGenerating C++ introspection for ROS interfaces[0m
[ 56%] [32m[1mLinking CXX shared library libdynorb_interface__rosidl_typesupport_fastrtps_cpp.so[0m
[ 56%] Built target dynorb_interface__rosidl_typesupport_fastrtps_cpp
running egg_info
writing dynorb_interface.egg-info/PKG-INFO
writing dependency_links to dynorb_interface.egg-info/dependency_links.txt
writing top-level names to dynorb_interface.egg-info/top_level.txt
reading manifest file 'dynorb_interface.egg-info/SOURCES.txt'
writing manifest file 'dynorb_interface.egg-info/SOURCES.txt'
[ 56%] Built target ament_cmake_python_build_dynorb_interface_egg
[ 58%] [34m[1mGenerating C type support for eProsima Fast-RTPS[0m
[35m[1mConsolidate compiler generated dependencies of target dynorb_interface__rosidl_typesupport_introspection_cpp[0m
[ 61%] [32mBuilding CXX object CMakeFiles/dynorb_interface__rosidl_typesupport_introspection_cpp.dir/rosidl_typesupport_introspection_cpp/dynorb_interface/srv/detail/dyn_class__type_support.cpp.o[0m
[35m[1mConsolidate compiler generated dependencies of target dynorb_interface__rosidl_typesupport_fastrtps_c[0m
[ 64%] [32mBuilding CXX object CMakeFiles/dynorb_interface__rosidl_typesupport_fastrtps_c.dir/rosidl_typesupport_fastrtps_c/dynorb_interface/srv/detail/dyn_class__type_support_c.cpp.o[0m
[ 66%] [32mBuilding CXX object CMakeFiles/dynorb_interface__rosidl_typesupport_introspection_cpp.dir/rosidl_typesupport_introspection_cpp/dynorb_interface/srv/detail/feed_frame__type_support.cpp.o[0m
[ 69%] [32mBuilding CXX object CMakeFiles/dynorb_interface__rosidl_typesupport_fastrtps_c.dir/rosidl_typesupport_fastrtps_c/dynorb_interface/srv/detail/feed_frame__type_support_c.cpp.o[0m
[ 71%] [32m[1mLinking CXX shared library libdynorb_interface__rosidl_typesupport_introspection_cpp.so[0m
[ 74%] [32m[1mLinking CXX shared library libdynorb_interface__rosidl_typesupport_fastrtps_c.so[0m
[ 74%] Built target dynorb_interface__rosidl_typesupport_introspection_cpp
[ 74%] Built target dynorb_interface__rosidl_typesupport_fastrtps_c
[ 74%] Built target dynorb_interface
[ 76%] [34m[1mGenerating Python code for ROS interfaces[0m
[ 76%] Built target dynorb_interface__py
[35m[1mConsolidate compiler generated dependencies of target dynorb_interface__rosidl_generator_py[0m
[ 79%] [32mBuilding C object CMakeFiles/dynorb_interface__rosidl_generator_py.dir/rosidl_generator_py/dynorb_interface/srv/_dyn_class_s.c.o[0m
[ 82%] [32mBuilding C object CMakeFiles/dynorb_interface__rosidl_generator_py.dir/rosidl_generator_py/dynorb_interface/srv/_feed_frame_s.c.o[0m
[ 84%] [32m[1mLinking C shared library rosidl_generator_py/dynorb_interface/libdynorb_interface__rosidl_generator_py.so[0m
[ 84%] Built target dynorb_interface__rosidl_generator_py
[35m[1mConsolidate compiler generated dependencies of target dynorb_interface__rosidl_typesupport_fastrtps_c__pyext[0m
[35m[1mConsolidate compiler generated dependencies of target dynorb_interface__rosidl_typesupport_introspection_c__pyext[0m
[ 87%] [32mBuilding C object CMakeFiles/dynorb_interface__rosidl_typesupport_fastrtps_c__pyext.dir/rosidl_generator_py/dynorb_interface/_dynorb_interface_s.ep.rosidl_typesupport_fastrtps_c.c.o[0m
[ 89%] [32mBuilding C object CMakeFiles/dynorb_interface__rosidl_typesupport_introspection_c__pyext.dir/rosidl_generator_py/dynorb_interface/_dynorb_interface_s.ep.rosidl_typesupport_introspection_c.c.o[0m
[ 92%] [32m[1mLinking C shared library rosidl_generator_py/dynorb_interface/dynorb_interface_s__rosidl_typesupport_fastrtps_c.cpython-310-aarch64-linux-gnu.so[0m
[ 94%] [32m[1mLinking C shared library rosidl_generator_py/dynorb_interface/dynorb_interface_s__rosidl_typesupport_introspection_c.cpython-310-aarch64-linux-gnu.so[0m
[ 94%] Built target dynorb_interface__rosidl_typesupport_fastrtps_c__pyext
[ 94%] Built target dynorb_interface__rosidl_typesupport_introspection_c__pyext
[35m[1mConsolidate compiler generated dependencies of target dynorb_interface__rosidl_typesupport_c__pyext[0m
[ 97%] [32mBuilding C object CMakeFiles/dynorb_interface__rosidl_typesupport_c__pyext.dir/rosidl_generator_py/dynorb_interface/_dynorb_interface_s.ep.rosidl_typesupport_c.c.o[0m
[100%] [32m[1mLinking C shared library rosidl_generator_py/dynorb_interface/dynorb_interface_s__rosidl_typesupport_c.cpython-310-aarch64-linux-gnu.so[0m
[100%] Built target dynorb_interface__rosidl_typesupport_c__pyext
-- Install configuration: ""
-- Up-to-date: /home/parallels/DynORBBase/src/install/dynorb_interface/share/ament_index/resource_index/rosidl_interfaces/dynorb_interface
-- Up-to-date: /home/parallels/DynORBBase/src/install/dynorb_interface/include/dynorb_interface/dynorb_interface
-- Up-to-date: /home/parallels/DynORBBase/src/install/dynorb_interface/include/dynorb_interface/dynorb_interface/msg
-- Up-to-date: /home/parallels/DynORBBase/src/install/dynorb_interface/include/dynorb_interface/dynorb_interface/msg/rosidl_generator_c__visibility_control.h
-- Up-to-date: /home/parallels/DynORBBase/src/install/dynorb_interface/include/dynorb_interface/dynorb_interface/srv
-- Up-to-date: /home/parallels/DynORBBase/src/install/dynorb_interface/include/dynorb_interface/dynorb_interface/srv/detail
-- Installing: /home/parallels/DynORBBase/src/install/dynorb_interface/include/dynorb_interface/dynorb_interface/srv/detail/feed_frame__functions.c
-- Installing: /home/parallels/DynORBBase/src/install/dynorb_interface/include/dynorb_interface/dynorb_interface/srv/detail/dyn_class__type_support.h
-- Installing: /home/parallels/DynORBBase/src/install/dynorb_interface/include/dynorb_interface/dynorb_interface/srv/detail/feed_frame__functions.h
-- Installing: /home/parallels/DynORBBase/src/install/dynorb_interface/include/dynorb_interface/dynorb_interface/srv/detail/dyn_class__functions.h
-- Installing: /home/parallels/DynORBBase/src/install/dynorb_interface/include/dynorb_interface/dynorb_interface/srv/detail/feed_frame__struct.h
-- Installing: /home/parallels/DynORBBase/src/install/dynorb_interface/include/dynorb_interface/dynorb_interface/srv/detail/feed_frame__type_support.h
-- Installing: /home/parallels/DynORBBase/src/install/dynorb_interface/include/dynorb_interface/dynorb_interface/srv/detail/dyn_class__struct.h
-- Installing: /home/parallels/DynORBBase/src/install/dynorb_interface/include/dynorb_interface/dynorb_interface/srv/detail/dyn_class__functions.c
-- Installing: /home/parallels/DynORBBase/src/install/dynorb_interface/include/dynorb_interface/dynorb_interface/srv/dyn_class.h
-- Installing: /home/parallels/DynORBBase/src/install/dynorb_interface/include/dynorb_interface/dynorb_interface/srv/feed_frame.h
-- Up-to-date: /home/parallels/DynORBBase/src/install/dynorb_interface/share/dynorb_interface/environment/library_path.sh
-- Installing: /home/parallels/DynORBBase/src/install/dynorb_interface/share/dynorb_interface/environment/library_path.dsv
-- Installing: /home/parallels/DynORBBase/src/install/dynorb_interface/lib/libdynorb_interface__rosidl_generator_c.so
-- Set runtime path of "/home/parallels/DynORBBase/src/install/dynorb_interface/lib/libdynorb_interface__rosidl_generator_c.so" to ""
-- Up-to-date: /home/parallels/DynORBBase/src/install/dynorb_interface/include/dynorb_interface/dynorb_interface
-- Up-to-date: /home/parallels/DynORBBase/src/install/dynorb_interface/include/dynorb_interface/dynorb_interface/msg
-- Up-to-date: /home/parallels/DynORBBase/src/install/dynorb_interface/include/dynorb_interface/dynorb_interface/msg/rosidl_typesupport_fastrtps_c__visibility_control.h
-- Up-to-date: /home/parallels/DynORBBase/src/install/dynorb_interface/include/dynorb_interface/dynorb_interface/srv
-- Up-to-date: /home/parallels/DynORBBase/src/install/dynorb_interface/include/dynorb_interface/dynorb_interface/srv/detail
-- Installing: /home/parallels/DynORBBase/src/install/dynorb_interface/include/dynorb_interface/dynorb_interface/srv/detail/feed_frame__rosidl_typesupport_fastrtps_c.h
-- Installing: /home/parallels/DynORBBase/src/install/dynorb_interface/include/dynorb_interface/dynorb_interface/srv/detail/dyn_class__rosidl_typesupport_fastrtps_c.h
-- Installing: /home/parallels/DynORBBase/src/install/dynorb_interface/lib/libdynorb_interface__rosidl_typesupport_fastrtps_c.so
-- Set runtime path of "/home/parallels/DynORBBase/src/install/dynorb_interface/lib/libdynorb_interface__rosidl_typesupport_fastrtps_c.so" to ""
-- Up-to-date: /home/parallels/DynORBBase/src/install/dynorb_interface/include/dynorb_interface/dynorb_interface
-- Up-to-date: /home/parallels/DynORBBase/src/install/dynorb_interface/include/dynorb_interface/dynorb_interface/srv
-- Up-to-date: /home/parallels/DynORBBase/src/install/dynorb_interface/include/dynorb_interface/dynorb_interface/srv/detail
-- Installing: /home/parallels/DynORBBase/src/install/dynorb_interface/include/dynorb_interface/dynorb_interface/srv/detail/feed_frame__traits.hpp
-- Installing: /home/parallels/DynORBBase/src/install/dynorb_interface/include/dynorb_interface/dynorb_interface/srv/detail/dyn_class__struct.hpp
-- Installing: /home/parallels/DynORBBase/src/install/dynorb_interface/include/dynorb_interface/dynorb_interface/srv/detail/dyn_class__traits.hpp
-- Installing: /home/parallels/DynORBBase/src/install/dynorb_interface/include/dynorb_interface/dynorb_interface/srv/detail/dyn_class__builder.hpp
-- Installing: /home/parallels/DynORBBase/src/install/dynorb_interface/include/dynorb_interface/dynorb_interface/srv/detail/feed_frame__builder.hpp
-- Installing: /home/parallels/DynORBBase/src/install/dynorb_interface/include/dynorb_interface/dynorb_interface/srv/detail/feed_frame__struct.hpp
-- Installing: /home/parallels/DynORBBase/src/install/dynorb_interface/include/dynorb_interface/dynorb_interface/srv/dyn_class.hpp
-- Installing: /home/parallels/DynORBBase/src/install/dynorb_interface/include/dynorb_interface/dynorb_interface/srv/feed_frame.hpp
-- Up-to-date: /home/parallels/DynORBBase/src/install/dynorb_interface/include/dynorb_interface/dynorb_interface
-- Up-to-date: /home/parallels/DynORBBase/src/install/dynorb_interface/include/dynorb_interface/dynorb_interface/msg
-- Up-to-date: /home/parallels/DynORBBase/src/install/dynorb_interface/include/dynorb_interface/dynorb_interface/msg/rosidl_typesupport_fastrtps_cpp__visibility_control.h
-- Up-to-date: /home/parallels/DynORBBase/src/install/dynorb_interface/include/dynorb_interface/dynorb_interface/srv
-- Up-to-date: /home/parallels/DynORBBase/src/install/dynorb_interface/include/dynorb_interface/dynorb_interface/srv/detail
-- Up-to-date: /home/parallels/DynORBBase/src/install/dynorb_interface/include/dynorb_interface/dynorb_interface/srv/detail/dds_fastrtps
-- Installing: /home/parallels/DynORBBase/src/install/dynorb_interface/include/dynorb_interface/dynorb_interface/srv/detail/feed_frame__rosidl_typesupport_fastrtps_cpp.hpp
-- Installing: /home/parallels/DynORBBase/src/install/dynorb_interface/include/dynorb_interface/dynorb_interface/srv/detail/dyn_class__rosidl_typesupport_fastrtps_cpp.hpp
-- Installing: /home/parallels/DynORBBase/src/install/dynorb_interface/lib/libdynorb_interface__rosidl_typesupport_fastrtps_cpp.so
-- Set runtime path of "/home/parallels/DynORBBase/src/install/dynorb_interface/lib/libdynorb_interface__rosidl_typesupport_fastrtps_cpp.so" to ""
-- Up-to-date: /home/parallels/DynORBBase/src/install/dynorb_interface/include/dynorb_interface/dynorb_interface
-- Up-to-date: /home/parallels/DynORBBase/src/install/dynorb_interface/include/dynorb_interface/dynorb_interface/msg
-- Up-to-date: /home/parallels/DynORBBase/src/install/dynorb_interface/include/dynorb_interface/dynorb_interface/msg/rosidl_typesupport_introspection_c__visibility_control.h
-- Up-to-date: /home/parallels/DynORBBase/src/install/dynorb_interface/include/dynorb_interface/dynorb_interface/srv
-- Up-to-date: /home/parallels/DynORBBase/src/install/dynorb_interface/include/dynorb_interface/dynorb_interface/srv/detail
-- Installing: /home/parallels/DynORBBase/src/install/dynorb_interface/include/dynorb_interface/dynorb_interface/srv/detail/dyn_class__rosidl_typesupport_introspection_c.h
-- Installing: /home/parallels/DynORBBase/src/install/dynorb_interface/include/dynorb_interface/dynorb_interface/srv/detail/feed_frame__rosidl_typesupport_introspection_c.h
-- Installing: /home/parallels/DynORBBase/src/install/dynorb_interface/include/dynorb_interface/dynorb_interface/srv/detail/dyn_class__type_support.c
-- Installing: /home/parallels/DynORBBase/src/install/dynorb_interface/include/dynorb_interface/dynorb_interface/srv/detail/feed_frame__type_support.c
-- Installing: /home/parallels/DynORBBase/src/install/dynorb_interface/lib/libdynorb_interface__rosidl_typesupport_introspection_c.so
-- Set runtime path of "/home/parallels/DynORBBase/src/install/dynorb_interface/lib/libdynorb_interface__rosidl_typesupport_introspection_c.so" to ""
-- Installing: /home/parallels/DynORBBase/src/install/dynorb_interface/lib/libdynorb_interface__rosidl_typesupport_c.so
-- Set runtime path of "/home/parallels/DynORBBase/src/install/dynorb_interface/lib/libdynorb_interface__rosidl_typesupport_c.so" to ""
-- Up-to-date: /home/parallels/DynORBBase/src/install/dynorb_interface/include/dynorb_interface/dynorb_interface
-- Up-to-date: /home/parallels/DynORBBase/src/install/dynorb_interface/include/dynorb_interface/dynorb_interface/srv
-- Up-to-date: /home/parallels/DynORBBase/src/install/dynorb_interface/include/dynorb_interface/dynorb_interface/srv/detail
-- Installing: /home/parallels/DynORBBase/src/install/dynorb_interface/include/dynorb_interface/dynorb_interface/srv/detail/dyn_class__type_support.cpp
-- Installing: /home/parallels/DynORBBase/src/install/dynorb_interface/include/dynorb_interface/dynorb_interface/srv/detail/feed_frame__rosidl_typesupport_introspection_cpp.hpp
-- Installing: /home/parallels/DynORBBase/src/install/dynorb_interface/include/dynorb_interface/dynorb_interface/srv/detail/feed_frame__type_support.cpp
-- Installing: /home/parallels/DynORBBase/src/install/dynorb_interface/include/dynorb_interface/dynorb_interface/srv/detail/dyn_class__rosidl_typesupport_introspection_cpp.hpp
-- Installing: /home/parallels/DynORBBase/src/install/dynorb_interface/lib/libdynorb_interface__rosidl_typesupport_introspection_cpp.so
-- Set runtime path of "/home/parallels/DynORBBase/src/install/dynorb_interface/lib/libdynorb_interface__rosidl_typesupport_introspection_cpp.so" to ""
-- Installing: /home/parallels/DynORBBase/src/install/dynorb_interface/lib/libdynorb_interface__rosidl_typesupport_cpp.so
-- Set runtime path of "/home/parallels/DynORBBase/src/install/dynorb_interface/lib/libdynorb_interface__rosidl_typesupport_cpp.so" to ""
-- Up-to-date: /home/parallels/DynORBBase/src/install/dynorb_interface/share/dynorb_interface/environment/pythonpath.sh
-- Installing: /home/parallels/DynORBBase/src/install/dynorb_interface/share/dynorb_interface/environment/pythonpath.dsv
-- Up-to-date: /home/parallels/DynORBBase/src/install/dynorb_interface/local/lib/python3.10/dist-packages/dynorb_interface-0.0.0-py3.10.egg-info
-- Installing: /home/parallels/DynORBBase/src/install/dynorb_interface/local/lib/python3.10/dist-packages/dynorb_interface-0.0.0-py3.10.egg-info/dependency_links.txt
-- Installing: /home/parallels/DynORBBase/src/install/dynorb_interface/local/lib/python3.10/dist-packages/dynorb_interface-0.0.0-py3.10.egg-info/top_level.txt
-- Installing: /home/parallels/DynORBBase/src/install/dynorb_interface/local/lib/python3.10/dist-packages/dynorb_interface-0.0.0-py3.10.egg-info/PKG-INFO
-- Installing: /home/parallels/DynORBBase/src/install/dynorb_interface/local/lib/python3.10/dist-packages/dynorb_interface-0.0.0-py3.10.egg-info/SOURCES.txt
-- Up-to-date: /home/parallels/DynORBBase/src/install/dynorb_interface/local/lib/python3.10/dist-packages/dynorb_interface
-- Installing: /home/parallels/DynORBBase/src/install/dynorb_interface/local/lib/python3.10/dist-packages/dynorb_interface/dynorb_interface_s__rosidl_typesupport_fastrtps_c.cpython-310-aarch64-linux-gnu.so
-- Installing: /home/parallels/DynORBBase/src/install/dynorb_interface/local/lib/python3.10/dist-packages/dynorb_interface/dynorb_interface_s__rosidl_typesupport_introspection_c.cpython-310-aarch64-linux-gnu.so
-- Installing: /home/parallels/DynORBBase/src/install/dynorb_interface/local/lib/python3.10/dist-packages/dynorb_interface/dynorb_interface_s__rosidl_typesupport_c.cpython-310-aarch64-linux-gnu.so
-- Installing: /home/parallels/DynORBBase/src/install/dynorb_interface/local/lib/python3.10/dist-packages/dynorb_interface/_dynorb_interface_s.ep.rosidl_typesupport_fastrtps_c.c
-- Installing: /home/parallels/DynORBBase/src/install/dynorb_interface/local/lib/python3.10/dist-packages/dynorb_interface/_dynorb_interface_s.ep.rosidl_typesupport_introspection_c.c
-- Installing: /home/parallels/DynORBBase/src/install/dynorb_interface/local/lib/python3.10/dist-packages/dynorb_interface/__init__.py
-- Installing: /home/parallels/DynORBBase/src/install/dynorb_interface/local/lib/python3.10/dist-packages/dynorb_interface/libdynorb_interface__rosidl_generator_py.so
-- Up-to-date: /home/parallels/DynORBBase/src/install/dynorb_interface/local/lib/python3.10/dist-packages/dynorb_interface/srv
-- Installing: /home/parallels/DynORBBase/src/install/dynorb_interface/local/lib/python3.10/dist-packages/dynorb_interface/srv/_feed_frame.py
-- Installing: /home/parallels/DynORBBase/src/install/dynorb_interface/local/lib/python3.10/dist-packages/dynorb_interface/srv/_dyn_class_s.c
-- Installing: /home/parallels/DynORBBase/src/install/dynorb_interface/local/lib/python3.10/dist-packages/dynorb_interface/srv/_feed_frame_s.c
-- Installing: /home/parallels/DynORBBase/src/install/dynorb_interface/local/lib/python3.10/dist-packages/dynorb_interface/srv/__init__.py
-- Installing: /home/parallels/DynORBBase/src/install/dynorb_interface/local/lib/python3.10/dist-packages/dynorb_interface/srv/_dyn_class.py
-- Installing: /home/parallels/DynORBBase/src/install/dynorb_interface/local/lib/python3.10/dist-packages/dynorb_interface/_dynorb_interface_s.ep.rosidl_typesupport_c.c
Listing '/home/parallels/DynORBBase/src/install/dynorb_interface/local/lib/python3.10/dist-packages/dynorb_interface'...
Compiling '/home/parallels/DynORBBase/src/install/dynorb_interface/local/lib/python3.10/dist-packages/dynorb_interface/__init__.py'...
Listing '/home/parallels/DynORBBase/src/install/dynorb_interface/local/lib/python3.10/dist-packages/dynorb_interface/srv'...
Compiling '/home/parallels/DynORBBase/src/install/dynorb_interface/local/lib/python3.10/dist-packages/dynorb_interface/srv/__init__.py'...
Compiling '/home/parallels/DynORBBase/src/install/dynorb_interface/local/lib/python3.10/dist-packages/dynorb_interface/srv/_dyn_class.py'...
Compiling '/home/parallels/DynORBBase/src/install/dynorb_interface/local/lib/python3.10/dist-packages/dynorb_interface/srv/_feed_frame.py'...
-- Installing: /home/parallels/DynORBBase/src/install/dynorb_interface/local/lib/python3.10/dist-packages/dynorb_interface/dynorb_interface_s__rosidl_typesupport_fastrtps_c.cpython-310-aarch64-linux-gnu.so
-- Set runtime path of "/home/parallels/DynORBBase/src/install/dynorb_interface/local/lib/python3.10/dist-packages/dynorb_interface/dynorb_interface_s__rosidl_typesupport_fastrtps_c.cpython-310-aarch64-linux-gnu.so" to ""
-- Installing: /home/parallels/DynORBBase/src/install/dynorb_interface/local/lib/python3.10/dist-packages/dynorb_interface/dynorb_interface_s__rosidl_typesupport_introspection_c.cpython-310-aarch64-linux-gnu.so
-- Set runtime path of "/home/parallels/DynORBBase/src/install/dynorb_interface/local/lib/python3.10/dist-packages/dynorb_interface/dynorb_interface_s__rosidl_typesupport_introspection_c.cpython-310-aarch64-linux-gnu.so" to ""
-- Installing: /home/parallels/DynORBBase/src/install/dynorb_interface/local/lib/python3.10/dist-packages/dynorb_interface/dynorb_interface_s__rosidl_typesupport_c.cpython-310-aarch64-linux-gnu.so
-- Set runtime path of "/home/parallels/DynORBBase/src/install/dynorb_interface/local/lib/python3.10/dist-packages/dynorb_interface/dynorb_interface_s__rosidl_typesupport_c.cpython-310-aarch64-linux-gnu.so" to ""
-- Installing: /home/parallels/DynORBBase/src/install/dynorb_interface/lib/libdynorb_interface__rosidl_generator_py.so
-- Set runtime path of "/home/parallels/DynORBBase/src/install/dynorb_interface/lib/libdynorb_interface__rosidl_generator_py.so" to ""
-- Up-to-date: /home/parallels/DynORBBase/src/install/dynorb_interface/share/dynorb_interface/srv/DynClass.idl
-- Installing: /home/parallels/DynORBBase/src/install/dynorb_interface/share/dynorb_interface/srv/FeedFrame.idl
-- Up-to-date: /home/parallels/DynORBBase/src/install/dynorb_interface/share/dynorb_interface/srv/DynClass.srv
-- Up-to-date: /home/parallels/DynORBBase/src/install/dynorb_interface/share/dynorb_interface/srv/DynClass_Request.msg
-- Up-to-date: /home/parallels/DynORBBase/src/install/dynorb_interface/share/dynorb_interface/srv/DynClass_Response.msg
-- Installing: /home/parallels/DynORBBase/src/install/dynorb_interface/share/dynorb_interface/srv/FeedFrame.srv
-- Up-to-date: /home/parallels/DynORBBase/src/install/dynorb_interface/share/dynorb_interface/srv/FeedFrame_Request.msg
-- Installing: /home/parallels/DynORBBase/src/install/dynorb_interface/share/dynorb_interface/srv/FeedFrame_Response.msg
-- Up-to-date: /home/parallels/DynORBBase/src/install/dynorb_interface/share/ament_index/resource_index/package_run_dependencies/dynorb_interface
-- Installing: /home/parallels/DynORBBase/src/install/dynorb_interface/share/ament_index/resource_index/parent_prefix_path/dynorb_interface
-- Up-to-date: /home/parallels/DynORBBase/src/install/dynorb_interface/share/dynorb_interface/environment/ament_prefix_path.sh
-- Installing: /home/parallels/DynORBBase/src/install/dynorb_interface/share/dynorb_interface/environment/ament_prefix_path.dsv
-- Up-to-date: /home/parallels/DynORBBase/src/install/dynorb_interface/share/dynorb_interface/environment/path.sh
-- Installing: /home/parallels/DynORBBase/src/install/dynorb_interface/share/dynorb_interface/environment/path.dsv
-- Up-to-date: /home/parallels/DynORBBase/src/install/dynorb_interface/share/dynorb_interface/local_setup.bash
-- Up-to-date: /home/parallels/DynORBBase/src/install/dynorb_interface/share/dynorb_interface/local_setup.sh
-- Up-to-date: /home/parallels/DynORBBase/src/install/dynorb_interface/share/dynorb_interface/local_setup.zsh
-- Installing: /home/parallels/DynORBBase/src/install/dynorb_interface/share/dynorb_interface/local_setup.dsv
-- Installing: /home/parallels/DynORBBase/src/install/dynorb_interface/share/dynorb_interface/package.dsv
-- Up-to-date: /home/parallels/DynORBBase/src/install/dynorb_interface/share/ament_index/resource_index/packages/dynorb_interface
-- Up-to-date: /home/parallels/DynORBBase/src/install/dynorb_interface/share/dynorb_interface/cmake/export_dynorb_interface__rosidl_generator_cExport.cmake
-- Up-to-date: /home/parallels/DynORBBase/src/install/dynorb_interface/share/dynorb_interface/cmake/export_dynorb_interface__rosidl_generator_cExport-noconfig.cmake
-- Up-to-date: /home/parallels/DynORBBase/src/install/dynorb_interface/share/dynorb_interface/cmake/export_dynorb_interface__rosidl_typesupport_fastrtps_cExport.cmake
-- Up-to-date: /home/parallels/DynORBBase/src/install/dynorb_interface/share/dynorb_interface/cmake/export_dynorb_interface__rosidl_typesupport_fastrtps_cExport-noconfig.cmake
-- Up-to-date: /home/parallels/DynORBBase/src/install/dynorb_interface/share/dynorb_interface/cmake/export_dynorb_interface__rosidl_generator_cppExport.cmake
-- Up-to-date: /home/parallels/DynORBBase/src/install/dynorb_interface/share/dynorb_interface/cmake/export_dynorb_interface__rosidl_typesupport_fastrtps_cppExport.cmake
-- Up-to-date: /home/parallels/DynORBBase/src/install/dynorb_interface/share/dynorb_interface/cmake/export_dynorb_interface__rosidl_typesupport_fastrtps_cppExport-noconfig.cmake
-- Up-to-date: /home/parallels/DynORBBase/src/install/dynorb_interface/share/dynorb_interface/cmake/dynorb_interface__rosidl_typesupport_introspection_cExport.cmake
-- Up-to-date: /home/parallels/DynORBBase/src/install/dynorb_interface/share/dynorb_interface/cmake/dynorb_interface__rosidl_typesupport_introspection_cExport-noconfig.cmake
-- Up-to-date: /home/parallels/DynORBBase/src/install/dynorb_interface/share/dynorb_interface/cmake/dynorb_interface__rosidl_typesupport_cExport.cmake
-- Up-to-date: /home/parallels/DynORBBase/src/install/dynorb_interface/share/dynorb_interface/cmake/dynorb_interface__rosidl_typesupport_cExport-noconfig.cmake
-- Up-to-date: /home/parallels/DynORBBase/src/install/dynorb_interface/share/dynorb_interface/cmake/dynorb_interface__rosidl_typesupport_introspection_cppExport.cmake
-- Up-to-date: /home/parallels/DynORBBase/src/install/dynorb_interface/share/dynorb_interface/cmake/dynorb_interface__rosidl_typesupport_introspection_cppExport-noconfig.cmake
-- Up-to-date: /home/parallels/DynORBBase/src/install/dynorb_interface/share/dynorb_interface/cmake/dynorb_interface__rosidl_typesupport_cppExport.cmake
-- Up-to-date: /home/parallels/DynORBBase/src/install/dynorb_interface/share/dynorb_interface/cmake/dynorb_interface__rosidl_typesupport_cppExport-noconfig.cmake
-- Up-to-date: /home/parallels/DynORBBase/src/install/dynorb_interface/share/dynorb_interface/cmake/export_dynorb_interface__rosidl_generator_pyExport.cmake
-- Up-to-date: /home/parallels/DynORBBase/src/install/dynorb_interface/share/dynorb_interface/cmake/export_dynorb_interface__rosidl_generator_pyExport-noconfig.cmake
-- Up-to-date: /home/parallels/DynORBBase/src/install/dynorb_interface/share/dynorb_interface/cmake/rosidl_cmake-extras.cmake
-- Up-to-date: /home/parallels/DynORBBase/src/install/dynorb_interface/share/dynorb_interface/cmake/ament_cmake_export_dependencies-extras.cmake
-- Up-to-date: /home/parallels/DynORBBase/src/install/dynorb_interface/share/dynorb_interface/cmake/ament_cmake_export_include_directories-extras.cmake
-- Up-to-date: /home/parallels/DynORBBase/src/install/dynorb_interface/share/dynorb_interface/cmake/ament_cmake_export_libraries-extras.cmake
-- Up-to-date: /home/parallels/DynORBBase/src/install/dynorb_interface/share/dynorb_interface/cmake/ament_cmake_export_targets-extras.cmake
-- Up-to-date: /home/parallels/DynORBBase/src/install/dynorb_interface/share/dynorb_interface/cmake/rosidl_cmake_export_typesupport_targets-extras.cmake
-- Up-to-date: /home/parallels/DynORBBase/src/install/dynorb_interface/share/dynorb_interface/cmake/rosidl_cmake_export_typesupport_libraries-extras.cmake
-- Up-to-date: /home/parallels/DynORBBase/src/install/dynorb_interface/share/dynorb_interface/cmake/dynorb_interfaceConfig.cmake
-- Up-to-date: /home/parallels/DynORBBase/src/install/dynorb_interface/share/dynorb_interface/cmake/dynorb_interfaceConfig-version.cmake
-- Up-to-date: /home/parallels/DynORBBase/src/install/dynorb_interface/share/dynorb_interface/package.xml
