[0.006s] Invoking command in '/home/parallels/DynORBBase/src/build/dynorb_interface': CMAKE_PREFIX_PATH=/opt/ros/humble /usr/bin/cmake /home/parallels/DynORBBase/src/dynorb_interface -DCMAKE_INSTALL_PREFIX=/home/parallels/DynORBBase/src/install/dynorb_interface
[0.045s] -- The C compiler identification is GNU 11.4.0
[0.084s] -- The CXX compiler identification is GNU 11.4.0
[0.089s] -- Detecting C compiler ABI info
[0.142s] -- Detecting C compiler ABI info - done
[0.148s] -- Check for working C compiler: /usr/bin/cc - skipped
[0.148s] -- Detecting C compile features
[0.149s] -- Detecting C compile features - done
[0.152s] -- Detecting CXX compiler ABI info
[0.211s] -- Detecting CXX compiler ABI info - done
[0.217s] -- Check for working CXX compiler: /usr/bin/c++ - skipped
[0.218s] -- Detecting CXX compile features
[0.218s] -- Detecting CXX compile features - done
[0.219s] -- Found ament_cmake: 1.3.10 (/opt/ros/humble/share/ament_cmake/cmake)
[0.324s] -- Found Python3: /usr/bin/python3 (found version "3.10.12") found components: Interpreter 
[0.384s] -- Found sensor_msgs: 4.2.4 (/opt/ros/humble/share/sensor_msgs/cmake)
[0.413s] -- Found rosidl_generator_c: 3.1.5 (/opt/ros/humble/share/rosidl_generator_c/cmake)
[0.417s] -- Found rosidl_adapter: 3.1.5 (/opt/ros/humble/share/rosidl_adapter/cmake)
[0.424s] -- Found rosidl_generator_cpp: 3.1.5 (/opt/ros/humble/share/rosidl_generator_cpp/cmake)
[0.434s] -- Using all available rosidl_typesupport_c: rosidl_typesupport_fastrtps_c;rosidl_typesupport_introspection_c
[0.449s] -- Using all available rosidl_typesupport_cpp: rosidl_typesupport_fastrtps_cpp;rosidl_typesupport_introspection_cpp
[0.502s] -- Found rosidl_default_generators: 1.2.0 (/opt/ros/humble/share/rosidl_default_generators/cmake)
[0.745s] -- Found ament_cmake_ros: 0.10.0 (/opt/ros/humble/share/ament_cmake_ros/cmake)
[1.111s] -- Using all available rosidl_typesupport_c: rosidl_typesupport_fastrtps_c;rosidl_typesupport_introspection_c
[1.263s] -- Using all available rosidl_typesupport_cpp: rosidl_typesupport_fastrtps_cpp;rosidl_typesupport_introspection_cpp
[1.279s] -- Found PythonInterp: /usr/bin/python3 (found suitable version "3.10.12", minimum required is "3.6") 
[1.280s] -- Found python_cmake_module: 0.10.0 (/opt/ros/humble/share/python_cmake_module/cmake)
[1.298s] -- Found PythonLibs: /usr/lib/aarch64-linux-gnu/libpython3.10.so (found suitable version "3.10.12", minimum required is "3.5") 
[1.298s] -- Using PYTHON_EXECUTABLE: /usr/bin/python3
[1.299s] -- Using PYTHON_INCLUDE_DIRS: /usr/include/python3.10
[1.299s] -- Using PYTHON_LIBRARIES: /usr/lib/aarch64-linux-gnu/libpython3.10.so
[1.313s] -- Found PythonExtra: .so  
[1.373s] -- Found ament_lint_auto: 0.12.11 (/opt/ros/humble/share/ament_lint_auto/cmake)
[1.386s] -- Added test 'lint_cmake' to check CMake code style
[1.386s] -- Added test 'xmllint' to check XML markup files
[1.387s] -- Configuring done
[1.417s] -- Generating done
[1.419s] -- Build files have been written to: /home/parallels/DynORBBase/src/build/dynorb_interface
[1.425s] Invoked command in '/home/parallels/DynORBBase/src/build/dynorb_interface' returned '0': CMAKE_PREFIX_PATH=/opt/ros/humble /usr/bin/cmake /home/parallels/DynORBBase/src/dynorb_interface -DCMAKE_INSTALL_PREFIX=/home/parallels/DynORBBase/src/install/dynorb_interface
[1.427s] Invoking command in '/home/parallels/DynORBBase/src/build/dynorb_interface': CMAKE_PREFIX_PATH=/opt/ros/humble /usr/bin/cmake --build /home/parallels/DynORBBase/src/build/dynorb_interface -- -j2 -l2
[1.463s] [  2%] [34m[1mGenerating C code for ROS interfaces[0m
[1.468s] [  5%] [34m[1mGenerating C++ code for ROS interfaces[0m
[1.735s] [  5%] Built target dynorb_interface__cpp
[1.747s] [  7%] [32mBuilding C object CMakeFiles/dynorb_interface__rosidl_generator_c.dir/rosidl_generator_c/dynorb_interface/srv/detail/dyn_class__functions.c.o[0m
[1.753s] [  7%] Built target ament_cmake_python_copy_dynorb_interface
[1.766s] [ 10%] [34m[1mGenerating C++ type support dispatch for ROS interfaces[0m
[1.789s] [ 12%] [32mBuilding C object CMakeFiles/dynorb_interface__rosidl_generator_c.dir/rosidl_generator_c/dynorb_interface/srv/detail/feed_frame__functions.c.o[0m
[1.834s] [ 15%] [32m[1mLinking C shared library libdynorb_interface__rosidl_generator_c.so[0m
[1.866s] [ 15%] Built target dynorb_interface__rosidl_generator_c
[1.872s] [ 17%] [34m[1mGenerating C++ type support for eProsima Fast-RTPS[0m
[1.959s] [ 20%] [32mBuilding CXX object CMakeFiles/dynorb_interface__rosidl_typesupport_cpp.dir/rosidl_typesupport_cpp/dynorb_interface/srv/dyn_class__type_support.cpp.o[0m
[2.098s] In file included from [01m[K/home/parallels/DynORBBase/src/build/dynorb_interface/rosidl_typesupport_cpp/dynorb_interface/srv/dyn_class__type_support.cpp:7[m[K:
[2.098s] [01m[K/home/parallels/DynORBBase/src/build/dynorb_interface/rosidl_generator_cpp/dynorb_interface/srv/detail/dyn_class__struct.hpp:186:20:[m[K [01;31m[Kerror: [m[Kexpected identifier before ‘[01m[K;[m[K’ token
[2.099s]   186 |   _class_type class[01;31m[K;[m[K
[2.099s]       |                    [01;31m[K^[m[K
[2.099s] [01m[K/home/parallels/DynORBBase/src/build/dynorb_interface/rosidl_generator_cpp/dynorb_interface/srv/detail/dyn_class__struct.hpp:186:3:[m[K [01;31m[Kerror: [m[Kmultiple types in one declaration
[2.100s]   186 |   [01;31m[K_class_type[m[K class;
[2.100s]       |   [01;31m[K^~~~~~~~~~~[m[K
[2.100s] [01m[K/home/parallels/DynORBBase/src/build/dynorb_interface/rosidl_generator_cpp/dynorb_interface/srv/detail/dyn_class__struct.hpp:186:20:[m[K [01;31m[Kerror: [m[Kdeclaration does not declare anything [[01;31m[K]8;;https://gcc.gnu.org/onlinedocs/gcc/Warning-Options.html#index-fpermissive-fpermissive]8;;[m[K]
[2.101s]   186 |   _class_type class[01;31m[K;[m[K
[2.101s]       |                    [01;31m[K^[m[K
[2.102s] [01m[K/home/parallels/DynORBBase/src/build/dynorb_interface/rosidl_generator_cpp/dynorb_interface/srv/detail/dyn_class__struct.hpp:[m[K In constructor ‘[01m[Kdynorb_interface::srv::DynClass_Response_<ContainerAllocator>::DynClass_Response_(rosidl_runtime_cpp::MessageInitialization)[m[K’:
[2.102s] [01m[K/home/parallels/DynORBBase/src/build/dynorb_interface/rosidl_generator_cpp/dynorb_interface/srv/detail/dyn_class__struct.hpp:169:13:[m[K [01;31m[Kerror: [m[Kexpected unqualified-id before ‘[01m[Kclass[m[K’
[2.103s]   169 |       this->[01;31m[Kclass[m[K = 0ll;
[2.103s]       |             [01;31m[K^~~~~[m[K
[2.103s] [01m[K/home/parallels/DynORBBase/src/build/dynorb_interface/rosidl_generator_cpp/dynorb_interface/srv/detail/dyn_class__struct.hpp:[m[K In constructor ‘[01m[Kdynorb_interface::srv::DynClass_Response_<ContainerAllocator>::DynClass_Response_(const ContainerAllocator&, rosidl_runtime_cpp::MessageInitialization)[m[K’:
[2.103s] [01m[K/home/parallels/DynORBBase/src/build/dynorb_interface/rosidl_generator_cpp/dynorb_interface/srv/detail/dyn_class__struct.hpp:179:13:[m[K [01;31m[Kerror: [m[Kexpected unqualified-id before ‘[01m[Kclass[m[K’
[2.104s]   179 |       this->[01;31m[Kclass[m[K = 0ll;
[2.104s]       |             [01;31m[K^~~~~[m[K
[2.104s] [01m[K/home/parallels/DynORBBase/src/build/dynorb_interface/rosidl_generator_cpp/dynorb_interface/srv/detail/dyn_class__struct.hpp:[m[K In member function ‘[01m[Kdynorb_interface::srv::DynClass_Response_<ContainerAllocator>::Type& dynorb_interface::srv::DynClass_Response_<ContainerAllocator>::set__class(const int64_t&)[m[K’:
[2.105s] [01m[K/home/parallels/DynORBBase/src/build/dynorb_interface/rosidl_generator_cpp/dynorb_interface/srv/detail/dyn_class__struct.hpp:192:11:[m[K [01;31m[Kerror: [m[Kexpected unqualified-id before ‘[01m[Kclass[m[K’
[2.105s]   192 |     this->[01;31m[Kclass[m[K = _arg;
[2.105s]       |           [01;31m[K^~~~~[m[K
[2.105s] [01m[K/home/parallels/DynORBBase/src/build/dynorb_interface/rosidl_generator_cpp/dynorb_interface/srv/detail/dyn_class__struct.hpp:[m[K In member function ‘[01m[Kbool dynorb_interface::srv::DynClass_Response_<ContainerAllocator>::operator==(const dynorb_interface::srv::DynClass_Response_<ContainerAllocator>&) const[m[K’:
[2.105s] [01m[K/home/parallels/DynORBBase/src/build/dynorb_interface/rosidl_generator_cpp/dynorb_interface/srv/detail/dyn_class__struct.hpp:238:15:[m[K [01;31m[Kerror: [m[Kexpected unqualified-id before ‘[01m[Kclass[m[K’
[2.105s]   238 |     if (this->[01;31m[Kclass[m[K != other.class) {
[2.105s]       |               [01;31m[K^~~~~[m[K
[2.107s] [01m[K/home/parallels/DynORBBase/src/build/dynorb_interface/rosidl_generator_cpp/dynorb_interface/srv/detail/dyn_class__struct.hpp:238:15:[m[K [01;31m[Kerror: [m[Kexpected ‘[01m[K)[m[K’ before ‘[01m[Kclass[m[K’
[2.107s] [01m[K/home/parallels/DynORBBase/src/build/dynorb_interface/rosidl_generator_cpp/dynorb_interface/srv/detail/dyn_class__struct.hpp:238:8:[m[K [01;36m[Knote: [m[Kto match this ‘[01m[K([m[K’
[2.107s]   238 |     if [01;36m[K([m[Kthis->class != other.class) {
[2.107s]       |        [01;36m[K^[m[K
[2.115s] gmake[2]: *** [CMakeFiles/dynorb_interface__rosidl_typesupport_cpp.dir/build.make:180: CMakeFiles/dynorb_interface__rosidl_typesupport_cpp.dir/rosidl_typesupport_cpp/dynorb_interface/srv/dyn_class__type_support.cpp.o] Error 1
[2.116s] gmake[1]: *** [CMakeFiles/Makefile2:395: CMakeFiles/dynorb_interface__rosidl_typesupport_cpp.dir/all] Error 2
[2.116s] gmake[1]: *** Waiting for unfinished jobs....
[2.120s] [ 23%] [32mBuilding CXX object CMakeFiles/dynorb_interface__rosidl_typesupport_fastrtps_cpp.dir/rosidl_typesupport_fastrtps_cpp/dynorb_interface/srv/detail/dds_fastrtps/feed_frame__type_support.cpp.o[0m
[2.121s] [ 25%] [32mBuilding CXX object CMakeFiles/dynorb_interface__rosidl_typesupport_fastrtps_cpp.dir/rosidl_typesupport_fastrtps_cpp/dynorb_interface/srv/detail/dds_fastrtps/dyn_class__type_support.cpp.o[0m
[2.285s] In file included from [01m[K/home/parallels/DynORBBase/src/build/dynorb_interface/rosidl_typesupport_fastrtps_cpp/dynorb_interface/srv/detail/dyn_class__rosidl_typesupport_fastrtps_cpp.hpp:11[m[K,
[2.286s]                  from [01m[K/home/parallels/DynORBBase/src/build/dynorb_interface/rosidl_typesupport_fastrtps_cpp/dynorb_interface/srv/detail/dds_fastrtps/dyn_class__type_support.cpp:4[m[K:
[2.286s] [01m[K/home/parallels/DynORBBase/src/build/dynorb_interface/rosidl_generator_cpp/dynorb_interface/srv/detail/dyn_class__struct.hpp:186:20:[m[K [01;31m[Kerror: [m[Kexpected identifier before ‘[01m[K;[m[K’ token
[2.286s]   186 |   _class_type class[01;31m[K;[m[K
[2.287s]       |                    [01;31m[K^[m[K
[2.287s] [01m[K/home/parallels/DynORBBase/src/build/dynorb_interface/rosidl_generator_cpp/dynorb_interface/srv/detail/dyn_class__struct.hpp:186:3:[m[K [01;31m[Kerror: [m[Kmultiple types in one declaration
[2.287s]   186 |   [01;31m[K_class_type[m[K class;
[2.288s]       |   [01;31m[K^~~~~~~~~~~[m[K
[2.288s] [01m[K/home/parallels/DynORBBase/src/build/dynorb_interface/rosidl_generator_cpp/dynorb_interface/srv/detail/dyn_class__struct.hpp:186:20:[m[K [01;31m[Kerror: [m[Kdeclaration does not declare anything [[01;31m[K]8;;https://gcc.gnu.org/onlinedocs/gcc/Warning-Options.html#index-fpermissive-fpermissive]8;;[m[K]
[2.288s]   186 |   _class_type class[01;31m[K;[m[K
[2.289s]       |                    [01;31m[K^[m[K
[2.289s] [01m[K/home/parallels/DynORBBase/src/build/dynorb_interface/rosidl_generator_cpp/dynorb_interface/srv/detail/dyn_class__struct.hpp:[m[K In constructor ‘[01m[Kdynorb_interface::srv::DynClass_Response_<ContainerAllocator>::DynClass_Response_(rosidl_runtime_cpp::MessageInitialization)[m[K’:
[2.290s] [01m[K/home/parallels/DynORBBase/src/build/dynorb_interface/rosidl_generator_cpp/dynorb_interface/srv/detail/dyn_class__struct.hpp:169:13:[m[K [01;31m[Kerror: [m[Kexpected unqualified-id before ‘[01m[Kclass[m[K’
[2.290s]   169 |       this->[01;31m[Kclass[m[K = 0ll;
[2.290s]       |             [01;31m[K^~~~~[m[K
[2.291s] [01m[K/home/parallels/DynORBBase/src/build/dynorb_interface/rosidl_generator_cpp/dynorb_interface/srv/detail/dyn_class__struct.hpp:[m[K In constructor ‘[01m[Kdynorb_interface::srv::DynClass_Response_<ContainerAllocator>::DynClass_Response_(const ContainerAllocator&, rosidl_runtime_cpp::MessageInitialization)[m[K’:
[2.291s] [01m[K/home/parallels/DynORBBase/src/build/dynorb_interface/rosidl_generator_cpp/dynorb_interface/srv/detail/dyn_class__struct.hpp:179:13:[m[K [01;31m[Kerror: [m[Kexpected unqualified-id before ‘[01m[Kclass[m[K’
[2.291s]   179 |       this->[01;31m[Kclass[m[K = 0ll;
[2.292s]       |             [01;31m[K^~~~~[m[K
[2.292s] [01m[K/home/parallels/DynORBBase/src/build/dynorb_interface/rosidl_generator_cpp/dynorb_interface/srv/detail/dyn_class__struct.hpp:[m[K In member function ‘[01m[Kdynorb_interface::srv::DynClass_Response_<ContainerAllocator>::Type& dynorb_interface::srv::DynClass_Response_<ContainerAllocator>::set__class(const int64_t&)[m[K’:
[2.292s] [01m[K/home/parallels/DynORBBase/src/build/dynorb_interface/rosidl_generator_cpp/dynorb_interface/srv/detail/dyn_class__struct.hpp:192:11:[m[K [01;31m[Kerror: [m[Kexpected unqualified-id before ‘[01m[Kclass[m[K’
[2.293s]   192 |     this->[01;31m[Kclass[m[K = _arg;
[2.293s]       |           [01;31m[K^~~~~[m[K
[2.293s] [01m[K/home/parallels/DynORBBase/src/build/dynorb_interface/rosidl_generator_cpp/dynorb_interface/srv/detail/dyn_class__struct.hpp:[m[K In member function ‘[01m[Kbool dynorb_interface::srv::DynClass_Response_<ContainerAllocator>::operator==(const dynorb_interface::srv::DynClass_Response_<ContainerAllocator>&) const[m[K’:
[2.294s] [01m[K/home/parallels/DynORBBase/src/build/dynorb_interface/rosidl_generator_cpp/dynorb_interface/srv/detail/dyn_class__struct.hpp:238:15:[m[K [01;31m[Kerror: [m[Kexpected unqualified-id before ‘[01m[Kclass[m[K’
[2.294s]   238 |     if (this->[01;31m[Kclass[m[K != other.class) {
[2.294s]       |               [01;31m[K^~~~~[m[K
[2.295s] [01m[K/home/parallels/DynORBBase/src/build/dynorb_interface/rosidl_generator_cpp/dynorb_interface/srv/detail/dyn_class__struct.hpp:238:15:[m[K [01;31m[Kerror: [m[Kexpected ‘[01m[K)[m[K’ before ‘[01m[Kclass[m[K’
[2.295s] [01m[K/home/parallels/DynORBBase/src/build/dynorb_interface/rosidl_generator_cpp/dynorb_interface/srv/detail/dyn_class__struct.hpp:238:8:[m[K [01;36m[Knote: [m[Kto match this ‘[01m[K([m[K’
[2.295s]   238 |     if [01;36m[K([m[Kthis->class != other.class) {
[2.295s]       |        [01;36m[K^[m[K
[2.365s] [01m[K/home/parallels/DynORBBase/src/build/dynorb_interface/rosidl_typesupport_fastrtps_cpp/dynorb_interface/srv/detail/dds_fastrtps/dyn_class__type_support.cpp:[m[K In function ‘[01m[Kbool dynorb_interface::srv::typesupport_fastrtps_cpp::cdr_serialize(const DynClass_Response&, eprosima::fastcdr::Cdr&)[m[K’:
[2.365s] [01m[K/home/parallels/DynORBBase/src/build/dynorb_interface/rosidl_typesupport_fastrtps_cpp/dynorb_interface/srv/detail/dds_fastrtps/dyn_class__type_support.cpp:269:22:[m[K [01;31m[Kerror: [m[Kexpected unqualified-id before ‘[01m[Kclass[m[K’
[2.365s]   269 |   cdr << ros_message.[01;31m[Kclass[m[K;
[2.366s]       |                      [01;31m[K^~~~~[m[K
[2.366s] [01m[K/home/parallels/DynORBBase/src/build/dynorb_interface/rosidl_typesupport_fastrtps_cpp/dynorb_interface/srv/detail/dds_fastrtps/dyn_class__type_support.cpp:[m[K In function ‘[01m[Kbool dynorb_interface::srv::typesupport_fastrtps_cpp::cdr_deserialize(eprosima::fastcdr::Cdr&, dynorb_interface::srv::DynClass_Response&)[m[K’:
[2.366s] [01m[K/home/parallels/DynORBBase/src/build/dynorb_interface/rosidl_typesupport_fastrtps_cpp/dynorb_interface/srv/detail/dds_fastrtps/dyn_class__type_support.cpp:280:22:[m[K [01;31m[Kerror: [m[Kexpected unqualified-id before ‘[01m[Kclass[m[K’
[2.367s]   280 |   cdr >> ros_message.[01;31m[Kclass[m[K;
[2.367s]       |                      [01;31m[K^~~~~[m[K
[2.367s] [01m[K/home/parallels/DynORBBase/src/build/dynorb_interface/rosidl_typesupport_fastrtps_cpp/dynorb_interface/srv/detail/dds_fastrtps/dyn_class__type_support.cpp:[m[K In function ‘[01m[Ksize_t dynorb_interface::srv::typesupport_fastrtps_cpp::get_serialized_size(const DynClass_Response&, size_t)[m[K’:
[2.368s] [01m[K/home/parallels/DynORBBase/src/build/dynorb_interface/rosidl_typesupport_fastrtps_cpp/dynorb_interface/srv/detail/dds_fastrtps/dyn_class__type_support.cpp:300:43:[m[K [01;31m[Kerror: [m[Kexpected unqualified-id before ‘[01m[Kclass[m[K’
[2.368s]   300 |     size_t item_size = sizeof(ros_message.[01;31m[Kclass[m[K);
[2.368s]       |                                           [01;31m[K^~~~~[m[K
[2.369s] [01m[K/home/parallels/DynORBBase/src/build/dynorb_interface/rosidl_typesupport_fastrtps_cpp/dynorb_interface/srv/detail/dds_fastrtps/dyn_class__type_support.cpp:300:43:[m[K [01;31m[Kerror: [m[Kexpected ‘[01m[K)[m[K’ before ‘[01m[Kclass[m[K’
[2.369s]   300 |     size_t item_size = sizeof[34m[K([m[Kros_message.[01;31m[Kc[m[K[32m[Klass[m[K);
[2.369s]       |                              [34m[K~[m[K            [01;31m[K^[m[K[32m[K~~~~[m[K
[2.370s]       |                                           [32m[K)[m[K
[2.370s] In file included from [01m[K/usr/include/strings.h:23[m[K,
[2.371s]                  from [01m[K/usr/include/string.h:462[m[K,
[2.371s]                  from [01m[K/opt/ros/humble/include/fastcdr/fastcdr/FastBuffer.h:21[m[K,
[2.371s]                  from [01m[K/opt/ros/humble/include/fastcdr/fastcdr/Cdr.h:19[m[K,
[2.372s]                  from [01m[K/home/parallels/DynORBBase/src/build/dynorb_interface/rosidl_typesupport_fastrtps_cpp/dynorb_interface/srv/detail/dyn_class__rosidl_typesupport_fastrtps_cpp.hpp:25[m[K,
[2.372s]                  from [01m[K/home/parallels/DynORBBase/src/build/dynorb_interface/rosidl_typesupport_fastrtps_cpp/dynorb_interface/srv/detail/dds_fastrtps/dyn_class__type_support.cpp:4[m[K:
[2.372s] [01m[K/home/parallels/DynORBBase/src/build/dynorb_interface/rosidl_typesupport_fastrtps_cpp/dynorb_interface/srv/detail/dds_fastrtps/dyn_class__type_support.cpp:[m[K In function ‘[01m[Ksize_t dynorb_interface::srv::typesupport_fastrtps_cpp::max_serialized_size_DynClass_Response(bool&, bool&, size_t)[m[K’:
[2.373s] [01m[K/home/parallels/DynORBBase/src/build/dynorb_interface/rosidl_typesupport_fastrtps_cpp/dynorb_interface/srv/detail/dds_fastrtps/dyn_class__type_support.cpp:345:26:[m[K [01;31m[Kerror: [m[Kexpected unqualified-id before ‘[01m[Kclass[m[K’
[2.373s]   345 |       offsetof(DataType, [01;31m[Kclass[m[K) +
[2.373s]       |                          [01;31m[K^~~~~[m[K
[2.374s] [01m[K/home/parallels/DynORBBase/src/build/dynorb_interface/rosidl_typesupport_fastrtps_cpp/dynorb_interface/srv/detail/dds_fastrtps/dyn_class__type_support.cpp:345:26:[m[K [01;31m[Kerror: [m[Kexpected ‘[01m[K)[m[K’ before ‘[01m[Kclass[m[K’
[2.374s] [01m[K/home/parallels/DynORBBase/src/build/dynorb_interface/rosidl_typesupport_fastrtps_cpp/dynorb_interface/srv/detail/dds_fastrtps/dyn_class__type_support.cpp:345:7:[m[K [01;36m[Knote: [m[Kto match this ‘[01m[K([m[K’
[2.374s]   345 |       [01;36m[Koffsetof[m[K(DataType, class) +
[2.374s]       |       [01;36m[K^~~~~~~~[m[K
[2.398s] gmake[2]: *** [CMakeFiles/dynorb_interface__rosidl_typesupport_fastrtps_cpp.dir/build.make:188: CMakeFiles/dynorb_interface__rosidl_typesupport_fastrtps_cpp.dir/rosidl_typesupport_fastrtps_cpp/dynorb_interface/srv/detail/dds_fastrtps/dyn_class__type_support.cpp.o] Error 1
[2.398s] gmake[1]: *** [CMakeFiles/Makefile2:291: CMakeFiles/dynorb_interface__rosidl_typesupport_fastrtps_cpp.dir/all] Error 2
[2.398s] gmake: *** [Makefile:146: all] Error 2
[2.399s] Invoked command in '/home/parallels/DynORBBase/src/build/dynorb_interface' returned '2': CMAKE_PREFIX_PATH=/opt/ros/humble /usr/bin/cmake --build /home/parallels/DynORBBase/src/build/dynorb_interface -- -j2 -l2
