[35m[1mConsolidate compiler generated dependencies of target dynorb[0m
[  3%] [32mBuilding CXX object CMakeFiles/dynorb.dir/src/Tracking.cc.o[0m
[  6%] [32mBuilding CXX object CMakeFiles/dynorb.dir/src/System.cc.o[0m
[  9%] [32mBuilding CXX object CMakeFiles/dynorb.dir/src/LocalMapping.cc.o[0m
[ 12%] [32mBuilding CXX object CMakeFiles/dynorb.dir/src/LoopClosing.cc.o[0m
[ 15%] [32mBuilding CXX object CMakeFiles/dynorb.dir/src/ORBextractor.cc.o[0m
[ 18%] [32mBuilding CXX object CMakeFiles/dynorb.dir/src/ORBmatcher.cc.o[0m
[ 21%] [32mBuilding CXX object CMakeFiles/dynorb.dir/src/FrameDrawer.cc.o[0m
[ 25%] [32mBuilding CXX object CMakeFiles/dynorb.dir/src/Converter.cc.o[0m
[ 28%] [32mBuilding CXX object CMakeFiles/dynorb.dir/src/MapPoint.cc.o[0m
[ 31%] [32mBuilding CXX object CMakeFiles/dynorb.dir/src/KeyFrame.cc.o[0m
[ 34%] [32mBuilding CXX object CMakeFiles/dynorb.dir/src/Map.cc.o[0m
[ 37%] [32mBuilding CXX object CMakeFiles/dynorb.dir/src/MapDrawer.cc.o[0m
[ 40%] [32mBuilding CXX object CMakeFiles/dynorb.dir/src/Optimizer.cc.o[0m
[ 43%] [32mBuilding CXX object CMakeFiles/dynorb.dir/src/PnPsolver.cc.o[0m
[ 46%] [32mBuilding CXX object CMakeFiles/dynorb.dir/src/Frame.cc.o[0m
[ 50%] [32mBuilding CXX object CMakeFiles/dynorb.dir/src/KeyFrameDatabase.cc.o[0m
[ 53%] [32mBuilding CXX object CMakeFiles/dynorb.dir/src/Sim3Solver.cc.o[0m
[ 56%] [32mBuilding CXX object CMakeFiles/dynorb.dir/src/Initializer.cc.o[0m
[ 59%] [32mBuilding CXX object CMakeFiles/dynorb.dir/src/Viewer.cc.o[0m
[ 62%] [32m[1mLinking CXX shared library /home/parallels/DynORBBase/src/dynorb/lib/libdynorb.so[0m
[ 62%] Built target dynorb
[35m[1mConsolidate compiler generated dependencies of target stereo_kitti[0m
[35m[1mConsolidate compiler generated dependencies of target rgbd_tum[0m
[ 65%] [32mBuilding CXX object CMakeFiles/stereo_kitti.dir/Examples/Stereo/stereo_kitti.cc.o[0m
[ 68%] [32mBuilding CXX object CMakeFiles/rgbd_tum.dir/Examples/RGB-D/rgbd_tum.cc.o[0m
[ 71%] [32m[1mLinking CXX executable /home/parallels/DynORBBase/src/dynorb/Examples/RGB-D/rgbd_tum[0m
[ 71%] Built target rgbd_tum
[35m[1mConsolidate compiler generated dependencies of target stereo_euroc[0m
[ 75%] [32mBuilding CXX object CMakeFiles/stereo_euroc.dir/Examples/Stereo/stereo_euroc.cc.o[0m
[ 78%] [32m[1mLinking CXX executable /home/parallels/DynORBBase/src/dynorb/Examples/Stereo/stereo_kitti[0m
[ 78%] Built target stereo_kitti
[35m[1mConsolidate compiler generated dependencies of target mono_tum[0m
[ 81%] [32mBuilding CXX object CMakeFiles/mono_tum.dir/Examples/Monocular/mono_tum.cc.o[0m
[ 84%] [32m[1mLinking CXX executable /home/parallels/DynORBBase/src/dynorb/Examples/Stereo/stereo_euroc[0m
[ 84%] Built target stereo_euroc
[ 87%] [32m[1mLinking CXX executable /home/parallels/DynORBBase/src/dynorb/Examples/Monocular/mono_tum[0m
[ 87%] Built target mono_tum
[35m[1mConsolidate compiler generated dependencies of target mono_kitti[0m
[ 90%] [32mBuilding CXX object CMakeFiles/mono_kitti.dir/Examples/Monocular/mono_kitti.cc.o[0m
[ 93%] [32m[1mLinking CXX executable /home/parallels/DynORBBase/src/dynorb/Examples/Monocular/mono_kitti[0m
[ 93%] Built target mono_kitti
[35m[1mConsolidate compiler generated dependencies of target mono_euroc[0m
[ 96%] [32mBuilding CXX object CMakeFiles/mono_euroc.dir/Examples/Monocular/mono_euroc.cc.o[0m
[100%] [32m[1mLinking CXX executable /home/parallels/DynORBBase/src/dynorb/Examples/Monocular/mono_euroc[0m
[100%] Built target mono_euroc
-- Install configuration: "Release"
-- Up-to-date: /home/parallels/DynORBBase/src/install/dynorb/share/ament_index/resource_index/package_run_dependencies/dynorb
-- Up-to-date: /home/parallels/DynORBBase/src/install/dynorb/share/ament_index/resource_index/parent_prefix_path/dynorb
-- Up-to-date: /home/parallels/DynORBBase/src/install/dynorb/share/dynorb/environment/ament_prefix_path.sh
-- Installing: /home/parallels/DynORBBase/src/install/dynorb/share/dynorb/environment/ament_prefix_path.dsv
-- Up-to-date: /home/parallels/DynORBBase/src/install/dynorb/share/dynorb/environment/path.sh
-- Installing: /home/parallels/DynORBBase/src/install/dynorb/share/dynorb/environment/path.dsv
-- Up-to-date: /home/parallels/DynORBBase/src/install/dynorb/share/dynorb/local_setup.bash
-- Up-to-date: /home/parallels/DynORBBase/src/install/dynorb/share/dynorb/local_setup.sh
-- Up-to-date: /home/parallels/DynORBBase/src/install/dynorb/share/dynorb/local_setup.zsh
-- Installing: /home/parallels/DynORBBase/src/install/dynorb/share/dynorb/local_setup.dsv
-- Installing: /home/parallels/DynORBBase/src/install/dynorb/share/dynorb/package.dsv
-- Up-to-date: /home/parallels/DynORBBase/src/install/dynorb/share/ament_index/resource_index/packages/dynorb
-- Up-to-date: /home/parallels/DynORBBase/src/install/dynorb/share/dynorb/cmake/dynorbConfig.cmake
-- Up-to-date: /home/parallels/DynORBBase/src/install/dynorb/share/dynorb/cmake/dynorbConfig-version.cmake
-- Installing: /home/parallels/DynORBBase/src/install/dynorb/share/dynorb/package.xml
