[0.574s] Invoking command in '/home/parallels/DynORBBase/src/sam_tracking': PYTHONPATH=/home/parallels/DynORBBase/src/build/sam_tracking/prefix_override:/usr/lib/python3/dist-packages/colcon_core/task/python/colcon_distutils_commands:/home/parallels/DynORBBase/src/install/sam_tracking/lib/python3.10/site-packages:${PYTHONPATH} /usr/bin/python3 -W ignore:setup.py install is deprecated setup.py egg_info --egg-base ../build/sam_tracking build --build-base /home/parallels/DynORBBase/src/build/sam_tracking/build install --record /home/parallels/DynORBBase/src/build/sam_tracking/install.log --single-version-externally-managed install_data
[0.818s] running egg_info
[0.819s] writing ../build/sam_tracking/sam_tracking.egg-info/PKG-INFO
[0.819s] writing dependency_links to ../build/sam_tracking/sam_tracking.egg-info/dependency_links.txt
[0.819s] writing entry points to ../build/sam_tracking/sam_tracking.egg-info/entry_points.txt
[0.820s] writing requirements to ../build/sam_tracking/sam_tracking.egg-info/requires.txt
[0.820s] writing top-level names to ../build/sam_tracking/sam_tracking.egg-info/top_level.txt
[0.821s] reading manifest file '../build/sam_tracking/sam_tracking.egg-info/SOURCES.txt'
[0.821s] adding license file 'LICENSE'
[0.822s] writing manifest file '../build/sam_tracking/sam_tracking.egg-info/SOURCES.txt'
[0.822s] running build
[0.822s] running build_py
[0.822s] running install
[0.823s] running install_lib
[0.824s] running install_data
[0.824s] running install_egg_info
[0.826s] removing '/home/parallels/DynORBBase/src/install/sam_tracking/lib/python3.10/site-packages/sam_tracking-0.0.0-py3.10.egg-info' (and everything under it)
[0.837s] Copying ../build/sam_tracking/sam_tracking.egg-info to /home/parallels/DynORBBase/src/install/sam_tracking/lib/python3.10/site-packages/sam_tracking-0.0.0-py3.10.egg-info
[0.838s] running install_scripts
[0.853s] Installing tracker script to /home/parallels/DynORBBase/src/install/sam_tracking/lib/sam_tracking
[0.854s] writing list of installed files to '/home/parallels/DynORBBase/src/build/sam_tracking/install.log'
[0.872s] Invoked command in '/home/parallels/DynORBBase/src/sam_tracking' returned '0': PYTHONPATH=/home/parallels/DynORBBase/src/build/sam_tracking/prefix_override:/usr/lib/python3/dist-packages/colcon_core/task/python/colcon_distutils_commands:/home/parallels/DynORBBase/src/install/sam_tracking/lib/python3.10/site-packages:${PYTHONPATH} /usr/bin/python3 -W ignore:setup.py install is deprecated setup.py egg_info --egg-base ../build/sam_tracking build --build-base /home/parallels/DynORBBase/src/build/sam_tracking/build install --record /home/parallels/DynORBBase/src/build/sam_tracking/install.log --single-version-externally-managed install_data
