[0.453s] Invoking command in '/home/parallels/DynORBBase/src/sam_tracking': PYTHONPATH=/home/parallels/DynORBBase/src/build/sam_tracking/prefix_override:/usr/lib/python3/dist-packages/colcon_core/task/python/colcon_distutils_commands:/home/parallels/DynORBBase/src/install/sam_tracking/lib/python3.10/site-packages:${PYTHONPATH} /usr/bin/python3 -W ignore:setup.py install is deprecated setup.py egg_info --egg-base ../build/sam_tracking build --build-base /home/parallels/DynORBBase/src/build/sam_tracking/build install --record /home/parallels/DynORBBase/src/build/sam_tracking/install.log --single-version-externally-managed install_data
[0.819s] running egg_info
[0.819s] writing ../build/sam_tracking/sam_tracking.egg-info/PKG-INFO
[0.824s] writing dependency_links to ../build/sam_tracking/sam_tracking.egg-info/dependency_links.txt
[0.825s] writing entry points to ../build/sam_tracking/sam_tracking.egg-info/entry_points.txt
[0.826s] writing requirements to ../build/sam_tracking/sam_tracking.egg-info/requires.txt
[0.826s] writing top-level names to ../build/sam_tracking/sam_tracking.egg-info/top_level.txt
[0.828s] reading manifest file '../build/sam_tracking/sam_tracking.egg-info/SOURCES.txt'
[0.828s] adding license file 'LICENSE'
[0.829s] writing manifest file '../build/sam_tracking/sam_tracking.egg-info/SOURCES.txt'
[0.830s] running build
[0.830s] running build_py
[0.830s] copying sam_tracking/tracker.py -> /home/parallels/DynORBBase/src/build/sam_tracking/build/lib/sam_tracking
[0.837s] running install
[0.837s] running install_lib
[0.838s] copying /home/parallels/DynORBBase/src/build/sam_tracking/build/lib/sam_tracking/tracker.py -> /home/parallels/DynORBBase/src/install/sam_tracking/lib/python3.10/site-packages/sam_tracking
[0.839s] byte-compiling /home/parallels/DynORBBase/src/install/sam_tracking/lib/python3.10/site-packages/sam_tracking/tracker.py to tracker.cpython-310.pyc
[0.843s] running install_data
[0.856s] running install_egg_info
[0.856s] removing '/home/parallels/DynORBBase/src/install/sam_tracking/lib/python3.10/site-packages/sam_tracking-0.0.0-py3.10.egg-info' (and everything under it)
[0.857s] Copying ../build/sam_tracking/sam_tracking.egg-info to /home/parallels/DynORBBase/src/install/sam_tracking/lib/python3.10/site-packages/sam_tracking-0.0.0-py3.10.egg-info
[0.861s] running install_scripts
[0.880s] Installing tracker script to /home/parallels/DynORBBase/src/install/sam_tracking/lib/sam_tracking
[0.881s] writing list of installed files to '/home/parallels/DynORBBase/src/build/sam_tracking/install.log'
[0.901s] Invoked command in '/home/parallels/DynORBBase/src/sam_tracking' returned '0': PYTHONPATH=/home/parallels/DynORBBase/src/build/sam_tracking/prefix_override:/usr/lib/python3/dist-packages/colcon_core/task/python/colcon_distutils_commands:/home/parallels/DynORBBase/src/install/sam_tracking/lib/python3.10/site-packages:${PYTHONPATH} /usr/bin/python3 -W ignore:setup.py install is deprecated setup.py egg_info --egg-base ../build/sam_tracking build --build-base /home/parallels/DynORBBase/src/build/sam_tracking/build install --record /home/parallels/DynORBBase/src/build/sam_tracking/install.log --single-version-externally-managed install_data
