[0.825s] Invoking command in '/home/parallels/DynORBBase/src/sam_tracking': PYTHONPATH=/home/parallels/DynORBBase/src/build/sam_tracking/prefix_override:/usr/lib/python3/dist-packages/colcon_core/task/python/colcon_distutils_commands:/home/parallels/DynORBBase/src/install/sam_tracking/lib/python3.10/site-packages:${PYTHONPATH} /usr/bin/python3 -W ignore:setup.py install is deprecated setup.py egg_info --egg-base ../build/sam_tracking build --build-base /home/parallels/DynORBBase/src/build/sam_tracking/build install --record /home/parallels/DynORBBase/src/build/sam_tracking/install.log --single-version-externally-managed install_data
[1.075s] running egg_info
[1.076s] writing ../build/sam_tracking/sam_tracking.egg-info/PKG-INFO
[1.077s] writing dependency_links to ../build/sam_tracking/sam_tracking.egg-info/dependency_links.txt
[1.078s] writing entry points to ../build/sam_tracking/sam_tracking.egg-info/entry_points.txt
[1.078s] writing requirements to ../build/sam_tracking/sam_tracking.egg-info/requires.txt
[1.079s] writing top-level names to ../build/sam_tracking/sam_tracking.egg-info/top_level.txt
[1.081s] reading manifest file '../build/sam_tracking/sam_tracking.egg-info/SOURCES.txt'
[1.081s] adding license file 'LICENSE'
[1.082s] writing manifest file '../build/sam_tracking/sam_tracking.egg-info/SOURCES.txt'
[1.094s] running build
[1.094s] running build_py
[1.094s] running install
[1.094s] running install_lib
[1.094s] running install_data
[1.094s] running install_egg_info
[1.094s] removing '/home/parallels/DynORBBase/src/install/sam_tracking/lib/python3.10/site-packages/sam_tracking-0.0.0-py3.10.egg-info' (and everything under it)
[1.108s] Copying ../build/sam_tracking/sam_tracking.egg-info to /home/parallels/DynORBBase/src/install/sam_tracking/lib/python3.10/site-packages/sam_tracking-0.0.0-py3.10.egg-info
[1.108s] running install_scripts
[1.123s] Installing tracker script to /home/parallels/DynORBBase/src/install/sam_tracking/lib/sam_tracking
[1.124s] writing list of installed files to '/home/parallels/DynORBBase/src/build/sam_tracking/install.log'
[1.150s] Invoked command in '/home/parallels/DynORBBase/src/sam_tracking' returned '0': PYTHONPATH=/home/parallels/DynORBBase/src/build/sam_tracking/prefix_override:/usr/lib/python3/dist-packages/colcon_core/task/python/colcon_distutils_commands:/home/parallels/DynORBBase/src/install/sam_tracking/lib/python3.10/site-packages:${PYTHONPATH} /usr/bin/python3 -W ignore:setup.py install is deprecated setup.py egg_info --egg-base ../build/sam_tracking build --build-base /home/parallels/DynORBBase/src/build/sam_tracking/build install --record /home/parallels/DynORBBase/src/build/sam_tracking/install.log --single-version-externally-managed install_data
