[0.005s] Invoking command in '/home/parallels/DynORBBase/src/build/dynorb_interface': CMAKE_PREFIX_PATH=/opt/ros/humble /usr/bin/cmake /home/parallels/DynORBBase/src/dynorb_interface -DCMAKE_INSTALL_PREFIX=/home/parallels/DynORBBase/src/install/dynorb_interface
[0.058s] -- The C compiler identification is GNU 11.4.0
[0.108s] -- The CXX compiler identification is GNU 11.4.0
[0.114s] -- Detecting C compiler ABI info
[0.175s] -- Detecting C compiler ABI info - done
[0.181s] -- Check for working C compiler: /usr/bin/cc - skipped
[0.182s] -- Detecting C compile features
[0.182s] -- Detecting C compile features - done
[0.184s] -- Detecting CXX compiler ABI info
[0.252s] -- Detecting CXX compiler ABI info - done
[0.253s] -- Check for working CXX compiler: /usr/bin/c++ - skipped
[0.254s] -- Detecting CXX compile features
[0.254s] -- Detecting CXX compile features - done
[0.258s] -- Found ament_cmake: 1.3.10 (/opt/ros/humble/share/ament_cmake/cmake)
[0.374s] -- Found Python3: /usr/bin/python3 (found version "3.10.12") found components: Interpreter 
[0.460s] -- Found sensor_msgs: 4.2.4 (/opt/ros/humble/share/sensor_msgs/cmake)
[0.507s] -- Found rosidl_generator_c: 3.1.5 (/opt/ros/humble/share/rosidl_generator_c/cmake)
[0.513s] -- Found rosidl_adapter: 3.1.5 (/opt/ros/humble/share/rosidl_adapter/cmake)
[0.525s] -- Found rosidl_generator_cpp: 3.1.5 (/opt/ros/humble/share/rosidl_generator_cpp/cmake)
[0.544s] -- Using all available rosidl_typesupport_c: rosidl_typesupport_fastrtps_c;rosidl_typesupport_introspection_c
[0.562s] -- Using all available rosidl_typesupport_cpp: rosidl_typesupport_fastrtps_cpp;rosidl_typesupport_introspection_cpp
[0.624s] -- Found rosidl_default_generators: 1.2.0 (/opt/ros/humble/share/rosidl_default_generators/cmake)
[0.754s] [31mCMake Error at /opt/ros/humble/share/rosidl_adapter/cmake/rosidl_adapt_interfaces.cmake:59 (message):
[0.754s]   execute_process(/usr/bin/python3 -m rosidl_adapter --package-name
[0.754s]   dynorb_interface --arguments-file
[0.755s]   /home/parallels/DynORBBase/src/build/dynorb_interface/rosidl_adapter__arguments__dynorb_interface.json
[0.755s]   --output-dir
[0.755s]   /home/parallels/DynORBBase/src/build/dynorb_interface/rosidl_adapter/dynorb_interface
[0.756s]   --output-file
[0.756s]   /home/parallels/DynORBBase/src/build/dynorb_interface/rosidl_adapter/dynorb_interface.idls)
[0.756s]   returned error code 1:
[0.757s] 
[0.757s]   Traceback (most recent call last):
[0.757s] 
[0.758s]     File "/usr/lib/python3.10/runpy.py", line 196, in _run_module_as_main
[0.758s]       return _run_code(code, main_globals, None,
[0.758s]     File "/usr/lib/python3.10/runpy.py", line 86, in _run_code
[0.758s]       exec(code, run_globals)
[0.758s]     File "/opt/ros/humble/local/lib/python3.10/dist-packages/rosidl_adapter/__main__.py", line 19, in <module>
[0.758s]       sys.exit(main())
[0.758s]     File "/opt/ros/humble/local/lib/python3.10/dist-packages/rosidl_adapter/main.py", line 53, in main
[0.758s]       abs_idl_file = convert_to_idl(
[0.758s]     File "/opt/ros/humble/local/lib/python3.10/dist-packages/rosidl_adapter/__init__.py", line 24, in convert_to_idl
[0.758s]       return convert_srv_to_idl(
[0.759s]     File "/opt/ros/humble/local/lib/python3.10/dist-packages/rosidl_adapter/srv/__init__.py", line 28, in convert_srv_to_idl
[0.759s]       srv = parse_service_string(package_name, input_file.stem, content)
[0.759s]     File "/opt/ros/humble/local/lib/python3.10/dist-packages/rosidl_adapter/parser.py", line 850, in parse_service_string
[0.759s]       raise InvalidServiceSpecification(
[0.759s] 
[0.759s]   rosidl_adapter.parser.InvalidServiceSpecification: Could not find separator
[0.759s]   '---' between request and response
[0.759s] 
[0.759s] Call Stack (most recent call first):
[0.759s]   /opt/ros/humble/share/rosidl_cmake/cmake/rosidl_generate_interfaces.cmake:130 (rosidl_adapt_interfaces)
[0.759s]   CMakeLists.txt:16 (rosidl_generate_interfaces)
[0.759s] 
[0.759s] [0m
[0.760s] -- Configuring incomplete, errors occurred!
[0.760s] See also "/home/parallels/DynORBBase/src/build/dynorb_interface/CMakeFiles/CMakeOutput.log".
[0.765s] Invoked command in '/home/parallels/DynORBBase/src/build/dynorb_interface' returned '1': CMAKE_PREFIX_PATH=/opt/ros/humble /usr/bin/cmake /home/parallels/DynORBBase/src/dynorb_interface -DCMAKE_INSTALL_PREFIX=/home/parallels/DynORBBase/src/install/dynorb_interface
