-- Found ament_cmake: 1.3.10 (/opt/ros/humble/share/ament_cmake/cmake)
-- Found rclcpp: 16.0.10 (/opt/ros/humble/share/rclcpp/cmake)
-- Found rosidl_generator_c: 3.1.5 (/opt/ros/humble/share/rosidl_generator_c/cmake)
-- Found rosidl_adapter: 3.1.5 (/opt/ros/humble/share/rosidl_adapter/cmake)
-- Found rosidl_generator_cpp: 3.1.5 (/opt/ros/humble/share/rosidl_generator_cpp/cmake)
-- Using all available rosidl_typesupport_c: rosidl_typesupport_fastrtps_c;rosidl_typesupport_introspection_c
-- Using all available rosidl_typesupport_cpp: rosidl_typesupport_fastrtps_cpp;rosidl_typesupport_introspection_cpp
-- Found rmw_implementation_cmake: 6.1.2 (/opt/ros/humble/share/rmw_implementation_cmake/cmake)
-- Found rmw_fastrtps_cpp: 6.2.7 (/opt/ros/humble/share/rmw_fastrtps_cpp/cmake)
-- Using RMW implementation 'rmw_fastrtps_cpp' as default
-- Found cv_bridge: 3.2.1 (/opt/ros/humble/share/cv_bridge/cmake)
-- Found OpenCV: /usr/local (found version "3.4.20") 
-- Found rosidl_default_generators: 1.2.0 (/opt/ros/humble/share/rosidl_default_generators/cmake)
-- Found dynorb_interface: 0.0.0 (/home/parallels/DynORBBase/src/install/dynorb_interface/share/dynorb_interface/cmake)
-- Using flag -std=c++17.
-- Found ament_lint_auto: 0.12.11 (/opt/ros/humble/share/ament_lint_auto/cmake)
-- Added test 'cppcheck' to perform static code analysis on C / C++ code
-- Configured cppcheck include dirs: /home/parallels/DynORBBase/src/dynorb/include
-- Configured cppcheck exclude dirs and/or files: 
-- Added test 'flake8' to check Python code syntax and style conventions
-- Added test 'lint_cmake' to check CMake code style
-- Added test 'pep257' to check Python code against some of the docstring style conventions in PEP 257
-- Added test 'uncrustify' to check C / C++ code style
-- Configured uncrustify additional arguments: 
-- Added test 'xmllint' to check XML markup files
-- Configuring done
-- Generating done
-- Build files have been written to: /home/parallels/DynORBBase/src/build/dynorb
[35m[1mConsolidate compiler generated dependencies of target dynorb[0m
[  4%] [32mBuilding CXX object CMakeFiles/dynorb.dir/src/System.cc.o[0m
[  9%] [32mBuilding CXX object CMakeFiles/dynorb.dir/src/Tracking.cc.o[0m
[ 13%] [32mBuilding CXX object CMakeFiles/dynorb.dir/src/LocalMapping.cc.o[0m
[ 18%] [32mBuilding CXX object CMakeFiles/dynorb.dir/src/LoopClosing.cc.o[0m
[ 22%] [32mBuilding CXX object CMakeFiles/dynorb.dir/src/ORBextractor.cc.o[0m
[ 27%] [32mBuilding CXX object CMakeFiles/dynorb.dir/src/ORBmatcher.cc.o[0m
[ 31%] [32mBuilding CXX object CMakeFiles/dynorb.dir/src/FrameDrawer.cc.o[0m
[ 36%] [32mBuilding CXX object CMakeFiles/dynorb.dir/src/Converter.cc.o[0m
[ 40%] [32mBuilding CXX object CMakeFiles/dynorb.dir/src/MapPoint.cc.o[0m
[ 45%] [32mBuilding CXX object CMakeFiles/dynorb.dir/src/KeyFrame.cc.o[0m
[ 50%] [32mBuilding CXX object CMakeFiles/dynorb.dir/src/Map.cc.o[0m
[ 54%] [32mBuilding CXX object CMakeFiles/dynorb.dir/src/MapDrawer.cc.o[0m
[ 59%] [32mBuilding CXX object CMakeFiles/dynorb.dir/src/Optimizer.cc.o[0m
[ 63%] [32mBuilding CXX object CMakeFiles/dynorb.dir/src/PnPsolver.cc.o[0m
[ 68%] [32mBuilding CXX object CMakeFiles/dynorb.dir/src/Frame.cc.o[0m
[ 72%] [32mBuilding CXX object CMakeFiles/dynorb.dir/src/KeyFrameDatabase.cc.o[0m
[ 77%] [32mBuilding CXX object CMakeFiles/dynorb.dir/src/Sim3Solver.cc.o[0m
[ 81%] [32mBuilding CXX object CMakeFiles/dynorb.dir/src/Initializer.cc.o[0m
[ 86%] [32mBuilding CXX object CMakeFiles/dynorb.dir/src/Viewer.cc.o[0m
[ 90%] [32m[1mLinking CXX shared library /home/parallels/DynORBBase/src/dynorb/lib/libdynorb.so[0m
[ 90%] Built target dynorb
[35m[1mConsolidate compiler generated dependencies of target mono_tum[0m
[ 95%] [32mBuilding CXX object CMakeFiles/mono_tum.dir/Examples/Monocular/mono_tum.cc.o[0m
[100%] [32m[1mLinking CXX executable /home/parallels/DynORBBase/src/dynorb/Examples/Monocular/mono_tum[0m
[100%] Built target mono_tum
-- Install configuration: "Release"
-- Installing: /home/parallels/DynORBBase/src/install/dynorb/share/ament_index/resource_index/package_run_dependencies/dynorb
-- Up-to-date: /home/parallels/DynORBBase/src/install/dynorb/share/ament_index/resource_index/parent_prefix_path/dynorb
-- Up-to-date: /home/parallels/DynORBBase/src/install/dynorb/share/dynorb/environment/ament_prefix_path.sh
-- Installing: /home/parallels/DynORBBase/src/install/dynorb/share/dynorb/environment/ament_prefix_path.dsv
-- Up-to-date: /home/parallels/DynORBBase/src/install/dynorb/share/dynorb/environment/path.sh
-- Installing: /home/parallels/DynORBBase/src/install/dynorb/share/dynorb/environment/path.dsv
-- Up-to-date: /home/parallels/DynORBBase/src/install/dynorb/share/dynorb/local_setup.bash
-- Up-to-date: /home/parallels/DynORBBase/src/install/dynorb/share/dynorb/local_setup.sh
-- Up-to-date: /home/parallels/DynORBBase/src/install/dynorb/share/dynorb/local_setup.zsh
-- Installing: /home/parallels/DynORBBase/src/install/dynorb/share/dynorb/local_setup.dsv
-- Installing: /home/parallels/DynORBBase/src/install/dynorb/share/dynorb/package.dsv
-- Up-to-date: /home/parallels/DynORBBase/src/install/dynorb/share/ament_index/resource_index/packages/dynorb
-- Up-to-date: /home/parallels/DynORBBase/src/install/dynorb/share/dynorb/cmake/dynorbConfig.cmake
-- Up-to-date: /home/parallels/DynORBBase/src/install/dynorb/share/dynorb/cmake/dynorbConfig-version.cmake
-- Installing: /home/parallels/DynORBBase/src/install/dynorb/share/dynorb/package.xml
