[0.017s] Invoking command in '/home/parallels/DynORBBase/src/build/dynorb': AMENT_PREFIX_PATH=/home/parallels/DynORBBase/src/install/dynorb_interface:${AMENT_PREFIX_PATH} CMAKE_PREFIX_PATH=/home/parallels/DynORBBase/src/install/dynorb_interface:/opt/ros/humble LD_LIBRARY_PATH=/home/parallels/DynORBBase/src/install/dynorb_interface/lib:${LD_LIBRARY_PATH} PYTHONPATH=/home/parallels/DynORBBase/src/install/dynorb_interface/local/lib/python3.10/dist-packages:${PYTHONPATH} /usr/bin/cmake --build /home/parallels/DynORBBase/src/build/dynorb -- -j2 -l2
[0.081s] [35m[1mConsolidate compiler generated dependencies of target dynorb[0m
[0.134s] [ 90%] Built target dynorb
[0.143s] [35m[1mConsolidate compiler generated dependencies of target mono_tum[0m
[0.156s] [100%] Built target mono_tum
[0.163s] Invoked command in '/home/parallels/DynORBBase/src/build/dynorb' returned '0': AMENT_PREFIX_PATH=/home/parallels/DynORBBase/src/install/dynorb_interface:${AMENT_PREFIX_PATH} CMAKE_PREFIX_PATH=/home/parallels/DynORBBase/src/install/dynorb_interface:/opt/ros/humble LD_LIBRARY_PATH=/home/parallels/DynORBBase/src/install/dynorb_interface/lib:${LD_LIBRARY_PATH} PYTHONPATH=/home/parallels/DynORBBase/src/install/dynorb_interface/local/lib/python3.10/dist-packages:${PYTHONPATH} /usr/bin/cmake --build /home/parallels/DynORBBase/src/build/dynorb -- -j2 -l2
[0.195s] Invoking command in '/home/parallels/DynORBBase/src/build/dynorb': AMENT_PREFIX_PATH=/home/parallels/DynORBBase/src/install/dynorb_interface:${AMENT_PREFIX_PATH} CMAKE_PREFIX_PATH=/home/parallels/DynORBBase/src/install/dynorb_interface:/opt/ros/humble LD_LIBRARY_PATH=/home/parallels/DynORBBase/src/install/dynorb_interface/lib:${LD_LIBRARY_PATH} PYTHONPATH=/home/parallels/DynORBBase/src/install/dynorb_interface/local/lib/python3.10/dist-packages:${PYTHONPATH} /usr/bin/cmake --install /home/parallels/DynORBBase/src/build/dynorb
[0.201s] -- Install configuration: "Release"
[0.201s] -- Up-to-date: /home/parallels/DynORBBase/src/install/dynorb/share/ament_index/resource_index/package_run_dependencies/dynorb
[0.201s] -- Up-to-date: /home/parallels/DynORBBase/src/install/dynorb/share/ament_index/resource_index/parent_prefix_path/dynorb
[0.202s] -- Up-to-date: /home/parallels/DynORBBase/src/install/dynorb/share/dynorb/environment/ament_prefix_path.sh
[0.203s] -- Up-to-date: /home/parallels/DynORBBase/src/install/dynorb/share/dynorb/environment/ament_prefix_path.dsv
[0.203s] -- Up-to-date: /home/parallels/DynORBBase/src/install/dynorb/share/dynorb/environment/path.sh
[0.203s] -- Up-to-date: /home/parallels/DynORBBase/src/install/dynorb/share/dynorb/environment/path.dsv
[0.203s] -- Up-to-date: /home/parallels/DynORBBase/src/install/dynorb/share/dynorb/local_setup.bash
[0.203s] -- Up-to-date: /home/parallels/DynORBBase/src/install/dynorb/share/dynorb/local_setup.sh
[0.203s] -- Up-to-date: /home/parallels/DynORBBase/src/install/dynorb/share/dynorb/local_setup.zsh
[0.204s] -- Up-to-date: /home/parallels/DynORBBase/src/install/dynorb/share/dynorb/local_setup.dsv
[0.204s] -- Installing: /home/parallels/DynORBBase/src/install/dynorb/share/dynorb/package.dsv
[0.204s] -- Up-to-date: /home/parallels/DynORBBase/src/install/dynorb/share/ament_index/resource_index/packages/dynorb
[0.204s] -- Up-to-date: /home/parallels/DynORBBase/src/install/dynorb/share/dynorb/cmake/dynorbConfig.cmake
[0.204s] -- Up-to-date: /home/parallels/DynORBBase/src/install/dynorb/share/dynorb/cmake/dynorbConfig-version.cmake
[0.204s] -- Up-to-date: /home/parallels/DynORBBase/src/install/dynorb/share/dynorb/package.xml
[0.204s] Invoked command in '/home/parallels/DynORBBase/src/build/dynorb' returned '0': AMENT_PREFIX_PATH=/home/parallels/DynORBBase/src/install/dynorb_interface:${AMENT_PREFIX_PATH} CMAKE_PREFIX_PATH=/home/parallels/DynORBBase/src/install/dynorb_interface:/opt/ros/humble LD_LIBRARY_PATH=/home/parallels/DynORBBase/src/install/dynorb_interface/lib:${LD_LIBRARY_PATH} PYTHONPATH=/home/parallels/DynORBBase/src/install/dynorb_interface/local/lib/python3.10/dist-packages:${PYTHONPATH} /usr/bin/cmake --install /home/parallels/DynORBBase/src/build/dynorb
