[0.422s] Invoking command in '/home/parallels/DynORBBase/src/build/sam_tracking': PYTHONPATH=/home/parallels/DynORBBase/src/build/sam_tracking/prefix_override:/usr/lib/python3/dist-packages/colcon_core/task/python/colcon_distutils_commands:/home/parallels/DynORBBase/src/install/sam_tracking/lib/python3.10/site-packages:${PYTHONPATH} /usr/bin/python3 -W ignore:setup.py install is deprecated setup.py develop --editable --build-directory /home/parallels/DynORBBase/src/build/sam_tracking/build --no-deps symlink_data --force
[0.591s] running develop
[0.593s] /usr/lib/python3/dist-packages/setuptools/command/easy_install.py:158: EasyInstallDeprecationWarning: easy_install command is deprecated. Use build and pip and other standards-based tools.
[0.594s]   warnings.warn(
[0.697s] running egg_info
[0.697s] writing sam_tracking.egg-info/PKG-INFO
[0.697s] writing dependency_links to sam_tracking.egg-info/dependency_links.txt
[0.698s] writing entry points to sam_tracking.egg-info/entry_points.txt
[0.698s] writing requirements to sam_tracking.egg-info/requires.txt
[0.698s] writing top-level names to sam_tracking.egg-info/top_level.txt
[0.699s] reading manifest file 'sam_tracking.egg-info/SOURCES.txt'
[0.699s] writing manifest file 'sam_tracking.egg-info/SOURCES.txt'
[0.700s] running build_ext
[0.700s] Creating /home/parallels/DynORBBase/src/install/sam_tracking/lib/python3.10/site-packages/sam-tracking.egg-link (link to .)
[0.701s] Installing tracker script to /home/parallels/DynORBBase/src/install/sam_tracking/lib/sam_tracking
[0.701s] 
[0.701s] Installed /home/parallels/DynORBBase/src/build/sam_tracking
[0.701s] running symlink_data
[0.701s] symbolically linking /home/parallels/DynORBBase/src/build/sam_tracking/resource/sam_tracking -> /home/parallels/DynORBBase/src/install/sam_tracking/share/ament_index/resource_index/packages
[0.702s] symbolically linking /home/parallels/DynORBBase/src/build/sam_tracking/package.xml -> /home/parallels/DynORBBase/src/install/sam_tracking/share/sam_tracking
[0.719s] Invoked command in '/home/parallels/DynORBBase/src/build/sam_tracking' returned '0': PYTHONPATH=/home/parallels/DynORBBase/src/build/sam_tracking/prefix_override:/usr/lib/python3/dist-packages/colcon_core/task/python/colcon_distutils_commands:/home/parallels/DynORBBase/src/install/sam_tracking/lib/python3.10/site-packages:${PYTHONPATH} /usr/bin/python3 -W ignore:setup.py install is deprecated setup.py develop --editable --build-directory /home/parallels/DynORBBase/src/build/sam_tracking/build --no-deps symlink_data --force
