[0.018s] Invoking command in '/home/parallels/DynORBBase/src/build/dynorb': CMAKE_PREFIX_PATH=${CMAKE_PREFIX_PATH}:/home/parallels/DynORBBase/src/install/sam_tracking:/opt/ros/humble /usr/bin/cmake --build /home/parallels/DynORBBase/src/build/dynorb -- -j2 -l2
[0.089s] [ 62%] Built target dynorb
[0.117s] [ 68%] Built target rgbd_tum
[0.136s] [ 75%] Built target stereo_kitti
[0.165s] [ 81%] Built target stereo_euroc
[0.174s] [ 87%] Built target mono_tum
[0.189s] [ 93%] Built target mono_kitti
[0.211s] [100%] Built target mono_euroc
[0.242s] Invoked command in '/home/parallels/DynORBBase/src/build/dynorb' returned '0': CMAKE_PREFIX_PATH=${CMAKE_PREFIX_PATH}:/home/parallels/DynORBBase/src/install/sam_tracking:/opt/ros/humble /usr/bin/cmake --build /home/parallels/DynORBBase/src/build/dynorb -- -j2 -l2
[0.321s] Invoking command in '/home/parallels/DynORBBase/src/build/dynorb': CMAKE_PREFIX_PATH=${CMAKE_PREFIX_PATH}:/home/parallels/DynORBBase/src/install/sam_tracking:/opt/ros/humble /usr/bin/cmake --install /home/parallels/DynORBBase/src/build/dynorb
[0.328s] -- Install configuration: "Release"
[0.328s] -- Up-to-date: /home/parallels/DynORBBase/src/install/dynorb/share/ament_index/resource_index/package_run_dependencies/dynorb
[0.331s] -- Up-to-date: /home/parallels/DynORBBase/src/install/dynorb/share/ament_index/resource_index/parent_prefix_path/dynorb
[0.332s] -- Up-to-date: /home/parallels/DynORBBase/src/install/dynorb/share/dynorb/environment/ament_prefix_path.sh
[0.332s] -- Up-to-date: /home/parallels/DynORBBase/src/install/dynorb/share/dynorb/environment/ament_prefix_path.dsv
[0.332s] -- Up-to-date: /home/parallels/DynORBBase/src/install/dynorb/share/dynorb/environment/path.sh
[0.332s] -- Up-to-date: /home/parallels/DynORBBase/src/install/dynorb/share/dynorb/environment/path.dsv
[0.333s] -- Up-to-date: /home/parallels/DynORBBase/src/install/dynorb/share/dynorb/local_setup.bash
[0.333s] -- Up-to-date: /home/parallels/DynORBBase/src/install/dynorb/share/dynorb/local_setup.sh
[0.333s] -- Up-to-date: /home/parallels/DynORBBase/src/install/dynorb/share/dynorb/local_setup.zsh
[0.334s] -- Up-to-date: /home/parallels/DynORBBase/src/install/dynorb/share/dynorb/local_setup.dsv
[0.334s] -- Installing: /home/parallels/DynORBBase/src/install/dynorb/share/dynorb/package.dsv
[0.334s] -- Up-to-date: /home/parallels/DynORBBase/src/install/dynorb/share/ament_index/resource_index/packages/dynorb
[0.335s] -- Up-to-date: /home/parallels/DynORBBase/src/install/dynorb/share/dynorb/cmake/dynorbConfig.cmake
[0.335s] -- Up-to-date: /home/parallels/DynORBBase/src/install/dynorb/share/dynorb/cmake/dynorbConfig-version.cmake
[0.335s] -- Up-to-date: /home/parallels/DynORBBase/src/install/dynorb/share/dynorb/package.xml
[0.336s] Invoked command in '/home/parallels/DynORBBase/src/build/dynorb' returned '0': CMAKE_PREFIX_PATH=${CMAKE_PREFIX_PATH}:/home/parallels/DynORBBase/src/install/sam_tracking:/opt/ros/humble /usr/bin/cmake --install /home/parallels/DynORBBase/src/build/dynorb
