-- The C compiler identification is GNU 11.4.0
-- The CXX compiler identification is GNU 11.4.0
-- Detecting C compiler ABI info
-- Detecting C compiler ABI info - done
-- Check for working C compiler: /usr/bin/cc - skipped
-- Detecting C compile features
-- Detecting C compile features - done
-- Detecting CXX compiler ABI info
-- Detecting CXX compiler ABI info - done
-- Check for working CXX compiler: /usr/bin/c++ - skipped
-- Detecting CXX compile features
-- Detecting CXX compile features - done
-- Performing Test COMPILER_SUPPORTS_CXX11
-- Performing Test COMPILER_SUPPORTS_CXX11 - Success
-- Performing Test COMPILER_SUPPORTS_CXX0X
-- Performing Test COMPILER_SUPPORTS_CXX0X - Success
-- Using flag -std=c++11.
-- Found Eigen3: /usr/include/eigen3 (Required is at least version "3.1.0") 
-- Configuring done
-- Generating done
-- Build files have been written to: /home/parallels/DynORBBase/src/build/ORB_SLAM2
[  3%] [32mBuilding CXX object CMakeFiles/ORB_SLAM2.dir/src/System.cc.o[0m
[  6%] [32mBuilding CXX object CMakeFiles/ORB_SLAM2.dir/src/Tracking.cc.o[0m
[  9%] [32mBuilding CXX object CMakeFiles/ORB_SLAM2.dir/src/LocalMapping.cc.o[0m
[ 12%] [32mBuilding CXX object CMakeFiles/ORB_SLAM2.dir/src/LoopClosing.cc.o[0m
[ 15%] [32mBuilding CXX object CMakeFiles/ORB_SLAM2.dir/src/ORBextractor.cc.o[0m
[ 18%] [32mBuilding CXX object CMakeFiles/ORB_SLAM2.dir/src/ORBmatcher.cc.o[0m
[ 21%] [32mBuilding CXX object CMakeFiles/ORB_SLAM2.dir/src/FrameDrawer.cc.o[0m
[ 25%] [32mBuilding CXX object CMakeFiles/ORB_SLAM2.dir/src/Converter.cc.o[0m
[ 28%] [32mBuilding CXX object CMakeFiles/ORB_SLAM2.dir/src/MapPoint.cc.o[0m
[ 31%] [32mBuilding CXX object CMakeFiles/ORB_SLAM2.dir/src/KeyFrame.cc.o[0m
[ 34%] [32mBuilding CXX object CMakeFiles/ORB_SLAM2.dir/src/Map.cc.o[0m
[ 37%] [32mBuilding CXX object CMakeFiles/ORB_SLAM2.dir/src/MapDrawer.cc.o[0m
[ 40%] [32mBuilding CXX object CMakeFiles/ORB_SLAM2.dir/src/Optimizer.cc.o[0m
[ 43%] [32mBuilding CXX object CMakeFiles/ORB_SLAM2.dir/src/PnPsolver.cc.o[0m
[ 46%] [32mBuilding CXX object CMakeFiles/ORB_SLAM2.dir/src/Frame.cc.o[0m
[ 50%] [32mBuilding CXX object CMakeFiles/ORB_SLAM2.dir/src/KeyFrameDatabase.cc.o[0m
[ 53%] [32mBuilding CXX object CMakeFiles/ORB_SLAM2.dir/src/Sim3Solver.cc.o[0m
[ 56%] [32mBuilding CXX object CMakeFiles/ORB_SLAM2.dir/src/Initializer.cc.o[0m
[ 59%] [32mBuilding CXX object CMakeFiles/ORB_SLAM2.dir/src/Viewer.cc.o[0m
[ 62%] [32m[1mLinking CXX shared library /home/parallels/DynORBBase/src/DynORB/lib/libORB_SLAM2.so[0m
[ 62%] Built target ORB_SLAM2
[ 65%] [32mBuilding CXX object CMakeFiles/rgbd_tum.dir/Examples/RGB-D/rgbd_tum.cc.o[0m
[ 68%] [32m[1mLinking CXX executable /home/parallels/DynORBBase/src/DynORB/Examples/RGB-D/rgbd_tum[0m
[ 68%] Built target rgbd_tum
[ 71%] [32mBuilding CXX object CMakeFiles/stereo_kitti.dir/Examples/Stereo/stereo_kitti.cc.o[0m
[ 75%] [32m[1mLinking CXX executable /home/parallels/DynORBBase/src/DynORB/Examples/Stereo/stereo_kitti[0m
[ 75%] Built target stereo_kitti
[ 78%] [32mBuilding CXX object CMakeFiles/stereo_euroc.dir/Examples/Stereo/stereo_euroc.cc.o[0m
[ 81%] [32m[1mLinking CXX executable /home/parallels/DynORBBase/src/DynORB/Examples/Stereo/stereo_euroc[0m
[ 81%] Built target stereo_euroc
[ 84%] [32mBuilding CXX object CMakeFiles/mono_tum.dir/Examples/Monocular/mono_tum.cc.o[0m
[ 87%] [32m[1mLinking CXX executable /home/parallels/DynORBBase/src/DynORB/Examples/Monocular/mono_tum[0m
[ 87%] Built target mono_tum
[ 90%] [32mBuilding CXX object CMakeFiles/mono_kitti.dir/Examples/Monocular/mono_kitti.cc.o[0m
[ 93%] [32m[1mLinking CXX executable /home/parallels/DynORBBase/src/DynORB/Examples/Monocular/mono_kitti[0m
[ 93%] Built target mono_kitti
[ 96%] [32mBuilding CXX object CMakeFiles/mono_euroc.dir/Examples/Monocular/mono_euroc.cc.o[0m
[100%] [32m[1mLinking CXX executable /home/parallels/DynORBBase/src/DynORB/Examples/Monocular/mono_euroc[0m
[100%] Built target mono_euroc
