[0.006s] Invoking command in '/home/parallels/DynORBBase/src/build/dynorb_interface': CMAKE_PREFIX_PATH=/opt/ros/humble /usr/bin/cmake --build /home/parallels/DynORBBase/src/build/dynorb_interface -- -j2 -l2
[0.023s] -- Found ament_cmake: 1.3.10 (/opt/ros/humble/share/ament_cmake/cmake)
[0.108s] -- Found sensor_msgs: 4.2.4 (/opt/ros/humble/share/sensor_msgs/cmake)
[0.130s] -- Found rosidl_generator_c: 3.1.5 (/opt/ros/humble/share/rosidl_generator_c/cmake)
[0.132s] -- Found rosidl_adapter: 3.1.5 (/opt/ros/humble/share/rosidl_adapter/cmake)
[0.137s] -- Found rosidl_generator_cpp: 3.1.5 (/opt/ros/humble/share/rosidl_generator_cpp/cmake)
[0.146s] -- Using all available rosidl_typesupport_c: rosidl_typesupport_fastrtps_c;rosidl_typesupport_introspection_c
[0.156s] -- Using all available rosidl_typesupport_cpp: rosidl_typesupport_fastrtps_cpp;rosidl_typesupport_introspection_cpp
[0.203s] -- Found rosidl_default_generators: 1.2.0 (/opt/ros/humble/share/rosidl_default_generators/cmake)
[0.429s] -- Found ament_cmake_ros: 0.10.0 (/opt/ros/humble/share/ament_cmake_ros/cmake)
[0.796s] -- Using all available rosidl_typesupport_c: rosidl_typesupport_fastrtps_c;rosidl_typesupport_introspection_c
[0.940s] -- Using all available rosidl_typesupport_cpp: rosidl_typesupport_fastrtps_cpp;rosidl_typesupport_introspection_cpp
[0.957s] -- Found python_cmake_module: 0.10.0 (/opt/ros/humble/share/python_cmake_module/cmake)
[0.973s] -- Using PYTHON_EXECUTABLE: /usr/bin/python3
[0.973s] -- Using PYTHON_INCLUDE_DIRS: /usr/include/python3.10
[0.973s] -- Using PYTHON_LIBRARIES: /usr/lib/aarch64-linux-gnu/libpython3.10.so
[1.017s] -- Found ament_lint_auto: 0.12.11 (/opt/ros/humble/share/ament_lint_auto/cmake)
[1.024s] -- Added test 'lint_cmake' to check CMake code style
[1.025s] -- Added test 'xmllint' to check XML markup files
[1.026s] -- Configuring done
[1.054s] -- Generating done
[1.057s] -- Build files have been written to: /home/parallels/DynORBBase/src/build/dynorb_interface
[1.083s] [  2%] [34m[1mGenerating C code for ROS interfaces[0m
[1.083s] [  5%] [34m[1mGenerating C++ code for ROS interfaces[0m
[1.326s] [  5%] Built target dynorb_interface__cpp
[1.342s] [  5%] Built target ament_cmake_python_copy_dynorb_interface
[1.349s] [  7%] [34m[1mGenerating C++ type support dispatch for ROS interfaces[0m
[1.364s] [35m[1mConsolidate compiler generated dependencies of target dynorb_interface__rosidl_generator_c[0m
[1.376s] [ 10%] [32mBuilding C object CMakeFiles/dynorb_interface__rosidl_generator_c.dir/rosidl_generator_c/dynorb_interface/srv/detail/dyn_class__functions.c.o[0m
[1.420s] [ 12%] [32mBuilding C object CMakeFiles/dynorb_interface__rosidl_generator_c.dir/rosidl_generator_c/dynorb_interface/srv/detail/feed_frame__functions.c.o[0m
[1.464s] [ 15%] [32m[1mLinking C shared library libdynorb_interface__rosidl_generator_c.so[0m
[1.491s] [ 15%] Built target dynorb_interface__rosidl_generator_c
[1.497s] [ 17%] [34m[1mGenerating C++ type support for eProsima Fast-RTPS[0m
[1.543s] [35m[1mConsolidate compiler generated dependencies of target dynorb_interface__rosidl_typesupport_cpp[0m
[1.550s] [ 20%] [32mBuilding CXX object CMakeFiles/dynorb_interface__rosidl_typesupport_cpp.dir/rosidl_typesupport_cpp/dynorb_interface/srv/dyn_class__type_support.cpp.o[0m
[1.719s] [ 23%] [32mBuilding CXX object CMakeFiles/dynorb_interface__rosidl_typesupport_cpp.dir/rosidl_typesupport_cpp/dynorb_interface/srv/feed_frame__type_support.cpp.o[0m
[1.739s] [35m[1mConsolidate compiler generated dependencies of target dynorb_interface__rosidl_typesupport_fastrtps_cpp[0m
[1.749s] [ 25%] [32mBuilding CXX object CMakeFiles/dynorb_interface__rosidl_typesupport_fastrtps_cpp.dir/rosidl_typesupport_fastrtps_cpp/dynorb_interface/srv/detail/dds_fastrtps/dyn_class__type_support.cpp.o[0m
[1.891s] [ 28%] [32m[1mLinking CXX shared library libdynorb_interface__rosidl_typesupport_cpp.so[0m
[1.920s] [ 28%] Built target dynorb_interface__rosidl_typesupport_cpp
[1.926s] [ 30%] [34m[1mGenerating C introspection for ROS interfaces[0m
[2.008s] [ 33%] [32mBuilding CXX object CMakeFiles/dynorb_interface__rosidl_typesupport_fastrtps_cpp.dir/rosidl_typesupport_fastrtps_cpp/dynorb_interface/srv/detail/dds_fastrtps/feed_frame__type_support.cpp.o[0m
[2.149s] [ 35%] [32mBuilding C object CMakeFiles/dynorb_interface__rosidl_typesupport_introspection_c.dir/rosidl_typesupport_introspection_c/dynorb_interface/srv/detail/dyn_class__type_support.c.o[0m
[2.180s] [ 38%] [32mBuilding C object CMakeFiles/dynorb_interface__rosidl_typesupport_introspection_c.dir/rosidl_typesupport_introspection_c/dynorb_interface/srv/detail/feed_frame__type_support.c.o[0m
[2.212s] [ 41%] [32m[1mLinking C shared library libdynorb_interface__rosidl_typesupport_introspection_c.so[0m
[2.234s] [ 41%] Built target dynorb_interface__rosidl_typesupport_introspection_c
[2.239s] [ 43%] [34m[1mGenerating C type support dispatch for ROS interfaces[0m
[2.278s] [ 46%] [32m[1mLinking CXX shared library libdynorb_interface__rosidl_typesupport_fastrtps_cpp.so[0m
[2.332s] [ 46%] Built target dynorb_interface__rosidl_typesupport_fastrtps_cpp
[2.349s] [ 48%] [34m[1mGenerating C++ introspection for ROS interfaces[0m
[2.426s] [ 51%] [32mBuilding CXX object CMakeFiles/dynorb_interface__rosidl_typesupport_c.dir/rosidl_typesupport_c/dynorb_interface/srv/dyn_class__type_support.cpp.o[0m
[2.456s] [ 53%] [32mBuilding CXX object CMakeFiles/dynorb_interface__rosidl_typesupport_c.dir/rosidl_typesupport_c/dynorb_interface/srv/feed_frame__type_support.cpp.o[0m
[2.479s] [ 56%] [32m[1mLinking CXX shared library libdynorb_interface__rosidl_typesupport_c.so[0m
[2.505s] [ 56%] Built target dynorb_interface__rosidl_typesupport_c
[2.569s] [ 58%] [32mBuilding CXX object CMakeFiles/dynorb_interface__rosidl_typesupport_introspection_cpp.dir/rosidl_typesupport_introspection_cpp/dynorb_interface/srv/detail/dyn_class__type_support.cpp.o[0m
[2.672s] running egg_info
[2.673s] creating dynorb_interface.egg-info
[2.673s] writing dynorb_interface.egg-info/PKG-INFO
[2.674s] writing dependency_links to dynorb_interface.egg-info/dependency_links.txt
[2.674s] writing top-level names to dynorb_interface.egg-info/top_level.txt
[2.674s] writing manifest file 'dynorb_interface.egg-info/SOURCES.txt'
[2.675s] reading manifest file 'dynorb_interface.egg-info/SOURCES.txt'
[2.675s] writing manifest file 'dynorb_interface.egg-info/SOURCES.txt'
[2.692s] [ 58%] Built target ament_cmake_python_build_dynorb_interface_egg
[2.698s] [ 61%] [34m[1mGenerating C type support for eProsima Fast-RTPS[0m
[2.828s] [ 64%] [32mBuilding CXX object CMakeFiles/dynorb_interface__rosidl_typesupport_introspection_cpp.dir/rosidl_typesupport_introspection_cpp/dynorb_interface/srv/detail/feed_frame__type_support.cpp.o[0m
[2.922s] [ 66%] [32mBuilding CXX object CMakeFiles/dynorb_interface__rosidl_typesupport_fastrtps_c.dir/rosidl_typesupport_fastrtps_c/dynorb_interface/srv/detail/dyn_class__type_support_c.cpp.o[0m
[3.089s] [ 69%] [32m[1mLinking CXX shared library libdynorb_interface__rosidl_typesupport_introspection_cpp.so[0m
[3.139s] [ 71%] [32mBuilding CXX object CMakeFiles/dynorb_interface__rosidl_typesupport_fastrtps_c.dir/rosidl_typesupport_fastrtps_c/dynorb_interface/srv/detail/feed_frame__type_support_c.cpp.o[0m
[3.142s] [ 71%] Built target dynorb_interface__rosidl_typesupport_introspection_cpp
[3.354s] [ 74%] [32m[1mLinking CXX shared library libdynorb_interface__rosidl_typesupport_fastrtps_c.so[0m
[3.400s] [ 74%] Built target dynorb_interface__rosidl_typesupport_fastrtps_c
[3.410s] [ 74%] Built target dynorb_interface
[3.421s] [ 76%] [34m[1mGenerating Python code for ROS interfaces[0m
[3.766s] [ 76%] Built target dynorb_interface__py
[3.779s] [ 79%] [32mBuilding C object CMakeFiles/dynorb_interface__rosidl_generator_py.dir/rosidl_generator_py/dynorb_interface/srv/_dyn_class_s.c.o[0m
[3.780s] [ 82%] [32mBuilding C object CMakeFiles/dynorb_interface__rosidl_generator_py.dir/rosidl_generator_py/dynorb_interface/srv/_feed_frame_s.c.o[0m
[3.875s] [ 84%] [32m[1mLinking C shared library rosidl_generator_py/dynorb_interface/libdynorb_interface__rosidl_generator_py.so[0m
[3.903s] [ 84%] Built target dynorb_interface__rosidl_generator_py
[3.917s] [ 89%] [32mBuilding C object CMakeFiles/dynorb_interface__rosidl_typesupport_introspection_c__pyext.dir/rosidl_generator_py/dynorb_interface/_dynorb_interface_s.ep.rosidl_typesupport_introspection_c.c.o[0m
[3.918s] [ 89%] [32mBuilding C object CMakeFiles/dynorb_interface__rosidl_typesupport_fastrtps_c__pyext.dir/rosidl_generator_py/dynorb_interface/_dynorb_interface_s.ep.rosidl_typesupport_fastrtps_c.c.o[0m
[3.995s] [ 94%] [32m[1mLinking C shared library rosidl_generator_py/dynorb_interface/dynorb_interface_s__rosidl_typesupport_introspection_c.cpython-310-aarch64-linux-gnu.so[0m
[3.996s] [ 94%] [32m[1mLinking C shared library rosidl_generator_py/dynorb_interface/dynorb_interface_s__rosidl_typesupport_fastrtps_c.cpython-310-aarch64-linux-gnu.so[0m
[4.022s] [ 94%] Built target dynorb_interface__rosidl_typesupport_introspection_c__pyext
[4.023s] [ 94%] Built target dynorb_interface__rosidl_typesupport_fastrtps_c__pyext
[4.033s] [ 97%] [32mBuilding C object CMakeFiles/dynorb_interface__rosidl_typesupport_c__pyext.dir/rosidl_generator_py/dynorb_interface/_dynorb_interface_s.ep.rosidl_typesupport_c.c.o[0m
[4.108s] [100%] [32m[1mLinking C shared library rosidl_generator_py/dynorb_interface/dynorb_interface_s__rosidl_typesupport_c.cpython-310-aarch64-linux-gnu.so[0m
[4.134s] [100%] Built target dynorb_interface__rosidl_typesupport_c__pyext
[4.141s] Invoked command in '/home/parallels/DynORBBase/src/build/dynorb_interface' returned '0': CMAKE_PREFIX_PATH=/opt/ros/humble /usr/bin/cmake --build /home/parallels/DynORBBase/src/build/dynorb_interface -- -j2 -l2
[4.189s] Invoking command in '/home/parallels/DynORBBase/src/build/dynorb_interface': CMAKE_PREFIX_PATH=/opt/ros/humble /usr/bin/cmake --install /home/parallels/DynORBBase/src/build/dynorb_interface
[4.193s] -- Install configuration: ""
[4.194s] -- Installing: /home/parallels/DynORBBase/src/install/dynorb_interface/share/ament_index/resource_index/rosidl_interfaces/dynorb_interface
[4.194s] -- Installing: /home/parallels/DynORBBase/src/install/dynorb_interface/include/dynorb_interface/dynorb_interface
[4.195s] -- Installing: /home/parallels/DynORBBase/src/install/dynorb_interface/include/dynorb_interface/dynorb_interface/msg
[4.195s] -- Installing: /home/parallels/DynORBBase/src/install/dynorb_interface/include/dynorb_interface/dynorb_interface/msg/rosidl_generator_c__visibility_control.h
[4.195s] -- Installing: /home/parallels/DynORBBase/src/install/dynorb_interface/include/dynorb_interface/dynorb_interface/srv
[4.195s] -- Installing: /home/parallels/DynORBBase/src/install/dynorb_interface/include/dynorb_interface/dynorb_interface/srv/detail
[4.195s] -- Installing: /home/parallels/DynORBBase/src/install/dynorb_interface/include/dynorb_interface/dynorb_interface/srv/detail/feed_frame__functions.c
[4.195s] -- Installing: /home/parallels/DynORBBase/src/install/dynorb_interface/include/dynorb_interface/dynorb_interface/srv/detail/dyn_class__type_support.h
[4.195s] -- Installing: /home/parallels/DynORBBase/src/install/dynorb_interface/include/dynorb_interface/dynorb_interface/srv/detail/feed_frame__functions.h
[4.195s] -- Installing: /home/parallels/DynORBBase/src/install/dynorb_interface/include/dynorb_interface/dynorb_interface/srv/detail/dyn_class__functions.h
[4.195s] -- Installing: /home/parallels/DynORBBase/src/install/dynorb_interface/include/dynorb_interface/dynorb_interface/srv/detail/feed_frame__struct.h
[4.195s] -- Installing: /home/parallels/DynORBBase/src/install/dynorb_interface/include/dynorb_interface/dynorb_interface/srv/detail/feed_frame__type_support.h
[4.195s] -- Installing: /home/parallels/DynORBBase/src/install/dynorb_interface/include/dynorb_interface/dynorb_interface/srv/detail/dyn_class__struct.h
[4.195s] -- Installing: /home/parallels/DynORBBase/src/install/dynorb_interface/include/dynorb_interface/dynorb_interface/srv/detail/dyn_class__functions.c
[4.195s] -- Installing: /home/parallels/DynORBBase/src/install/dynorb_interface/include/dynorb_interface/dynorb_interface/srv/dyn_class.h
[4.195s] -- Installing: /home/parallels/DynORBBase/src/install/dynorb_interface/include/dynorb_interface/dynorb_interface/srv/feed_frame.h
[4.195s] -- Installing: /home/parallels/DynORBBase/src/install/dynorb_interface/share/dynorb_interface/environment/library_path.sh
[4.195s] -- Installing: /home/parallels/DynORBBase/src/install/dynorb_interface/share/dynorb_interface/environment/library_path.dsv
[4.196s] -- Installing: /home/parallels/DynORBBase/src/install/dynorb_interface/lib/libdynorb_interface__rosidl_generator_c.so
[4.196s] -- Set runtime path of "/home/parallels/DynORBBase/src/install/dynorb_interface/lib/libdynorb_interface__rosidl_generator_c.so" to ""
[4.196s] -- Up-to-date: /home/parallels/DynORBBase/src/install/dynorb_interface/include/dynorb_interface/dynorb_interface
[4.196s] -- Up-to-date: /home/parallels/DynORBBase/src/install/dynorb_interface/include/dynorb_interface/dynorb_interface/msg
[4.196s] -- Installing: /home/parallels/DynORBBase/src/install/dynorb_interface/include/dynorb_interface/dynorb_interface/msg/rosidl_typesupport_fastrtps_c__visibility_control.h
[4.196s] -- Up-to-date: /home/parallels/DynORBBase/src/install/dynorb_interface/include/dynorb_interface/dynorb_interface/srv
[4.196s] -- Up-to-date: /home/parallels/DynORBBase/src/install/dynorb_interface/include/dynorb_interface/dynorb_interface/srv/detail
[4.196s] -- Installing: /home/parallels/DynORBBase/src/install/dynorb_interface/include/dynorb_interface/dynorb_interface/srv/detail/feed_frame__rosidl_typesupport_fastrtps_c.h
[4.196s] -- Installing: /home/parallels/DynORBBase/src/install/dynorb_interface/include/dynorb_interface/dynorb_interface/srv/detail/dyn_class__rosidl_typesupport_fastrtps_c.h
[4.196s] -- Installing: /home/parallels/DynORBBase/src/install/dynorb_interface/lib/libdynorb_interface__rosidl_typesupport_fastrtps_c.so
[4.199s] -- Set runtime path of "/home/parallels/DynORBBase/src/install/dynorb_interface/lib/libdynorb_interface__rosidl_typesupport_fastrtps_c.so" to ""
[4.199s] -- Up-to-date: /home/parallels/DynORBBase/src/install/dynorb_interface/include/dynorb_interface/dynorb_interface
[4.199s] -- Up-to-date: /home/parallels/DynORBBase/src/install/dynorb_interface/include/dynorb_interface/dynorb_interface/srv
[4.199s] -- Up-to-date: /home/parallels/DynORBBase/src/install/dynorb_interface/include/dynorb_interface/dynorb_interface/srv/detail
[4.199s] -- Installing: /home/parallels/DynORBBase/src/install/dynorb_interface/include/dynorb_interface/dynorb_interface/srv/detail/feed_frame__traits.hpp
[4.199s] -- Installing: /home/parallels/DynORBBase/src/install/dynorb_interface/include/dynorb_interface/dynorb_interface/srv/detail/dyn_class__struct.hpp
[4.199s] -- Installing: /home/parallels/DynORBBase/src/install/dynorb_interface/include/dynorb_interface/dynorb_interface/srv/detail/dyn_class__traits.hpp
[4.199s] -- Installing: /home/parallels/DynORBBase/src/install/dynorb_interface/include/dynorb_interface/dynorb_interface/srv/detail/dyn_class__builder.hpp
[4.200s] -- Installing: /home/parallels/DynORBBase/src/install/dynorb_interface/include/dynorb_interface/dynorb_interface/srv/detail/feed_frame__builder.hpp
[4.200s] -- Installing: /home/parallels/DynORBBase/src/install/dynorb_interface/include/dynorb_interface/dynorb_interface/srv/detail/feed_frame__struct.hpp
[4.200s] -- Installing: /home/parallels/DynORBBase/src/install/dynorb_interface/include/dynorb_interface/dynorb_interface/srv/dyn_class.hpp
[4.200s] -- Installing: /home/parallels/DynORBBase/src/install/dynorb_interface/include/dynorb_interface/dynorb_interface/srv/feed_frame.hpp
[4.200s] -- Up-to-date: /home/parallels/DynORBBase/src/install/dynorb_interface/include/dynorb_interface/dynorb_interface
[4.200s] -- Up-to-date: /home/parallels/DynORBBase/src/install/dynorb_interface/include/dynorb_interface/dynorb_interface/msg
[4.200s] -- Installing: /home/parallels/DynORBBase/src/install/dynorb_interface/include/dynorb_interface/dynorb_interface/msg/rosidl_typesupport_fastrtps_cpp__visibility_control.h
[4.200s] -- Up-to-date: /home/parallels/DynORBBase/src/install/dynorb_interface/include/dynorb_interface/dynorb_interface/srv
[4.200s] -- Up-to-date: /home/parallels/DynORBBase/src/install/dynorb_interface/include/dynorb_interface/dynorb_interface/srv/detail
[4.200s] -- Installing: /home/parallels/DynORBBase/src/install/dynorb_interface/include/dynorb_interface/dynorb_interface/srv/detail/dds_fastrtps
[4.200s] -- Installing: /home/parallels/DynORBBase/src/install/dynorb_interface/include/dynorb_interface/dynorb_interface/srv/detail/feed_frame__rosidl_typesupport_fastrtps_cpp.hpp
[4.200s] -- Installing: /home/parallels/DynORBBase/src/install/dynorb_interface/include/dynorb_interface/dynorb_interface/srv/detail/dyn_class__rosidl_typesupport_fastrtps_cpp.hpp
[4.200s] -- Installing: /home/parallels/DynORBBase/src/install/dynorb_interface/lib/libdynorb_interface__rosidl_typesupport_fastrtps_cpp.so
[4.200s] -- Set runtime path of "/home/parallels/DynORBBase/src/install/dynorb_interface/lib/libdynorb_interface__rosidl_typesupport_fastrtps_cpp.so" to ""
[4.200s] -- Up-to-date: /home/parallels/DynORBBase/src/install/dynorb_interface/include/dynorb_interface/dynorb_interface
[4.200s] -- Up-to-date: /home/parallels/DynORBBase/src/install/dynorb_interface/include/dynorb_interface/dynorb_interface/msg
[4.200s] -- Installing: /home/parallels/DynORBBase/src/install/dynorb_interface/include/dynorb_interface/dynorb_interface/msg/rosidl_typesupport_introspection_c__visibility_control.h
[4.200s] -- Up-to-date: /home/parallels/DynORBBase/src/install/dynorb_interface/include/dynorb_interface/dynorb_interface/srv
[4.200s] -- Up-to-date: /home/parallels/DynORBBase/src/install/dynorb_interface/include/dynorb_interface/dynorb_interface/srv/detail
[4.200s] -- Installing: /home/parallels/DynORBBase/src/install/dynorb_interface/include/dynorb_interface/dynorb_interface/srv/detail/dyn_class__rosidl_typesupport_introspection_c.h
[4.200s] -- Installing: /home/parallels/DynORBBase/src/install/dynorb_interface/include/dynorb_interface/dynorb_interface/srv/detail/feed_frame__rosidl_typesupport_introspection_c.h
[4.200s] -- Installing: /home/parallels/DynORBBase/src/install/dynorb_interface/include/dynorb_interface/dynorb_interface/srv/detail/dyn_class__type_support.c
[4.200s] -- Installing: /home/parallels/DynORBBase/src/install/dynorb_interface/include/dynorb_interface/dynorb_interface/srv/detail/feed_frame__type_support.c
[4.200s] -- Installing: /home/parallels/DynORBBase/src/install/dynorb_interface/lib/libdynorb_interface__rosidl_typesupport_introspection_c.so
[4.200s] -- Set runtime path of "/home/parallels/DynORBBase/src/install/dynorb_interface/lib/libdynorb_interface__rosidl_typesupport_introspection_c.so" to ""
[4.200s] -- Installing: /home/parallels/DynORBBase/src/install/dynorb_interface/lib/libdynorb_interface__rosidl_typesupport_c.so
[4.200s] -- Set runtime path of "/home/parallels/DynORBBase/src/install/dynorb_interface/lib/libdynorb_interface__rosidl_typesupport_c.so" to ""
[4.200s] -- Up-to-date: /home/parallels/DynORBBase/src/install/dynorb_interface/include/dynorb_interface/dynorb_interface
[4.200s] -- Up-to-date: /home/parallels/DynORBBase/src/install/dynorb_interface/include/dynorb_interface/dynorb_interface/srv
[4.201s] -- Up-to-date: /home/parallels/DynORBBase/src/install/dynorb_interface/include/dynorb_interface/dynorb_interface/srv/detail
[4.201s] -- Installing: /home/parallels/DynORBBase/src/install/dynorb_interface/include/dynorb_interface/dynorb_interface/srv/detail/dyn_class__type_support.cpp
[4.201s] -- Installing: /home/parallels/DynORBBase/src/install/dynorb_interface/include/dynorb_interface/dynorb_interface/srv/detail/feed_frame__rosidl_typesupport_introspection_cpp.hpp
[4.201s] -- Installing: /home/parallels/DynORBBase/src/install/dynorb_interface/include/dynorb_interface/dynorb_interface/srv/detail/feed_frame__type_support.cpp
[4.201s] -- Installing: /home/parallels/DynORBBase/src/install/dynorb_interface/include/dynorb_interface/dynorb_interface/srv/detail/dyn_class__rosidl_typesupport_introspection_cpp.hpp
[4.201s] -- Installing: /home/parallels/DynORBBase/src/install/dynorb_interface/lib/libdynorb_interface__rosidl_typesupport_introspection_cpp.so
[4.201s] -- Set runtime path of "/home/parallels/DynORBBase/src/install/dynorb_interface/lib/libdynorb_interface__rosidl_typesupport_introspection_cpp.so" to ""
[4.201s] -- Installing: /home/parallels/DynORBBase/src/install/dynorb_interface/lib/libdynorb_interface__rosidl_typesupport_cpp.so
[4.201s] -- Set runtime path of "/home/parallels/DynORBBase/src/install/dynorb_interface/lib/libdynorb_interface__rosidl_typesupport_cpp.so" to ""
[4.201s] -- Installing: /home/parallels/DynORBBase/src/install/dynorb_interface/share/dynorb_interface/environment/pythonpath.sh
[4.201s] -- Installing: /home/parallels/DynORBBase/src/install/dynorb_interface/share/dynorb_interface/environment/pythonpath.dsv
[4.201s] -- Installing: /home/parallels/DynORBBase/src/install/dynorb_interface/local/lib/python3.10/dist-packages/dynorb_interface-0.0.0-py3.10.egg-info
[4.201s] -- Installing: /home/parallels/DynORBBase/src/install/dynorb_interface/local/lib/python3.10/dist-packages/dynorb_interface-0.0.0-py3.10.egg-info/dependency_links.txt
[4.201s] -- Installing: /home/parallels/DynORBBase/src/install/dynorb_interface/local/lib/python3.10/dist-packages/dynorb_interface-0.0.0-py3.10.egg-info/top_level.txt
[4.202s] -- Installing: /home/parallels/DynORBBase/src/install/dynorb_interface/local/lib/python3.10/dist-packages/dynorb_interface-0.0.0-py3.10.egg-info/PKG-INFO
[4.202s] -- Installing: /home/parallels/DynORBBase/src/install/dynorb_interface/local/lib/python3.10/dist-packages/dynorb_interface-0.0.0-py3.10.egg-info/SOURCES.txt
[4.202s] -- Installing: /home/parallels/DynORBBase/src/install/dynorb_interface/local/lib/python3.10/dist-packages/dynorb_interface
[4.202s] -- Installing: /home/parallels/DynORBBase/src/install/dynorb_interface/local/lib/python3.10/dist-packages/dynorb_interface/dynorb_interface_s__rosidl_typesupport_fastrtps_c.cpython-310-aarch64-linux-gnu.so
[4.202s] -- Installing: /home/parallels/DynORBBase/src/install/dynorb_interface/local/lib/python3.10/dist-packages/dynorb_interface/dynorb_interface_s__rosidl_typesupport_introspection_c.cpython-310-aarch64-linux-gnu.so
[4.202s] -- Installing: /home/parallels/DynORBBase/src/install/dynorb_interface/local/lib/python3.10/dist-packages/dynorb_interface/dynorb_interface_s__rosidl_typesupport_c.cpython-310-aarch64-linux-gnu.so
[4.202s] -- Installing: /home/parallels/DynORBBase/src/install/dynorb_interface/local/lib/python3.10/dist-packages/dynorb_interface/_dynorb_interface_s.ep.rosidl_typesupport_fastrtps_c.c
[4.203s] -- Installing: /home/parallels/DynORBBase/src/install/dynorb_interface/local/lib/python3.10/dist-packages/dynorb_interface/_dynorb_interface_s.ep.rosidl_typesupport_introspection_c.c
[4.203s] -- Installing: /home/parallels/DynORBBase/src/install/dynorb_interface/local/lib/python3.10/dist-packages/dynorb_interface/__init__.py
[4.203s] -- Installing: /home/parallels/DynORBBase/src/install/dynorb_interface/local/lib/python3.10/dist-packages/dynorb_interface/libdynorb_interface__rosidl_generator_py.so
[4.203s] -- Installing: /home/parallels/DynORBBase/src/install/dynorb_interface/local/lib/python3.10/dist-packages/dynorb_interface/srv
[4.203s] -- Installing: /home/parallels/DynORBBase/src/install/dynorb_interface/local/lib/python3.10/dist-packages/dynorb_interface/srv/_feed_frame.py
[4.203s] -- Installing: /home/parallels/DynORBBase/src/install/dynorb_interface/local/lib/python3.10/dist-packages/dynorb_interface/srv/_dyn_class_s.c
[4.203s] -- Installing: /home/parallels/DynORBBase/src/install/dynorb_interface/local/lib/python3.10/dist-packages/dynorb_interface/srv/_feed_frame_s.c
[4.204s] -- Installing: /home/parallels/DynORBBase/src/install/dynorb_interface/local/lib/python3.10/dist-packages/dynorb_interface/srv/__init__.py
[4.204s] -- Installing: /home/parallels/DynORBBase/src/install/dynorb_interface/local/lib/python3.10/dist-packages/dynorb_interface/srv/_dyn_class.py
[4.204s] -- Installing: /home/parallels/DynORBBase/src/install/dynorb_interface/local/lib/python3.10/dist-packages/dynorb_interface/_dynorb_interface_s.ep.rosidl_typesupport_c.c
[4.228s] Listing '/home/parallels/DynORBBase/src/install/dynorb_interface/local/lib/python3.10/dist-packages/dynorb_interface'...
[4.228s] Compiling '/home/parallels/DynORBBase/src/install/dynorb_interface/local/lib/python3.10/dist-packages/dynorb_interface/__init__.py'...
[4.228s] Listing '/home/parallels/DynORBBase/src/install/dynorb_interface/local/lib/python3.10/dist-packages/dynorb_interface/srv'...
[4.228s] Compiling '/home/parallels/DynORBBase/src/install/dynorb_interface/local/lib/python3.10/dist-packages/dynorb_interface/srv/__init__.py'...
[4.228s] Compiling '/home/parallels/DynORBBase/src/install/dynorb_interface/local/lib/python3.10/dist-packages/dynorb_interface/srv/_dyn_class.py'...
[4.228s] Compiling '/home/parallels/DynORBBase/src/install/dynorb_interface/local/lib/python3.10/dist-packages/dynorb_interface/srv/_feed_frame.py'...
[4.232s] -- Installing: /home/parallels/DynORBBase/src/install/dynorb_interface/local/lib/python3.10/dist-packages/dynorb_interface/dynorb_interface_s__rosidl_typesupport_fastrtps_c.cpython-310-aarch64-linux-gnu.so
[4.232s] -- Set runtime path of "/home/parallels/DynORBBase/src/install/dynorb_interface/local/lib/python3.10/dist-packages/dynorb_interface/dynorb_interface_s__rosidl_typesupport_fastrtps_c.cpython-310-aarch64-linux-gnu.so" to ""
[4.232s] -- Installing: /home/parallels/DynORBBase/src/install/dynorb_interface/local/lib/python3.10/dist-packages/dynorb_interface/dynorb_interface_s__rosidl_typesupport_introspection_c.cpython-310-aarch64-linux-gnu.so
[4.232s] -- Set runtime path of "/home/parallels/DynORBBase/src/install/dynorb_interface/local/lib/python3.10/dist-packages/dynorb_interface/dynorb_interface_s__rosidl_typesupport_introspection_c.cpython-310-aarch64-linux-gnu.so" to ""
[4.232s] -- Installing: /home/parallels/DynORBBase/src/install/dynorb_interface/local/lib/python3.10/dist-packages/dynorb_interface/dynorb_interface_s__rosidl_typesupport_c.cpython-310-aarch64-linux-gnu.so
[4.232s] -- Set runtime path of "/home/parallels/DynORBBase/src/install/dynorb_interface/local/lib/python3.10/dist-packages/dynorb_interface/dynorb_interface_s__rosidl_typesupport_c.cpython-310-aarch64-linux-gnu.so" to ""
[4.233s] -- Installing: /home/parallels/DynORBBase/src/install/dynorb_interface/lib/libdynorb_interface__rosidl_generator_py.so
[4.233s] -- Set runtime path of "/home/parallels/DynORBBase/src/install/dynorb_interface/lib/libdynorb_interface__rosidl_generator_py.so" to ""
[4.233s] -- Installing: /home/parallels/DynORBBase/src/install/dynorb_interface/share/dynorb_interface/srv/DynClass.idl
[4.233s] -- Installing: /home/parallels/DynORBBase/src/install/dynorb_interface/share/dynorb_interface/srv/FeedFrame.idl
[4.233s] -- Installing: /home/parallels/DynORBBase/src/install/dynorb_interface/share/dynorb_interface/srv/DynClass.srv
[4.233s] -- Installing: /home/parallels/DynORBBase/src/install/dynorb_interface/share/dynorb_interface/srv/DynClass_Request.msg
[4.233s] -- Installing: /home/parallels/DynORBBase/src/install/dynorb_interface/share/dynorb_interface/srv/DynClass_Response.msg
[4.233s] -- Installing: /home/parallels/DynORBBase/src/install/dynorb_interface/share/dynorb_interface/srv/FeedFrame.srv
[4.233s] -- Installing: /home/parallels/DynORBBase/src/install/dynorb_interface/share/dynorb_interface/srv/FeedFrame_Request.msg
[4.233s] -- Installing: /home/parallels/DynORBBase/src/install/dynorb_interface/share/dynorb_interface/srv/FeedFrame_Response.msg
[4.233s] -- Installing: /home/parallels/DynORBBase/src/install/dynorb_interface/share/ament_index/resource_index/package_run_dependencies/dynorb_interface
[4.234s] -- Installing: /home/parallels/DynORBBase/src/install/dynorb_interface/share/ament_index/resource_index/parent_prefix_path/dynorb_interface
[4.234s] -- Installing: /home/parallels/DynORBBase/src/install/dynorb_interface/share/dynorb_interface/environment/ament_prefix_path.sh
[4.234s] -- Installing: /home/parallels/DynORBBase/src/install/dynorb_interface/share/dynorb_interface/environment/ament_prefix_path.dsv
[4.234s] -- Installing: /home/parallels/DynORBBase/src/install/dynorb_interface/share/dynorb_interface/environment/path.sh
[4.234s] -- Installing: /home/parallels/DynORBBase/src/install/dynorb_interface/share/dynorb_interface/environment/path.dsv
[4.234s] -- Installing: /home/parallels/DynORBBase/src/install/dynorb_interface/share/dynorb_interface/local_setup.bash
[4.234s] -- Installing: /home/parallels/DynORBBase/src/install/dynorb_interface/share/dynorb_interface/local_setup.sh
[4.234s] -- Installing: /home/parallels/DynORBBase/src/install/dynorb_interface/share/dynorb_interface/local_setup.zsh
[4.234s] -- Installing: /home/parallels/DynORBBase/src/install/dynorb_interface/share/dynorb_interface/local_setup.dsv
[4.234s] -- Installing: /home/parallels/DynORBBase/src/install/dynorb_interface/share/dynorb_interface/package.dsv
[4.234s] -- Installing: /home/parallels/DynORBBase/src/install/dynorb_interface/share/ament_index/resource_index/packages/dynorb_interface
[4.235s] -- Installing: /home/parallels/DynORBBase/src/install/dynorb_interface/share/dynorb_interface/cmake/export_dynorb_interface__rosidl_generator_cExport.cmake
[4.235s] -- Installing: /home/parallels/DynORBBase/src/install/dynorb_interface/share/dynorb_interface/cmake/export_dynorb_interface__rosidl_generator_cExport-noconfig.cmake
[4.235s] -- Installing: /home/parallels/DynORBBase/src/install/dynorb_interface/share/dynorb_interface/cmake/export_dynorb_interface__rosidl_typesupport_fastrtps_cExport.cmake
[4.235s] -- Installing: /home/parallels/DynORBBase/src/install/dynorb_interface/share/dynorb_interface/cmake/export_dynorb_interface__rosidl_typesupport_fastrtps_cExport-noconfig.cmake
[4.235s] -- Installing: /home/parallels/DynORBBase/src/install/dynorb_interface/share/dynorb_interface/cmake/export_dynorb_interface__rosidl_generator_cppExport.cmake
[4.235s] -- Installing: /home/parallels/DynORBBase/src/install/dynorb_interface/share/dynorb_interface/cmake/export_dynorb_interface__rosidl_typesupport_fastrtps_cppExport.cmake
[4.235s] -- Installing: /home/parallels/DynORBBase/src/install/dynorb_interface/share/dynorb_interface/cmake/export_dynorb_interface__rosidl_typesupport_fastrtps_cppExport-noconfig.cmake
[4.235s] -- Installing: /home/parallels/DynORBBase/src/install/dynorb_interface/share/dynorb_interface/cmake/dynorb_interface__rosidl_typesupport_introspection_cExport.cmake
[4.235s] -- Installing: /home/parallels/DynORBBase/src/install/dynorb_interface/share/dynorb_interface/cmake/dynorb_interface__rosidl_typesupport_introspection_cExport-noconfig.cmake
[4.235s] -- Installing: /home/parallels/DynORBBase/src/install/dynorb_interface/share/dynorb_interface/cmake/dynorb_interface__rosidl_typesupport_cExport.cmake
[4.235s] -- Installing: /home/parallels/DynORBBase/src/install/dynorb_interface/share/dynorb_interface/cmake/dynorb_interface__rosidl_typesupport_cExport-noconfig.cmake
[4.236s] -- Installing: /home/parallels/DynORBBase/src/install/dynorb_interface/share/dynorb_interface/cmake/dynorb_interface__rosidl_typesupport_introspection_cppExport.cmake
[4.236s] -- Installing: /home/parallels/DynORBBase/src/install/dynorb_interface/share/dynorb_interface/cmake/dynorb_interface__rosidl_typesupport_introspection_cppExport-noconfig.cmake
[4.236s] -- Installing: /home/parallels/DynORBBase/src/install/dynorb_interface/share/dynorb_interface/cmake/dynorb_interface__rosidl_typesupport_cppExport.cmake
[4.236s] -- Installing: /home/parallels/DynORBBase/src/install/dynorb_interface/share/dynorb_interface/cmake/dynorb_interface__rosidl_typesupport_cppExport-noconfig.cmake
[4.236s] -- Installing: /home/parallels/DynORBBase/src/install/dynorb_interface/share/dynorb_interface/cmake/export_dynorb_interface__rosidl_generator_pyExport.cmake
[4.236s] -- Installing: /home/parallels/DynORBBase/src/install/dynorb_interface/share/dynorb_interface/cmake/export_dynorb_interface__rosidl_generator_pyExport-noconfig.cmake
[4.236s] -- Installing: /home/parallels/DynORBBase/src/install/dynorb_interface/share/dynorb_interface/cmake/rosidl_cmake-extras.cmake
[4.236s] -- Installing: /home/parallels/DynORBBase/src/install/dynorb_interface/share/dynorb_interface/cmake/ament_cmake_export_dependencies-extras.cmake
[4.236s] -- Installing: /home/parallels/DynORBBase/src/install/dynorb_interface/share/dynorb_interface/cmake/ament_cmake_export_include_directories-extras.cmake
[4.236s] -- Installing: /home/parallels/DynORBBase/src/install/dynorb_interface/share/dynorb_interface/cmake/ament_cmake_export_libraries-extras.cmake
[4.236s] -- Installing: /home/parallels/DynORBBase/src/install/dynorb_interface/share/dynorb_interface/cmake/ament_cmake_export_targets-extras.cmake
[4.236s] -- Installing: /home/parallels/DynORBBase/src/install/dynorb_interface/share/dynorb_interface/cmake/rosidl_cmake_export_typesupport_targets-extras.cmake
[4.237s] -- Installing: /home/parallels/DynORBBase/src/install/dynorb_interface/share/dynorb_interface/cmake/rosidl_cmake_export_typesupport_libraries-extras.cmake
[4.237s] -- Installing: /home/parallels/DynORBBase/src/install/dynorb_interface/share/dynorb_interface/cmake/dynorb_interfaceConfig.cmake
[4.237s] -- Installing: /home/parallels/DynORBBase/src/install/dynorb_interface/share/dynorb_interface/cmake/dynorb_interfaceConfig-version.cmake
[4.246s] -- Installing: /home/parallels/DynORBBase/src/install/dynorb_interface/share/dynorb_interface/package.xml
[4.246s] Invoked command in '/home/parallels/DynORBBase/src/build/dynorb_interface' returned '0': CMAKE_PREFIX_PATH=/opt/ros/humble /usr/bin/cmake --install /home/parallels/DynORBBase/src/build/dynorb_interface
