[0.461s] Invoking command in '/home/parallels/DynORBBase/src/sam_tracking': PYTHONPATH=/home/parallels/DynORBBase/src/build/sam_tracking/prefix_override:/usr/lib/python3/dist-packages/colcon_core/task/python/colcon_distutils_commands:/home/parallels/DynORBBase/src/install/sam_tracking/lib/python3.10/site-packages:${PYTHONPATH} /usr/bin/python3 -W ignore:setup.py install is deprecated setup.py egg_info --egg-base ../build/sam_tracking build --build-base /home/parallels/DynORBBase/src/build/sam_tracking/build install --record /home/parallels/DynORBBase/src/build/sam_tracking/install.log --single-version-externally-managed install_data
[0.783s] running egg_info
[0.783s] creating ../build/sam_tracking/sam_tracking.egg-info
[0.783s] writing ../build/sam_tracking/sam_tracking.egg-info/PKG-INFO
[0.783s] writing dependency_links to ../build/sam_tracking/sam_tracking.egg-info/dependency_links.txt
[0.783s] writing entry points to ../build/sam_tracking/sam_tracking.egg-info/entry_points.txt
[0.784s] writing requirements to ../build/sam_tracking/sam_tracking.egg-info/requires.txt
[0.784s] writing top-level names to ../build/sam_tracking/sam_tracking.egg-info/top_level.txt
[0.784s] writing manifest file '../build/sam_tracking/sam_tracking.egg-info/SOURCES.txt'
[0.785s] reading manifest file '../build/sam_tracking/sam_tracking.egg-info/SOURCES.txt'
[0.785s] adding license file 'LICENSE'
[0.786s] writing manifest file '../build/sam_tracking/sam_tracking.egg-info/SOURCES.txt'
[0.786s] running build
[0.786s] running build_py
[0.786s] creating /home/parallels/DynORBBase/src/build/sam_tracking/build
[0.786s] creating /home/parallels/DynORBBase/src/build/sam_tracking/build/lib
[0.786s] creating /home/parallels/DynORBBase/src/build/sam_tracking/build/lib/sam_tracking
[0.786s] copying sam_tracking/tracker.py -> /home/parallels/DynORBBase/src/build/sam_tracking/build/lib/sam_tracking
[0.786s] copying sam_tracking/__init__.py -> /home/parallels/DynORBBase/src/build/sam_tracking/build/lib/sam_tracking
[0.786s] running install
[0.787s] running install_lib
[0.787s] creating /home/parallels/DynORBBase/src/install/sam_tracking/lib/python3.10/site-packages/sam_tracking
[0.787s] copying /home/parallels/DynORBBase/src/build/sam_tracking/build/lib/sam_tracking/tracker.py -> /home/parallels/DynORBBase/src/install/sam_tracking/lib/python3.10/site-packages/sam_tracking
[0.787s] copying /home/parallels/DynORBBase/src/build/sam_tracking/build/lib/sam_tracking/__init__.py -> /home/parallels/DynORBBase/src/install/sam_tracking/lib/python3.10/site-packages/sam_tracking
[0.788s] byte-compiling /home/parallels/DynORBBase/src/install/sam_tracking/lib/python3.10/site-packages/sam_tracking/tracker.py to tracker.cpython-310.pyc
[0.788s] byte-compiling /home/parallels/DynORBBase/src/install/sam_tracking/lib/python3.10/site-packages/sam_tracking/__init__.py to __init__.cpython-310.pyc
[0.788s] running install_data
[0.788s] creating /home/parallels/DynORBBase/src/install/sam_tracking/share/ament_index
[0.788s] creating /home/parallels/DynORBBase/src/install/sam_tracking/share/ament_index/resource_index
[0.788s] creating /home/parallels/DynORBBase/src/install/sam_tracking/share/ament_index/resource_index/packages
[0.788s] copying resource/sam_tracking -> /home/parallels/DynORBBase/src/install/sam_tracking/share/ament_index/resource_index/packages
[0.789s] copying package.xml -> /home/parallels/DynORBBase/src/install/sam_tracking/share/sam_tracking
[0.789s] running install_egg_info
[0.799s] Copying ../build/sam_tracking/sam_tracking.egg-info to /home/parallels/DynORBBase/src/install/sam_tracking/lib/python3.10/site-packages/sam_tracking-0.0.0-py3.10.egg-info
[0.799s] running install_scripts
[0.829s] Installing tracker script to /home/parallels/DynORBBase/src/install/sam_tracking/lib/sam_tracking
[0.838s] writing list of installed files to '/home/parallels/DynORBBase/src/build/sam_tracking/install.log'
[0.866s] Invoked command in '/home/parallels/DynORBBase/src/sam_tracking' returned '0': PYTHONPATH=/home/parallels/DynORBBase/src/build/sam_tracking/prefix_override:/usr/lib/python3/dist-packages/colcon_core/task/python/colcon_distutils_commands:/home/parallels/DynORBBase/src/install/sam_tracking/lib/python3.10/site-packages:${PYTHONPATH} /usr/bin/python3 -W ignore:setup.py install is deprecated setup.py egg_info --egg-base ../build/sam_tracking build --build-base /home/parallels/DynORBBase/src/build/sam_tracking/build install --record /home/parallels/DynORBBase/src/build/sam_tracking/install.log --single-version-externally-managed install_data
