[0.082s] DEBUG:colcon:Command line arguments: ['/usr/bin/colcon', 'build']
[0.082s] DEBUG:colcon:Parsed command line arguments: Namespace(log_base=None, log_level=None, verb_name='build', build_base='build', install_base='install', merge_install=False, symlink_install=False, test_result_base=None, continue_on_error=False, executor='parallel', parallel_workers=2, event_handlers=None, ignore_user_meta=False, metas=['./colcon.meta'], base_paths=['.'], packages_ignore=None, packages_ignore_regex=None, paths=None, packages_up_to=None, packages_up_to_regex=None, packages_above=None, packages_above_and_dependencies=None, packages_above_depth=None, packages_select_by_dep=None, packages_skip_by_dep=None, packages_skip_up_to=None, packages_select_build_failed=False, packages_skip_build_finished=False, packages_select_test_failures=False, packages_skip_test_passed=False, packages_select=None, packages_skip=None, packages_select_regex=None, packages_skip_regex=None, packages_start=None, packages_end=None, allow_overriding=[], cmake_args=None, cmake_target=None, cmake_target_skip_unavailable=False, cmake_clean_cache=False, cmake_clean_first=False, cmake_force_configure=False, ament_cmake_args=None, catkin_cmake_args=None, catkin_skip_building_tests=False, mixin_files=None, mixin=None, verb_parser=<colcon_mixin.mixin.mixin_argument.MixinArgumentDecorator object at 0xffff7f152ec0>, verb_extension=<colcon_core.verb.build.BuildVerb object at 0xffff7f1528f0>, main=<bound method BuildVerb.main of <colcon_core.verb.build.BuildVerb object at 0xffff7f1528f0>>, mixin_verb=('build',))
[0.216s] Level 1:colcon.colcon_core.package_discovery:discover_packages(colcon_meta) check parameters
[0.216s] Level 1:colcon.colcon_core.package_discovery:discover_packages(recursive) check parameters
[0.216s] Level 1:colcon.colcon_core.package_discovery:discover_packages(ignore) check parameters
[0.216s] Level 1:colcon.colcon_core.package_discovery:discover_packages(path) check parameters
[0.216s] Level 1:colcon.colcon_core.package_discovery:discover_packages(colcon_meta) discover
[0.216s] Level 1:colcon.colcon_core.package_discovery:discover_packages(recursive) discover
[0.216s] INFO:colcon.colcon_core.package_discovery:Crawling recursively for packages in '/home/parallels/DynORBBase/src'
[0.216s] Level 1:colcon.colcon_core.package_identification:_identify(.) by extensions ['ignore', 'ignore_ament_install']
[0.216s] Level 1:colcon.colcon_core.package_identification:_identify(.) by extension 'ignore'
[0.216s] Level 1:colcon.colcon_core.package_identification:_identify(.) by extension 'ignore_ament_install'
[0.217s] Level 1:colcon.colcon_core.package_identification:_identify(.) by extensions ['colcon_pkg']
[0.217s] Level 1:colcon.colcon_core.package_identification:_identify(.) by extension 'colcon_pkg'
[0.217s] Level 1:colcon.colcon_core.package_identification:_identify(.) by extensions ['colcon_meta']
[0.217s] Level 1:colcon.colcon_core.package_identification:_identify(.) by extension 'colcon_meta'
[0.217s] Level 1:colcon.colcon_core.package_identification:_identify(.) by extensions ['ros']
[0.217s] Level 1:colcon.colcon_core.package_identification:_identify(.) by extension 'ros'
[0.226s] Level 1:colcon.colcon_core.package_identification:_identify(.) by extensions ['cmake', 'python']
[0.226s] Level 1:colcon.colcon_core.package_identification:_identify(.) by extension 'cmake'
[0.226s] Level 1:colcon.colcon_core.package_identification:_identify(.) by extension 'python'
[0.226s] Level 1:colcon.colcon_core.package_identification:_identify(.) by extensions ['python_setup_py']
[0.226s] Level 1:colcon.colcon_core.package_identification:_identify(.) by extension 'python_setup_py'
[0.226s] Level 1:colcon.colcon_core.package_identification:_identify(build) by extensions ['ignore', 'ignore_ament_install']
[0.226s] Level 1:colcon.colcon_core.package_identification:_identify(build) by extension 'ignore'
[0.226s] Level 1:colcon.colcon_core.package_identification:_identify(build) ignored
[0.227s] Level 1:colcon.colcon_core.package_identification:_identify(dynorb) by extensions ['ignore', 'ignore_ament_install']
[0.227s] Level 1:colcon.colcon_core.package_identification:_identify(dynorb) by extension 'ignore'
[0.227s] Level 1:colcon.colcon_core.package_identification:_identify(dynorb) by extension 'ignore_ament_install'
[0.227s] Level 1:colcon.colcon_core.package_identification:_identify(dynorb) by extensions ['colcon_pkg']
[0.227s] Level 1:colcon.colcon_core.package_identification:_identify(dynorb) by extension 'colcon_pkg'
[0.227s] Level 1:colcon.colcon_core.package_identification:_identify(dynorb) by extensions ['colcon_meta']
[0.227s] Level 1:colcon.colcon_core.package_identification:_identify(dynorb) by extension 'colcon_meta'
[0.227s] Level 1:colcon.colcon_core.package_identification:_identify(dynorb) by extensions ['ros']
[0.227s] Level 1:colcon.colcon_core.package_identification:_identify(dynorb) by extension 'ros'
[0.228s] DEBUG:colcon.colcon_core.package_identification:Package 'dynorb' with type 'ros.ament_cmake' and name 'dynorb'
[0.228s] Level 1:colcon.colcon_core.package_identification:_identify(dynorb_interface) by extensions ['ignore', 'ignore_ament_install']
[0.229s] Level 1:colcon.colcon_core.package_identification:_identify(dynorb_interface) by extension 'ignore'
[0.229s] Level 1:colcon.colcon_core.package_identification:_identify(dynorb_interface) by extension 'ignore_ament_install'
[0.229s] Level 1:colcon.colcon_core.package_identification:_identify(dynorb_interface) by extensions ['colcon_pkg']
[0.229s] Level 1:colcon.colcon_core.package_identification:_identify(dynorb_interface) by extension 'colcon_pkg'
[0.229s] Level 1:colcon.colcon_core.package_identification:_identify(dynorb_interface) by extensions ['colcon_meta']
[0.229s] Level 1:colcon.colcon_core.package_identification:_identify(dynorb_interface) by extension 'colcon_meta'
[0.229s] Level 1:colcon.colcon_core.package_identification:_identify(dynorb_interface) by extensions ['ros']
[0.229s] Level 1:colcon.colcon_core.package_identification:_identify(dynorb_interface) by extension 'ros'
[0.229s] DEBUG:colcon.colcon_core.package_identification:Package 'dynorb_interface' with type 'ros.ament_cmake' and name 'dynorb_interface'
[0.229s] Level 1:colcon.colcon_core.package_identification:_identify(install) by extensions ['ignore', 'ignore_ament_install']
[0.229s] Level 1:colcon.colcon_core.package_identification:_identify(install) by extension 'ignore'
[0.229s] Level 1:colcon.colcon_core.package_identification:_identify(install) ignored
[0.229s] Level 1:colcon.colcon_core.package_identification:_identify(log) by extensions ['ignore', 'ignore_ament_install']
[0.230s] Level 1:colcon.colcon_core.package_identification:_identify(log) by extension 'ignore'
[0.230s] Level 1:colcon.colcon_core.package_identification:_identify(log) ignored
[0.230s] Level 1:colcon.colcon_core.package_identification:_identify(sam-coco-integration) by extensions ['ignore', 'ignore_ament_install']
[0.230s] Level 1:colcon.colcon_core.package_identification:_identify(sam-coco-integration) by extension 'ignore'
[0.230s] Level 1:colcon.colcon_core.package_identification:_identify(sam-coco-integration) by extension 'ignore_ament_install'
[0.230s] Level 1:colcon.colcon_core.package_identification:_identify(sam-coco-integration) by extensions ['colcon_pkg']
[0.230s] Level 1:colcon.colcon_core.package_identification:_identify(sam-coco-integration) by extension 'colcon_pkg'
[0.230s] Level 1:colcon.colcon_core.package_identification:_identify(sam-coco-integration) by extensions ['colcon_meta']
[0.230s] Level 1:colcon.colcon_core.package_identification:_identify(sam-coco-integration) by extension 'colcon_meta'
[0.230s] Level 1:colcon.colcon_core.package_identification:_identify(sam-coco-integration) by extensions ['ros']
[0.230s] Level 1:colcon.colcon_core.package_identification:_identify(sam-coco-integration) by extension 'ros'
[0.230s] Level 1:colcon.colcon_core.package_identification:_identify(sam-coco-integration) by extensions ['cmake', 'python']
[0.230s] Level 1:colcon.colcon_core.package_identification:_identify(sam-coco-integration) by extension 'cmake'
[0.230s] Level 1:colcon.colcon_core.package_identification:_identify(sam-coco-integration) by extension 'python'
[0.230s] Level 1:colcon.colcon_core.package_identification:_identify(sam-coco-integration) by extensions ['python_setup_py']
[0.230s] Level 1:colcon.colcon_core.package_identification:_identify(sam-coco-integration) by extension 'python_setup_py'
[0.230s] Level 1:colcon.colcon_core.package_identification:_identify(sam_tracking) by extensions ['ignore', 'ignore_ament_install']
[0.230s] Level 1:colcon.colcon_core.package_identification:_identify(sam_tracking) by extension 'ignore'
[0.230s] Level 1:colcon.colcon_core.package_identification:_identify(sam_tracking) by extension 'ignore_ament_install'
[0.230s] Level 1:colcon.colcon_core.package_identification:_identify(sam_tracking) by extensions ['colcon_pkg']
[0.230s] Level 1:colcon.colcon_core.package_identification:_identify(sam_tracking) by extension 'colcon_pkg'
[0.230s] Level 1:colcon.colcon_core.package_identification:_identify(sam_tracking) by extensions ['colcon_meta']
[0.230s] Level 1:colcon.colcon_core.package_identification:_identify(sam_tracking) by extension 'colcon_meta'
[0.230s] Level 1:colcon.colcon_core.package_identification:_identify(sam_tracking) by extensions ['ros']
[0.230s] Level 1:colcon.colcon_core.package_identification:_identify(sam_tracking) by extension 'ros'
[0.230s] DEBUG:colcon.colcon_core.package_identification:Package 'sam_tracking' with type 'ros.ament_python' and name 'sam_tracking'
[0.231s] Level 1:colcon.colcon_core.package_discovery:discover_packages(recursive) using defaults
[0.231s] Level 1:colcon.colcon_core.package_discovery:discover_packages(ignore) discover
[0.231s] Level 1:colcon.colcon_core.package_discovery:discover_packages(ignore) using defaults
[0.231s] Level 1:colcon.colcon_core.package_discovery:discover_packages(path) discover
[0.231s] Level 1:colcon.colcon_core.package_discovery:discover_packages(path) using defaults
[0.253s] Level 1:colcon.colcon_core.package_discovery:discover_packages(prefix_path) check parameters
[0.253s] Level 1:colcon.colcon_core.package_discovery:discover_packages(prefix_path) discover
[0.255s] DEBUG:colcon.colcon_installed_package_information.package_discovery:Found 4 installed packages in /home/parallels/DynORBBase/src/install
[0.256s] DEBUG:colcon.colcon_installed_package_information.package_discovery:Found 270 installed packages in /opt/ros/humble
[0.257s] Level 1:colcon.colcon_core.package_discovery:discover_packages(prefix_path) using defaults
[0.287s] Level 5:colcon.colcon_core.verb:set package 'dynorb' build argument 'cmake_args' from command line to 'None'
[0.287s] Level 5:colcon.colcon_core.verb:set package 'dynorb' build argument 'cmake_target' from command line to 'None'
[0.287s] Level 5:colcon.colcon_core.verb:set package 'dynorb' build argument 'cmake_target_skip_unavailable' from command line to 'False'
[0.287s] Level 5:colcon.colcon_core.verb:set package 'dynorb' build argument 'cmake_clean_cache' from command line to 'False'
[0.287s] Level 5:colcon.colcon_core.verb:set package 'dynorb' build argument 'cmake_clean_first' from command line to 'False'
[0.287s] Level 5:colcon.colcon_core.verb:set package 'dynorb' build argument 'cmake_force_configure' from command line to 'False'
[0.287s] Level 5:colcon.colcon_core.verb:set package 'dynorb' build argument 'ament_cmake_args' from command line to 'None'
[0.287s] Level 5:colcon.colcon_core.verb:set package 'dynorb' build argument 'catkin_cmake_args' from command line to 'None'
[0.287s] Level 5:colcon.colcon_core.verb:set package 'dynorb' build argument 'catkin_skip_building_tests' from command line to 'False'
[0.287s] DEBUG:colcon.colcon_core.verb:Building package 'dynorb' with the following arguments: {'ament_cmake_args': None, 'build_base': '/home/parallels/DynORBBase/src/build/dynorb', 'catkin_cmake_args': None, 'catkin_skip_building_tests': False, 'cmake_args': None, 'cmake_clean_cache': False, 'cmake_clean_first': False, 'cmake_force_configure': False, 'cmake_target': None, 'cmake_target_skip_unavailable': False, 'install_base': '/home/parallels/DynORBBase/src/install/dynorb', 'merge_install': False, 'path': '/home/parallels/DynORBBase/src/dynorb', 'symlink_install': False, 'test_result_base': None}
[0.287s] Level 5:colcon.colcon_core.verb:set package 'dynorb_interface' build argument 'cmake_args' from command line to 'None'
[0.287s] Level 5:colcon.colcon_core.verb:set package 'dynorb_interface' build argument 'cmake_target' from command line to 'None'
[0.287s] Level 5:colcon.colcon_core.verb:set package 'dynorb_interface' build argument 'cmake_target_skip_unavailable' from command line to 'False'
[0.287s] Level 5:colcon.colcon_core.verb:set package 'dynorb_interface' build argument 'cmake_clean_cache' from command line to 'False'
[0.288s] Level 5:colcon.colcon_core.verb:set package 'dynorb_interface' build argument 'cmake_clean_first' from command line to 'False'
[0.288s] Level 5:colcon.colcon_core.verb:set package 'dynorb_interface' build argument 'cmake_force_configure' from command line to 'False'
[0.288s] Level 5:colcon.colcon_core.verb:set package 'dynorb_interface' build argument 'ament_cmake_args' from command line to 'None'
[0.288s] Level 5:colcon.colcon_core.verb:set package 'dynorb_interface' build argument 'catkin_cmake_args' from command line to 'None'
[0.288s] Level 5:colcon.colcon_core.verb:set package 'dynorb_interface' build argument 'catkin_skip_building_tests' from command line to 'False'
[0.288s] DEBUG:colcon.colcon_core.verb:Building package 'dynorb_interface' with the following arguments: {'ament_cmake_args': None, 'build_base': '/home/parallels/DynORBBase/src/build/dynorb_interface', 'catkin_cmake_args': None, 'catkin_skip_building_tests': False, 'cmake_args': None, 'cmake_clean_cache': False, 'cmake_clean_first': False, 'cmake_force_configure': False, 'cmake_target': None, 'cmake_target_skip_unavailable': False, 'install_base': '/home/parallels/DynORBBase/src/install/dynorb_interface', 'merge_install': False, 'path': '/home/parallels/DynORBBase/src/dynorb_interface', 'symlink_install': False, 'test_result_base': None}
[0.288s] Level 5:colcon.colcon_core.verb:set package 'sam_tracking' build argument 'cmake_args' from command line to 'None'
[0.288s] Level 5:colcon.colcon_core.verb:set package 'sam_tracking' build argument 'cmake_target' from command line to 'None'
[0.288s] Level 5:colcon.colcon_core.verb:set package 'sam_tracking' build argument 'cmake_target_skip_unavailable' from command line to 'False'
[0.288s] Level 5:colcon.colcon_core.verb:set package 'sam_tracking' build argument 'cmake_clean_cache' from command line to 'False'
[0.288s] Level 5:colcon.colcon_core.verb:set package 'sam_tracking' build argument 'cmake_clean_first' from command line to 'False'
[0.288s] Level 5:colcon.colcon_core.verb:set package 'sam_tracking' build argument 'cmake_force_configure' from command line to 'False'
[0.288s] Level 5:colcon.colcon_core.verb:set package 'sam_tracking' build argument 'ament_cmake_args' from command line to 'None'
[0.288s] Level 5:colcon.colcon_core.verb:set package 'sam_tracking' build argument 'catkin_cmake_args' from command line to 'None'
[0.288s] Level 5:colcon.colcon_core.verb:set package 'sam_tracking' build argument 'catkin_skip_building_tests' from command line to 'False'
[0.288s] DEBUG:colcon.colcon_core.verb:Building package 'sam_tracking' with the following arguments: {'ament_cmake_args': None, 'build_base': '/home/parallels/DynORBBase/src/build/sam_tracking', 'catkin_cmake_args': None, 'catkin_skip_building_tests': False, 'cmake_args': None, 'cmake_clean_cache': False, 'cmake_clean_first': False, 'cmake_force_configure': False, 'cmake_target': None, 'cmake_target_skip_unavailable': False, 'install_base': '/home/parallels/DynORBBase/src/install/sam_tracking', 'merge_install': False, 'path': '/home/parallels/DynORBBase/src/sam_tracking', 'symlink_install': False, 'test_result_base': None}
[0.288s] INFO:colcon.colcon_core.executor:Executing jobs using 'parallel' executor
[0.289s] DEBUG:colcon.colcon_parallel_executor.executor.parallel:run_until_complete
[0.289s] INFO:colcon.colcon_ros.task.ament_cmake.build:Building ROS package in '/home/parallels/DynORBBase/src/dynorb' with build type 'ament_cmake'
[0.289s] INFO:colcon.colcon_cmake.task.cmake.build:Building CMake package in '/home/parallels/DynORBBase/src/dynorb'
[0.291s] INFO:colcon.colcon_core.plugin_system:Skipping extension 'colcon_core.shell.bat': Not used on non-Windows systems
[0.291s] INFO:colcon.colcon_core.shell:Skip shell extension 'powershell' for command environment: Not usable outside of PowerShell
[0.291s] DEBUG:colcon.colcon_core.shell:Skip shell extension 'dsv' for command environment
[0.294s] INFO:colcon.colcon_ros.task.ament_cmake.build:Building ROS package in '/home/parallels/DynORBBase/src/dynorb_interface' with build type 'ament_cmake'
[0.294s] INFO:colcon.colcon_cmake.task.cmake.build:Building CMake package in '/home/parallels/DynORBBase/src/dynorb_interface'
[0.294s] INFO:colcon.colcon_core.shell:Skip shell extension 'powershell' for command environment: Not usable outside of PowerShell
[0.294s] DEBUG:colcon.colcon_core.shell:Skip shell extension 'dsv' for command environment
[0.303s] DEBUG:colcon.colcon_core.event_handler.log_command:Invoking command in '/home/parallels/DynORBBase/src/build/dynorb': CMAKE_PREFIX_PATH=${CMAKE_PREFIX_PATH}:/home/parallels/DynORBBase/src/install/sam_tracking:/opt/ros/humble /usr/bin/cmake --build /home/parallels/DynORBBase/src/build/dynorb -- -j2 -l2
[0.312s] DEBUG:colcon.colcon_core.event_handler.log_command:Invoking command in '/home/parallels/DynORBBase/src/build/dynorb_interface': CMAKE_PREFIX_PATH=${CMAKE_PREFIX_PATH}:/home/parallels/DynORBBase/src/install/sam_tracking:/opt/ros/humble /usr/bin/cmake --build /home/parallels/DynORBBase/src/build/dynorb_interface -- -j2 -l2
[0.546s] DEBUG:colcon.colcon_core.event_handler.log_command:Invoked command in '/home/parallels/DynORBBase/src/build/dynorb' returned '0': CMAKE_PREFIX_PATH=${CMAKE_PREFIX_PATH}:/home/parallels/DynORBBase/src/install/sam_tracking:/opt/ros/humble /usr/bin/cmake --build /home/parallels/DynORBBase/src/build/dynorb -- -j2 -l2
[0.658s] DEBUG:colcon.colcon_core.event_handler.log_command:Invoking command in '/home/parallels/DynORBBase/src/build/dynorb': CMAKE_PREFIX_PATH=${CMAKE_PREFIX_PATH}:/home/parallels/DynORBBase/src/install/sam_tracking:/opt/ros/humble /usr/bin/cmake --install /home/parallels/DynORBBase/src/build/dynorb
[0.687s] Level 1:colcon.colcon_core.environment:create_environment_scripts_only(dynorb)
[0.689s] Level 1:colcon.colcon_core.environment:checking '/home/parallels/DynORBBase/src/install/dynorb' for CMake module files
[0.689s] Level 1:colcon.colcon_core.environment:checking '/home/parallels/DynORBBase/src/install/dynorb' for CMake config files
[0.690s] Level 1:colcon.colcon_core.shell:create_environment_hook('dynorb', 'cmake_prefix_path')
[0.690s] INFO:colcon.colcon_core.shell:Creating environment hook '/home/parallels/DynORBBase/src/install/dynorb/share/dynorb/hook/cmake_prefix_path.ps1'
[0.690s] INFO:colcon.colcon_core.shell:Creating environment descriptor '/home/parallels/DynORBBase/src/install/dynorb/share/dynorb/hook/cmake_prefix_path.dsv'
[0.691s] INFO:colcon.colcon_core.shell:Creating environment hook '/home/parallels/DynORBBase/src/install/dynorb/share/dynorb/hook/cmake_prefix_path.sh'
[0.691s] Level 1:colcon.colcon_core.environment:checking '/home/parallels/DynORBBase/src/install/dynorb/bin'
[0.692s] Level 1:colcon.colcon_core.environment:checking '/home/parallels/DynORBBase/src/install/dynorb/lib/pkgconfig/dynorb.pc'
[0.692s] Level 1:colcon.colcon_core.environment:checking '/home/parallels/DynORBBase/src/install/dynorb/lib/python3.10/site-packages'
[0.692s] Level 1:colcon.colcon_core.environment:checking '/home/parallels/DynORBBase/src/install/dynorb/bin'
[0.692s] INFO:colcon.colcon_core.shell:Creating package script '/home/parallels/DynORBBase/src/install/dynorb/share/dynorb/package.ps1'
[0.693s] INFO:colcon.colcon_core.shell:Creating package descriptor '/home/parallels/DynORBBase/src/install/dynorb/share/dynorb/package.dsv'
[0.693s] INFO:colcon.colcon_core.shell:Creating package script '/home/parallels/DynORBBase/src/install/dynorb/share/dynorb/package.sh'
[0.699s] DEBUG:colcon.colcon_core.event_handler.log_command:Invoked command in '/home/parallels/DynORBBase/src/build/dynorb' returned '0': CMAKE_PREFIX_PATH=${CMAKE_PREFIX_PATH}:/home/parallels/DynORBBase/src/install/sam_tracking:/opt/ros/humble /usr/bin/cmake --install /home/parallels/DynORBBase/src/build/dynorb
[0.700s] INFO:colcon.colcon_core.shell:Creating package script '/home/parallels/DynORBBase/src/install/dynorb/share/dynorb/package.bash'
[0.700s] INFO:colcon.colcon_core.shell:Creating package script '/home/parallels/DynORBBase/src/install/dynorb/share/dynorb/package.zsh'
[0.701s] Level 1:colcon.colcon_core.environment:create_file_with_runtime_dependencies(/home/parallels/DynORBBase/src/install/dynorb/share/colcon-core/packages/dynorb)
[0.806s] DEBUG:colcon.colcon_core.event_handler.log_command:Invoked command in '/home/parallels/DynORBBase/src/build/dynorb_interface' returned '0': CMAKE_PREFIX_PATH=${CMAKE_PREFIX_PATH}:/home/parallels/DynORBBase/src/install/sam_tracking:/opt/ros/humble /usr/bin/cmake --build /home/parallels/DynORBBase/src/build/dynorb_interface -- -j2 -l2
[0.835s] Level 1:colcon.colcon_core.environment:create_environment_scripts_only(dynorb)
[0.836s] Level 1:colcon.colcon_core.environment:checking '/home/parallels/DynORBBase/src/install/dynorb' for CMake module files
[0.836s] Level 1:colcon.colcon_core.environment:checking '/home/parallels/DynORBBase/src/install/dynorb' for CMake config files
[0.836s] Level 1:colcon.colcon_core.shell:create_environment_hook('dynorb', 'cmake_prefix_path')
[0.837s] INFO:colcon.colcon_core.shell:Creating environment hook '/home/parallels/DynORBBase/src/install/dynorb/share/dynorb/hook/cmake_prefix_path.ps1'
[0.838s] INFO:colcon.colcon_core.shell:Creating environment descriptor '/home/parallels/DynORBBase/src/install/dynorb/share/dynorb/hook/cmake_prefix_path.dsv'
[0.839s] INFO:colcon.colcon_core.shell:Creating environment hook '/home/parallels/DynORBBase/src/install/dynorb/share/dynorb/hook/cmake_prefix_path.sh'
[0.840s] Level 1:colcon.colcon_core.environment:checking '/home/parallels/DynORBBase/src/install/dynorb/bin'
[0.840s] Level 1:colcon.colcon_core.environment:checking '/home/parallels/DynORBBase/src/install/dynorb/lib/pkgconfig/dynorb.pc'
[0.841s] Level 1:colcon.colcon_core.environment:checking '/home/parallels/DynORBBase/src/install/dynorb/lib/python3.10/site-packages'
[0.842s] Level 1:colcon.colcon_core.environment:checking '/home/parallels/DynORBBase/src/install/dynorb/bin'
[0.842s] INFO:colcon.colcon_core.shell:Creating package script '/home/parallels/DynORBBase/src/install/dynorb/share/dynorb/package.ps1'
[0.843s] INFO:colcon.colcon_core.shell:Creating package descriptor '/home/parallels/DynORBBase/src/install/dynorb/share/dynorb/package.dsv'
[0.844s] INFO:colcon.colcon_core.shell:Creating package script '/home/parallels/DynORBBase/src/install/dynorb/share/dynorb/package.sh'
[0.844s] INFO:colcon.colcon_core.shell:Creating package script '/home/parallels/DynORBBase/src/install/dynorb/share/dynorb/package.bash'
[0.845s] INFO:colcon.colcon_core.shell:Creating package script '/home/parallels/DynORBBase/src/install/dynorb/share/dynorb/package.zsh'
[0.845s] Level 1:colcon.colcon_core.environment:create_file_with_runtime_dependencies(/home/parallels/DynORBBase/src/install/dynorb/share/colcon-core/packages/dynorb)
[0.847s] INFO:colcon.colcon_ros.task.ament_python.build:Building ROS package in '/home/parallels/DynORBBase/src/sam_tracking' with build type 'ament_python'
[0.847s] Level 1:colcon.colcon_core.shell:create_environment_hook('sam_tracking', 'ament_prefix_path')
[0.847s] INFO:colcon.colcon_core.shell:Creating environment hook '/home/parallels/DynORBBase/src/install/sam_tracking/share/sam_tracking/hook/ament_prefix_path.ps1'
[0.848s] INFO:colcon.colcon_core.shell:Creating environment descriptor '/home/parallels/DynORBBase/src/install/sam_tracking/share/sam_tracking/hook/ament_prefix_path.dsv'
[0.848s] INFO:colcon.colcon_core.shell:Creating environment hook '/home/parallels/DynORBBase/src/install/sam_tracking/share/sam_tracking/hook/ament_prefix_path.sh'
[0.849s] INFO:colcon.colcon_core.shell:Skip shell extension 'powershell' for command environment: Not usable outside of PowerShell
[0.849s] DEBUG:colcon.colcon_core.shell:Skip shell extension 'dsv' for command environment
[1.035s] INFO:colcon.colcon_core.task.python.build:Building Python package in '/home/parallels/DynORBBase/src/sam_tracking'
[1.035s] INFO:colcon.colcon_core.shell:Skip shell extension 'powershell' for command environment: Not usable outside of PowerShell
[1.035s] DEBUG:colcon.colcon_core.shell:Skip shell extension 'dsv' for command environment
[1.039s] DEBUG:colcon.colcon_core.event_handler.log_command:Invoking command in '/home/parallels/DynORBBase/src/build/dynorb_interface': CMAKE_PREFIX_PATH=${CMAKE_PREFIX_PATH}:/home/parallels/DynORBBase/src/install/sam_tracking:/opt/ros/humble /usr/bin/cmake --install /home/parallels/DynORBBase/src/build/dynorb_interface
[1.142s] Level 1:colcon.colcon_core.environment:create_environment_scripts_only(dynorb_interface)
[1.142s] Level 1:colcon.colcon_core.environment:checking '/home/parallels/DynORBBase/src/install/dynorb_interface' for CMake module files
[1.143s] Level 1:colcon.colcon_core.environment:checking '/home/parallels/DynORBBase/src/install/dynorb_interface' for CMake config files
[1.143s] Level 1:colcon.colcon_core.shell:create_environment_hook('dynorb_interface', 'cmake_prefix_path')
[1.144s] INFO:colcon.colcon_core.shell:Creating environment hook '/home/parallels/DynORBBase/src/install/dynorb_interface/share/dynorb_interface/hook/cmake_prefix_path.ps1'
[1.144s] INFO:colcon.colcon_core.shell:Creating environment descriptor '/home/parallels/DynORBBase/src/install/dynorb_interface/share/dynorb_interface/hook/cmake_prefix_path.dsv'
[1.144s] INFO:colcon.colcon_core.shell:Creating environment hook '/home/parallels/DynORBBase/src/install/dynorb_interface/share/dynorb_interface/hook/cmake_prefix_path.sh'
[1.145s] Level 1:colcon.colcon_core.environment:checking '/home/parallels/DynORBBase/src/install/dynorb_interface/lib'
[1.145s] Level 1:colcon.colcon_core.shell:create_environment_hook('dynorb_interface', 'ld_library_path_lib')
[1.145s] INFO:colcon.colcon_core.shell:Creating environment hook '/home/parallels/DynORBBase/src/install/dynorb_interface/share/dynorb_interface/hook/ld_library_path_lib.ps1'
[1.145s] INFO:colcon.colcon_core.shell:Creating environment descriptor '/home/parallels/DynORBBase/src/install/dynorb_interface/share/dynorb_interface/hook/ld_library_path_lib.dsv'
[1.146s] INFO:colcon.colcon_core.shell:Creating environment hook '/home/parallels/DynORBBase/src/install/dynorb_interface/share/dynorb_interface/hook/ld_library_path_lib.sh'
[1.146s] Level 1:colcon.colcon_core.environment:checking '/home/parallels/DynORBBase/src/install/dynorb_interface/bin'
[1.146s] Level 1:colcon.colcon_core.environment:checking '/home/parallels/DynORBBase/src/install/dynorb_interface/lib/pkgconfig/dynorb_interface.pc'
[1.146s] Level 1:colcon.colcon_core.environment:checking '/home/parallels/DynORBBase/src/install/dynorb_interface/lib/python3.10/site-packages'
[1.147s] Level 1:colcon.colcon_core.environment:checking '/home/parallels/DynORBBase/src/install/dynorb_interface/bin'
[1.147s] INFO:colcon.colcon_core.shell:Creating package script '/home/parallels/DynORBBase/src/install/dynorb_interface/share/dynorb_interface/package.ps1'
[1.147s] INFO:colcon.colcon_core.shell:Creating package descriptor '/home/parallels/DynORBBase/src/install/dynorb_interface/share/dynorb_interface/package.dsv'
[1.148s] INFO:colcon.colcon_core.shell:Creating package script '/home/parallels/DynORBBase/src/install/dynorb_interface/share/dynorb_interface/package.sh'
[1.147s] DEBUG:colcon.colcon_core.event_handler.log_command:Invoked command in '/home/parallels/DynORBBase/src/build/dynorb_interface' returned '0': CMAKE_PREFIX_PATH=${CMAKE_PREFIX_PATH}:/home/parallels/DynORBBase/src/install/sam_tracking:/opt/ros/humble /usr/bin/cmake --install /home/parallels/DynORBBase/src/build/dynorb_interface
[1.148s] INFO:colcon.colcon_core.shell:Creating package script '/home/parallels/DynORBBase/src/install/dynorb_interface/share/dynorb_interface/package.bash'
[1.149s] INFO:colcon.colcon_core.shell:Creating package script '/home/parallels/DynORBBase/src/install/dynorb_interface/share/dynorb_interface/package.zsh'
[1.149s] Level 1:colcon.colcon_core.environment:create_file_with_runtime_dependencies(/home/parallels/DynORBBase/src/install/dynorb_interface/share/colcon-core/packages/dynorb_interface)
[1.186s] Level 1:colcon.colcon_core.environment:create_environment_scripts_only(dynorb_interface)
[1.187s] Level 1:colcon.colcon_core.environment:checking '/home/parallels/DynORBBase/src/install/dynorb_interface' for CMake module files
[1.187s] Level 1:colcon.colcon_core.environment:checking '/home/parallels/DynORBBase/src/install/dynorb_interface' for CMake config files
[1.187s] Level 1:colcon.colcon_core.shell:create_environment_hook('dynorb_interface', 'cmake_prefix_path')
[1.187s] INFO:colcon.colcon_core.shell:Creating environment hook '/home/parallels/DynORBBase/src/install/dynorb_interface/share/dynorb_interface/hook/cmake_prefix_path.ps1'
[1.188s] INFO:colcon.colcon_core.shell:Creating environment descriptor '/home/parallels/DynORBBase/src/install/dynorb_interface/share/dynorb_interface/hook/cmake_prefix_path.dsv'
[1.188s] INFO:colcon.colcon_core.shell:Creating environment hook '/home/parallels/DynORBBase/src/install/dynorb_interface/share/dynorb_interface/hook/cmake_prefix_path.sh'
[1.189s] Level 1:colcon.colcon_core.environment:checking '/home/parallels/DynORBBase/src/install/dynorb_interface/lib'
[1.189s] Level 1:colcon.colcon_core.shell:create_environment_hook('dynorb_interface', 'ld_library_path_lib')
[1.189s] INFO:colcon.colcon_core.shell:Creating environment hook '/home/parallels/DynORBBase/src/install/dynorb_interface/share/dynorb_interface/hook/ld_library_path_lib.ps1'
[1.189s] INFO:colcon.colcon_core.shell:Creating environment descriptor '/home/parallels/DynORBBase/src/install/dynorb_interface/share/dynorb_interface/hook/ld_library_path_lib.dsv'
[1.189s] INFO:colcon.colcon_core.shell:Creating environment hook '/home/parallels/DynORBBase/src/install/dynorb_interface/share/dynorb_interface/hook/ld_library_path_lib.sh'
[1.190s] Level 1:colcon.colcon_core.environment:checking '/home/parallels/DynORBBase/src/install/dynorb_interface/bin'
[1.190s] Level 1:colcon.colcon_core.environment:checking '/home/parallels/DynORBBase/src/install/dynorb_interface/lib/pkgconfig/dynorb_interface.pc'
[1.190s] Level 1:colcon.colcon_core.environment:checking '/home/parallels/DynORBBase/src/install/dynorb_interface/lib/python3.10/site-packages'
[1.190s] Level 1:colcon.colcon_core.environment:checking '/home/parallels/DynORBBase/src/install/dynorb_interface/bin'
[1.191s] INFO:colcon.colcon_core.shell:Creating package script '/home/parallels/DynORBBase/src/install/dynorb_interface/share/dynorb_interface/package.ps1'
[1.191s] INFO:colcon.colcon_core.shell:Creating package descriptor '/home/parallels/DynORBBase/src/install/dynorb_interface/share/dynorb_interface/package.dsv'
[1.191s] INFO:colcon.colcon_core.shell:Creating package script '/home/parallels/DynORBBase/src/install/dynorb_interface/share/dynorb_interface/package.sh'
[1.192s] INFO:colcon.colcon_core.shell:Creating package script '/home/parallels/DynORBBase/src/install/dynorb_interface/share/dynorb_interface/package.bash'
[1.192s] INFO:colcon.colcon_core.shell:Creating package script '/home/parallels/DynORBBase/src/install/dynorb_interface/share/dynorb_interface/package.zsh'
[1.192s] Level 1:colcon.colcon_core.environment:create_file_with_runtime_dependencies(/home/parallels/DynORBBase/src/install/dynorb_interface/share/colcon-core/packages/dynorb_interface)
[1.279s] DEBUG:colcon.colcon_core.event_handler.log_command:Invoking command in '/home/parallels/DynORBBase/src/sam_tracking': PYTHONPATH=/home/parallels/DynORBBase/src/build/sam_tracking/prefix_override:/usr/lib/python3/dist-packages/colcon_core/task/python/colcon_distutils_commands:/home/parallels/DynORBBase/src/install/sam_tracking/lib/python3.10/site-packages:${PYTHONPATH} /usr/bin/python3 -W ignore:setup.py install is deprecated setup.py egg_info --egg-base ../build/sam_tracking build --build-base /home/parallels/DynORBBase/src/build/sam_tracking/build install --record /home/parallels/DynORBBase/src/build/sam_tracking/install.log --single-version-externally-managed install_data
[1.485s] Level 1:colcon.colcon_core.environment:checking '/home/parallels/DynORBBase/src/install/sam_tracking' for CMake module files
[1.486s] DEBUG:colcon.colcon_core.event_handler.log_command:Invoked command in '/home/parallels/DynORBBase/src/sam_tracking' returned '0': PYTHONPATH=/home/parallels/DynORBBase/src/build/sam_tracking/prefix_override:/usr/lib/python3/dist-packages/colcon_core/task/python/colcon_distutils_commands:/home/parallels/DynORBBase/src/install/sam_tracking/lib/python3.10/site-packages:${PYTHONPATH} /usr/bin/python3 -W ignore:setup.py install is deprecated setup.py egg_info --egg-base ../build/sam_tracking build --build-base /home/parallels/DynORBBase/src/build/sam_tracking/build install --record /home/parallels/DynORBBase/src/build/sam_tracking/install.log --single-version-externally-managed install_data
[1.486s] Level 1:colcon.colcon_core.environment:checking '/home/parallels/DynORBBase/src/install/sam_tracking' for CMake config files
[1.487s] Level 1:colcon.colcon_core.environment:checking '/home/parallels/DynORBBase/src/install/sam_tracking/lib'
[1.487s] Level 1:colcon.colcon_core.environment:checking '/home/parallels/DynORBBase/src/install/sam_tracking/bin'
[1.487s] Level 1:colcon.colcon_core.environment:checking '/home/parallels/DynORBBase/src/install/sam_tracking/lib/pkgconfig/sam_tracking.pc'
[1.487s] Level 1:colcon.colcon_core.environment:checking '/home/parallels/DynORBBase/src/install/sam_tracking/lib/python3.10/site-packages'
[1.487s] Level 1:colcon.colcon_core.shell:create_environment_hook('sam_tracking', 'pythonpath')
[1.487s] INFO:colcon.colcon_core.shell:Creating environment hook '/home/parallels/DynORBBase/src/install/sam_tracking/share/sam_tracking/hook/pythonpath.ps1'
[1.487s] INFO:colcon.colcon_core.shell:Creating environment descriptor '/home/parallels/DynORBBase/src/install/sam_tracking/share/sam_tracking/hook/pythonpath.dsv'
[1.488s] INFO:colcon.colcon_core.shell:Creating environment hook '/home/parallels/DynORBBase/src/install/sam_tracking/share/sam_tracking/hook/pythonpath.sh'
[1.488s] Level 1:colcon.colcon_core.environment:checking '/home/parallels/DynORBBase/src/install/sam_tracking/bin'
[1.488s] Level 1:colcon.colcon_core.environment:create_environment_scripts_only(sam_tracking)
[1.489s] INFO:colcon.colcon_core.shell:Creating package script '/home/parallels/DynORBBase/src/install/sam_tracking/share/sam_tracking/package.ps1'
[1.489s] INFO:colcon.colcon_core.shell:Creating package descriptor '/home/parallels/DynORBBase/src/install/sam_tracking/share/sam_tracking/package.dsv'
[1.489s] INFO:colcon.colcon_core.shell:Creating package script '/home/parallels/DynORBBase/src/install/sam_tracking/share/sam_tracking/package.sh'
[1.490s] INFO:colcon.colcon_core.shell:Creating package script '/home/parallels/DynORBBase/src/install/sam_tracking/share/sam_tracking/package.bash'
[1.490s] INFO:colcon.colcon_core.shell:Creating package script '/home/parallels/DynORBBase/src/install/sam_tracking/share/sam_tracking/package.zsh'
[1.490s] Level 1:colcon.colcon_core.environment:create_file_with_runtime_dependencies(/home/parallels/DynORBBase/src/install/sam_tracking/share/colcon-core/packages/sam_tracking)
[1.490s] DEBUG:colcon.colcon_parallel_executor.executor.parallel:closing loop
[1.491s] DEBUG:colcon.colcon_parallel_executor.executor.parallel:loop closed
[1.491s] DEBUG:colcon.colcon_parallel_executor.executor.parallel:run_until_complete finished with '0'
[1.491s] DEBUG:colcon.colcon_core.event_reactor:joining thread
[1.495s] INFO:colcon.colcon_core.plugin_system:Skipping extension 'colcon_notification.desktop_notification.terminal_notifier': Not used on non-Darwin systems
[1.495s] INFO:colcon.colcon_core.plugin_system:Skipping extension 'colcon_notification.desktop_notification.win32': Not used on non-Windows systems
[1.495s] INFO:colcon.colcon_notification.desktop_notification:Sending desktop notification using 'notify2'
[1.514s] DEBUG:colcon.colcon_core.event_reactor:joined thread
[1.515s] INFO:colcon.colcon_core.shell:Creating prefix script '/home/parallels/DynORBBase/src/install/local_setup.ps1'
[1.516s] INFO:colcon.colcon_core.shell:Creating prefix util module '/home/parallels/DynORBBase/src/install/_local_setup_util_ps1.py'
[1.522s] INFO:colcon.colcon_core.shell:Creating prefix chain script '/home/parallels/DynORBBase/src/install/setup.ps1'
[1.524s] INFO:colcon.colcon_core.shell:Creating prefix script '/home/parallels/DynORBBase/src/install/local_setup.sh'
[1.525s] INFO:colcon.colcon_core.shell:Creating prefix util module '/home/parallels/DynORBBase/src/install/_local_setup_util_sh.py'
[1.526s] INFO:colcon.colcon_core.shell:Creating prefix chain script '/home/parallels/DynORBBase/src/install/setup.sh'
[1.528s] INFO:colcon.colcon_core.shell:Creating prefix script '/home/parallels/DynORBBase/src/install/local_setup.bash'
[1.530s] INFO:colcon.colcon_core.shell:Creating prefix chain script '/home/parallels/DynORBBase/src/install/setup.bash'
[1.532s] INFO:colcon.colcon_core.shell:Creating prefix script '/home/parallels/DynORBBase/src/install/local_setup.zsh'
[1.533s] INFO:colcon.colcon_core.shell:Creating prefix chain script '/home/parallels/DynORBBase/src/install/setup.zsh'
