[0mBuild type: Release[0m
In file included from [01m[K/home/parallels/DynORBBase/src/dynorb/include/System.h:38[m[K,
                 from [01m[K/home/parallels/DynORBBase/src/dynorb/src/System.cc:23[m[K:
[01m[K/home/parallels/DynORBBase/src/dynorb/include/DynamObjTracker.h:6:10:[m[K [01;31m[Kfatal error: [m[Kdynorb_interface/srv/dynclass.hpp: No such file or directory
    6 | #include [01;31m[K"dynorb_interface/srv/dynclass.hpp"[m[K
      |          [01;31m[K^~~~~~~~~~~~~~~~~~~~~~~~~~~~~~~~~~~[m[K
compilation terminated.
gmake[2]: *** [CMakeFiles/dynorb.dir/build.make:76: CMakeFiles/dynorb.dir/src/System.cc.o] Error 1
gmake[2]: *** Waiting for unfinished jobs....
In file included from [01m[K/home/parallels/DynORBBase/src/dynorb/include/System.h:38[m[K,
                 from [01m[K/home/parallels/DynORBBase/src/dynorb/include/Viewer.h:28[m[K,
                 from [01m[K/home/parallels/DynORBBase/src/dynorb/include/Tracking.h:28[m[K,
                 from [01m[K/home/parallels/DynORBBase/src/dynorb/src/Tracking.cc:22[m[K:
[01m[K/home/parallels/DynORBBase/src/dynorb/include/DynamObjTracker.h:6:10:[m[K [01;31m[Kfatal error: [m[Kdynorb_interface/srv/dynclass.hpp: No such file or directory
    6 | #include [01;31m[K"dynorb_interface/srv/dynclass.hpp"[m[K
      |          [01;31m[K^~~~~~~~~~~~~~~~~~~~~~~~~~~~~~~~~~~[m[K
compilation terminated.
gmake[2]: *** [CMakeFiles/dynorb.dir/build.make:90: CMakeFiles/dynorb.dir/src/Tracking.cc.o] Error 1
gmake[1]: *** [CMakeFiles/Makefile2:149: CMakeFiles/dynorb.dir/all] Error 2
gmake: *** [Makefile:146: all] Error 2
