-- Found ament_cmake: 1.3.10 (/opt/ros/humble/share/ament_cmake/cmake)
-- Found rclcpp: 16.0.10 (/opt/ros/humble/share/rclcpp/cmake)
-- Found rosidl_generator_c: 3.1.5 (/opt/ros/humble/share/rosidl_generator_c/cmake)
-- Found rosidl_adapter: 3.1.5 (/opt/ros/humble/share/rosidl_adapter/cmake)
-- Found rosidl_generator_cpp: 3.1.5 (/opt/ros/humble/share/rosidl_generator_cpp/cmake)
-- Using all available rosidl_typesupport_c: rosidl_typesupport_fastrtps_c;rosidl_typesupport_introspection_c
-- Using all available rosidl_typesupport_cpp: rosidl_typesupport_fastrtps_cpp;rosidl_typesupport_introspection_cpp
-- Found rmw_implementation_cmake: 6.1.2 (/opt/ros/humble/share/rmw_implementation_cmake/cmake)
-- Found rmw_fastrtps_cpp: 6.2.7 (/opt/ros/humble/share/rmw_fastrtps_cpp/cmake)
-- Using RMW implementation 'rmw_fastrtps_cpp' as default
-- Found sensor_msgs: 4.2.4 (/opt/ros/humble/share/sensor_msgs/cmake)
-- Found rosidl_default_generators: 1.2.0 (/opt/ros/humble/share/rosidl_default_generators/cmake)
-- Found dynorb_interface: 0.0.0 (/home/parallels/DynORBBase/src/install/dynorb_interface/share/dynorb_interface/cmake)
[0mBuild type: Release[0m
-- Using flag -std=c++11.
-- Found ament_lint_auto: 0.12.11 (/opt/ros/humble/share/ament_lint_auto/cmake)
-- Added test 'cppcheck' to perform static code analysis on C / C++ code
-- Configured cppcheck include dirs: /home/parallels/DynORBBase/src/dynorb/include
-- Configured cppcheck exclude dirs and/or files: 
-- Added test 'flake8' to check Python code syntax and style conventions
-- Added test 'lint_cmake' to check CMake code style
-- Added test 'pep257' to check Python code against some of the docstring style conventions in PEP 257
-- Added test 'uncrustify' to check C / C++ code style
-- Configured uncrustify additional arguments: 
-- Added test 'xmllint' to check XML markup files
-- Configuring done
-- Generating done
-- Build files have been written to: /home/parallels/DynORBBase/src/build/dynorb
[35m[1mConsolidate compiler generated dependencies of target dynorb[0m
[  3%] [32mBuilding CXX object CMakeFiles/dynorb.dir/src/System.cc.o[0m
[  6%] [32mBuilding CXX object CMakeFiles/dynorb.dir/src/Tracking.cc.o[0m
In file included from [01m[K/home/parallels/DynORBBase/src/dynorb/include/System.h:38[m[K,
                 from [01m[K/home/parallels/DynORBBase/src/dynorb/src/System.cc:23[m[K:
[01m[K/home/parallels/DynORBBase/src/dynorb/include/DynamObjTracker.h:6:10:[m[K [01;31m[Kfatal error: [m[Kdynorb_interface/srv/dynclass.hpp: No such file or directory
    6 | #include [01;31m[K"dynorb_interface/srv/dynclass.hpp"[m[K
      |          [01;31m[K^~~~~~~~~~~~~~~~~~~~~~~~~~~~~~~~~~~[m[K
compilation terminated.
gmake[2]: *** [CMakeFiles/dynorb.dir/build.make:76: CMakeFiles/dynorb.dir/src/System.cc.o] Error 1
gmake[2]: *** Waiting for unfinished jobs....
In file included from [01m[K/home/parallels/DynORBBase/src/dynorb/include/System.h:38[m[K,
                 from [01m[K/home/parallels/DynORBBase/src/dynorb/include/Viewer.h:28[m[K,
                 from [01m[K/home/parallels/DynORBBase/src/dynorb/include/Tracking.h:28[m[K,
                 from [01m[K/home/parallels/DynORBBase/src/dynorb/src/Tracking.cc:22[m[K:
[01m[K/home/parallels/DynORBBase/src/dynorb/include/DynamObjTracker.h:6:10:[m[K [01;31m[Kfatal error: [m[Kdynorb_interface/srv/dynclass.hpp: No such file or directory
    6 | #include [01;31m[K"dynorb_interface/srv/dynclass.hpp"[m[K
      |          [01;31m[K^~~~~~~~~~~~~~~~~~~~~~~~~~~~~~~~~~~[m[K
compilation terminated.
gmake[2]: *** [CMakeFiles/dynorb.dir/build.make:90: CMakeFiles/dynorb.dir/src/Tracking.cc.o] Error 1
gmake[1]: *** [CMakeFiles/Makefile2:149: CMakeFiles/dynorb.dir/all] Error 2
gmake: *** [Makefile:146: all] Error 2
