[0.392s] Invoking command in '/home/parallels/DynORBBase/src/build/sam_tracking': PYTHONPATH=/home/parallels/DynORBBase/src/build/sam_tracking/prefix_override:/usr/lib/python3/dist-packages/colcon_core/task/python/colcon_distutils_commands:/home/parallels/DynORBBase/src/install/sam_tracking/lib/python3.10/site-packages:${PYTHONPATH} /usr/bin/python3 -W ignore:setup.py install is deprecated setup.py develop --uninstall --editable --build-directory /home/parallels/DynORBBase/src/build/sam_tracking/build
[0.536s] running develop
[0.538s] /usr/lib/python3/dist-packages/setuptools/command/easy_install.py:158: EasyInstallDeprecationWarning: easy_install command is deprecated. Use build and pip and other standards-based tools.
[0.538s]   warnings.warn(
[0.629s] Removing /home/parallels/DynORBBase/src/install/sam_tracking/lib/python3.10/site-packages/sam-tracking.egg-link (link to .)
[0.646s] Invoked command in '/home/parallels/DynORBBase/src/build/sam_tracking' returned '0': PYTHONPATH=/home/parallels/DynORBBase/src/build/sam_tracking/prefix_override:/usr/lib/python3/dist-packages/colcon_core/task/python/colcon_distutils_commands:/home/parallels/DynORBBase/src/install/sam_tracking/lib/python3.10/site-packages:${PYTHONPATH} /usr/bin/python3 -W ignore:setup.py install is deprecated setup.py develop --uninstall --editable --build-directory /home/parallels/DynORBBase/src/build/sam_tracking/build
[0.647s] Invoking command in '/home/parallels/DynORBBase/src/sam_tracking': PYTHONPATH=/home/parallels/DynORBBase/src/build/sam_tracking/prefix_override:/usr/lib/python3/dist-packages/colcon_core/task/python/colcon_distutils_commands:/home/parallels/DynORBBase/src/install/sam_tracking/lib/python3.10/site-packages:${PYTHONPATH} /usr/bin/python3 -W ignore:setup.py install is deprecated setup.py egg_info --egg-base ../build/sam_tracking build --build-base /home/parallels/DynORBBase/src/build/sam_tracking/build install --record /home/parallels/DynORBBase/src/build/sam_tracking/install.log --single-version-externally-managed install_data --force
[0.776s] running egg_info
[0.776s] writing ../build/sam_tracking/sam_tracking.egg-info/PKG-INFO
[0.777s] writing dependency_links to ../build/sam_tracking/sam_tracking.egg-info/dependency_links.txt
[0.777s] writing entry points to ../build/sam_tracking/sam_tracking.egg-info/entry_points.txt
[0.777s] writing requirements to ../build/sam_tracking/sam_tracking.egg-info/requires.txt
[0.778s] writing top-level names to ../build/sam_tracking/sam_tracking.egg-info/top_level.txt
[0.779s] reading manifest file '../build/sam_tracking/sam_tracking.egg-info/SOURCES.txt'
[0.779s] adding license file 'LICENSE'
[0.780s] writing manifest file '../build/sam_tracking/sam_tracking.egg-info/SOURCES.txt'
[0.780s] running build
[0.780s] running build_py
[0.780s] copying sam_tracking/tracker.py -> /home/parallels/DynORBBase/src/build/sam_tracking/build/lib/sam_tracking
[0.780s] running install
[0.781s] running install_lib
[0.781s] creating /home/parallels/DynORBBase/src/install/sam_tracking/lib/python3.10/site-packages/sam_tracking
[0.781s] copying /home/parallels/DynORBBase/src/build/sam_tracking/build/lib/sam_tracking/tracker.py -> /home/parallels/DynORBBase/src/install/sam_tracking/lib/python3.10/site-packages/sam_tracking
[0.781s] copying /home/parallels/DynORBBase/src/build/sam_tracking/build/lib/sam_tracking/__init__.py -> /home/parallels/DynORBBase/src/install/sam_tracking/lib/python3.10/site-packages/sam_tracking
[0.782s] byte-compiling /home/parallels/DynORBBase/src/install/sam_tracking/lib/python3.10/site-packages/sam_tracking/tracker.py to tracker.cpython-310.pyc
[0.783s] byte-compiling /home/parallels/DynORBBase/src/install/sam_tracking/lib/python3.10/site-packages/sam_tracking/__init__.py to __init__.cpython-310.pyc
[0.783s] running install_data
[0.783s] copying resource/sam_tracking -> /home/parallels/DynORBBase/src/install/sam_tracking/share/ament_index/resource_index/packages
[0.784s] copying package.xml -> /home/parallels/DynORBBase/src/install/sam_tracking/share/sam_tracking
[0.784s] running install_egg_info
[0.786s] Copying ../build/sam_tracking/sam_tracking.egg-info to /home/parallels/DynORBBase/src/install/sam_tracking/lib/python3.10/site-packages/sam_tracking-0.0.0-py3.10.egg-info
[0.786s] running install_scripts
[0.797s] Installing tracker script to /home/parallels/DynORBBase/src/install/sam_tracking/lib/sam_tracking
[0.798s] writing list of installed files to '/home/parallels/DynORBBase/src/build/sam_tracking/install.log'
[0.813s] Invoked command in '/home/parallels/DynORBBase/src/sam_tracking' returned '0': PYTHONPATH=/home/parallels/DynORBBase/src/build/sam_tracking/prefix_override:/usr/lib/python3/dist-packages/colcon_core/task/python/colcon_distutils_commands:/home/parallels/DynORBBase/src/install/sam_tracking/lib/python3.10/site-packages:${PYTHONPATH} /usr/bin/python3 -W ignore:setup.py install is deprecated setup.py egg_info --egg-base ../build/sam_tracking build --build-base /home/parallels/DynORBBase/src/build/sam_tracking/build install --record /home/parallels/DynORBBase/src/build/sam_tracking/install.log --single-version-externally-managed install_data --force
