[0.006s] Invoking command in '/home/parallels/DynORBBase/src/build/dynorb_interface': CMAKE_PREFIX_PATH=/opt/ros/humble /usr/bin/cmake --build /home/parallels/DynORBBase/src/build/dynorb_interface -- -j2 -l2
[0.034s] [35m[1mConsolidate compiler generated dependencies of target dynorb_interface__rosidl_generator_c[0m
[0.041s] [  2%] Built target dynorb_interface__cpp
[0.049s] [ 12%] Built target dynorb_interface__rosidl_generator_c
[0.056s] [35m[1mConsolidate compiler generated dependencies of target dynorb_interface__rosidl_typesupport_cpp[0m
[0.057s] [ 12%] Built target ament_cmake_python_copy_dynorb_interface
[0.064s] [ 15%] [34m[1mGenerating C type support for eProsima Fast-RTPS[0m
[0.079s] [ 17%] [32mBuilding CXX object CMakeFiles/dynorb_interface__rosidl_typesupport_cpp.dir/rosidl_typesupport_cpp/dynorb_interface/srv/dyn_class__type_support.cpp.o[0m
[0.230s] In file included from [01m[K/home/parallels/DynORBBase/src/build/dynorb_interface/rosidl_typesupport_cpp/dynorb_interface/srv/dyn_class__type_support.cpp:7[m[K:
[0.230s] [01m[K/home/parallels/DynORBBase/src/build/dynorb_interface/rosidl_generator_cpp/dynorb_interface/srv/detail/dyn_class__struct.hpp:186:20:[m[K [01;31m[Kerror: [m[Kexpected identifier before ‘[01m[K;[m[K’ token
[0.231s]   186 |   _class_type class[01;31m[K;[m[K
[0.231s]       |                    [01;31m[K^[m[K
[0.231s] [01m[K/home/parallels/DynORBBase/src/build/dynorb_interface/rosidl_generator_cpp/dynorb_interface/srv/detail/dyn_class__struct.hpp:186:3:[m[K [01;31m[Kerror: [m[Kmultiple types in one declaration
[0.231s]   186 |   [01;31m[K_class_type[m[K class;
[0.231s]       |   [01;31m[K^~~~~~~~~~~[m[K
[0.231s] [01m[K/home/parallels/DynORBBase/src/build/dynorb_interface/rosidl_generator_cpp/dynorb_interface/srv/detail/dyn_class__struct.hpp:186:20:[m[K [01;31m[Kerror: [m[Kdeclaration does not declare anything [[01;31m[K]8;;https://gcc.gnu.org/onlinedocs/gcc/Warning-Options.html#index-fpermissive-fpermissive]8;;[m[K]
[0.231s]   186 |   _class_type class[01;31m[K;[m[K
[0.231s]       |                    [01;31m[K^[m[K
[0.231s] [01m[K/home/parallels/DynORBBase/src/build/dynorb_interface/rosidl_generator_cpp/dynorb_interface/srv/detail/dyn_class__struct.hpp:[m[K In constructor ‘[01m[Kdynorb_interface::srv::DynClass_Response_<ContainerAllocator>::DynClass_Response_(rosidl_runtime_cpp::MessageInitialization)[m[K’:
[0.233s] [01m[K/home/parallels/DynORBBase/src/build/dynorb_interface/rosidl_generator_cpp/dynorb_interface/srv/detail/dyn_class__struct.hpp:169:13:[m[K [01;31m[Kerror: [m[Kexpected unqualified-id before ‘[01m[Kclass[m[K’
[0.233s]   169 |       this->[01;31m[Kclass[m[K = 0ll;
[0.233s]       |             [01;31m[K^~~~~[m[K
[0.233s] [01m[K/home/parallels/DynORBBase/src/build/dynorb_interface/rosidl_generator_cpp/dynorb_interface/srv/detail/dyn_class__struct.hpp:[m[K In constructor ‘[01m[Kdynorb_interface::srv::DynClass_Response_<ContainerAllocator>::DynClass_Response_(const ContainerAllocator&, rosidl_runtime_cpp::MessageInitialization)[m[K’:
[0.233s] [01m[K/home/parallels/DynORBBase/src/build/dynorb_interface/rosidl_generator_cpp/dynorb_interface/srv/detail/dyn_class__struct.hpp:179:13:[m[K [01;31m[Kerror: [m[Kexpected unqualified-id before ‘[01m[Kclass[m[K’
[0.233s]   179 |       this->[01;31m[Kclass[m[K = 0ll;
[0.233s]       |             [01;31m[K^~~~~[m[K
[0.235s] [01m[K/home/parallels/DynORBBase/src/build/dynorb_interface/rosidl_generator_cpp/dynorb_interface/srv/detail/dyn_class__struct.hpp:[m[K In member function ‘[01m[Kdynorb_interface::srv::DynClass_Response_<ContainerAllocator>::Type& dynorb_interface::srv::DynClass_Response_<ContainerAllocator>::set__class(const int64_t&)[m[K’:
[0.235s] [01m[K/home/parallels/DynORBBase/src/build/dynorb_interface/rosidl_generator_cpp/dynorb_interface/srv/detail/dyn_class__struct.hpp:192:11:[m[K [01;31m[Kerror: [m[Kexpected unqualified-id before ‘[01m[Kclass[m[K’
[0.235s]   192 |     this->[01;31m[Kclass[m[K = _arg;
[0.235s]       |           [01;31m[K^~~~~[m[K
[0.235s] [01m[K/home/parallels/DynORBBase/src/build/dynorb_interface/rosidl_generator_cpp/dynorb_interface/srv/detail/dyn_class__struct.hpp:[m[K In member function ‘[01m[Kbool dynorb_interface::srv::DynClass_Response_<ContainerAllocator>::operator==(const dynorb_interface::srv::DynClass_Response_<ContainerAllocator>&) const[m[K’:
[0.235s] [01m[K/home/parallels/DynORBBase/src/build/dynorb_interface/rosidl_generator_cpp/dynorb_interface/srv/detail/dyn_class__struct.hpp:238:15:[m[K [01;31m[Kerror: [m[Kexpected unqualified-id before ‘[01m[Kclass[m[K’
[0.235s]   238 |     if (this->[01;31m[Kclass[m[K != other.class) {
[0.235s]       |               [01;31m[K^~~~~[m[K
[0.235s] [01m[K/home/parallels/DynORBBase/src/build/dynorb_interface/rosidl_generator_cpp/dynorb_interface/srv/detail/dyn_class__struct.hpp:238:15:[m[K [01;31m[Kerror: [m[Kexpected ‘[01m[K)[m[K’ before ‘[01m[Kclass[m[K’
[0.235s] [01m[K/home/parallels/DynORBBase/src/build/dynorb_interface/rosidl_generator_cpp/dynorb_interface/srv/detail/dyn_class__struct.hpp:238:8:[m[K [01;36m[Knote: [m[Kto match this ‘[01m[K([m[K’
[0.235s]   238 |     if [01;36m[K([m[Kthis->class != other.class) {
[0.235s]       |        [01;36m[K^[m[K
[0.256s] gmake[2]: *** [CMakeFiles/dynorb_interface__rosidl_typesupport_cpp.dir/build.make:180: CMakeFiles/dynorb_interface__rosidl_typesupport_cpp.dir/rosidl_typesupport_cpp/dynorb_interface/srv/dyn_class__type_support.cpp.o] Error 1
[0.256s] gmake[1]: *** [CMakeFiles/Makefile2:395: CMakeFiles/dynorb_interface__rosidl_typesupport_cpp.dir/all] Error 2
[0.256s] gmake[1]: *** Waiting for unfinished jobs....
[0.287s] [ 20%] [32mBuilding CXX object CMakeFiles/dynorb_interface__rosidl_typesupport_fastrtps_c.dir/rosidl_typesupport_fastrtps_c/dynorb_interface/srv/detail/feed_frame__type_support_c.cpp.o[0m
[0.289s] [ 23%] [32mBuilding CXX object CMakeFiles/dynorb_interface__rosidl_typesupport_fastrtps_c.dir/rosidl_typesupport_fastrtps_c/dynorb_interface/srv/detail/dyn_class__type_support_c.cpp.o[0m
[0.484s] In file included from [01m[K/home/parallels/DynORBBase/src/build/dynorb_interface/rosidl_typesupport_fastrtps_c/dynorb_interface/srv/detail/dyn_class__type_support_c.cpp:14[m[K:
[0.485s] [01m[K/home/parallels/DynORBBase/src/build/dynorb_interface/rosidl_generator_c/dynorb_interface/srv/detail/dyn_class__struct.h:43:16:[m[K [01;31m[Kerror: [m[Kexpected identifier before ‘[01m[K;[m[K’ token
[0.485s]    43 |   int64_t class[01;31m[K;[m[K
[0.485s]       |                [01;31m[K^[m[K
[0.485s] [01m[K/home/parallels/DynORBBase/src/build/dynorb_interface/rosidl_generator_c/dynorb_interface/srv/detail/dyn_class__struct.h:43:3:[m[K [01;31m[Kerror: [m[Kmultiple types in one declaration
[0.485s]    43 |   [01;31m[Kint64_t[m[K class;
[0.485s]       |   [01;31m[K^~~~~~~[m[K
[0.485s] [01m[K/home/parallels/DynORBBase/src/build/dynorb_interface/rosidl_generator_c/dynorb_interface/srv/detail/dyn_class__struct.h:43:16:[m[K [01;31m[Kerror: [m[Kdeclaration does not declare anything [[01;31m[K]8;;https://gcc.gnu.org/onlinedocs/gcc/Warning-Options.html#index-fpermissive-fpermissive]8;;[m[K]
[0.485s]    43 |   int64_t class[01;31m[K;[m[K
[0.485s]       |                [01;31m[K^[m[K
[0.488s] [01m[K/home/parallels/DynORBBase/src/build/dynorb_interface/rosidl_typesupport_fastrtps_c/dynorb_interface/srv/detail/dyn_class__type_support_c.cpp:[m[K In function ‘[01m[Kbool _DynClass_Response__cdr_serialize(const void*, eprosima::fastcdr::Cdr&)[m[K’:
[0.488s] [01m[K/home/parallels/DynORBBase/src/build/dynorb_interface/rosidl_typesupport_fastrtps_c/dynorb_interface/srv/detail/dyn_class__type_support_c.cpp:272:25:[m[K [01;31m[Kerror: [m[Kexpected unqualified-id before ‘[01m[Kclass[m[K’
[0.488s]   272 |     cdr << ros_message->[01;31m[Kclass[m[K;
[0.488s]       |                         [01;31m[K^~~~~[m[K
[0.489s] [01m[K/home/parallels/DynORBBase/src/build/dynorb_interface/rosidl_typesupport_fastrtps_c/dynorb_interface/srv/detail/dyn_class__type_support_c.cpp:[m[K In function ‘[01m[Kbool _DynClass_Response__cdr_deserialize(eprosima::fastcdr::Cdr&, void*)[m[K’:
[0.489s] [01m[K/home/parallels/DynORBBase/src/build/dynorb_interface/rosidl_typesupport_fastrtps_c/dynorb_interface/srv/detail/dyn_class__type_support_c.cpp:289:25:[m[K [01;31m[Kerror: [m[Kexpected unqualified-id before ‘[01m[Kclass[m[K’
[0.489s]   289 |     cdr >> ros_message->[01;31m[Kclass[m[K;
[0.489s]       |                         [01;31m[K^~~~~[m[K
[0.490s] [01m[K/home/parallels/DynORBBase/src/build/dynorb_interface/rosidl_typesupport_fastrtps_c/dynorb_interface/srv/detail/dyn_class__type_support_c.cpp:[m[K In function ‘[01m[Ksize_t get_serialized_size_dynorb_interface__srv__DynClass_Response(const void*, size_t)[m[K’:
[0.490s] [01m[K/home/parallels/DynORBBase/src/build/dynorb_interface/rosidl_typesupport_fastrtps_c/dynorb_interface/srv/detail/dyn_class__type_support_c.cpp:311:44:[m[K [01;31m[Kerror: [m[Kexpected unqualified-id before ‘[01m[Kclass[m[K’
[0.490s]   311 |     size_t item_size = sizeof(ros_message->[01;31m[Kclass[m[K);
[0.490s]       |                                            [01;31m[K^~~~~[m[K
[0.490s] [01m[K/home/parallels/DynORBBase/src/build/dynorb_interface/rosidl_typesupport_fastrtps_c/dynorb_interface/srv/detail/dyn_class__type_support_c.cpp:311:44:[m[K [01;31m[Kerror: [m[Kexpected ‘[01m[K)[m[K’ before ‘[01m[Kclass[m[K’
[0.490s]   311 |     size_t item_size = sizeof[34m[K([m[Kros_message->[01;31m[Kc[m[K[32m[Klass[m[K);
[0.490s]       |                              [34m[K~[m[K             [01;31m[K^[m[K[32m[K~~~~[m[K
[0.490s]       |                                            [32m[K)[m[K
[0.492s] In file included from [01m[K/usr/include/strings.h:23[m[K,
[0.492s]                  from [01m[K/usr/include/string.h:462[m[K,
[0.492s]                  from [01m[K/opt/ros/humble/include/fastcdr/fastcdr/FastBuffer.h:21[m[K,
[0.492s]                  from [01m[K/opt/ros/humble/include/fastcdr/fastcdr/Cdr.h:19[m[K,
[0.492s]                  from [01m[K/opt/ros/humble/include/rosidl_typesupport_fastrtps_cpp/rosidl_typesupport_fastrtps_cpp/message_type_support.h:20[m[K,
[0.492s]                  from [01m[K/home/parallels/DynORBBase/src/build/dynorb_interface/rosidl_typesupport_fastrtps_c/dynorb_interface/srv/detail/dyn_class__type_support_c.cpp:12[m[K:
[0.492s] [01m[K/home/parallels/DynORBBase/src/build/dynorb_interface/rosidl_typesupport_fastrtps_c/dynorb_interface/srv/detail/dyn_class__type_support_c.cpp:[m[K In function ‘[01m[Ksize_t max_serialized_size_dynorb_interface__srv__DynClass_Response(bool&, bool&, size_t)[m[K’:
[0.492s] [01m[K/home/parallels/DynORBBase/src/build/dynorb_interface/rosidl_typesupport_fastrtps_c/dynorb_interface/srv/detail/dyn_class__type_support_c.cpp:361:26:[m[K [01;31m[Kerror: [m[Kexpected unqualified-id before ‘[01m[Kclass[m[K’
[0.492s]   361 |       offsetof(DataType, [01;31m[Kclass[m[K) +
[0.492s]       |                          [01;31m[K^~~~~[m[K
[0.492s] [01m[K/home/parallels/DynORBBase/src/build/dynorb_interface/rosidl_typesupport_fastrtps_c/dynorb_interface/srv/detail/dyn_class__type_support_c.cpp:361:26:[m[K [01;31m[Kerror: [m[Kexpected ‘[01m[K)[m[K’ before ‘[01m[Kclass[m[K’
[0.492s] [01m[K/home/parallels/DynORBBase/src/build/dynorb_interface/rosidl_typesupport_fastrtps_c/dynorb_interface/srv/detail/dyn_class__type_support_c.cpp:361:7:[m[K [01;36m[Knote: [m[Kto match this ‘[01m[K([m[K’
[0.492s]   361 |       [01;36m[Koffsetof[m[K(DataType, class) +
[0.492s]       |       [01;36m[K^~~~~~~~[m[K
[0.516s] gmake[2]: *** [CMakeFiles/dynorb_interface__rosidl_typesupport_fastrtps_c.dir/build.make:188: CMakeFiles/dynorb_interface__rosidl_typesupport_fastrtps_c.dir/rosidl_typesupport_fastrtps_c/dynorb_interface/srv/detail/dyn_class__type_support_c.cpp.o] Error 1
[0.516s] gmake[2]: *** Waiting for unfinished jobs....
[0.519s] gmake[1]: *** [CMakeFiles/Makefile2:239: CMakeFiles/dynorb_interface__rosidl_typesupport_fastrtps_c.dir/all] Error 2
[0.520s] gmake: *** [Makefile:146: all] Error 2
[0.521s] Invoked command in '/home/parallels/DynORBBase/src/build/dynorb_interface' returned '2': CMAKE_PREFIX_PATH=/opt/ros/humble /usr/bin/cmake --build /home/parallels/DynORBBase/src/build/dynorb_interface -- -j2 -l2
