-- Found ament_cmake: 1.3.10 (/opt/ros/humble/share/ament_cmake/cmake)
-- Found ament_lint_auto: 0.12.11 (/opt/ros/humble/share/ament_lint_auto/cmake)
-- Added test 'cppcheck' to perform static code analysis on C / C++ code
-- Configured cppcheck include dirs: 
-- Configured cppcheck exclude dirs and/or files: 
-- Added test 'flake8' to check Python code syntax and style conventions
-- Added test 'lint_cmake' to check CMake code style
-- Added test 'pep257' to check Python code against some of the docstring style conventions in PEP 257
-- Added test 'uncrustify' to check C / C++ code style
-- Configured uncrustify additional arguments: 
-- Added test 'xmllint' to check XML markup files
-- Performing Test COMPILER_SUPPORTS_CXX11
-- Performing Test COMPILER_SUPPORTS_CXX11 - Success
-- Performing Test COMPILER_SUPPORTS_CXX0X
-- Performing Test COMPILER_SUPPORTS_CXX0X - Success
-- Using flag -std=c++11.
-- Found Eigen3: /usr/include/eigen3 (Required is at least version "3.1.0") 
-- Configuring done
-- Generating done
-- Build files have been written to: /home/parallels/DynORBBase/src/build/dynorb
[  6%] [32mBuilding CXX object CMakeFiles/dynorb.dir/src/Tracking.cc.o[0m
[  6%] [32mBuilding CXX object CMakeFiles/dynorb.dir/src/System.cc.o[0m
[  9%] [32mBuilding CXX object CMakeFiles/dynorb.dir/src/LocalMapping.cc.o[0m
[ 12%] [32mBuilding CXX object CMakeFiles/dynorb.dir/src/LoopClosing.cc.o[0m
[ 15%] [32mBuilding CXX object CMakeFiles/dynorb.dir/src/ORBextractor.cc.o[0m
[ 18%] [32mBuilding CXX object CMakeFiles/dynorb.dir/src/ORBmatcher.cc.o[0m
[ 21%] [32mBuilding CXX object CMakeFiles/dynorb.dir/src/FrameDrawer.cc.o[0m
[ 25%] [32mBuilding CXX object CMakeFiles/dynorb.dir/src/Converter.cc.o[0m
[ 28%] [32mBuilding CXX object CMakeFiles/dynorb.dir/src/MapPoint.cc.o[0m
[ 31%] [32mBuilding CXX object CMakeFiles/dynorb.dir/src/KeyFrame.cc.o[0m
[ 34%] [32mBuilding CXX object CMakeFiles/dynorb.dir/src/Map.cc.o[0m
[ 37%] [32mBuilding CXX object CMakeFiles/dynorb.dir/src/MapDrawer.cc.o[0m
[ 40%] [32mBuilding CXX object CMakeFiles/dynorb.dir/src/Optimizer.cc.o[0m
[ 43%] [32mBuilding CXX object CMakeFiles/dynorb.dir/src/PnPsolver.cc.o[0m
[ 46%] [32mBuilding CXX object CMakeFiles/dynorb.dir/src/Frame.cc.o[0m
[ 50%] [32mBuilding CXX object CMakeFiles/dynorb.dir/src/KeyFrameDatabase.cc.o[0m
[ 53%] [32mBuilding CXX object CMakeFiles/dynorb.dir/src/Sim3Solver.cc.o[0m
[ 56%] [32mBuilding CXX object CMakeFiles/dynorb.dir/src/Initializer.cc.o[0m
[ 59%] [32mBuilding CXX object CMakeFiles/dynorb.dir/src/Viewer.cc.o[0m
[ 62%] [32m[1mLinking CXX shared library /home/parallels/DynORBBase/src/dynorb/lib/libdynorb.so[0m
[ 62%] Built target dynorb
[ 65%] [32mBuilding CXX object CMakeFiles/stereo_kitti.dir/Examples/Stereo/stereo_kitti.cc.o[0m
[ 68%] [32mBuilding CXX object CMakeFiles/rgbd_tum.dir/Examples/RGB-D/rgbd_tum.cc.o[0m
[ 71%] [32m[1mLinking CXX executable /home/parallels/DynORBBase/src/dynorb/Examples/RGB-D/rgbd_tum[0m
[ 75%] [32m[1mLinking CXX executable /home/parallels/DynORBBase/src/dynorb/Examples/Stereo/stereo_kitti[0m
[ 75%] Built target rgbd_tum
[ 78%] [32mBuilding CXX object CMakeFiles/stereo_euroc.dir/Examples/Stereo/stereo_euroc.cc.o[0m
[ 78%] Built target stereo_kitti
[ 81%] [32mBuilding CXX object CMakeFiles/mono_tum.dir/Examples/Monocular/mono_tum.cc.o[0m
[ 84%] [32m[1mLinking CXX executable /home/parallels/DynORBBase/src/dynorb/Examples/Stereo/stereo_euroc[0m
[ 87%] [32m[1mLinking CXX executable /home/parallels/DynORBBase/src/dynorb/Examples/Monocular/mono_tum[0m
[ 87%] Built target stereo_euroc
[ 90%] [32mBuilding CXX object CMakeFiles/mono_kitti.dir/Examples/Monocular/mono_kitti.cc.o[0m
[ 90%] Built target mono_tum
[ 93%] [32mBuilding CXX object CMakeFiles/mono_euroc.dir/Examples/Monocular/mono_euroc.cc.o[0m
[ 96%] [32m[1mLinking CXX executable /home/parallels/DynORBBase/src/dynorb/Examples/Monocular/mono_euroc[0m
[100%] [32m[1mLinking CXX executable /home/parallels/DynORBBase/src/dynorb/Examples/Monocular/mono_kitti[0m
[100%] Built target mono_euroc
[100%] Built target mono_kitti
-- Install configuration: "Release"
-- Installing: /home/parallels/DynORBBase/src/install/dynorb/share/ament_index/resource_index/package_run_dependencies/dynorb
-- Installing: /home/parallels/DynORBBase/src/install/dynorb/share/ament_index/resource_index/parent_prefix_path/dynorb
-- Installing: /home/parallels/DynORBBase/src/install/dynorb/share/dynorb/environment/ament_prefix_path.sh
-- Installing: /home/parallels/DynORBBase/src/install/dynorb/share/dynorb/environment/ament_prefix_path.dsv
-- Installing: /home/parallels/DynORBBase/src/install/dynorb/share/dynorb/environment/path.sh
-- Installing: /home/parallels/DynORBBase/src/install/dynorb/share/dynorb/environment/path.dsv
-- Installing: /home/parallels/DynORBBase/src/install/dynorb/share/dynorb/local_setup.bash
-- Installing: /home/parallels/DynORBBase/src/install/dynorb/share/dynorb/local_setup.sh
-- Installing: /home/parallels/DynORBBase/src/install/dynorb/share/dynorb/local_setup.zsh
-- Installing: /home/parallels/DynORBBase/src/install/dynorb/share/dynorb/local_setup.dsv
-- Installing: /home/parallels/DynORBBase/src/install/dynorb/share/dynorb/package.dsv
-- Installing: /home/parallels/DynORBBase/src/install/dynorb/share/ament_index/resource_index/packages/dynorb
-- Installing: /home/parallels/DynORBBase/src/install/dynorb/share/dynorb/cmake/dynorbConfig.cmake
-- Installing: /home/parallels/DynORBBase/src/install/dynorb/share/dynorb/cmake/dynorbConfig-version.cmake
-- Installing: /home/parallels/DynORBBase/src/install/dynorb/share/dynorb/package.xml
