-- Using flag -std=c++11.
[0mCMake Deprecation Warning at CMakeLists.txt:1 (cmake_minimum_required):
  Compatibility with CMake < 2.8.12 will be removed from a future version of
  CMake.

  Update the VERSION argument <min> value or use a ...<max> suffix to tell
  CMake that the project does not need compatibility with older versions.

[0m
[0mBuild type: Release[0m
-- Configuring done
-- Generating done
-- Build files have been written to: /home/parallels/DynORBBase/src/build/ORB_SLAM2
[35m[1mConsolidate compiler generated dependencies of target ORB_SLAM2[0m
[ 62%] Built target ORB_SLAM2
[35m[1mConsolidate compiler generated dependencies of target rgbd_tum[0m
[35m[1mConsolidate compiler generated dependencies of target stereo_kitti[0m
[ 68%] Built target rgbd_tum
[ 75%] Built target stereo_kitti
[35m[1mConsolidate compiler generated dependencies of target mono_tum[0m
[35m[1mConsolidate compiler generated dependencies of target stereo_euroc[0m
[ 81%] Built target stereo_euroc
[35m[1mConsolidate compiler generated dependencies of target mono_kitti[0m
[ 87%] Built target mono_tum
[35m[1mConsolidate compiler generated dependencies of target mono_euroc[0m
[ 93%] Built target mono_kitti
[100%] Built target mono_euroc
