[0.015s] Invoking command in '/home/parallels/DynORBBase/src/build/dynorb_interface': CMAKE_PREFIX_PATH=/opt/ros/humble /usr/bin/cmake /home/parallels/DynORBBase/src/dynorb_interface -DCMAKE_BUILD_TYPE=Release -DAMENT_CMAKE_SYMLINK_INSTALL=1 -DCMAKE_INSTALL_PREFIX=/home/parallels/DynORBBase/src/install/dynorb_interface
[0.031s] -- Found ament_cmake: 1.3.10 (/opt/ros/humble/share/ament_cmake/cmake)
[0.119s] -- Override CMake install command with custom implementation using symlinks instead of copying resources
[0.129s] -- Found sensor_msgs: 4.2.4 (/opt/ros/humble/share/sensor_msgs/cmake)
[0.151s] -- Found rosidl_generator_c: 3.1.5 (/opt/ros/humble/share/rosidl_generator_c/cmake)
[0.153s] -- Found rosidl_adapter: 3.1.5 (/opt/ros/humble/share/rosidl_adapter/cmake)
[0.159s] -- Found rosidl_generator_cpp: 3.1.5 (/opt/ros/humble/share/rosidl_generator_cpp/cmake)
[0.168s] -- Using all available rosidl_typesupport_c: rosidl_typesupport_fastrtps_c;rosidl_typesupport_introspection_c
[0.178s] -- Using all available rosidl_typesupport_cpp: rosidl_typesupport_fastrtps_cpp;rosidl_typesupport_introspection_cpp
[0.236s] -- Found rosidl_default_generators: 1.2.0 (/opt/ros/humble/share/rosidl_default_generators/cmake)
[0.518s] -- Found ament_cmake_ros: 0.10.0 (/opt/ros/humble/share/ament_cmake_ros/cmake)
[0.939s] -- Using all available rosidl_typesupport_c: rosidl_typesupport_fastrtps_c;rosidl_typesupport_introspection_c
[1.108s] -- Using all available rosidl_typesupport_cpp: rosidl_typesupport_fastrtps_cpp;rosidl_typesupport_introspection_cpp
[1.124s] -- Found python_cmake_module: 0.10.0 (/opt/ros/humble/share/python_cmake_module/cmake)
[1.141s] -- Using PYTHON_EXECUTABLE: /usr/bin/python3
[1.141s] -- Using PYTHON_INCLUDE_DIRS: /usr/include/python3.10
[1.141s] -- Using PYTHON_LIBRARIES: /usr/lib/aarch64-linux-gnu/libpython3.10.so
[1.185s] -- Found ament_lint_auto: 0.12.11 (/opt/ros/humble/share/ament_lint_auto/cmake)
[1.193s] -- Added test 'lint_cmake' to check CMake code style
[1.193s] -- Added test 'xmllint' to check XML markup files
[1.195s] -- Configuring done
[1.228s] -- Generating done
[1.231s] -- Build files have been written to: /home/parallels/DynORBBase/src/build/dynorb_interface
[1.236s] Invoked command in '/home/parallels/DynORBBase/src/build/dynorb_interface' returned '0': CMAKE_PREFIX_PATH=/opt/ros/humble /usr/bin/cmake /home/parallels/DynORBBase/src/dynorb_interface -DCMAKE_BUILD_TYPE=Release -DAMENT_CMAKE_SYMLINK_INSTALL=1 -DCMAKE_INSTALL_PREFIX=/home/parallels/DynORBBase/src/install/dynorb_interface
[1.237s] Invoking command in '/home/parallels/DynORBBase/src/build/dynorb_interface': CMAKE_PREFIX_PATH=/opt/ros/humble /usr/bin/cmake --build /home/parallels/DynORBBase/src/build/dynorb_interface -- -j2 -l2
[1.283s] [35m[1mConsolidate compiler generated dependencies of target dynorb_interface__rosidl_generator_c[0m
[1.291s] [  2%] [32mBuilding C object CMakeFiles/dynorb_interface__rosidl_generator_c.dir/rosidl_generator_c/dynorb_interface/srv/detail/dyn_class__functions.c.o[0m
[1.318s] [  5%] Built target dynorb_interface__cpp
[1.349s] failed to create symbolic link '/home/parallels/DynORBBase/src/build/dynorb_interface/ament_cmake_python/dynorb_interface/dynorb_interface' because existing path cannot be removed: Is a directory
[1.350s] gmake[2]: *** [CMakeFiles/ament_cmake_python_symlink_dynorb_interface.dir/build.make:70: CMakeFiles/ament_cmake_python_symlink_dynorb_interface] Error 1
[1.350s] gmake[1]: *** [CMakeFiles/Makefile2:421: CMakeFiles/ament_cmake_python_symlink_dynorb_interface.dir/all] Error 2
[1.350s] gmake[1]: *** Waiting for unfinished jobs....
[1.355s] [  7%] [32mBuilding C object CMakeFiles/dynorb_interface__rosidl_generator_c.dir/rosidl_generator_c/dynorb_interface/srv/detail/feed_frame__functions.c.o[0m
[1.502s] [ 10%] [32m[1mLinking C shared library libdynorb_interface__rosidl_generator_c.so[0m
[1.525s] [ 12%] Built target dynorb_interface__rosidl_generator_c
[1.526s] gmake: *** [Makefile:146: all] Error 2
[1.528s] Invoked command in '/home/parallels/DynORBBase/src/build/dynorb_interface' returned '2': CMAKE_PREFIX_PATH=/opt/ros/humble /usr/bin/cmake --build /home/parallels/DynORBBase/src/build/dynorb_interface -- -j2 -l2
