[0.488s] Invoking command in '/home/parallels/DynORBBase/src/sam_tracking': PYTHONPATH=/home/parallels/DynORBBase/src/build/sam_tracking/prefix_override:/usr/lib/python3/dist-packages/colcon_core/task/python/colcon_distutils_commands:/home/parallels/DynORBBase/src/install/sam_tracking/lib/python3.10/site-packages:${PYTHONPATH} /usr/bin/python3 -W ignore:setup.py install is deprecated setup.py egg_info --egg-base ../build/sam_tracking build --build-base /home/parallels/DynORBBase/src/build/sam_tracking/build install --record /home/parallels/DynORBBase/src/build/sam_tracking/install.log --single-version-externally-managed install_data
[0.648s] running egg_info
[0.649s] writing ../build/sam_tracking/sam_tracking.egg-info/PKG-INFO
[0.650s] writing dependency_links to ../build/sam_tracking/sam_tracking.egg-info/dependency_links.txt
[0.650s] writing entry points to ../build/sam_tracking/sam_tracking.egg-info/entry_points.txt
[0.650s] writing requirements to ../build/sam_tracking/sam_tracking.egg-info/requires.txt
[0.650s] writing top-level names to ../build/sam_tracking/sam_tracking.egg-info/top_level.txt
[0.651s] reading manifest file '../build/sam_tracking/sam_tracking.egg-info/SOURCES.txt'
[0.651s] adding license file 'LICENSE'
[0.652s] writing manifest file '../build/sam_tracking/sam_tracking.egg-info/SOURCES.txt'
[0.652s] running build
[0.652s] running build_py
[0.652s] copying sam_tracking/tracker.py -> /home/parallels/DynORBBase/src/build/sam_tracking/build/lib/sam_tracking
[0.652s] running install
[0.652s] running install_lib
[0.654s] copying /home/parallels/DynORBBase/src/build/sam_tracking/build/lib/sam_tracking/tracker.py -> /home/parallels/DynORBBase/src/install/sam_tracking/lib/python3.10/site-packages/sam_tracking
[0.654s] byte-compiling /home/parallels/DynORBBase/src/install/sam_tracking/lib/python3.10/site-packages/sam_tracking/tracker.py to tracker.cpython-310.pyc
[0.655s] running install_data
[0.655s] running install_egg_info
[0.657s] removing '/home/parallels/DynORBBase/src/install/sam_tracking/lib/python3.10/site-packages/sam_tracking-0.0.0-py3.10.egg-info' (and everything under it)
[0.657s] Copying ../build/sam_tracking/sam_tracking.egg-info to /home/parallels/DynORBBase/src/install/sam_tracking/lib/python3.10/site-packages/sam_tracking-0.0.0-py3.10.egg-info
[0.658s] running install_scripts
[0.672s] Installing tracker script to /home/parallels/DynORBBase/src/install/sam_tracking/lib/sam_tracking
[0.672s] writing list of installed files to '/home/parallels/DynORBBase/src/build/sam_tracking/install.log'
[0.690s] Invoked command in '/home/parallels/DynORBBase/src/sam_tracking' returned '0': PYTHONPATH=/home/parallels/DynORBBase/src/build/sam_tracking/prefix_override:/usr/lib/python3/dist-packages/colcon_core/task/python/colcon_distutils_commands:/home/parallels/DynORBBase/src/install/sam_tracking/lib/python3.10/site-packages:${PYTHONPATH} /usr/bin/python3 -W ignore:setup.py install is deprecated setup.py egg_info --egg-base ../build/sam_tracking build --build-base /home/parallels/DynORBBase/src/build/sam_tracking/build install --record /home/parallels/DynORBBase/src/build/sam_tracking/install.log --single-version-externally-managed install_data
