[0.577s] Invoking command in '/home/parallels/DynORBBase/src/sam_tracking': PYTHONPATH=/home/parallels/DynORBBase/src/build/sam_tracking/prefix_override:/usr/lib/python3/dist-packages/colcon_core/task/python/colcon_distutils_commands:/home/parallels/DynORBBase/src/install/sam_tracking/lib/python3.10/site-packages:${PYTHONPATH} /usr/bin/python3 -W ignore:setup.py install is deprecated setup.py egg_info --egg-base ../build/sam_tracking build --build-base /home/parallels/DynORBBase/src/build/sam_tracking/build install --record /home/parallels/DynORBBase/src/build/sam_tracking/install.log --single-version-externally-managed install_data
[0.794s] running egg_info
[0.795s] writing ../build/sam_tracking/sam_tracking.egg-info/PKG-INFO
[0.796s] writing dependency_links to ../build/sam_tracking/sam_tracking.egg-info/dependency_links.txt
[0.797s] writing entry points to ../build/sam_tracking/sam_tracking.egg-info/entry_points.txt
[0.798s] writing requirements to ../build/sam_tracking/sam_tracking.egg-info/requires.txt
[0.798s] writing top-level names to ../build/sam_tracking/sam_tracking.egg-info/top_level.txt
[0.800s] reading manifest file '../build/sam_tracking/sam_tracking.egg-info/SOURCES.txt'
[0.801s] adding license file 'LICENSE'
[0.801s] writing manifest file '../build/sam_tracking/sam_tracking.egg-info/SOURCES.txt'
[0.802s] running build
[0.802s] running build_py
[0.803s] running install
[0.804s] running install_lib
[0.805s] running install_data
[0.805s] running install_egg_info
[0.810s] removing '/home/parallels/DynORBBase/src/install/sam_tracking/lib/python3.10/site-packages/sam_tracking-0.0.0-py3.10.egg-info' (and everything under it)
[0.820s] Copying ../build/sam_tracking/sam_tracking.egg-info to /home/parallels/DynORBBase/src/install/sam_tracking/lib/python3.10/site-packages/sam_tracking-0.0.0-py3.10.egg-info
[0.829s] running install_scripts
[0.844s] Installing tracker script to /home/parallels/DynORBBase/src/install/sam_tracking/lib/sam_tracking
[0.845s] writing list of installed files to '/home/parallels/DynORBBase/src/build/sam_tracking/install.log'
[0.888s] Invoked command in '/home/parallels/DynORBBase/src/sam_tracking' returned '0': PYTHONPATH=/home/parallels/DynORBBase/src/build/sam_tracking/prefix_override:/usr/lib/python3/dist-packages/colcon_core/task/python/colcon_distutils_commands:/home/parallels/DynORBBase/src/install/sam_tracking/lib/python3.10/site-packages:${PYTHONPATH} /usr/bin/python3 -W ignore:setup.py install is deprecated setup.py egg_info --egg-base ../build/sam_tracking build --build-base /home/parallels/DynORBBase/src/build/sam_tracking/build install --record /home/parallels/DynORBBase/src/build/sam_tracking/install.log --single-version-externally-managed install_data
