[0.009s] Invoking command in '/home/parallels/DynORBBase/src/build/dynorb': CMAKE_PREFIX_PATH=/opt/ros/humble /usr/bin/cmake /home/parallels/DynORBBase/src/dynorb -DCMAKE_INSTALL_PREFIX=/home/parallels/DynORBBase/src/install/dynorb
[0.019s] [0mCMake Deprecation Warning at CMakeLists.txt:1 (cmake_minimum_required):
[0.019s]   Compatibility with CMake < 2.8.12 will be removed from a future version of
[0.019s]   CMake.
[0.019s] 
[0.019s]   Update the VERSION argument <min> value or use a ...<max> suffix to tell
[0.019s]   CMake that the project does not need compatibility with older versions.
[0.019s] 
[0.019s] [0m
[0.119s] -- The C compiler identification is GNU 11.4.0
[0.189s] -- The CXX compiler identification is GNU 11.4.0
[0.201s] -- Detecting C compiler ABI info
[0.311s] -- Detecting C compiler ABI info - done
[0.321s] -- Check for working C compiler: /usr/bin/cc - skipped
[0.322s] -- Detecting C compile features
[0.322s] -- Detecting C compile features - done
[0.334s] -- Detecting CXX compiler ABI info
[0.443s] -- Detecting CXX compiler ABI info - done
[0.453s] -- Check for working CXX compiler: /usr/bin/c++ - skipped
[0.454s] -- Detecting CXX compile features
[0.455s] -- Detecting CXX compile features - done
[0.465s] -- Found ament_cmake: 1.3.10 (/opt/ros/humble/share/ament_cmake/cmake)
[0.637s] -- Found Python3: /usr/bin/python3 (found version "3.10.12") found components: Interpreter 
[0.702s] -- Found ament_lint_auto: 0.12.11 (/opt/ros/humble/share/ament_lint_auto/cmake)
[0.768s] [33mCMake Warning (dev) at /opt/ros/humble/share/ament_cmake_core/cmake/core/ament_execute_extensions.cmake:41 (if):
[0.769s]   Policy CMP0057 is not set: Support new IN_LIST if() operator.  Run "cmake
[0.769s]   --help-policy CMP0057" for policy details.  Use the cmake_policy command to
[0.770s]   set the policy and suppress this warning.
[0.770s] 
[0.770s]   IN_LIST will be interpreted as an operator when the policy is set to NEW.
[0.771s]   Since the policy is not set the OLD behavior will be used.
[0.771s] Call Stack (most recent call first):
[0.771s]   /opt/ros/humble/share/ament_cmake_core/cmake/core/ament_package.cmake:66 (ament_execute_extensions)
[0.771s]   CMakeLists.txt:26 (ament_package)
[0.772s] This warning is for project developers.  Use -Wno-dev to suppress it.
[0.772s] [0m
[0.772s] [31mCMake Error at /opt/ros/humble/share/ament_cmake_core/cmake/core/ament_execute_extensions.cmake:41 (if):
[0.773s]   if given arguments:
[0.773s] 
[0.773s]     "ament_cmake_core" "IN_LIST" "_ARG_AMENT_EXECUTE_EXTENSIONS_EXCLUDE"
[0.774s] 
[0.774s]   Unknown arguments specified
[0.774s] Call Stack (most recent call first):
[0.774s]   /opt/ros/humble/share/ament_cmake_core/cmake/core/ament_package.cmake:66 (ament_execute_extensions)
[0.775s]   CMakeLists.txt:26 (ament_package)
[0.775s] 
[0.775s] [0m
[0.776s] -- Configuring incomplete, errors occurred!
[0.776s] See also "/home/parallels/DynORBBase/src/build/dynorb/CMakeFiles/CMakeOutput.log".
[0.847s] Invoked command in '/home/parallels/DynORBBase/src/build/dynorb' returned '1': CMAKE_PREFIX_PATH=/opt/ros/humble /usr/bin/cmake /home/parallels/DynORBBase/src/dynorb -DCMAKE_INSTALL_PREFIX=/home/parallels/DynORBBase/src/install/dynorb
