[  2%] Built target dynorb_interface__cpp
[ 12%] Built target dynorb_interface__rosidl_generator_c
[ 12%] Built target ament_cmake_python_copy_dynorb_interface
[ 23%] Built target dynorb_interface__rosidl_typesupport_cpp
[ 33%] Built target dynorb_interface__rosidl_typesupport_fastrtps_cpp
[ 43%] Built target dynorb_interface__rosidl_typesupport_fastrtps_c
[ 53%] Built target dynorb_interface__rosidl_typesupport_c
[ 64%] Built target dynorb_interface__rosidl_typesupport_introspection_c
[ 74%] Built target dynorb_interface__rosidl_typesupport_introspection_cpp
[ 74%] Built target dynorb_interface
[ 76%] Built target dynorb_interface__py
[ 84%] Built target dynorb_interface__rosidl_generator_py
[ 89%] Built target dynorb_interface__rosidl_typesupport_fastrtps_c__pyext
[ 94%] Built target dynorb_interface__rosidl_typesupport_introspection_c__pyext
[100%] Built target dynorb_interface__rosidl_typesupport_c__pyext
running egg_info
writing dynorb_interface.egg-info/PKG-INFO
writing dependency_links to dynorb_interface.egg-info/dependency_links.txt
writing top-level names to dynorb_interface.egg-info/top_level.txt
reading manifest file 'dynorb_interface.egg-info/SOURCES.txt'
writing manifest file 'dynorb_interface.egg-info/SOURCES.txt'
[100%] Built target ament_cmake_python_build_dynorb_interface_egg
-- Install configuration: ""
-- Up-to-date: /home/parallels/DynORBBase/src/install/dynorb_interface/share/ament_index/resource_index/rosidl_interfaces/dynorb_interface
-- Up-to-date: /home/parallels/DynORBBase/src/install/dynorb_interface/include/dynorb_interface/dynorb_interface
-- Up-to-date: /home/parallels/DynORBBase/src/install/dynorb_interface/include/dynorb_interface/dynorb_interface/msg
-- Up-to-date: /home/parallels/DynORBBase/src/install/dynorb_interface/include/dynorb_interface/dynorb_interface/msg/rosidl_generator_c__visibility_control.h
-- Up-to-date: /home/parallels/DynORBBase/src/install/dynorb_interface/include/dynorb_interface/dynorb_interface/srv
-- Up-to-date: /home/parallels/DynORBBase/src/install/dynorb_interface/include/dynorb_interface/dynorb_interface/srv/detail
-- Up-to-date: /home/parallels/DynORBBase/src/install/dynorb_interface/include/dynorb_interface/dynorb_interface/srv/detail/feed_frame__functions.c
-- Up-to-date: /home/parallels/DynORBBase/src/install/dynorb_interface/include/dynorb_interface/dynorb_interface/srv/detail/dyn_class__type_support.h
-- Up-to-date: /home/parallels/DynORBBase/src/install/dynorb_interface/include/dynorb_interface/dynorb_interface/srv/detail/feed_frame__functions.h
-- Up-to-date: /home/parallels/DynORBBase/src/install/dynorb_interface/include/dynorb_interface/dynorb_interface/srv/detail/dyn_class__functions.h
-- Up-to-date: /home/parallels/DynORBBase/src/install/dynorb_interface/include/dynorb_interface/dynorb_interface/srv/detail/feed_frame__struct.h
-- Up-to-date: /home/parallels/DynORBBase/src/install/dynorb_interface/include/dynorb_interface/dynorb_interface/srv/detail/feed_frame__type_support.h
-- Up-to-date: /home/parallels/DynORBBase/src/install/dynorb_interface/include/dynorb_interface/dynorb_interface/srv/detail/dyn_class__struct.h
-- Up-to-date: /home/parallels/DynORBBase/src/install/dynorb_interface/include/dynorb_interface/dynorb_interface/srv/detail/dyn_class__functions.c
-- Up-to-date: /home/parallels/DynORBBase/src/install/dynorb_interface/include/dynorb_interface/dynorb_interface/srv/dyn_class.h
-- Up-to-date: /home/parallels/DynORBBase/src/install/dynorb_interface/include/dynorb_interface/dynorb_interface/srv/feed_frame.h
-- Up-to-date: /home/parallels/DynORBBase/src/install/dynorb_interface/share/dynorb_interface/environment/library_path.sh
-- Up-to-date: /home/parallels/DynORBBase/src/install/dynorb_interface/share/dynorb_interface/environment/library_path.dsv
-- Up-to-date: /home/parallels/DynORBBase/src/install/dynorb_interface/lib/libdynorb_interface__rosidl_generator_c.so
-- Up-to-date: /home/parallels/DynORBBase/src/install/dynorb_interface/include/dynorb_interface/dynorb_interface
-- Up-to-date: /home/parallels/DynORBBase/src/install/dynorb_interface/include/dynorb_interface/dynorb_interface/msg
-- Up-to-date: /home/parallels/DynORBBase/src/install/dynorb_interface/include/dynorb_interface/dynorb_interface/msg/rosidl_typesupport_fastrtps_c__visibility_control.h
-- Up-to-date: /home/parallels/DynORBBase/src/install/dynorb_interface/include/dynorb_interface/dynorb_interface/srv
-- Up-to-date: /home/parallels/DynORBBase/src/install/dynorb_interface/include/dynorb_interface/dynorb_interface/srv/detail
-- Up-to-date: /home/parallels/DynORBBase/src/install/dynorb_interface/include/dynorb_interface/dynorb_interface/srv/detail/feed_frame__rosidl_typesupport_fastrtps_c.h
-- Up-to-date: /home/parallels/DynORBBase/src/install/dynorb_interface/include/dynorb_interface/dynorb_interface/srv/detail/dyn_class__rosidl_typesupport_fastrtps_c.h
-- Up-to-date: /home/parallels/DynORBBase/src/install/dynorb_interface/lib/libdynorb_interface__rosidl_typesupport_fastrtps_c.so
-- Up-to-date: /home/parallels/DynORBBase/src/install/dynorb_interface/include/dynorb_interface/dynorb_interface
-- Up-to-date: /home/parallels/DynORBBase/src/install/dynorb_interface/include/dynorb_interface/dynorb_interface/srv
-- Up-to-date: /home/parallels/DynORBBase/src/install/dynorb_interface/include/dynorb_interface/dynorb_interface/srv/detail
-- Up-to-date: /home/parallels/DynORBBase/src/install/dynorb_interface/include/dynorb_interface/dynorb_interface/srv/detail/feed_frame__traits.hpp
-- Up-to-date: /home/parallels/DynORBBase/src/install/dynorb_interface/include/dynorb_interface/dynorb_interface/srv/detail/dyn_class__struct.hpp
-- Up-to-date: /home/parallels/DynORBBase/src/install/dynorb_interface/include/dynorb_interface/dynorb_interface/srv/detail/dyn_class__traits.hpp
-- Up-to-date: /home/parallels/DynORBBase/src/install/dynorb_interface/include/dynorb_interface/dynorb_interface/srv/detail/dyn_class__builder.hpp
-- Up-to-date: /home/parallels/DynORBBase/src/install/dynorb_interface/include/dynorb_interface/dynorb_interface/srv/detail/feed_frame__builder.hpp
-- Up-to-date: /home/parallels/DynORBBase/src/install/dynorb_interface/include/dynorb_interface/dynorb_interface/srv/detail/feed_frame__struct.hpp
-- Up-to-date: /home/parallels/DynORBBase/src/install/dynorb_interface/include/dynorb_interface/dynorb_interface/srv/dyn_class.hpp
-- Up-to-date: /home/parallels/DynORBBase/src/install/dynorb_interface/include/dynorb_interface/dynorb_interface/srv/feed_frame.hpp
-- Up-to-date: /home/parallels/DynORBBase/src/install/dynorb_interface/include/dynorb_interface/dynorb_interface
-- Up-to-date: /home/parallels/DynORBBase/src/install/dynorb_interface/include/dynorb_interface/dynorb_interface/msg
-- Up-to-date: /home/parallels/DynORBBase/src/install/dynorb_interface/include/dynorb_interface/dynorb_interface/msg/rosidl_typesupport_fastrtps_cpp__visibility_control.h
-- Up-to-date: /home/parallels/DynORBBase/src/install/dynorb_interface/include/dynorb_interface/dynorb_interface/srv
-- Up-to-date: /home/parallels/DynORBBase/src/install/dynorb_interface/include/dynorb_interface/dynorb_interface/srv/detail
-- Up-to-date: /home/parallels/DynORBBase/src/install/dynorb_interface/include/dynorb_interface/dynorb_interface/srv/detail/dds_fastrtps
-- Up-to-date: /home/parallels/DynORBBase/src/install/dynorb_interface/include/dynorb_interface/dynorb_interface/srv/detail/feed_frame__rosidl_typesupport_fastrtps_cpp.hpp
-- Up-to-date: /home/parallels/DynORBBase/src/install/dynorb_interface/include/dynorb_interface/dynorb_interface/srv/detail/dyn_class__rosidl_typesupport_fastrtps_cpp.hpp
-- Up-to-date: /home/parallels/DynORBBase/src/install/dynorb_interface/lib/libdynorb_interface__rosidl_typesupport_fastrtps_cpp.so
-- Up-to-date: /home/parallels/DynORBBase/src/install/dynorb_interface/include/dynorb_interface/dynorb_interface
-- Up-to-date: /home/parallels/DynORBBase/src/install/dynorb_interface/include/dynorb_interface/dynorb_interface/msg
-- Up-to-date: /home/parallels/DynORBBase/src/install/dynorb_interface/include/dynorb_interface/dynorb_interface/msg/rosidl_typesupport_introspection_c__visibility_control.h
-- Up-to-date: /home/parallels/DynORBBase/src/install/dynorb_interface/include/dynorb_interface/dynorb_interface/srv
-- Up-to-date: /home/parallels/DynORBBase/src/install/dynorb_interface/include/dynorb_interface/dynorb_interface/srv/detail
-- Up-to-date: /home/parallels/DynORBBase/src/install/dynorb_interface/include/dynorb_interface/dynorb_interface/srv/detail/dyn_class__rosidl_typesupport_introspection_c.h
-- Up-to-date: /home/parallels/DynORBBase/src/install/dynorb_interface/include/dynorb_interface/dynorb_interface/srv/detail/feed_frame__rosidl_typesupport_introspection_c.h
-- Up-to-date: /home/parallels/DynORBBase/src/install/dynorb_interface/include/dynorb_interface/dynorb_interface/srv/detail/dyn_class__type_support.c
-- Up-to-date: /home/parallels/DynORBBase/src/install/dynorb_interface/include/dynorb_interface/dynorb_interface/srv/detail/feed_frame__type_support.c
-- Up-to-date: /home/parallels/DynORBBase/src/install/dynorb_interface/lib/libdynorb_interface__rosidl_typesupport_introspection_c.so
-- Up-to-date: /home/parallels/DynORBBase/src/install/dynorb_interface/lib/libdynorb_interface__rosidl_typesupport_c.so
-- Up-to-date: /home/parallels/DynORBBase/src/install/dynorb_interface/include/dynorb_interface/dynorb_interface
-- Up-to-date: /home/parallels/DynORBBase/src/install/dynorb_interface/include/dynorb_interface/dynorb_interface/srv
-- Up-to-date: /home/parallels/DynORBBase/src/install/dynorb_interface/include/dynorb_interface/dynorb_interface/srv/detail
-- Up-to-date: /home/parallels/DynORBBase/src/install/dynorb_interface/include/dynorb_interface/dynorb_interface/srv/detail/dyn_class__type_support.cpp
-- Up-to-date: /home/parallels/DynORBBase/src/install/dynorb_interface/include/dynorb_interface/dynorb_interface/srv/detail/feed_frame__rosidl_typesupport_introspection_cpp.hpp
-- Up-to-date: /home/parallels/DynORBBase/src/install/dynorb_interface/include/dynorb_interface/dynorb_interface/srv/detail/feed_frame__type_support.cpp
-- Up-to-date: /home/parallels/DynORBBase/src/install/dynorb_interface/include/dynorb_interface/dynorb_interface/srv/detail/dyn_class__rosidl_typesupport_introspection_cpp.hpp
-- Up-to-date: /home/parallels/DynORBBase/src/install/dynorb_interface/lib/libdynorb_interface__rosidl_typesupport_introspection_cpp.so
-- Up-to-date: /home/parallels/DynORBBase/src/install/dynorb_interface/lib/libdynorb_interface__rosidl_typesupport_cpp.so
-- Up-to-date: /home/parallels/DynORBBase/src/install/dynorb_interface/share/dynorb_interface/environment/pythonpath.sh
-- Up-to-date: /home/parallels/DynORBBase/src/install/dynorb_interface/share/dynorb_interface/environment/pythonpath.dsv
-- Up-to-date: /home/parallels/DynORBBase/src/install/dynorb_interface/local/lib/python3.10/dist-packages/dynorb_interface-0.0.0-py3.10.egg-info
-- Installing: /home/parallels/DynORBBase/src/install/dynorb_interface/local/lib/python3.10/dist-packages/dynorb_interface-0.0.0-py3.10.egg-info/dependency_links.txt
-- Installing: /home/parallels/DynORBBase/src/install/dynorb_interface/local/lib/python3.10/dist-packages/dynorb_interface-0.0.0-py3.10.egg-info/top_level.txt
-- Installing: /home/parallels/DynORBBase/src/install/dynorb_interface/local/lib/python3.10/dist-packages/dynorb_interface-0.0.0-py3.10.egg-info/PKG-INFO
-- Installing: /home/parallels/DynORBBase/src/install/dynorb_interface/local/lib/python3.10/dist-packages/dynorb_interface-0.0.0-py3.10.egg-info/SOURCES.txt
-- Up-to-date: /home/parallels/DynORBBase/src/install/dynorb_interface/local/lib/python3.10/dist-packages/dynorb_interface
-- Up-to-date: /home/parallels/DynORBBase/src/install/dynorb_interface/local/lib/python3.10/dist-packages/dynorb_interface/dynorb_interface_s__rosidl_typesupport_fastrtps_c.cpython-310-aarch64-linux-gnu.so
-- Up-to-date: /home/parallels/DynORBBase/src/install/dynorb_interface/local/lib/python3.10/dist-packages/dynorb_interface/dynorb_interface_s__rosidl_typesupport_introspection_c.cpython-310-aarch64-linux-gnu.so
-- Up-to-date: /home/parallels/DynORBBase/src/install/dynorb_interface/local/lib/python3.10/dist-packages/dynorb_interface/dynorb_interface_s__rosidl_typesupport_c.cpython-310-aarch64-linux-gnu.so
-- Up-to-date: /home/parallels/DynORBBase/src/install/dynorb_interface/local/lib/python3.10/dist-packages/dynorb_interface/_dynorb_interface_s.ep.rosidl_typesupport_fastrtps_c.c
-- Up-to-date: /home/parallels/DynORBBase/src/install/dynorb_interface/local/lib/python3.10/dist-packages/dynorb_interface/_dynorb_interface_s.ep.rosidl_typesupport_introspection_c.c
-- Up-to-date: /home/parallels/DynORBBase/src/install/dynorb_interface/local/lib/python3.10/dist-packages/dynorb_interface/__init__.py
-- Up-to-date: /home/parallels/DynORBBase/src/install/dynorb_interface/local/lib/python3.10/dist-packages/dynorb_interface/libdynorb_interface__rosidl_generator_py.so
-- Up-to-date: /home/parallels/DynORBBase/src/install/dynorb_interface/local/lib/python3.10/dist-packages/dynorb_interface/srv
-- Up-to-date: /home/parallels/DynORBBase/src/install/dynorb_interface/local/lib/python3.10/dist-packages/dynorb_interface/srv/_feed_frame.py
-- Up-to-date: /home/parallels/DynORBBase/src/install/dynorb_interface/local/lib/python3.10/dist-packages/dynorb_interface/srv/_dyn_class_s.c
-- Up-to-date: /home/parallels/DynORBBase/src/install/dynorb_interface/local/lib/python3.10/dist-packages/dynorb_interface/srv/_feed_frame_s.c
-- Up-to-date: /home/parallels/DynORBBase/src/install/dynorb_interface/local/lib/python3.10/dist-packages/dynorb_interface/srv/__init__.py
-- Up-to-date: /home/parallels/DynORBBase/src/install/dynorb_interface/local/lib/python3.10/dist-packages/dynorb_interface/srv/_dyn_class.py
-- Up-to-date: /home/parallels/DynORBBase/src/install/dynorb_interface/local/lib/python3.10/dist-packages/dynorb_interface/_dynorb_interface_s.ep.rosidl_typesupport_c.c
Listing '/home/parallels/DynORBBase/src/install/dynorb_interface/local/lib/python3.10/dist-packages/dynorb_interface'...
Listing '/home/parallels/DynORBBase/src/install/dynorb_interface/local/lib/python3.10/dist-packages/dynorb_interface/srv'...
-- Up-to-date: /home/parallels/DynORBBase/src/install/dynorb_interface/local/lib/python3.10/dist-packages/dynorb_interface/dynorb_interface_s__rosidl_typesupport_fastrtps_c.cpython-310-aarch64-linux-gnu.so
-- Up-to-date: /home/parallels/DynORBBase/src/install/dynorb_interface/local/lib/python3.10/dist-packages/dynorb_interface/dynorb_interface_s__rosidl_typesupport_introspection_c.cpython-310-aarch64-linux-gnu.so
-- Up-to-date: /home/parallels/DynORBBase/src/install/dynorb_interface/local/lib/python3.10/dist-packages/dynorb_interface/dynorb_interface_s__rosidl_typesupport_c.cpython-310-aarch64-linux-gnu.so
-- Up-to-date: /home/parallels/DynORBBase/src/install/dynorb_interface/lib/libdynorb_interface__rosidl_generator_py.so
-- Up-to-date: /home/parallels/DynORBBase/src/install/dynorb_interface/share/dynorb_interface/srv/DynClass.idl
-- Up-to-date: /home/parallels/DynORBBase/src/install/dynorb_interface/share/dynorb_interface/srv/FeedFrame.idl
-- Up-to-date: /home/parallels/DynORBBase/src/install/dynorb_interface/share/dynorb_interface/srv/DynClass.srv
-- Up-to-date: /home/parallels/DynORBBase/src/install/dynorb_interface/share/dynorb_interface/srv/DynClass_Request.msg
-- Up-to-date: /home/parallels/DynORBBase/src/install/dynorb_interface/share/dynorb_interface/srv/DynClass_Response.msg
-- Up-to-date: /home/parallels/DynORBBase/src/install/dynorb_interface/share/dynorb_interface/srv/FeedFrame.srv
-- Up-to-date: /home/parallels/DynORBBase/src/install/dynorb_interface/share/dynorb_interface/srv/FeedFrame_Request.msg
-- Up-to-date: /home/parallels/DynORBBase/src/install/dynorb_interface/share/dynorb_interface/srv/FeedFrame_Response.msg
-- Up-to-date: /home/parallels/DynORBBase/src/install/dynorb_interface/share/ament_index/resource_index/package_run_dependencies/dynorb_interface
-- Up-to-date: /home/parallels/DynORBBase/src/install/dynorb_interface/share/ament_index/resource_index/parent_prefix_path/dynorb_interface
-- Up-to-date: /home/parallels/DynORBBase/src/install/dynorb_interface/share/dynorb_interface/environment/ament_prefix_path.sh
-- Up-to-date: /home/parallels/DynORBBase/src/install/dynorb_interface/share/dynorb_interface/environment/ament_prefix_path.dsv
-- Up-to-date: /home/parallels/DynORBBase/src/install/dynorb_interface/share/dynorb_interface/environment/path.sh
-- Up-to-date: /home/parallels/DynORBBase/src/install/dynorb_interface/share/dynorb_interface/environment/path.dsv
-- Up-to-date: /home/parallels/DynORBBase/src/install/dynorb_interface/share/dynorb_interface/local_setup.bash
-- Up-to-date: /home/parallels/DynORBBase/src/install/dynorb_interface/share/dynorb_interface/local_setup.sh
-- Up-to-date: /home/parallels/DynORBBase/src/install/dynorb_interface/share/dynorb_interface/local_setup.zsh
-- Up-to-date: /home/parallels/DynORBBase/src/install/dynorb_interface/share/dynorb_interface/local_setup.dsv
-- Installing: /home/parallels/DynORBBase/src/install/dynorb_interface/share/dynorb_interface/package.dsv
-- Up-to-date: /home/parallels/DynORBBase/src/install/dynorb_interface/share/ament_index/resource_index/packages/dynorb_interface
-- Up-to-date: /home/parallels/DynORBBase/src/install/dynorb_interface/share/dynorb_interface/cmake/export_dynorb_interface__rosidl_generator_cExport.cmake
-- Up-to-date: /home/parallels/DynORBBase/src/install/dynorb_interface/share/dynorb_interface/cmake/export_dynorb_interface__rosidl_generator_cExport-noconfig.cmake
-- Up-to-date: /home/parallels/DynORBBase/src/install/dynorb_interface/share/dynorb_interface/cmake/export_dynorb_interface__rosidl_typesupport_fastrtps_cExport.cmake
-- Up-to-date: /home/parallels/DynORBBase/src/install/dynorb_interface/share/dynorb_interface/cmake/export_dynorb_interface__rosidl_typesupport_fastrtps_cExport-noconfig.cmake
-- Up-to-date: /home/parallels/DynORBBase/src/install/dynorb_interface/share/dynorb_interface/cmake/export_dynorb_interface__rosidl_generator_cppExport.cmake
-- Up-to-date: /home/parallels/DynORBBase/src/install/dynorb_interface/share/dynorb_interface/cmake/export_dynorb_interface__rosidl_typesupport_fastrtps_cppExport.cmake
-- Up-to-date: /home/parallels/DynORBBase/src/install/dynorb_interface/share/dynorb_interface/cmake/export_dynorb_interface__rosidl_typesupport_fastrtps_cppExport-noconfig.cmake
-- Up-to-date: /home/parallels/DynORBBase/src/install/dynorb_interface/share/dynorb_interface/cmake/dynorb_interface__rosidl_typesupport_introspection_cExport.cmake
-- Up-to-date: /home/parallels/DynORBBase/src/install/dynorb_interface/share/dynorb_interface/cmake/dynorb_interface__rosidl_typesupport_introspection_cExport-noconfig.cmake
-- Up-to-date: /home/parallels/DynORBBase/src/install/dynorb_interface/share/dynorb_interface/cmake/dynorb_interface__rosidl_typesupport_cExport.cmake
-- Up-to-date: /home/parallels/DynORBBase/src/install/dynorb_interface/share/dynorb_interface/cmake/dynorb_interface__rosidl_typesupport_cExport-noconfig.cmake
-- Up-to-date: /home/parallels/DynORBBase/src/install/dynorb_interface/share/dynorb_interface/cmake/dynorb_interface__rosidl_typesupport_introspection_cppExport.cmake
-- Up-to-date: /home/parallels/DynORBBase/src/install/dynorb_interface/share/dynorb_interface/cmake/dynorb_interface__rosidl_typesupport_introspection_cppExport-noconfig.cmake
-- Up-to-date: /home/parallels/DynORBBase/src/install/dynorb_interface/share/dynorb_interface/cmake/dynorb_interface__rosidl_typesupport_cppExport.cmake
-- Up-to-date: /home/parallels/DynORBBase/src/install/dynorb_interface/share/dynorb_interface/cmake/dynorb_interface__rosidl_typesupport_cppExport-noconfig.cmake
-- Up-to-date: /home/parallels/DynORBBase/src/install/dynorb_interface/share/dynorb_interface/cmake/export_dynorb_interface__rosidl_generator_pyExport.cmake
-- Up-to-date: /home/parallels/DynORBBase/src/install/dynorb_interface/share/dynorb_interface/cmake/export_dynorb_interface__rosidl_generator_pyExport-noconfig.cmake
-- Up-to-date: /home/parallels/DynORBBase/src/install/dynorb_interface/share/dynorb_interface/cmake/rosidl_cmake-extras.cmake
-- Up-to-date: /home/parallels/DynORBBase/src/install/dynorb_interface/share/dynorb_interface/cmake/ament_cmake_export_dependencies-extras.cmake
-- Up-to-date: /home/parallels/DynORBBase/src/install/dynorb_interface/share/dynorb_interface/cmake/ament_cmake_export_include_directories-extras.cmake
-- Up-to-date: /home/parallels/DynORBBase/src/install/dynorb_interface/share/dynorb_interface/cmake/ament_cmake_export_libraries-extras.cmake
-- Up-to-date: /home/parallels/DynORBBase/src/install/dynorb_interface/share/dynorb_interface/cmake/ament_cmake_export_targets-extras.cmake
-- Up-to-date: /home/parallels/DynORBBase/src/install/dynorb_interface/share/dynorb_interface/cmake/rosidl_cmake_export_typesupport_targets-extras.cmake
-- Up-to-date: /home/parallels/DynORBBase/src/install/dynorb_interface/share/dynorb_interface/cmake/rosidl_cmake_export_typesupport_libraries-extras.cmake
-- Up-to-date: /home/parallels/DynORBBase/src/install/dynorb_interface/share/dynorb_interface/cmake/dynorb_interfaceConfig.cmake
-- Up-to-date: /home/parallels/DynORBBase/src/install/dynorb_interface/share/dynorb_interface/cmake/dynorb_interfaceConfig-version.cmake
-- Up-to-date: /home/parallels/DynORBBase/src/install/dynorb_interface/share/dynorb_interface/package.xml
