[0.011s] Invoking command in '/home/parallels/DynORBBase/src/build/dynorb_interface': CMAKE_PREFIX_PATH=${CMAKE_PREFIX_PATH}:/home/parallels/DynORBBase/src/install/sam_tracking:/opt/ros/humble /usr/bin/cmake --build /home/parallels/DynORBBase/src/build/dynorb_interface -- -j2 -l2
[0.131s] [ 10%] Built target dynorb_interface__rosidl_generator_c
[0.153s] [ 12%] Built target dynorb_interface__cpp
[0.206s] [ 23%] Built target dynorb_interface__rosidl_typesupport_cpp
[0.209s] [ 23%] Built target ament_cmake_python_copy_dynorb_interface
[0.247s] [ 33%] Built target dynorb_interface__rosidl_typesupport_fastrtps_cpp
[0.264s] [ 43%] Built target dynorb_interface__rosidl_typesupport_fastrtps_c
[0.326s] [ 53%] Built target dynorb_interface__rosidl_typesupport_introspection_c
[0.333s] [ 64%] Built target dynorb_interface__rosidl_typesupport_c
[0.411s] [ 74%] Built target dynorb_interface__rosidl_typesupport_introspection_cpp
[0.456s] [ 74%] Built target dynorb_interface
[0.531s] [ 76%] Built target dynorb_interface__py
[0.596s] [ 84%] Built target dynorb_interface__rosidl_generator_py
[0.660s] [ 89%] Built target dynorb_interface__rosidl_typesupport_fastrtps_c__pyext
[0.718s] running egg_info
[0.719s] writing dynorb_interface.egg-info/PKG-INFO
[0.720s] writing dependency_links to dynorb_interface.egg-info/dependency_links.txt
[0.721s] writing top-level names to dynorb_interface.egg-info/top_level.txt
[0.727s] reading manifest file 'dynorb_interface.egg-info/SOURCES.txt'
[0.728s] writing manifest file 'dynorb_interface.egg-info/SOURCES.txt'
[0.728s] [ 94%] Built target dynorb_interface__rosidl_typesupport_introspection_c__pyext
[0.791s] [ 97%] Built target ament_cmake_python_build_dynorb_interface_egg
[0.792s] [100%] Built target dynorb_interface__rosidl_typesupport_c__pyext
[0.826s] Invoked command in '/home/parallels/DynORBBase/src/build/dynorb_interface' returned '0': CMAKE_PREFIX_PATH=${CMAKE_PREFIX_PATH}:/home/parallels/DynORBBase/src/install/sam_tracking:/opt/ros/humble /usr/bin/cmake --build /home/parallels/DynORBBase/src/build/dynorb_interface -- -j2 -l2
[1.163s] Invoking command in '/home/parallels/DynORBBase/src/build/dynorb_interface': CMAKE_PREFIX_PATH=${CMAKE_PREFIX_PATH}:/home/parallels/DynORBBase/src/install/sam_tracking:/opt/ros/humble /usr/bin/cmake --install /home/parallels/DynORBBase/src/build/dynorb_interface
[1.170s] -- Install configuration: ""
[1.170s] -- Up-to-date: /home/parallels/DynORBBase/src/install/dynorb_interface/share/ament_index/resource_index/rosidl_interfaces/dynorb_interface
[1.171s] -- Up-to-date: /home/parallels/DynORBBase/src/install/dynorb_interface/include/dynorb_interface/dynorb_interface
[1.171s] -- Up-to-date: /home/parallels/DynORBBase/src/install/dynorb_interface/include/dynorb_interface/dynorb_interface/msg
[1.171s] -- Up-to-date: /home/parallels/DynORBBase/src/install/dynorb_interface/include/dynorb_interface/dynorb_interface/msg/rosidl_generator_c__visibility_control.h
[1.172s] -- Up-to-date: /home/parallels/DynORBBase/src/install/dynorb_interface/include/dynorb_interface/dynorb_interface/srv
[1.172s] -- Up-to-date: /home/parallels/DynORBBase/src/install/dynorb_interface/include/dynorb_interface/dynorb_interface/srv/detail
[1.172s] -- Up-to-date: /home/parallels/DynORBBase/src/install/dynorb_interface/include/dynorb_interface/dynorb_interface/srv/detail/feed_frame__functions.c
[1.173s] -- Up-to-date: /home/parallels/DynORBBase/src/install/dynorb_interface/include/dynorb_interface/dynorb_interface/srv/detail/dyn_class__type_support.h
[1.173s] -- Up-to-date: /home/parallels/DynORBBase/src/install/dynorb_interface/include/dynorb_interface/dynorb_interface/srv/detail/feed_frame__functions.h
[1.173s] -- Up-to-date: /home/parallels/DynORBBase/src/install/dynorb_interface/include/dynorb_interface/dynorb_interface/srv/detail/dyn_class__functions.h
[1.174s] -- Up-to-date: /home/parallels/DynORBBase/src/install/dynorb_interface/include/dynorb_interface/dynorb_interface/srv/detail/feed_frame__struct.h
[1.174s] -- Up-to-date: /home/parallels/DynORBBase/src/install/dynorb_interface/include/dynorb_interface/dynorb_interface/srv/detail/feed_frame__type_support.h
[1.174s] -- Up-to-date: /home/parallels/DynORBBase/src/install/dynorb_interface/include/dynorb_interface/dynorb_interface/srv/detail/dyn_class__struct.h
[1.175s] -- Up-to-date: /home/parallels/DynORBBase/src/install/dynorb_interface/include/dynorb_interface/dynorb_interface/srv/detail/dyn_class__functions.c
[1.175s] -- Up-to-date: /home/parallels/DynORBBase/src/install/dynorb_interface/include/dynorb_interface/dynorb_interface/srv/dyn_class.h
[1.175s] -- Up-to-date: /home/parallels/DynORBBase/src/install/dynorb_interface/include/dynorb_interface/dynorb_interface/srv/feed_frame.h
[1.176s] -- Up-to-date: /home/parallels/DynORBBase/src/install/dynorb_interface/share/dynorb_interface/environment/library_path.sh
[1.176s] -- Up-to-date: /home/parallels/DynORBBase/src/install/dynorb_interface/share/dynorb_interface/environment/library_path.dsv
[1.176s] -- Up-to-date: /home/parallels/DynORBBase/src/install/dynorb_interface/lib/libdynorb_interface__rosidl_generator_c.so
[1.177s] -- Up-to-date: /home/parallels/DynORBBase/src/install/dynorb_interface/include/dynorb_interface/dynorb_interface
[1.177s] -- Up-to-date: /home/parallels/DynORBBase/src/install/dynorb_interface/include/dynorb_interface/dynorb_interface/msg
[1.177s] -- Up-to-date: /home/parallels/DynORBBase/src/install/dynorb_interface/include/dynorb_interface/dynorb_interface/msg/rosidl_typesupport_fastrtps_c__visibility_control.h
[1.177s] -- Up-to-date: /home/parallels/DynORBBase/src/install/dynorb_interface/include/dynorb_interface/dynorb_interface/srv
[1.178s] -- Up-to-date: /home/parallels/DynORBBase/src/install/dynorb_interface/include/dynorb_interface/dynorb_interface/srv/detail
[1.178s] -- Up-to-date: /home/parallels/DynORBBase/src/install/dynorb_interface/include/dynorb_interface/dynorb_interface/srv/detail/feed_frame__rosidl_typesupport_fastrtps_c.h
[1.178s] -- Up-to-date: /home/parallels/DynORBBase/src/install/dynorb_interface/include/dynorb_interface/dynorb_interface/srv/detail/dyn_class__rosidl_typesupport_fastrtps_c.h
[1.179s] -- Up-to-date: /home/parallels/DynORBBase/src/install/dynorb_interface/lib/libdynorb_interface__rosidl_typesupport_fastrtps_c.so
[1.179s] -- Up-to-date: /home/parallels/DynORBBase/src/install/dynorb_interface/include/dynorb_interface/dynorb_interface
[1.179s] -- Up-to-date: /home/parallels/DynORBBase/src/install/dynorb_interface/include/dynorb_interface/dynorb_interface/srv
[1.180s] -- Up-to-date: /home/parallels/DynORBBase/src/install/dynorb_interface/include/dynorb_interface/dynorb_interface/srv/detail
[1.180s] -- Up-to-date: /home/parallels/DynORBBase/src/install/dynorb_interface/include/dynorb_interface/dynorb_interface/srv/detail/feed_frame__traits.hpp
[1.180s] -- Up-to-date: /home/parallels/DynORBBase/src/install/dynorb_interface/include/dynorb_interface/dynorb_interface/srv/detail/dyn_class__struct.hpp
[1.184s] -- Up-to-date: /home/parallels/DynORBBase/src/install/dynorb_interface/include/dynorb_interface/dynorb_interface/srv/detail/dyn_class__traits.hpp
[1.184s] -- Up-to-date: /home/parallels/DynORBBase/src/install/dynorb_interface/include/dynorb_interface/dynorb_interface/srv/detail/dyn_class__builder.hpp
[1.184s] -- Up-to-date: /home/parallels/DynORBBase/src/install/dynorb_interface/include/dynorb_interface/dynorb_interface/srv/detail/feed_frame__builder.hpp
[1.184s] -- Up-to-date: /home/parallels/DynORBBase/src/install/dynorb_interface/include/dynorb_interface/dynorb_interface/srv/detail/feed_frame__struct.hpp
[1.185s] -- Up-to-date: /home/parallels/DynORBBase/src/install/dynorb_interface/include/dynorb_interface/dynorb_interface/srv/dyn_class.hpp
[1.185s] -- Up-to-date: /home/parallels/DynORBBase/src/install/dynorb_interface/include/dynorb_interface/dynorb_interface/srv/feed_frame.hpp
[1.185s] -- Up-to-date: /home/parallels/DynORBBase/src/install/dynorb_interface/include/dynorb_interface/dynorb_interface
[1.186s] -- Up-to-date: /home/parallels/DynORBBase/src/install/dynorb_interface/include/dynorb_interface/dynorb_interface/msg
[1.186s] -- Up-to-date: /home/parallels/DynORBBase/src/install/dynorb_interface/include/dynorb_interface/dynorb_interface/msg/rosidl_typesupport_fastrtps_cpp__visibility_control.h
[1.187s] -- Up-to-date: /home/parallels/DynORBBase/src/install/dynorb_interface/include/dynorb_interface/dynorb_interface/srv
[1.187s] -- Up-to-date: /home/parallels/DynORBBase/src/install/dynorb_interface/include/dynorb_interface/dynorb_interface/srv/detail
[1.187s] -- Up-to-date: /home/parallels/DynORBBase/src/install/dynorb_interface/include/dynorb_interface/dynorb_interface/srv/detail/dds_fastrtps
[1.187s] -- Up-to-date: /home/parallels/DynORBBase/src/install/dynorb_interface/include/dynorb_interface/dynorb_interface/srv/detail/feed_frame__rosidl_typesupport_fastrtps_cpp.hpp
[1.187s] -- Up-to-date: /home/parallels/DynORBBase/src/install/dynorb_interface/include/dynorb_interface/dynorb_interface/srv/detail/dyn_class__rosidl_typesupport_fastrtps_cpp.hpp
[1.187s] -- Up-to-date: /home/parallels/DynORBBase/src/install/dynorb_interface/lib/libdynorb_interface__rosidl_typesupport_fastrtps_cpp.so
[1.188s] -- Up-to-date: /home/parallels/DynORBBase/src/install/dynorb_interface/include/dynorb_interface/dynorb_interface
[1.188s] -- Up-to-date: /home/parallels/DynORBBase/src/install/dynorb_interface/include/dynorb_interface/dynorb_interface/msg
[1.188s] -- Up-to-date: /home/parallels/DynORBBase/src/install/dynorb_interface/include/dynorb_interface/dynorb_interface/msg/rosidl_typesupport_introspection_c__visibility_control.h
[1.188s] -- Up-to-date: /home/parallels/DynORBBase/src/install/dynorb_interface/include/dynorb_interface/dynorb_interface/srv
[1.188s] -- Up-to-date: /home/parallels/DynORBBase/src/install/dynorb_interface/include/dynorb_interface/dynorb_interface/srv/detail
[1.188s] -- Up-to-date: /home/parallels/DynORBBase/src/install/dynorb_interface/include/dynorb_interface/dynorb_interface/srv/detail/dyn_class__rosidl_typesupport_introspection_c.h
[1.188s] -- Up-to-date: /home/parallels/DynORBBase/src/install/dynorb_interface/include/dynorb_interface/dynorb_interface/srv/detail/feed_frame__rosidl_typesupport_introspection_c.h
[1.189s] -- Up-to-date: /home/parallels/DynORBBase/src/install/dynorb_interface/include/dynorb_interface/dynorb_interface/srv/detail/dyn_class__type_support.c
[1.189s] -- Up-to-date: /home/parallels/DynORBBase/src/install/dynorb_interface/include/dynorb_interface/dynorb_interface/srv/detail/feed_frame__type_support.c
[1.189s] -- Up-to-date: /home/parallels/DynORBBase/src/install/dynorb_interface/lib/libdynorb_interface__rosidl_typesupport_introspection_c.so
[1.189s] -- Up-to-date: /home/parallels/DynORBBase/src/install/dynorb_interface/lib/libdynorb_interface__rosidl_typesupport_c.so
[1.191s] -- Up-to-date: /home/parallels/DynORBBase/src/install/dynorb_interface/include/dynorb_interface/dynorb_interface
[1.191s] -- Up-to-date: /home/parallels/DynORBBase/src/install/dynorb_interface/include/dynorb_interface/dynorb_interface/srv
[1.191s] -- Up-to-date: /home/parallels/DynORBBase/src/install/dynorb_interface/include/dynorb_interface/dynorb_interface/srv/detail
[1.192s] -- Up-to-date: /home/parallels/DynORBBase/src/install/dynorb_interface/include/dynorb_interface/dynorb_interface/srv/detail/dyn_class__type_support.cpp
[1.192s] -- Up-to-date: /home/parallels/DynORBBase/src/install/dynorb_interface/include/dynorb_interface/dynorb_interface/srv/detail/feed_frame__rosidl_typesupport_introspection_cpp.hpp
[1.192s] -- Up-to-date: /home/parallels/DynORBBase/src/install/dynorb_interface/include/dynorb_interface/dynorb_interface/srv/detail/feed_frame__type_support.cpp
[1.192s] -- Up-to-date: /home/parallels/DynORBBase/src/install/dynorb_interface/include/dynorb_interface/dynorb_interface/srv/detail/dyn_class__rosidl_typesupport_introspection_cpp.hpp
[1.192s] -- Up-to-date: /home/parallels/DynORBBase/src/install/dynorb_interface/lib/libdynorb_interface__rosidl_typesupport_introspection_cpp.so
[1.192s] -- Up-to-date: /home/parallels/DynORBBase/src/install/dynorb_interface/lib/libdynorb_interface__rosidl_typesupport_cpp.so
[1.192s] -- Up-to-date: /home/parallels/DynORBBase/src/install/dynorb_interface/share/dynorb_interface/environment/pythonpath.sh
[1.193s] -- Up-to-date: /home/parallels/DynORBBase/src/install/dynorb_interface/share/dynorb_interface/environment/pythonpath.dsv
[1.193s] -- Up-to-date: /home/parallels/DynORBBase/src/install/dynorb_interface/local/lib/python3.10/dist-packages/dynorb_interface-0.0.0-py3.10.egg-info
[1.193s] -- Installing: /home/parallels/DynORBBase/src/install/dynorb_interface/local/lib/python3.10/dist-packages/dynorb_interface-0.0.0-py3.10.egg-info/dependency_links.txt
[1.193s] -- Installing: /home/parallels/DynORBBase/src/install/dynorb_interface/local/lib/python3.10/dist-packages/dynorb_interface-0.0.0-py3.10.egg-info/top_level.txt
[1.193s] -- Installing: /home/parallels/DynORBBase/src/install/dynorb_interface/local/lib/python3.10/dist-packages/dynorb_interface-0.0.0-py3.10.egg-info/PKG-INFO
[1.196s] -- Installing: /home/parallels/DynORBBase/src/install/dynorb_interface/local/lib/python3.10/dist-packages/dynorb_interface-0.0.0-py3.10.egg-info/SOURCES.txt
[1.196s] -- Up-to-date: /home/parallels/DynORBBase/src/install/dynorb_interface/local/lib/python3.10/dist-packages/dynorb_interface
[1.197s] -- Up-to-date: /home/parallels/DynORBBase/src/install/dynorb_interface/local/lib/python3.10/dist-packages/dynorb_interface/dynorb_interface_s__rosidl_typesupport_fastrtps_c.cpython-310-aarch64-linux-gnu.so
[1.197s] -- Up-to-date: /home/parallels/DynORBBase/src/install/dynorb_interface/local/lib/python3.10/dist-packages/dynorb_interface/dynorb_interface_s__rosidl_typesupport_introspection_c.cpython-310-aarch64-linux-gnu.so
[1.197s] -- Up-to-date: /home/parallels/DynORBBase/src/install/dynorb_interface/local/lib/python3.10/dist-packages/dynorb_interface/dynorb_interface_s__rosidl_typesupport_c.cpython-310-aarch64-linux-gnu.so
[1.197s] -- Up-to-date: /home/parallels/DynORBBase/src/install/dynorb_interface/local/lib/python3.10/dist-packages/dynorb_interface/_dynorb_interface_s.ep.rosidl_typesupport_fastrtps_c.c
[1.197s] -- Up-to-date: /home/parallels/DynORBBase/src/install/dynorb_interface/local/lib/python3.10/dist-packages/dynorb_interface/_dynorb_interface_s.ep.rosidl_typesupport_introspection_c.c
[1.197s] -- Up-to-date: /home/parallels/DynORBBase/src/install/dynorb_interface/local/lib/python3.10/dist-packages/dynorb_interface/__init__.py
[1.197s] -- Up-to-date: /home/parallels/DynORBBase/src/install/dynorb_interface/local/lib/python3.10/dist-packages/dynorb_interface/libdynorb_interface__rosidl_generator_py.so
[1.197s] -- Up-to-date: /home/parallels/DynORBBase/src/install/dynorb_interface/local/lib/python3.10/dist-packages/dynorb_interface/srv
[1.197s] -- Up-to-date: /home/parallels/DynORBBase/src/install/dynorb_interface/local/lib/python3.10/dist-packages/dynorb_interface/srv/_feed_frame.py
[1.197s] -- Up-to-date: /home/parallels/DynORBBase/src/install/dynorb_interface/local/lib/python3.10/dist-packages/dynorb_interface/srv/_dyn_class_s.c
[1.197s] -- Up-to-date: /home/parallels/DynORBBase/src/install/dynorb_interface/local/lib/python3.10/dist-packages/dynorb_interface/srv/_feed_frame_s.c
[1.197s] -- Up-to-date: /home/parallels/DynORBBase/src/install/dynorb_interface/local/lib/python3.10/dist-packages/dynorb_interface/srv/__init__.py
[1.197s] -- Up-to-date: /home/parallels/DynORBBase/src/install/dynorb_interface/local/lib/python3.10/dist-packages/dynorb_interface/srv/_dyn_class.py
[1.198s] -- Up-to-date: /home/parallels/DynORBBase/src/install/dynorb_interface/local/lib/python3.10/dist-packages/dynorb_interface/_dynorb_interface_s.ep.rosidl_typesupport_c.c
[1.229s] Listing '/home/parallels/DynORBBase/src/install/dynorb_interface/local/lib/python3.10/dist-packages/dynorb_interface'...
[1.230s] Listing '/home/parallels/DynORBBase/src/install/dynorb_interface/local/lib/python3.10/dist-packages/dynorb_interface/srv'...
[1.233s] -- Up-to-date: /home/parallels/DynORBBase/src/install/dynorb_interface/local/lib/python3.10/dist-packages/dynorb_interface/dynorb_interface_s__rosidl_typesupport_fastrtps_c.cpython-310-aarch64-linux-gnu.so
[1.240s] -- Up-to-date: /home/parallels/DynORBBase/src/install/dynorb_interface/local/lib/python3.10/dist-packages/dynorb_interface/dynorb_interface_s__rosidl_typesupport_introspection_c.cpython-310-aarch64-linux-gnu.so
[1.241s] -- Up-to-date: /home/parallels/DynORBBase/src/install/dynorb_interface/local/lib/python3.10/dist-packages/dynorb_interface/dynorb_interface_s__rosidl_typesupport_c.cpython-310-aarch64-linux-gnu.so
[1.242s] -- Up-to-date: /home/parallels/DynORBBase/src/install/dynorb_interface/lib/libdynorb_interface__rosidl_generator_py.so
[1.242s] -- Up-to-date: /home/parallels/DynORBBase/src/install/dynorb_interface/share/dynorb_interface/srv/DynClass.idl
[1.242s] -- Up-to-date: /home/parallels/DynORBBase/src/install/dynorb_interface/share/dynorb_interface/srv/FeedFrame.idl
[1.242s] -- Up-to-date: /home/parallels/DynORBBase/src/install/dynorb_interface/share/dynorb_interface/srv/DynClass.srv
[1.242s] -- Up-to-date: /home/parallels/DynORBBase/src/install/dynorb_interface/share/dynorb_interface/srv/DynClass_Request.msg
[1.242s] -- Up-to-date: /home/parallels/DynORBBase/src/install/dynorb_interface/share/dynorb_interface/srv/DynClass_Response.msg
[1.242s] -- Up-to-date: /home/parallels/DynORBBase/src/install/dynorb_interface/share/dynorb_interface/srv/FeedFrame.srv
[1.242s] -- Up-to-date: /home/parallels/DynORBBase/src/install/dynorb_interface/share/dynorb_interface/srv/FeedFrame_Request.msg
[1.243s] -- Up-to-date: /home/parallels/DynORBBase/src/install/dynorb_interface/share/dynorb_interface/srv/FeedFrame_Response.msg
[1.243s] -- Up-to-date: /home/parallels/DynORBBase/src/install/dynorb_interface/share/ament_index/resource_index/package_run_dependencies/dynorb_interface
[1.243s] -- Up-to-date: /home/parallels/DynORBBase/src/install/dynorb_interface/share/ament_index/resource_index/parent_prefix_path/dynorb_interface
[1.243s] -- Up-to-date: /home/parallels/DynORBBase/src/install/dynorb_interface/share/dynorb_interface/environment/ament_prefix_path.sh
[1.243s] -- Up-to-date: /home/parallels/DynORBBase/src/install/dynorb_interface/share/dynorb_interface/environment/ament_prefix_path.dsv
[1.243s] -- Up-to-date: /home/parallels/DynORBBase/src/install/dynorb_interface/share/dynorb_interface/environment/path.sh
[1.243s] -- Up-to-date: /home/parallels/DynORBBase/src/install/dynorb_interface/share/dynorb_interface/environment/path.dsv
[1.243s] -- Up-to-date: /home/parallels/DynORBBase/src/install/dynorb_interface/share/dynorb_interface/local_setup.bash
[1.243s] -- Up-to-date: /home/parallels/DynORBBase/src/install/dynorb_interface/share/dynorb_interface/local_setup.sh
[1.245s] -- Up-to-date: /home/parallels/DynORBBase/src/install/dynorb_interface/share/dynorb_interface/local_setup.zsh
[1.245s] -- Up-to-date: /home/parallels/DynORBBase/src/install/dynorb_interface/share/dynorb_interface/local_setup.dsv
[1.245s] -- Installing: /home/parallels/DynORBBase/src/install/dynorb_interface/share/dynorb_interface/package.dsv
[1.246s] -- Up-to-date: /home/parallels/DynORBBase/src/install/dynorb_interface/share/ament_index/resource_index/packages/dynorb_interface
[1.246s] -- Up-to-date: /home/parallels/DynORBBase/src/install/dynorb_interface/share/dynorb_interface/cmake/export_dynorb_interface__rosidl_generator_cExport.cmake
[1.246s] -- Up-to-date: /home/parallels/DynORBBase/src/install/dynorb_interface/share/dynorb_interface/cmake/export_dynorb_interface__rosidl_generator_cExport-noconfig.cmake
[1.246s] -- Up-to-date: /home/parallels/DynORBBase/src/install/dynorb_interface/share/dynorb_interface/cmake/export_dynorb_interface__rosidl_typesupport_fastrtps_cExport.cmake
[1.246s] -- Up-to-date: /home/parallels/DynORBBase/src/install/dynorb_interface/share/dynorb_interface/cmake/export_dynorb_interface__rosidl_typesupport_fastrtps_cExport-noconfig.cmake
[1.247s] -- Up-to-date: /home/parallels/DynORBBase/src/install/dynorb_interface/share/dynorb_interface/cmake/export_dynorb_interface__rosidl_generator_cppExport.cmake
[1.247s] -- Up-to-date: /home/parallels/DynORBBase/src/install/dynorb_interface/share/dynorb_interface/cmake/export_dynorb_interface__rosidl_typesupport_fastrtps_cppExport.cmake
[1.247s] -- Up-to-date: /home/parallels/DynORBBase/src/install/dynorb_interface/share/dynorb_interface/cmake/export_dynorb_interface__rosidl_typesupport_fastrtps_cppExport-noconfig.cmake
[1.250s] -- Up-to-date: /home/parallels/DynORBBase/src/install/dynorb_interface/share/dynorb_interface/cmake/dynorb_interface__rosidl_typesupport_introspection_cExport.cmake
[1.250s] -- Up-to-date: /home/parallels/DynORBBase/src/install/dynorb_interface/share/dynorb_interface/cmake/dynorb_interface__rosidl_typesupport_introspection_cExport-noconfig.cmake
[1.250s] -- Up-to-date: /home/parallels/DynORBBase/src/install/dynorb_interface/share/dynorb_interface/cmake/dynorb_interface__rosidl_typesupport_cExport.cmake
[1.250s] -- Up-to-date: /home/parallels/DynORBBase/src/install/dynorb_interface/share/dynorb_interface/cmake/dynorb_interface__rosidl_typesupport_cExport-noconfig.cmake
[1.250s] -- Up-to-date: /home/parallels/DynORBBase/src/install/dynorb_interface/share/dynorb_interface/cmake/dynorb_interface__rosidl_typesupport_introspection_cppExport.cmake
[1.251s] -- Up-to-date: /home/parallels/DynORBBase/src/install/dynorb_interface/share/dynorb_interface/cmake/dynorb_interface__rosidl_typesupport_introspection_cppExport-noconfig.cmake
[1.251s] -- Up-to-date: /home/parallels/DynORBBase/src/install/dynorb_interface/share/dynorb_interface/cmake/dynorb_interface__rosidl_typesupport_cppExport.cmake
[1.251s] -- Up-to-date: /home/parallels/DynORBBase/src/install/dynorb_interface/share/dynorb_interface/cmake/dynorb_interface__rosidl_typesupport_cppExport-noconfig.cmake
[1.251s] -- Up-to-date: /home/parallels/DynORBBase/src/install/dynorb_interface/share/dynorb_interface/cmake/export_dynorb_interface__rosidl_generator_pyExport.cmake
[1.251s] -- Up-to-date: /home/parallels/DynORBBase/src/install/dynorb_interface/share/dynorb_interface/cmake/export_dynorb_interface__rosidl_generator_pyExport-noconfig.cmake
[1.251s] -- Up-to-date: /home/parallels/DynORBBase/src/install/dynorb_interface/share/dynorb_interface/cmake/rosidl_cmake-extras.cmake
[1.251s] -- Up-to-date: /home/parallels/DynORBBase/src/install/dynorb_interface/share/dynorb_interface/cmake/ament_cmake_export_dependencies-extras.cmake
[1.251s] -- Up-to-date: /home/parallels/DynORBBase/src/install/dynorb_interface/share/dynorb_interface/cmake/ament_cmake_export_include_directories-extras.cmake
[1.251s] -- Up-to-date: /home/parallels/DynORBBase/src/install/dynorb_interface/share/dynorb_interface/cmake/ament_cmake_export_libraries-extras.cmake
[1.252s] -- Up-to-date: /home/parallels/DynORBBase/src/install/dynorb_interface/share/dynorb_interface/cmake/ament_cmake_export_targets-extras.cmake
[1.252s] -- Up-to-date: /home/parallels/DynORBBase/src/install/dynorb_interface/share/dynorb_interface/cmake/rosidl_cmake_export_typesupport_targets-extras.cmake
[1.252s] -- Up-to-date: /home/parallels/DynORBBase/src/install/dynorb_interface/share/dynorb_interface/cmake/rosidl_cmake_export_typesupport_libraries-extras.cmake
[1.252s] -- Up-to-date: /home/parallels/DynORBBase/src/install/dynorb_interface/share/dynorb_interface/cmake/dynorb_interfaceConfig.cmake
[1.252s] -- Up-to-date: /home/parallels/DynORBBase/src/install/dynorb_interface/share/dynorb_interface/cmake/dynorb_interfaceConfig-version.cmake
[1.252s] -- Up-to-date: /home/parallels/DynORBBase/src/install/dynorb_interface/share/dynorb_interface/package.xml
[1.256s] Invoked command in '/home/parallels/DynORBBase/src/build/dynorb_interface' returned '0': CMAKE_PREFIX_PATH=${CMAKE_PREFIX_PATH}:/home/parallels/DynORBBase/src/install/sam_tracking:/opt/ros/humble /usr/bin/cmake --install /home/parallels/DynORBBase/src/build/dynorb_interface
